Log file open, 12/24/17 20:21:55
LogWindows: Failed to load 'aqProf.dll' (GetLastError=126)
LogWindows: File 'aqProf.dll' does not exist
LogWindows: Failed to load 'VtuneApi.dll' (GetLastError=126)
LogWindows: File 'VtuneApi.dll' does not exist
LogWindows: Failed to load 'VtuneApi32e.dll' (GetLastError=126)
LogWindows: File 'VtuneApi32e.dll' does not exist
LogInit: Display: Running engine for game: DialogueGame
LogPlatformFile: Not using cached read wrapper
LogInit: Display: RandInit(704098580) SRandInit(704098580).
LogInit: Read version file with build ID '2eebbf92-0bef-40cc-b209-16ba3c1a7cd1'
LogInit: Registered custom module enumerator with build ID '2eebbf92-0bef-40cc-b209-16ba3c1a7cd1'
LogTaskGraph: Started task graph with 5 named threads and 8 total threads with 3 sets of task threads.
LogStats: Stats thread started at 0.280516
LogD3D11RHI: Aftermath initialized
LogPluginManager: Mounting plugin Paper2D
LogPluginManager: Mounting plugin LightPropagationVolume
LogPluginManager: Mounting plugin CodeLiteSourceCodeAccess
LogPluginManager: Mounting plugin GitSourceControl
LogPluginManager: Mounting plugin KDevelopSourceCodeAccess
LogPluginManager: Mounting plugin NullSourceCodeAccess
LogPluginManager: Mounting plugin PerforceSourceControl
LogPluginManager: Mounting plugin SubversionSourceControl
LogPluginManager: Mounting plugin UObjectPlugin
LogPluginManager: Mounting plugin VisualStudioCodeSourceCodeAccess
LogPluginManager: Mounting plugin VisualStudioSourceCodeAccess
LogPluginManager: Mounting plugin XCodeSourceCodeAccess
LogPluginManager: Mounting plugin AssetManagerEditor
LogPluginManager: Mounting plugin AudioCapture
LogPluginManager: Mounting plugin FacialAnimation
LogPluginManager: Mounting plugin GameplayTagsEditor
LogPluginManager: Mounting plugin MobileLauncherProfileWizard
LogPluginManager: Mounting plugin PluginBrowser
LogPluginManager: Mounting plugin SpeedTreeImporter
LogPluginManager: Mounting plugin AlembicImporter
LogPluginManager: Mounting plugin CharacterAI
LogPluginManager: Mounting plugin HTML5Networking
LogPluginManager: Mounting plugin AndroidMedia
LogPluginManager: Mounting plugin AvfMedia
LogPluginManager: Mounting plugin ImgMedia
LogPluginManager: Mounting plugin MediaCompositing
LogPluginManager: Mounting plugin MediaPlayerEditor
LogPluginManager: Mounting plugin WmfMedia
LogPluginManager: Mounting plugin TcpMessaging
LogPluginManager: Mounting plugin UdpMessaging
LogPluginManager: Mounting plugin ActorSequence
LogPluginManager: Mounting plugin LevelSequenceEditor
LogPluginManager: Mounting plugin MatineeToLevelSequence
LogPluginManager: Mounting plugin OnlineSubsystemGooglePlay
LogPluginManager: Mounting plugin OnlineSubsystemIOS
LogPluginManager: Mounting plugin OnlineSubsystem
LogPluginManager: Mounting plugin OnlineSubsystemNull
LogPluginManager: Mounting plugin OnlineSubsystemUtils
LogPluginManager: Mounting plugin AndroidDeviceProfileSelector
LogPluginManager: Mounting plugin AndroidMoviePlayer
LogPluginManager: Mounting plugin AndroidPermission
LogPluginManager: Mounting plugin AppleARKit
LogPluginManager: Mounting plugin AppleMoviePlayer
LogPluginManager: Mounting plugin ArchVisCharacter
LogPluginManager: Mounting plugin CableComponent
LogPluginManager: Mounting plugin CustomMeshComponent
LogPluginManager: Mounting plugin ExampleDeviceProfileSelector
LogPluginManager: Mounting plugin GoogleCloudMessaging
LogPluginManager: Mounting plugin ImmediatePhysics
LogPluginManager: Mounting plugin IOSDeviceProfileSelector
LogPluginManager: Mounting plugin LinuxDeviceProfileSelector
LogPluginManager: Mounting plugin LocationServicesBPLibrary
LogPluginManager: Mounting plugin MobilePatchingUtils
LogPluginManager: Mounting plugin OculusVR
LogPluginManager: Plugin shader directory ../../../Engine/Plugins/Runtime/Oculus/OculusVR/Shaders found
LogPluginManager: Mapping shader source directory ../../../Engine/Plugins/Runtime/Oculus/OculusVR/Shaders to virtual directory /Plugin/OculusVR
LogPluginManager: Mounting plugin PhysXVehicles
LogPluginManager: Mounting plugin ProceduralMeshComponent
LogPluginManager: Mounting plugin RuntimePhysXCooking
LogPluginManager: Mounting plugin SteamVR
LogPluginManager: Mounting plugin WindowsMoviePlayer
LogModuleManager: Display: Found up-to-date module file ../../../DialogueGame/Binaries/Win64/UE4Editor-DialogueGame.dll (API version 0).
LogModuleManager: Display: Found up-to-date module file ../../../Engine/Plugins/2D/Paper2D/Binaries/Win64/UE4Editor-Paper2D.dll (API version 0).
LogModuleManager: Display: Found up-to-date module file ../../../Engine/Plugins/2D/Paper2D/Binaries/Win64/UE4Editor-Paper2DEditor.dll (API version 0).
LogModuleManager: Display: Found up-to-date module file ../../../Engine/Plugins/2D/Paper2D/Binaries/Win64/UE4Editor-PaperSpriteSheetImporter.dll (API version 0).
LogModuleManager: Display: Found up-to-date module file ../../../Engine/Plugins/2D/Paper2D/Binaries/Win64/UE4Editor-PaperTiledImporter.dll (API version 0).
LogModuleManager: Display: Found up-to-date module file ../../../Engine/Plugins/2D/Paper2D/Binaries/Win64/UE4Editor-SmartSnapping.dll (API version 0).
LogModuleManager: Display: Found up-to-date module file ../../../Engine/Plugins/Blendables/LightPropagationVolume/Binaries/Win64/UE4Editor-LightPropagationVolumeRuntime.dll (API version 0).
LogModuleManager: Display: Found up-to-date module file ../../../Engine/Plugins/Blendables/LightPropagationVolume/Binaries/Win64/UE4Editor-LightPropagationVolumeEditor.dll (API version 0).
LogModuleManager: Display: Found up-to-date module file ../../../Engine/Plugins/Developer/GitSourceControl/Binaries/Win64/UE4Editor-GitSourceControl.dll (API version 0).
LogModuleManager: Display: Found up-to-date module file ../../../Engine/Plugins/Developer/PerforceSourceControl/Binaries/Win64/UE4Editor-PerforceSourceControl.dll (API version 0).
LogModuleManager: Display: Found up-to-date module file ../../../Engine/Plugins/Developer/SubversionSourceControl/Binaries/Win64/UE4Editor-SubversionSourceControl.dll (API version 0).
LogModuleManager: Display: Found up-to-date module file ../../../Engine/Plugins/Developer/UObjectPlugin/Binaries/Win64/UE4Editor-UObjectPlugin.dll (API version 0).
LogModuleManager: Display: Found up-to-date module file ../../../Engine/Plugins/Developer/VisualStudioCodeSourceCodeAccess/Binaries/Win64/UE4Editor-VisualStudioCodeSourceCodeAccess.dll (API version 0).
LogModuleManager: Display: Found up-to-date module file ../../../Engine/Plugins/Developer/VisualStudioSourceCodeAccess/Binaries/Win64/UE4Editor-VisualStudioSourceCodeAccess.dll (API version 0).
LogModuleManager: Display: Found up-to-date module file ../../../Engine/Plugins/Editor/AssetManagerEditor/Binaries/Win64/UE4Editor-AssetManagerEditor.dll (API version 0).
LogModuleManager: Display: Found up-to-date module file ../../../Engine/Plugins/Editor/AudioCapture/Binaries/Win64/UE4Editor-AudioCapture.dll (API version 0).
LogModuleManager: Display: Found up-to-date module file ../../../Engine/Plugins/Editor/FacialAnimation/Binaries/Win64/UE4Editor-FacialAnimation.dll (API version 0).
LogModuleManager: Display: Found up-to-date module file ../../../Engine/Plugins/Editor/FacialAnimation/Binaries/Win64/UE4Editor-FacialAnimationEditor.dll (API version 0).
LogModuleManager: Display: Found up-to-date module file ../../../Engine/Plugins/Editor/GameplayTagsEditor/Binaries/Win64/UE4Editor-GameplayTagsEditor.dll (API version 0).
LogModuleManager: Display: Found up-to-date module file ../../../Engine/Plugins/Editor/MobileLauncherProfileWizard/Binaries/Win64/UE4Editor-MobileLauncherProfileWizard.dll (API version 0).
LogModuleManager: Display: Found up-to-date module file ../../../Engine/Plugins/Editor/PluginBrowser/Binaries/Win64/UE4Editor-PluginBrowser.dll (API version 0).
LogModuleManager: Display: Found up-to-date module file ../../../Engine/Plugins/Editor/SpeedTreeImporter/Binaries/Win64/UE4Editor-SpeedTreeImporter.dll (API version 0).
LogModuleManager: Display: Found up-to-date module file ../../../Engine/Plugins/Experimental/AlembicImporter/Binaries/Win64/UE4Editor-AlembicImporter.dll (API version 0).
LogModuleManager: Display: Found up-to-date module file ../../../Engine/Plugins/Experimental/AlembicImporter/Binaries/Win64/UE4Editor-AlembicLibrary.dll (API version 0).
LogModuleManager: Display: Found up-to-date module file ../../../Engine/Plugins/Experimental/CharacterAI/Binaries/Win64/UE4Editor-CharacterAI.dll (API version 0).
LogModuleManager: Display: Found up-to-date module file ../../../Engine/Plugins/Experimental/HTML5Networking/Binaries/Win64/UE4Editor-HTML5Networking.dll (API version 0).
LogModuleManager: Display: Found up-to-date module file ../../../Engine/Plugins/Media/AndroidMedia/Binaries/Win64/UE4Editor-AndroidMediaEditor.dll (API version 0).
LogModuleManager: Display: Found up-to-date module file ../../../Engine/Plugins/Media/AndroidMedia/Binaries/Win64/UE4Editor-AndroidMediaFactory.dll (API version 0).
LogModuleManager: Display: Found up-to-date module file ../../../Engine/Plugins/Media/AvfMedia/Binaries/Win64/UE4Editor-AvfMediaEditor.dll (API version 0).
LogModuleManager: Display: Found up-to-date module file ../../../Engine/Plugins/Media/AvfMedia/Binaries/Win64/UE4Editor-AvfMediaFactory.dll (API version 0).
LogModuleManager: Display: Found up-to-date module file ../../../Engine/Plugins/Media/AvfMedia/Binaries/Win64/UE4Editor-AvfMediaFactory.dll (API version 0).
LogModuleManager: Display: Found up-to-date module file ../../../Engine/Plugins/Media/ImgMedia/Binaries/Win64/UE4Editor-ImgMedia.dll (API version 0).
LogModuleManager: Display: Found up-to-date module file ../../../Engine/Plugins/Media/ImgMedia/Binaries/Win64/UE4Editor-ImgMediaEditor.dll (API version 0).
LogModuleManager: Display: Found up-to-date module file ../../../Engine/Plugins/Media/ImgMedia/Binaries/Win64/UE4Editor-ImgMediaFactory.dll (API version 0).
LogModuleManager: Display: Found up-to-date module file ../../../Engine/Plugins/Media/ImgMedia/Binaries/Win64/UE4Editor-ImgMediaFactory.dll (API version 0).
LogModuleManager: Display: Found up-to-date module file ../../../Engine/Plugins/Media/ImgMedia/Binaries/Win64/UE4Editor-OpenExrWrapper.dll (API version 0).
LogModuleManager: Display: Found up-to-date module file ../../../Engine/Plugins/Media/MediaCompositing/Binaries/Win64/UE4Editor-MediaCompositing.dll (API version 0).
LogModuleManager: Display: Found up-to-date module file ../../../Engine/Plugins/Media/MediaCompositing/Binaries/Win64/UE4Editor-MediaCompositingEditor.dll (API version 0).
LogModuleManager: Display: Found up-to-date module file ../../../Engine/Plugins/Media/MediaPlayerEditor/Binaries/Win64/UE4Editor-MediaPlayerEditor.dll (API version 0).
LogModuleManager: Display: Found up-to-date module file ../../../Engine/Plugins/Media/WmfMedia/Binaries/Win64/UE4Editor-WmfMedia.dll (API version 0).
LogModuleManager: Display: Found up-to-date module file ../../../Engine/Plugins/Media/WmfMedia/Binaries/Win64/UE4Editor-WmfMediaEditor.dll (API version 0).
LogModuleManager: Display: Found up-to-date module file ../../../Engine/Plugins/Media/WmfMedia/Binaries/Win64/UE4Editor-WmfMediaFactory.dll (API version 0).
LogModuleManager: Display: Found up-to-date module file ../../../Engine/Plugins/Media/WmfMedia/Binaries/Win64/UE4Editor-WmfMediaFactory.dll (API version 0).
LogModuleManager: Display: Found up-to-date module file ../../../Engine/Plugins/Messaging/TcpMessaging/Binaries/Win64/UE4Editor-TcpMessaging.dll (API version 0).
LogModuleManager: Display: Found up-to-date module file ../../../Engine/Plugins/Messaging/UdpMessaging/Binaries/Win64/UE4Editor-UdpMessaging.dll (API version 0).
LogModuleManager: Display: Found up-to-date module file ../../../Engine/Plugins/MovieScene/ActorSequence/Binaries/Win64/UE4Editor-ActorSequence.dll (API version 0).
LogModuleManager: Display: Found up-to-date module file ../../../Engine/Plugins/MovieScene/LevelSequenceEditor/Binaries/Win64/UE4Editor-LevelSequenceEditor.dll (API version 0).
LogModuleManager: Display: Found up-to-date module file ../../../Engine/Plugins/MovieScene/MatineeToLevelSequence/Binaries/Win64/UE4Editor-MatineeToLevelSequence.dll (API version 0).
LogModuleManager: Display: Found up-to-date module file ../../../Engine/Plugins/Online/OnlineSubsystem/Binaries/Win64/UE4Editor-OnlineSubsystem.dll (API version 0).
LogModuleManager: Display: Found up-to-date module file ../../../Engine/Plugins/Online/OnlineSubsystemNull/Binaries/Win64/UE4Editor-OnlineSubsystemNull.dll (API version 0).
LogModuleManager: Display: Found up-to-date module file ../../../Engine/Plugins/Online/OnlineSubsystemUtils/Binaries/Win64/UE4Editor-OnlineSubsystemUtils.dll (API version 0).
LogModuleManager: Display: Found up-to-date module file ../../../Engine/Plugins/Online/OnlineSubsystemUtils/Binaries/Win64/UE4Editor-OnlineBlueprintSupport.dll (API version 0).
LogModuleManager: Display: Found up-to-date module file ../../../Engine/Plugins/Runtime/AndroidDeviceProfileSelector/Binaries/Win64/UE4Editor-AndroidDeviceProfileSelector.dll (API version 0).
LogModuleManager: Display: Found up-to-date module file ../../../Engine/Plugins/Runtime/AndroidPermission/Binaries/Win64/UE4Editor-AndroidPermission.dll (API version 0).
LogModuleManager: Display: Found up-to-date module file ../../../Engine/Plugins/Runtime/AppleARKit/Binaries/Win64/UE4Editor-AppleARKit.dll (API version 0).
LogModuleManager: Display: Found up-to-date module file ../../../Engine/Plugins/Runtime/ArchVisCharacter/Binaries/Win64/UE4Editor-ArchVisCharacter.dll (API version 0).
LogModuleManager: Display: Found up-to-date module file ../../../Engine/Plugins/Runtime/CableComponent/Binaries/Win64/UE4Editor-CableComponent.dll (API version 0).
LogModuleManager: Display: Found up-to-date module file ../../../Engine/Plugins/Runtime/CustomMeshComponent/Binaries/Win64/UE4Editor-CustomMeshComponent.dll (API version 0).
LogModuleManager: Display: Found up-to-date module file ../../../Engine/Plugins/Runtime/ExampleDeviceProfileSelector/Binaries/Win64/UE4Editor-ExampleDeviceProfileSelector.dll (API version 0).
LogModuleManager: Display: Found up-to-date module file ../../../Engine/Plugins/Runtime/ImmediatePhysics/Binaries/Win64/UE4Editor-ImmediatePhysics.dll (API version 0).
LogModuleManager: Display: Found up-to-date module file ../../../Engine/Plugins/Runtime/ImmediatePhysics/Binaries/Win64/UE4Editor-ImmediatePhysicsEditor.dll (API version 0).
LogModuleManager: Display: Found up-to-date module file ../../../Engine/Plugins/Runtime/LocationServicesBPLibrary/Binaries/Win64/UE4Editor-LocationServicesBPLibrary.dll (API version 0).
LogModuleManager: Display: Found up-to-date module file ../../../Engine/Plugins/Runtime/MobilePatchingUtils/Binaries/Win64/UE4Editor-MobilePatchingUtils.dll (API version 0).
LogModuleManager: Display: Found up-to-date module file ../../../Engine/Plugins/Runtime/Oculus/OculusVR/Binaries/Win64/UE4Editor-OculusHMD.dll (API version 0).
LogModuleManager: Display: Found up-to-date module file ../../../Engine/Plugins/Runtime/Oculus/OculusVR/Binaries/Win64/UE4Editor-OculusInput.dll (API version 0).
LogModuleManager: Display: Found up-to-date module file ../../../Engine/Plugins/Runtime/Oculus/OculusVR/Binaries/Win64/UE4Editor-OculusEditor.dll (API version 0).
LogModuleManager: Display: Found up-to-date module file ../../../Engine/Plugins/Runtime/PhysXVehicles/Binaries/Win64/UE4Editor-PhysXVehicles.dll (API version 0).
LogModuleManager: Display: Found up-to-date module file ../../../Engine/Plugins/Runtime/PhysXVehicles/Binaries/Win64/UE4Editor-PhysXVehiclesEditor.dll (API version 0).
LogModuleManager: Display: Found up-to-date module file ../../../Engine/Plugins/Runtime/ProceduralMeshComponent/Binaries/Win64/UE4Editor-ProceduralMeshComponent.dll (API version 0).
LogModuleManager: Display: Found up-to-date module file ../../../Engine/Plugins/Runtime/ProceduralMeshComponent/Binaries/Win64/UE4Editor-ProceduralMeshComponentEditor.dll (API version 0).
LogModuleManager: Display: Found up-to-date module file ../../../Engine/Plugins/Runtime/RuntimePhysXCooking/Binaries/Win64/UE4Editor-RuntimePhysXCooking.dll (API version 0).
LogModuleManager: Display: Found up-to-date module file ../../../Engine/Plugins/Runtime/Steam/SteamVR/Binaries/Win64/UE4Editor-SteamVR.dll (API version 0).
LogModuleManager: Display: Found up-to-date module file ../../../Engine/Plugins/Runtime/Steam/SteamVR/Binaries/Win64/UE4Editor-SteamVRController.dll (API version 0).
LogModuleManager: Display: Found up-to-date module file ../../../Engine/Plugins/Runtime/WindowsMoviePlayer/Binaries/Win64/UE4Editor-WindowsMoviePlayer.dll (API version 0).
LogInit: Using libcurl 7.47.1
LogInit:  - built for x86_64-pc-win32
LogInit:  - supports SSL with OpenSSL/1.0.2g
LogInit:  - supports HTTP deflate (compression) using libz 1.2.8
LogInit:  - other features:
LogInit:      CURL_VERSION_SSL
LogInit:      CURL_VERSION_LIBZ
LogInit:      CURL_VERSION_IPV6
LogInit:      CURL_VERSION_ASYNCHDNS
LogInit:      CURL_VERSION_LARGEFILE
LogInit:      CURL_VERSION_IDN
LogInit:  CurlRequestOptions (configurable via config and command line):
LogInit:  - bVerifyPeer = false  - Libcurl will NOT verify peer certificate
LogInit:  - bUseHttpProxy = false  - Libcurl will NOT use HTTP proxy
LogInit:  - bDontReuseConnections = false  - Libcurl will reuse connections
LogInit:  - CertBundlePath = nullptr  - Libcurl will use whatever was configured at build time.
LogInit: Build: ++UE4+Release-4.18-CL-0
LogInit: Engine Version: 4.18.2-0+++UE4+Release-4.18
LogInit: Compatible Engine Version: 4.18.0-0+++UE4+Release-4.18
LogInit: Net CL: 0
LogDevObjectVersion: Number of dev versions registered: 16
LogDevObjectVersion:   Dev-Blueprints (B0D832E4-1F89-4F0D-ACCF-7EB736FD4AA2): 10
LogDevObjectVersion:   Dev-Build (E1C64328-A22C-4D53-A36C-8E866417BD8C): 0
LogDevObjectVersion:   Dev-Core (375EC13C-06E4-48FB-B500-84F0262A717E): 2
LogDevObjectVersion:   Dev-Editor (E4B068ED-F494-42E9-A231-DA0B2E46BB41): 20
LogDevObjectVersion:   Dev-Framework (CFFC743F-43B0-4480-9391-14DF171D2073): 30
LogDevObjectVersion:   Dev-Mobile (B02B49B5-BB20-44E9-A304-32B752E40360): 0
LogDevObjectVersion:   Dev-Networking (A4E4105C-59A1-49B5-A7C5-40C4547EDFEE): 0
LogDevObjectVersion:   Dev-Online (39C831C9-5AE6-47DC-9A44-9C173E1C8E7C): 0
LogDevObjectVersion:   Dev-Physics (78F01B33-EBEA-4F98-B9B4-84EACCB95AA2): 0
LogDevObjectVersion:   Dev-Platform (6631380F-2D4D-43E0-8009-CF276956A95A): 0
LogDevObjectVersion:   Dev-Rendering (12F88B9F-8875-4AFC-A67C-D90C383ABD29): 20
LogDevObjectVersion:   Dev-Sequencer (7B5AE74C-D270-4C10-A958-57980B212A5A): 4
LogDevObjectVersion:   Dev-VR (D7296918-1DD6-4BDD-9DE2-64A83CC13884): 0
LogDevObjectVersion:   Dev-LoadTimes (C2A15278-BFE7-4AFE-6C17-90FF531DF755): 1
LogDevObjectVersion:   Private-Geometry (6EACA3D4-40EC-4CC1-B786-8BED09428FC5): 1
LogDevObjectVersion:   Dev-AnimPhys (29E575DD-E0A3-4627-9D10-D276232CDCEA): 12
LogInit: Compiled (64-bit): Dec 23 2017 00:07:48
LogInit: Compiled with Visual C++: 19.00.24215.01
LogInit: Build Configuration: Development
LogInit: Branch Name: ++UE4+Release-4.18
LogInit: Command line: 
LogInit: Base directory: C:/UE4/Engine/Binaries/Win64/
LogInit: Installed Engine Build: 0
LogInit: Presizing for max 8388607 objects, including 0 objects not considered by GC, pre-allocating 0 bytes for permanent pool.
LogInit: Object subsystem initialized
[2017.12.24-18.22.03:294][  0]LogInit: Selected Device Profile: [Windows]
[2017.12.24-18.22.03:301][  0]LogInit: Applying CVar settings loaded from the selected device profile: [Windows]
[2017.12.24-18.22.03:454][  0]LogInit: Computer: DESKTOP-ARBLL7U
[2017.12.24-18.22.03:454][  0]LogInit: User: Настя
[2017.12.24-18.22.03:454][  0]LogInit: CPU Page size=4096, Cores=2
[2017.12.24-18.22.03:454][  0]LogInit: High frequency timer resolution =2.343749 MHz
[2017.12.24-18.22.03:454][  0]LogMemory: Memory total: Physical=5.9GB (6GB approx)
[2017.12.24-18.22.03:454][  0]LogMemory: Platform Memory Stats for Windows
[2017.12.24-18.22.03:454][  0]LogMemory: Process Physical Memory: 271.92 MB used, 271.92 MB peak
[2017.12.24-18.22.03:454][  0]LogMemory: Process Virtual Memory: 265.31 MB used, 265.31 MB peak
[2017.12.24-18.22.03:454][  0]LogMemory: Physical Memory: 4683.00 MB used,  1356.86 MB free, 6039.86 MB total
[2017.12.24-18.22.03:454][  0]LogMemory: Virtual Memory: 667.59 MB used,  1356.86 MB free, 134217728.00 MB total
[2017.12.24-18.22.06:678][  0]LogInit: Using OS detected language (ru-RU).
[2017.12.24-18.22.06:678][  0]LogInit: Using OS detected locale (ru-RU).
[2017.12.24-18.22.07:131][  0]LogTextLocalizationManager: No localization for 'ru-RU' exists, so 'en' will be used for the language.
[2017.12.24-18.22.07:131][  0]LogTextLocalizationManager: No localization for 'ru-RU' exists, so 'en' will be used for the locale.
[2017.12.24-18.22.08:282][  0]LogInit: Setting process to per monitor DPI aware
[2017.12.24-18.22.14:666][  0]LogD3D11RHI: D3D11 adapters:
[2017.12.24-18.22.15:253][  0]LogD3D11RHI:    0. 'NVIDIA GeForce 940M' (Feature Level 11_0)
[2017.12.24-18.22.15:253][  0]LogD3D11RHI:       2019/0/3019 MB DedicatedVideo/DedicatedSystem/SharedSystem, Outputs:1, VendorId:0x10de
[2017.12.24-18.22.15:359][  0]LogD3D11RHI:    1. 'Intel(R) HD Graphics 520' (Feature Level 11_0)
[2017.12.24-18.22.15:360][  0]LogD3D11RHI:       128/0/3019 MB DedicatedVideo/DedicatedSystem/SharedSystem, Outputs:0, VendorId:0x8086
[2017.12.24-18.22.15:376][  0]LogD3D11RHI:    2. 'Microsoft Basic Render Driver' (Feature Level 11_0)
[2017.12.24-18.22.15:376][  0]LogD3D11RHI:       0/0/3019 MB DedicatedVideo/DedicatedSystem/SharedSystem, Outputs:0, VendorId:0x1414
[2017.12.24-18.22.15:376][  0]LogD3D11RHI: Chosen D3D11 Adapter: 0
[2017.12.24-18.22.15:397][  0]LogD3D11RHI: Creating new Direct3DDevice
[2017.12.24-18.22.15:406][  0]LogD3D11RHI:     GPU DeviceId: 0x1347 (for the marketing name, search the web for "GPU Device Id")
[2017.12.24-18.22.15:406][  0]LogWindows: EnumDisplayDevices:
[2017.12.24-18.22.15:406][  0]LogWindows:    0. 'Intel(R) HD Graphics 520' (P:1 D:1)
[2017.12.24-18.22.15:406][  0]LogWindows:    1. 'Intel(R) HD Graphics 520' (P:0 D:0)
[2017.12.24-18.22.15:406][  0]LogWindows:    2. 'Intel(R) HD Graphics 520' (P:0 D:0)
[2017.12.24-18.22.15:406][  0]LogWindows: DebugString: GetVideoDriverDetailsInvalid PrimaryIsNotTheChoosenAdapter GetVideoDriverDetailsInvalid PrimaryIsNotTheChoosenAdapter GetVideoDriverDetailsInvalid PrimaryIsNotTheChoosenAdapter FoundDriverCount:0 
[2017.12.24-18.22.15:406][  0]LogD3D11RHI:     Adapter Name: NVIDIA GeForce 940M
[2017.12.24-18.22.15:406][  0]LogD3D11RHI:   Driver Version: Unknown (internal:Unknown, unified:Unknown)
[2017.12.24-18.22.15:406][  0]LogD3D11RHI:      Driver Date: Unknown
[2017.12.24-18.22.15:406][  0]LogRHI: Texture pool is 1413 MB (70% of 2019 MB)
[2017.12.24-18.22.15:531][  0]LogD3D11RHI: Async texture creation enabled
[2017.12.24-18.22.15:966][  0]LogD3D11RHI: GPU Timing Frequency: 1000.000000 (Debug: 2 1)
[2017.12.24-18.22.16:142][  0]LogShaderCompilers: Guid format shader working directory is 24 characters bigger than the processId version (../../../DialogueGame/Intermediate/Shaders/WorkingDirectory/11112/).
[2017.12.24-18.22.16:142][  0]LogShaderCompilers: Cleaned the shader compiler working directory 'C:/Users/Настя/AppData/Local/Temp/UnrealShaderWorkingDir/D51FCC6D493190029E919781589B45A8/'.
[2017.12.24-18.22.16:152][  0]LogShaderCompilers: Display: Using Local Shader Compiler.
[2017.12.24-18.22.22:739][  0]LogTemp: Display: Loaded TP AllDesktopTargetPlatform
[2017.12.24-18.22.22:804][  0]LogTemp: Display: Loaded TP MacClientTargetPlatform
[2017.12.24-18.22.22:868][  0]LogTemp: Display: Loaded TP MacNoEditorTargetPlatform
[2017.12.24-18.22.22:947][  0]LogTemp: Display: Loaded TP MacServerTargetPlatform
[2017.12.24-18.22.23:062][  0]LogTemp: Display: Loaded TP MacTargetPlatform
[2017.12.24-18.22.23:135][  0]LogTemp: Display: Loaded TP WindowsClientTargetPlatform
[2017.12.24-18.22.23:205][  0]LogTemp: Display: Loaded TP WindowsNoEditorTargetPlatform
[2017.12.24-18.22.23:270][  0]LogTemp: Display: Loaded TP WindowsServerTargetPlatform
[2017.12.24-18.22.23:341][  0]LogTemp: Display: Loaded TP WindowsTargetPlatform
[2017.12.24-18.22.23:405][  0]LogTemp: Display: Loaded TP Android_ASTCTargetPlatform
[2017.12.24-18.22.23:470][  0]LogTemp: Display: Loaded TP Android_ATCTargetPlatform
[2017.12.24-18.22.23:545][  0]LogTemp: Display: Loaded TP Android_DXTTargetPlatform
[2017.12.24-18.22.23:613][  0]LogTemp: Display: Loaded TP Android_ETC1TargetPlatform
[2017.12.24-18.22.23:675][  0]LogTemp: Display: Loaded TP Android_ETC2TargetPlatform
[2017.12.24-18.22.23:821][  0]LogTemp: Display: Loaded TP Android_MultiTargetPlatform
[2017.12.24-18.22.23:821][  0]LogTemp: Display: Loaded TP Android_PVRTCTargetPlatform
[2017.12.24-18.22.23:925][  0]LogTemp: Display: Loaded TP AndroidTargetPlatform
[2017.12.24-18.22.23:983][  0]LogTemp: Display: Loaded TP HTML5TargetPlatform
[2017.12.24-18.22.24:180][  0]LogTemp: Display: Loaded TP IOSTargetPlatform
[2017.12.24-18.22.24:221][  0]LogTemp: Display: Loaded TP TVOSTargetPlatform
[2017.12.24-18.22.24:221][  0]LogTargetPlatformManager: Display: Building Assets For Windows
[2017.12.24-18.22.26:965][  0]LogDerivedDataCache: Display: Max Cache Size: 512 MB
[2017.12.24-18.22.27:789][  0]LogDerivedDataCache: Loaded boot cache 0.82s 79MB ../../../DialogueGame/DerivedDataCache/Boot.ddc.
[2017.12.24-18.22.27:790][  0]LogDerivedDataCache: Display: Loaded Boot cache: ../../../DialogueGame/DerivedDataCache/Boot.ddc
[2017.12.24-18.22.27:790][  0]LogDerivedDataCache: FDerivedDataBackendGraph:  Pak pak cache file ../../../DialogueGame/DerivedDataCache/DDC.ddp not found, will not use a pak cache.
[2017.12.24-18.22.27:790][  0]LogDerivedDataCache: Unable to find inner node Pak for hierarchical cache Hierarchy.
[2017.12.24-18.22.27:806][  0]LogDerivedDataCache: FDerivedDataBackendGraph:  EnginePak pak cache file ../../../Engine/DerivedDataCache/DDC.ddp not found, will not use a pak cache.
[2017.12.24-18.22.27:806][  0]LogDerivedDataCache: Unable to find inner node EnginePak for hierarchical cache Hierarchy.
[2017.12.24-18.22.27:819][  0]LogDerivedDataCache: Using Local data cache path ../../../Engine/DerivedDataCache: Writable
[2017.12.24-18.22.27:819][  0]LogDerivedDataCache: Shared data cache path not found in *engine.ini, will not use an Shared cache.
[2017.12.24-18.22.27:819][  0]LogDerivedDataCache: Unable to find inner node Shared for hierarchical cache Hierarchy.
[2017.12.24-18.22.28:041][  0]LogMaterial: Verifying Global Shaders for PCD3D_SM5
[2017.12.24-18.22.28:173][  0]LogSlate: Using Freetype 2.6.0
[2017.12.24-18.22.28:393][  0]LogSlate: SlateFontCache - WITH_FREETYPE: 1, WITH_HARFBUZZ: 1
[2017.12.24-18.22.28:410][  0]LogSlate: SlateFontCache - WITH_FREETYPE: 1, WITH_HARFBUZZ: 1
[2017.12.24-18.22.44:648][  0]LogInit: Selected Device Profile: [Windows]
[2017.12.24-18.22.47:921][  0]LogMeshReduction: Using QuadricMeshReduction for automatic static mesh reduction
[2017.12.24-18.22.47:921][  0]LogMeshReduction: No automatic skeletal mesh reduction module available
[2017.12.24-18.22.47:921][  0]LogMeshReduction: No automatic mesh merging module available
[2017.12.24-18.22.47:921][  0]LogMeshReduction: No distributed automatic mesh merging module available
[2017.12.24-18.22.47:921][  0]LogMeshMerging: No automatic mesh merging module available
[2017.12.24-18.22.47:921][  0]LogMeshMerging: No distributed automatic mesh merging module available
[2017.12.24-18.22.48:543][  0]LogNetVersion: DialogueGame , NetCL: 0, EngineNetVer: 2, GameNetVer: 0 (Checksum: 2771905676)
[2017.12.24-18.22.51:992][  0]LogAssetRegistry: FAssetRegistry took 0.0629 seconds to start up
[2017.12.24-18.23.07:832][  0]LogPackageLocalizationCache: Processed 7 localized package path(s) for 1 prioritized culture(s) in 0.198540 seconds
[2017.12.24-18.23.07:867][  0]LogUObjectArray: 35856 objects as part of root set at end of initial load.
[2017.12.24-18.23.07:867][  0]LogUObjectAllocator: 7364800 out of 0 bytes used by permanent object pool.
[2017.12.24-18.23.07:867][  0]LogUObjectArray: CloseDisregardForGC: 0/0 objects in disregard for GC pool
[2017.12.24-18.23.07:975][  0]LogInit: WinSock: version 1.1 (2.2), MaxSocks=32767, MaxUdp=65467
[2017.12.24-18.23.20:510][  0]LogStreaming: Warning: Failed to read file '../../../Engine/Content/Editor/Slate/Launcher/Mac/Platform_Mac_24x.png' error.
[2017.12.24-18.23.20:510][  0]LogSlate: Could not find file for Slate resource: ../../../Engine/Content/Editor/Slate/Launcher/Mac/Platform_Mac_24x.png
[2017.12.24-18.23.20:510][  0]LogStreaming: Warning: Failed to read file '../../../Engine/Content/Editor/Slate/Launcher/Mac/Platform_Mac_128x.png' error.
[2017.12.24-18.23.20:510][  0]LogSlate: Could not find file for Slate resource: ../../../Engine/Content/Editor/Slate/Launcher/Mac/Platform_Mac_128x.png
[2017.12.24-18.23.20:510][  0]LogStreaming: Warning: Failed to read file '../../../Engine/Content/Editor/Slate/Launcher/Mac/Platform_Mac_128x.png' error.
[2017.12.24-18.23.20:510][  0]LogSlate: Could not find file for Slate resource: ../../../Engine/Content/Editor/Slate/Launcher/Mac/Platform_Mac_128x.png
[2017.12.24-18.23.20:510][  0]LogStreaming: Warning: Failed to read file '../../../Engine/Content/Editor/Slate/Launcher/Mac/Platform_Mac_24x.png' error.
[2017.12.24-18.23.20:510][  0]LogSlate: Could not find file for Slate resource: ../../../Engine/Content/Editor/Slate/Launcher/Mac/Platform_Mac_24x.png
[2017.12.24-18.23.20:510][  0]LogStreaming: Warning: Failed to read file '../../../Engine/Content/Editor/Slate/Launcher/Mac/Platform_Mac_128x.png' error.
[2017.12.24-18.23.20:510][  0]LogSlate: Could not find file for Slate resource: ../../../Engine/Content/Editor/Slate/Launcher/Mac/Platform_Mac_128x.png
[2017.12.24-18.23.20:510][  0]LogStreaming: Warning: Failed to read file '../../../Engine/Content/Editor/Slate/Launcher/Mac/Platform_Mac_128x.png' error.
[2017.12.24-18.23.20:510][  0]LogSlate: Could not find file for Slate resource: ../../../Engine/Content/Editor/Slate/Launcher/Mac/Platform_Mac_128x.png
[2017.12.24-18.23.20:510][  0]LogStreaming: Warning: Failed to read file '../../../Engine/Content/Editor/Slate/Launcher/Mac/Platform_Mac_24x.png' error.
[2017.12.24-18.23.20:510][  0]LogSlate: Could not find file for Slate resource: ../../../Engine/Content/Editor/Slate/Launcher/Mac/Platform_Mac_24x.png
[2017.12.24-18.23.20:510][  0]LogStreaming: Warning: Failed to read file '../../../Engine/Content/Editor/Slate/Launcher/Mac/Platform_Mac_128x.png' error.
[2017.12.24-18.23.20:510][  0]LogSlate: Could not find file for Slate resource: ../../../Engine/Content/Editor/Slate/Launcher/Mac/Platform_Mac_128x.png
[2017.12.24-18.23.20:510][  0]LogStreaming: Warning: Failed to read file '../../../Engine/Content/Editor/Slate/Launcher/Mac/Platform_Mac_128x.png' error.
[2017.12.24-18.23.20:510][  0]LogSlate: Could not find file for Slate resource: ../../../Engine/Content/Editor/Slate/Launcher/Mac/Platform_Mac_128x.png
[2017.12.24-18.23.20:510][  0]LogStreaming: Warning: Failed to read file '../../../Engine/Content/Editor/Slate/Launcher/Mac/Platform_Mac_24x.png' error.
[2017.12.24-18.23.20:510][  0]LogSlate: Could not find file for Slate resource: ../../../Engine/Content/Editor/Slate/Launcher/Mac/Platform_Mac_24x.png
[2017.12.24-18.23.20:510][  0]LogStreaming: Warning: Failed to read file '../../../Engine/Content/Editor/Slate/Launcher/Mac/Platform_Mac_128x.png' error.
[2017.12.24-18.23.20:510][  0]LogSlate: Could not find file for Slate resource: ../../../Engine/Content/Editor/Slate/Launcher/Mac/Platform_Mac_128x.png
[2017.12.24-18.23.20:510][  0]LogStreaming: Warning: Failed to read file '../../../Engine/Content/Editor/Slate/Launcher/Mac/Platform_Mac_128x.png' error.
[2017.12.24-18.23.20:510][  0]LogSlate: Could not find file for Slate resource: ../../../Engine/Content/Editor/Slate/Launcher/Mac/Platform_Mac_128x.png
[2017.12.24-18.23.20:510][  0]LogStreaming: Warning: Failed to read file '../../../Engine/Content/Editor/Slate/Launcher/Linux/Platform_Linux_24x.png' error.
[2017.12.24-18.23.20:510][  0]LogSlate: Could not find file for Slate resource: ../../../Engine/Content/Editor/Slate/Launcher/Linux/Platform_Linux_24x.png
[2017.12.24-18.23.20:510][  0]LogStreaming: Warning: Failed to read file '../../../Engine/Content/Editor/Slate/Launcher/Linux/Platform_Linux_128x.png' error.
[2017.12.24-18.23.20:510][  0]LogSlate: Could not find file for Slate resource: ../../../Engine/Content/Editor/Slate/Launcher/Linux/Platform_Linux_128x.png
[2017.12.24-18.23.20:511][  0]LogStreaming: Warning: Failed to read file '../../../Engine/Content/Editor/Slate/Launcher/Linux/Platform_Linux_128x.png' error.
[2017.12.24-18.23.20:511][  0]LogSlate: Could not find file for Slate resource: ../../../Engine/Content/Editor/Slate/Launcher/Linux/Platform_Linux_128x.png
[2017.12.24-18.23.20:511][  0]LogStreaming: Warning: Failed to read file '../../../Engine/Content/Editor/Slate/Launcher/Linux/Platform_Linux_24x.png' error.
[2017.12.24-18.23.20:511][  0]LogSlate: Could not find file for Slate resource: ../../../Engine/Content/Editor/Slate/Launcher/Linux/Platform_Linux_24x.png
[2017.12.24-18.23.20:511][  0]LogStreaming: Warning: Failed to read file '../../../Engine/Content/Editor/Slate/Launcher/Linux/Platform_Linux_128x.png' error.
[2017.12.24-18.23.20:511][  0]LogSlate: Could not find file for Slate resource: ../../../Engine/Content/Editor/Slate/Launcher/Linux/Platform_Linux_128x.png
[2017.12.24-18.23.20:511][  0]LogStreaming: Warning: Failed to read file '../../../Engine/Content/Editor/Slate/Launcher/Linux/Platform_Linux_128x.png' error.
[2017.12.24-18.23.20:511][  0]LogSlate: Could not find file for Slate resource: ../../../Engine/Content/Editor/Slate/Launcher/Linux/Platform_Linux_128x.png
[2017.12.24-18.23.20:511][  0]LogStreaming: Warning: Failed to read file '../../../Engine/Content/Editor/Slate/Launcher/Linux/Platform_Linux_24x.png' error.
[2017.12.24-18.23.20:511][  0]LogSlate: Could not find file for Slate resource: ../../../Engine/Content/Editor/Slate/Launcher/Linux/Platform_Linux_24x.png
[2017.12.24-18.23.20:511][  0]LogStreaming: Warning: Failed to read file '../../../Engine/Content/Editor/Slate/Launcher/Linux/Platform_Linux_128x.png' error.
[2017.12.24-18.23.20:511][  0]LogSlate: Could not find file for Slate resource: ../../../Engine/Content/Editor/Slate/Launcher/Linux/Platform_Linux_128x.png
[2017.12.24-18.23.20:511][  0]LogStreaming: Warning: Failed to read file '../../../Engine/Content/Editor/Slate/Launcher/Linux/Platform_Linux_128x.png' error.
[2017.12.24-18.23.20:511][  0]LogSlate: Could not find file for Slate resource: ../../../Engine/Content/Editor/Slate/Launcher/Linux/Platform_Linux_128x.png
[2017.12.24-18.23.20:511][  0]LogStreaming: Warning: Failed to read file '../../../Engine/Content/Editor/Slate/Launcher/Linux/Platform_Linux_24x.png' error.
[2017.12.24-18.23.20:511][  0]LogSlate: Could not find file for Slate resource: ../../../Engine/Content/Editor/Slate/Launcher/Linux/Platform_Linux_24x.png
[2017.12.24-18.23.20:511][  0]LogStreaming: Warning: Failed to read file '../../../Engine/Content/Editor/Slate/Launcher/Linux/Platform_Linux_128x.png' error.
[2017.12.24-18.23.20:511][  0]LogSlate: Could not find file for Slate resource: ../../../Engine/Content/Editor/Slate/Launcher/Linux/Platform_Linux_128x.png
[2017.12.24-18.23.20:511][  0]LogStreaming: Warning: Failed to read file '../../../Engine/Content/Editor/Slate/Launcher/Linux/Platform_Linux_128x.png' error.
[2017.12.24-18.23.20:511][  0]LogSlate: Could not find file for Slate resource: ../../../Engine/Content/Editor/Slate/Launcher/Linux/Platform_Linux_128x.png
[2017.12.24-18.23.20:515][  0]LogStreaming: Warning: Failed to read file '../../../Engine/Content/Editor/Slate/Launcher/Android/Platform_Android_24x.png' error.
[2017.12.24-18.23.20:515][  0]LogSlate: Could not find file for Slate resource: ../../../Engine/Content/Editor/Slate/Launcher/Android/Platform_Android_24x.png
[2017.12.24-18.23.20:515][  0]LogStreaming: Warning: Failed to read file '../../../Engine/Content/Editor/Slate/Launcher/Android/Platform_Android_128x.png' error.
[2017.12.24-18.23.20:515][  0]LogSlate: Could not find file for Slate resource: ../../../Engine/Content/Editor/Slate/Launcher/Android/Platform_Android_128x.png
[2017.12.24-18.23.20:515][  0]LogStreaming: Warning: Failed to read file '../../../Engine/Content/Editor/Slate/Launcher/Android/Platform_Android_128x.png' error.
[2017.12.24-18.23.20:515][  0]LogSlate: Could not find file for Slate resource: ../../../Engine/Content/Editor/Slate/Launcher/Android/Platform_Android_128x.png
[2017.12.24-18.23.20:515][  0]LogStreaming: Warning: Failed to read file '../../../Engine/Content/Editor/Slate/Launcher/Android/Platform_Android_24x.png' error.
[2017.12.24-18.23.20:515][  0]LogSlate: Could not find file for Slate resource: ../../../Engine/Content/Editor/Slate/Launcher/Android/Platform_Android_24x.png
[2017.12.24-18.23.20:515][  0]LogStreaming: Warning: Failed to read file '../../../Engine/Content/Editor/Slate/Launcher/Android/Platform_Android_128x.png' error.
[2017.12.24-18.23.20:515][  0]LogSlate: Could not find file for Slate resource: ../../../Engine/Content/Editor/Slate/Launcher/Android/Platform_Android_128x.png
[2017.12.24-18.23.20:515][  0]LogStreaming: Warning: Failed to read file '../../../Engine/Content/Editor/Slate/Launcher/Android/Platform_Android_128x.png' error.
[2017.12.24-18.23.20:515][  0]LogSlate: Could not find file for Slate resource: ../../../Engine/Content/Editor/Slate/Launcher/Android/Platform_Android_128x.png
[2017.12.24-18.23.20:515][  0]LogStreaming: Warning: Failed to read file '../../../Engine/Content/Editor/Slate/Launcher/Android/Platform_Android_ATC_24x.png' error.
[2017.12.24-18.23.20:515][  0]LogSlate: Could not find file for Slate resource: ../../../Engine/Content/Editor/Slate/Launcher/Android/Platform_Android_ATC_24x.png
[2017.12.24-18.23.20:515][  0]LogStreaming: Warning: Failed to read file '../../../Engine/Content/Editor/Slate/Launcher/Android/Platform_Android_128x.png' error.
[2017.12.24-18.23.20:515][  0]LogSlate: Could not find file for Slate resource: ../../../Engine/Content/Editor/Slate/Launcher/Android/Platform_Android_128x.png
[2017.12.24-18.23.20:515][  0]LogStreaming: Warning: Failed to read file '../../../Engine/Content/Editor/Slate/Launcher/Android/Platform_Android_128x.png' error.
[2017.12.24-18.23.20:515][  0]LogSlate: Could not find file for Slate resource: ../../../Engine/Content/Editor/Slate/Launcher/Android/Platform_Android_128x.png
[2017.12.24-18.23.20:516][  0]LogStreaming: Warning: Failed to read file '../../../Engine/Content/Editor/Slate/Launcher/Android/Platform_Android_DXT_24x.png' error.
[2017.12.24-18.23.20:516][  0]LogSlate: Could not find file for Slate resource: ../../../Engine/Content/Editor/Slate/Launcher/Android/Platform_Android_DXT_24x.png
[2017.12.24-18.23.20:516][  0]LogStreaming: Warning: Failed to read file '../../../Engine/Content/Editor/Slate/Launcher/Android/Platform_Android_128x.png' error.
[2017.12.24-18.23.20:516][  0]LogSlate: Could not find file for Slate resource: ../../../Engine/Content/Editor/Slate/Launcher/Android/Platform_Android_128x.png
[2017.12.24-18.23.20:516][  0]LogStreaming: Warning: Failed to read file '../../../Engine/Content/Editor/Slate/Launcher/Android/Platform_Android_128x.png' error.
[2017.12.24-18.23.20:516][  0]LogSlate: Could not find file for Slate resource: ../../../Engine/Content/Editor/Slate/Launcher/Android/Platform_Android_128x.png
[2017.12.24-18.23.20:516][  0]LogStreaming: Warning: Failed to read file '../../../Engine/Content/Editor/Slate/Launcher/Android/Platform_Android_ETC1_24x.png' error.
[2017.12.24-18.23.20:516][  0]LogSlate: Could not find file for Slate resource: ../../../Engine/Content/Editor/Slate/Launcher/Android/Platform_Android_ETC1_24x.png
[2017.12.24-18.23.20:516][  0]LogStreaming: Warning: Failed to read file '../../../Engine/Content/Editor/Slate/Launcher/Android/Platform_Android_128x.png' error.
[2017.12.24-18.23.20:516][  0]LogSlate: Could not find file for Slate resource: ../../../Engine/Content/Editor/Slate/Launcher/Android/Platform_Android_128x.png
[2017.12.24-18.23.20:516][  0]LogStreaming: Warning: Failed to read file '../../../Engine/Content/Editor/Slate/Launcher/Android/Platform_Android_128x.png' error.
[2017.12.24-18.23.20:516][  0]LogSlate: Could not find file for Slate resource: ../../../Engine/Content/Editor/Slate/Launcher/Android/Platform_Android_128x.png
[2017.12.24-18.23.20:516][  0]LogStreaming: Warning: Failed to read file '../../../Engine/Content/Editor/Slate/Launcher/Android/Platform_Android_ETC2_24x.png' error.
[2017.12.24-18.23.20:516][  0]LogSlate: Could not find file for Slate resource: ../../../Engine/Content/Editor/Slate/Launcher/Android/Platform_Android_ETC2_24x.png
[2017.12.24-18.23.20:516][  0]LogStreaming: Warning: Failed to read file '../../../Engine/Content/Editor/Slate/Launcher/Android/Platform_Android_128x.png' error.
[2017.12.24-18.23.20:516][  0]LogSlate: Could not find file for Slate resource: ../../../Engine/Content/Editor/Slate/Launcher/Android/Platform_Android_128x.png
[2017.12.24-18.23.20:516][  0]LogStreaming: Warning: Failed to read file '../../../Engine/Content/Editor/Slate/Launcher/Android/Platform_Android_128x.png' error.
[2017.12.24-18.23.20:516][  0]LogSlate: Could not find file for Slate resource: ../../../Engine/Content/Editor/Slate/Launcher/Android/Platform_Android_128x.png
[2017.12.24-18.23.20:516][  0]LogStreaming: Warning: Failed to read file '../../../Engine/Content/Editor/Slate/Launcher/Android/Platform_Android_PVRTC_24x.png' error.
[2017.12.24-18.23.20:516][  0]LogSlate: Could not find file for Slate resource: ../../../Engine/Content/Editor/Slate/Launcher/Android/Platform_Android_PVRTC_24x.png
[2017.12.24-18.23.20:516][  0]LogStreaming: Warning: Failed to read file '../../../Engine/Content/Editor/Slate/Launcher/Android/Platform_Android_128x.png' error.
[2017.12.24-18.23.20:516][  0]LogSlate: Could not find file for Slate resource: ../../../Engine/Content/Editor/Slate/Launcher/Android/Platform_Android_128x.png
[2017.12.24-18.23.20:516][  0]LogStreaming: Warning: Failed to read file '../../../Engine/Content/Editor/Slate/Launcher/Android/Platform_Android_128x.png' error.
[2017.12.24-18.23.20:516][  0]LogSlate: Could not find file for Slate resource: ../../../Engine/Content/Editor/Slate/Launcher/Android/Platform_Android_128x.png
[2017.12.24-18.23.20:516][  0]LogStreaming: Warning: Failed to read file '../../../Engine/Content/Editor/Slate/Launcher/Android/Platform_Android_ASTC_24x.png' error.
[2017.12.24-18.23.20:516][  0]LogSlate: Could not find file for Slate resource: ../../../Engine/Content/Editor/Slate/Launcher/Android/Platform_Android_ASTC_24x.png
[2017.12.24-18.23.20:516][  0]LogStreaming: Warning: Failed to read file '../../../Engine/Content/Editor/Slate/Launcher/Android/Platform_Android_128x.png' error.
[2017.12.24-18.23.20:516][  0]LogSlate: Could not find file for Slate resource: ../../../Engine/Content/Editor/Slate/Launcher/Android/Platform_Android_128x.png
[2017.12.24-18.23.20:516][  0]LogStreaming: Warning: Failed to read file '../../../Engine/Content/Editor/Slate/Launcher/Android/Platform_Android_128x.png' error.
[2017.12.24-18.23.20:516][  0]LogSlate: Could not find file for Slate resource: ../../../Engine/Content/Editor/Slate/Launcher/Android/Platform_Android_128x.png
[2017.12.24-18.23.39:724][  0]LogTcpMessaging: Initializing TcpMessaging bridge
[2017.12.24-18.23.39:873][  0]LogUdpMessaging: Initializing bridge on interface 0.0.0.0:0 to multicast group 230.0.0.1:6666.
[2017.12.24-18.23.46:622][  0]LogMaterial: Uniform references updated for custom material expression Custom.
[2017.12.24-18.23.48:261][  0]SourceControl: Source control is disabled
[2017.12.24-18.23.48:261][  0]SourceControl: Source control is disabled
[2017.12.24-18.23.48:435][  0]SourceControl: Source control is disabled
[2017.12.24-18.23.48:586][  0]SourceControl: Source control is disabled
[2017.12.24-18.23.51:021][  0]LogAndroidPermission: UAndroidPermissionCallbackProxy::GetInstance
[2017.12.24-18.23.51:524][  0]LogOcInput: OculusInput pre-init called
[2017.12.24-18.23.52:800][  0]LogEngine: Initializing Engine...
[2017.12.24-18.23.52:851][  0]LogHMD: Failed to initialize OpenVR with code 110
[2017.12.24-18.23.54:269][  0]LogStats: UGameplayTagsManager::ConstructGameplayTagTree: Construct from data asset -  0.000 s
[2017.12.24-18.23.54:269][  0]LogStats: UGameplayTagsManager::ConstructGameplayTagTree: GameplayTagTreeChangedEvent.Broadcast -  0.000 s
[2017.12.24-18.23.55:161][  0]LogAIModule: Creating AISystem for world Untitled
[2017.12.24-18.23.55:449][  0]LogInit: XAudio2 using 'Динамики (Realtek High Definition Audio)' : 2 channels at 48 kHz using 32 bits per sample (channel mask 0x3)
[2017.12.24-18.23.55:698][  0]LogInit: FAudioDevice initialized.
[2017.12.24-18.23.55:929][  0]LogDerivedDataCache: Saved boot cache 0.23s 79MB ../../../DialogueGame/DerivedDataCache/Boot.ddc.
[2017.12.24-18.23.55:946][  0]LogInit: Texture streaming: Enabled
[2017.12.24-18.23.56:409][  0]LogEngineSessionManager: EngineSessionManager initialized
[2017.12.24-18.23.57:309][  0]LogInit: Transaction tracking system initialized
[2017.12.24-18.23.58:399][  0]BlueprintLog: New page: Editor Load
[2017.12.24-18.24.01:665][  0]LocalizationService: Localization service is disabled
[2017.12.24-18.24.03:983][  0]LogConsoleResponse: Display: 
[2017.12.24-18.24.07:177][  0]LogFileCache: Scanning file cache for directory 'C:/UE4/DialogueGame/Content/' took 0.06s
[2017.12.24-18.24.07:177][  0]LogCook: Display: Max memory allowance for cook 16384mb min free memory 0mb
[2017.12.24-18.24.07:196][  0]LogCook: Display: Mobile HDR setting 1
[2017.12.24-18.24.07:222][  0]LogGameplayTags: Display: UGameplayTagsManager::DoneAddingNativeTags. DelegateIsBound: 0
[2017.12.24-18.24.11:380][  0]SourceControl: Source control is disabled
[2017.12.24-18.24.11:484][  0]Cmd: MAP LOAD FILE="../../../DialogueGame/Content/ThirdPersonCPP/Maps/ThirdPersonExampleMap.umap" TEMPLATE=0 SHOWPROGRESS=1 FEATURELEVEL=3
[2017.12.24-18.24.11:577][  0]LightingResults: New page: Lighting Build
[2017.12.24-18.24.11:947][  0]MapCheck: New page: Map Check
[2017.12.24-18.24.11:947][  0]LightingResults: New page: Lighting Build
[2017.12.24-18.24.13:313][  0]LogLinker: Warning: Can't find file '/Game/Geometry/Meshes/CubeMaterial'
[2017.12.24-18.24.13:313][  0]LogLinker: Warning: Can't find file for asset '/Game/Geometry/Meshes/CubeMaterial' while loading ../../../DialogueGame/Content/ThirdPersonCPP/Maps/ThirdPersonExampleMap.umap.
[2017.12.24-18.24.13:314][  0]LoadErrors: Error: /Game/ThirdPersonCPP/Maps/ThirdPersonExampleMap : Can't find file for asset. /Game/Geometry/Meshes/CubeMaterial
[2017.12.24-18.24.13:315][  0]LogLinker: Warning: Can't find file '/Game/Geometry/Meshes/1M_Cube'
[2017.12.24-18.24.13:315][  0]LogLinker: Warning: Can't find file for asset '/Game/Geometry/Meshes/1M_Cube' while loading ../../../DialogueGame/Content/ThirdPersonCPP/Maps/ThirdPersonExampleMap.umap.
[2017.12.24-18.24.13:315][  0]LoadErrors: Error: /Game/ThirdPersonCPP/Maps/ThirdPersonExampleMap : Can't find file for asset. /Game/Geometry/Meshes/1M_Cube
[2017.12.24-18.24.13:315][  0]LogLinker: Warning: Can't find file '/Game/Geometry/Meshes/1M_Cube_Chamfer'
[2017.12.24-18.24.13:315][  0]LogLinker: Warning: Can't find file for asset '/Game/Geometry/Meshes/1M_Cube_Chamfer' while loading ../../../DialogueGame/Content/ThirdPersonCPP/Maps/ThirdPersonExampleMap.umap.
[2017.12.24-18.24.13:315][  0]LoadErrors: Error: /Game/ThirdPersonCPP/Maps/ThirdPersonExampleMap : Can't find file for asset. /Game/Geometry/Meshes/1M_Cube_Chamfer
[2017.12.24-18.24.13:315][  0]LogLinker: Warning: Can't find file '/Game/Geometry/Meshes/CubeMaterial'
[2017.12.24-18.24.13:315][  0]LogLinker: Warning: Can't find file for asset '/Game/Geometry/Meshes/CubeMaterial' while loading ../../../DialogueGame/Content/ThirdPersonCPP/Maps/ThirdPersonExampleMap.umap.
[2017.12.24-18.24.13:315][  0]LoadErrors: Error: /Game/ThirdPersonCPP/Maps/ThirdPersonExampleMap : Can't find file for asset. /Game/Geometry/Meshes/CubeMaterial
[2017.12.24-18.24.13:315][  0]LogLinker: Warning: Can't find file '/Game/Geometry/Meshes/TemplateFloor'
[2017.12.24-18.24.13:316][  0]LogLinker: Warning: Can't find file for asset '/Game/Geometry/Meshes/TemplateFloor' while loading ../../../DialogueGame/Content/ThirdPersonCPP/Maps/ThirdPersonExampleMap.umap.
[2017.12.24-18.24.13:316][  0]LoadErrors: Error: /Game/ThirdPersonCPP/Maps/ThirdPersonExampleMap : Can't find file for asset. /Game/Geometry/Meshes/TemplateFloor
[2017.12.24-18.24.13:491][  0]LogLinker: Warning: Can't find file '/Game/Geometry/Meshes/1M_Cube'
[2017.12.24-18.24.13:491][  0]LogLinker: Warning: Can't find file for asset '/Game/Geometry/Meshes/1M_Cube' while loading ../../../DialogueGame/Content/ThirdPersonCPP/Maps/ThirdPersonExampleMap.umap.
[2017.12.24-18.24.13:491][  0]LoadErrors: Error: /Game/ThirdPersonCPP/Maps/ThirdPersonExampleMap : Can't find file for asset. /Game/Geometry/Meshes/1M_Cube
[2017.12.24-18.24.13:491][  0]LogLinker: Warning: Can't find file '/Game/Geometry/Meshes/1M_Cube_Chamfer'
[2017.12.24-18.24.13:491][  0]LogLinker: Warning: Can't find file for asset '/Game/Geometry/Meshes/1M_Cube_Chamfer' while loading ../../../DialogueGame/Content/ThirdPersonCPP/Maps/ThirdPersonExampleMap.umap.
[2017.12.24-18.24.13:491][  0]LoadErrors: Error: /Game/ThirdPersonCPP/Maps/ThirdPersonExampleMap : Can't find file for asset. /Game/Geometry/Meshes/1M_Cube_Chamfer
[2017.12.24-18.24.13:491][  0]LogLinker: Warning: Can't find file '/Game/Geometry/Meshes/TemplateFloor'
[2017.12.24-18.24.13:491][  0]LogLinker: Warning: Can't find file for asset '/Game/Geometry/Meshes/TemplateFloor' while loading ../../../DialogueGame/Content/ThirdPersonCPP/Maps/ThirdPersonExampleMap.umap.
[2017.12.24-18.24.13:491][  0]LoadErrors: Error: /Game/ThirdPersonCPP/Maps/ThirdPersonExampleMap : Can't find file for asset. /Game/Geometry/Meshes/TemplateFloor
[2017.12.24-18.24.13:494][  0]LogLinker: Warning: Can't find file '/Game/Geometry/Meshes/CubeMaterial'
[2017.12.24-18.24.13:494][  0]LogLinker: Warning: Can't find file for asset '/Game/Geometry/Meshes/CubeMaterial' while loading NULL.
[2017.12.24-18.24.13:494][  0]LogLinker: Warning: Can't find file '/Game/Geometry/Meshes/1M_Cube'
[2017.12.24-18.24.13:494][  0]LogLinker: Warning: Can't find file for asset '/Game/Geometry/Meshes/1M_Cube' while loading NULL.
[2017.12.24-18.24.13:494][  0]LogLinker: Warning: Can't find file '/Game/Geometry/Meshes/1M_Cube_Chamfer'
[2017.12.24-18.24.13:494][  0]LogLinker: Warning: Can't find file for asset '/Game/Geometry/Meshes/1M_Cube_Chamfer' while loading NULL.
[2017.12.24-18.24.13:494][  0]LogLinker: Warning: Can't find file '/Game/Geometry/Meshes/CubeMaterial'
[2017.12.24-18.24.13:495][  0]LogLinker: Warning: Can't find file for asset '/Game/Geometry/Meshes/CubeMaterial' while loading NULL.
[2017.12.24-18.24.13:495][  0]LogLinker: Warning: Can't find file '/Game/Geometry/Meshes/TemplateFloor'
[2017.12.24-18.24.13:495][  0]LogLinker: Warning: Can't find file for asset '/Game/Geometry/Meshes/TemplateFloor' while loading NULL.
[2017.12.24-18.24.13:495][  0]LogLinker: Warning: Can't find file '/Game/Geometry/Meshes/1M_Cube'
[2017.12.24-18.24.13:495][  0]LogLinker: Warning: Can't find file for asset '/Game/Geometry/Meshes/1M_Cube' while loading NULL.
[2017.12.24-18.24.13:495][  0]LogLinker: Warning: Can't find file '/Game/Geometry/Meshes/1M_Cube_Chamfer'
[2017.12.24-18.24.13:495][  0]LogLinker: Warning: Can't find file for asset '/Game/Geometry/Meshes/1M_Cube_Chamfer' while loading NULL.
[2017.12.24-18.24.13:495][  0]LogLinker: Warning: Can't find file '/Game/Geometry/Meshes/TemplateFloor'
[2017.12.24-18.24.13:495][  0]LogLinker: Warning: Can't find file for asset '/Game/Geometry/Meshes/TemplateFloor' while loading NULL.
[2017.12.24-18.24.13:683][  0]LogLinker: Warning: Can't find file '/Game/Geometry/Meshes/1M_Cube_Chamfer'
[2017.12.24-18.24.13:683][  0]LoadErrors: Failed to load /Game/Geometry/Meshes/1M_Cube_Chamfer.1M_Cube_Chamfer Referenced by StaticMeshComponent0
[2017.12.24-18.24.13:683][  0]LogLinker: Warning: Can't find file for asset '/Game/Geometry/Meshes/1M_Cube_Chamfer' while loading NULL.
[2017.12.24-18.24.13:683][  0]LoadErrors: Failed to load /Game/Geometry/Meshes/1M_Cube_Chamfer.1M_Cube_Chamfer Referenced by StaticMeshComponent0
[2017.12.24-18.24.13:684][  0]LogLinker: Warning: Can't find file '/Game/Geometry/Meshes/TemplateFloor'
[2017.12.24-18.24.13:684][  0]LoadErrors: Failed to load /Game/Geometry/Meshes/TemplateFloor.TemplateFloor Referenced by StaticMeshComponent0
[2017.12.24-18.24.13:684][  0]LogLinker: Warning: Can't find file for asset '/Game/Geometry/Meshes/TemplateFloor' while loading NULL.
[2017.12.24-18.24.13:684][  0]LoadErrors: Failed to load /Game/Geometry/Meshes/TemplateFloor.TemplateFloor Referenced by StaticMeshComponent0
[2017.12.24-18.24.13:684][  0]LogLinker: Warning: Can't find file '/Game/Geometry/Meshes/CubeMaterial'
[2017.12.24-18.24.13:684][  0]LoadErrors: Failed to load /Game/Geometry/Meshes/CubeMaterial.CubeMaterial Referenced by StaticMeshComponent0
[2017.12.24-18.24.13:684][  0]LogLinker: Warning: Can't find file for asset '/Game/Geometry/Meshes/CubeMaterial' while loading NULL.
[2017.12.24-18.24.13:684][  0]LoadErrors: Failed to load /Game/Geometry/Meshes/CubeMaterial.CubeMaterial Referenced by StaticMeshComponent0
[2017.12.24-18.24.13:685][  0]LogLinker: Warning: Can't find file '/Game/Geometry/Meshes/1M_Cube'
[2017.12.24-18.24.13:685][  0]LoadErrors: Failed to load /Game/Geometry/Meshes/1M_Cube.1M_Cube Referenced by StaticMeshComponent0
[2017.12.24-18.24.13:685][  0]LogLinker: Warning: Can't find file for asset '/Game/Geometry/Meshes/1M_Cube' while loading NULL.
[2017.12.24-18.24.13:685][  0]LoadErrors: Failed to load /Game/Geometry/Meshes/1M_Cube.1M_Cube Referenced by StaticMeshComponent0
[2017.12.24-18.24.13:685][  0]LogLinker: Warning: Can't find file '/Game/Geometry/Meshes/1M_Cube'
[2017.12.24-18.24.13:685][  0]LoadErrors: Failed to load /Game/Geometry/Meshes/1M_Cube.1M_Cube Referenced by StaticMeshComponent0
[2017.12.24-18.24.13:685][  0]LogLinker: Warning: Can't find file for asset '/Game/Geometry/Meshes/1M_Cube' while loading NULL.
[2017.12.24-18.24.13:685][  0]LoadErrors: Failed to load /Game/Geometry/Meshes/1M_Cube.1M_Cube Referenced by StaticMeshComponent0
[2017.12.24-18.24.13:685][  0]LogLinker: Warning: Can't find file '/Game/Geometry/Meshes/1M_Cube'
[2017.12.24-18.24.13:685][  0]LoadErrors: Failed to load /Game/Geometry/Meshes/1M_Cube.1M_Cube Referenced by StaticMeshComponent0
[2017.12.24-18.24.13:686][  0]LogLinker: Warning: Can't find file for asset '/Game/Geometry/Meshes/1M_Cube' while loading NULL.
[2017.12.24-18.24.13:686][  0]LoadErrors: Failed to load /Game/Geometry/Meshes/1M_Cube.1M_Cube Referenced by StaticMeshComponent0
[2017.12.24-18.24.13:686][  0]LogLinker: Warning: Can't find file '/Game/Geometry/Meshes/1M_Cube'
[2017.12.24-18.24.13:686][  0]LoadErrors: Failed to load /Game/Geometry/Meshes/1M_Cube.1M_Cube Referenced by StaticMeshComponent0
[2017.12.24-18.24.13:686][  0]LogLinker: Warning: Can't find file for asset '/Game/Geometry/Meshes/1M_Cube' while loading NULL.
[2017.12.24-18.24.13:686][  0]LoadErrors: Failed to load /Game/Geometry/Meshes/1M_Cube.1M_Cube Referenced by StaticMeshComponent0
[2017.12.24-18.24.14:913][  0]LogAIModule: Creating AISystem for world ThirdPersonExampleMap
[2017.12.24-18.24.17:186][  0]LogEditorServer: Finished looking for orphan Actors (0.000 secs)
[2017.12.24-18.24.17:423][  0]Cmd: MAP CHECKDEP NOCLEARLOG
[2017.12.24-18.24.17:511][  0]MapCheck: Map check complete: 0 Error(s), 0 Warning(s), took 87.426ms to complete.
[2017.12.24-18.24.17:511][  0]LogFileHelpers: Loading map 'ThirdPersonExampleMap' took 6.070
[2017.12.24-18.24.20:756][  0]LogCollectionManager: Loaded 0 collections in 0.004052 seconds
[2017.12.24-18.24.21:041][  0]LogFileCache: Scanning file cache for directory 'C:/UE4/DialogueGame/Saved/Collections/' took 0.01s
[2017.12.24-18.24.21:041][  0]LogFileCache: Scanning file cache for directory 'C:/UE4/DialogueGame/Content/Developers/Настя/Collections/' took 0.01s
[2017.12.24-18.24.21:041][  0]LogFileCache: Scanning file cache for directory 'C:/UE4/DialogueGame/Content/Collections/' took 0.01s
[2017.12.24-18.24.21:041][  0]LogCollectionManager: Rebuilt the GUID cache for 0 collections in 0.000000 seconds
[2017.12.24-18.24.21:091][  0]LogContentBrowser: Native class hierarchy populated in 0.0477 seconds. Added 2364 classes and 519 folders.
[2017.12.24-18.24.21:379][  0]LogContentBrowser: Native class hierarchy updated for 'WidgetCarousel' in 0.0009 seconds. Added 0 classes and 0 folders.
[2017.12.24-18.24.27:001][  0]LogContentBrowser: Native class hierarchy updated for 'AddContentDialog' in 0.0011 seconds. Added 0 classes and 0 folders.
[2017.12.24-18.24.27:621][  0]LogContentBrowser: Native class hierarchy updated for 'SceneOutliner' in 0.0012 seconds. Added 1 classes and 2 folders.
[2017.12.24-18.24.30:200][  0]LogSlate: Took 0.203465 seconds to synchronously load lazily loaded font '../../../Engine/Content/Slate/Fonts/Roboto-Regular.ttf' (155K)
[2017.12.24-18.24.30:258][  0]LogSlate: Took 0.023125 seconds to synchronously load lazily loaded font '../../../Engine/Content/Slate/Fonts/Roboto-Bold.ttf' (160K)
[2017.12.24-18.24.30:429][  0]LogSlate: Took 0.025693 seconds to synchronously load lazily loaded font '../../../Engine/Content/Editor/Slate/Fonts/FontAwesome.ttf' (139K)
[2017.12.24-18.24.31:846][  0]LogRenderer: Reallocating scene render targets to support 812x512 Format 10 NumSamples 1 (Frame:1).
[2017.12.24-18.24.33:133][  0]LogContentBrowser: Native class hierarchy updated for 'HierarchicalLODOutliner' in 0.0016 seconds. Added 1 classes and 2 folders.
[2017.12.24-18.24.33:133][  0]LogLoad: (Engine Initialization) Total time: 165.59 seconds
[2017.12.24-18.24.33:133][  0]LogLoad: (Engine Initialization) Total Blueprint compile time: 0.00 seconds
[2017.12.24-18.24.33:150][  0]LogExternalProfiler: No external profilers were discovered.  External profiling features will not be available.
[2017.12.24-18.24.33:599][  0]LogContentStreaming: Texture pool size now 1000 MB
[2017.12.24-18.24.34:162][  0]LogSlate: Took 0.054758 seconds to synchronously load lazily loaded font '../../../Engine/Content/Slate/Fonts/Roboto-Light.ttf' (159K)
[2017.12.24-18.24.34:887][  2]LogSlate: Took 0.000277 seconds to synchronously load lazily loaded font '../../../Engine/Content/Slate/Fonts/Roboto-Light.ttf' (159K)
[2017.12.24-18.24.34:926][  3]LogAssetRegistry: Asset discovery search completed in 102.9560 seconds
[2017.12.24-18.24.34:960][  3]LogCollectionManager: Rebuilt the object cache for 0 collections in 0.000002 seconds (found 0 objects)
[2017.12.24-18.24.34:960][  3]LogCollectionManager: Fixed up redirectors for 0 collections in 0.018684 seconds (updated 0 objects)
[2017.12.24-18.24.57:729][552]Cmd: MAP LOAD FILE="../../../DialogueGame/Content/DialogueGame_Main/Maps/DialogueGame_P.umap" TEMPLATE=0 SHOWPROGRESS=1 FEATURELEVEL=3
[2017.12.24-18.24.57:789][552]LogSlate: Took 0.000244 seconds to synchronously load lazily loaded font '../../../Engine/Content/Slate/Fonts/Roboto-Light.ttf' (159K)
[2017.12.24-18.24.57:806][552]LightingResults: New page: Lighting Build
[2017.12.24-18.24.57:821][552]LoadErrors: New page: Loading map: DialogueGame_P.umap
[2017.12.24-18.24.57:976][552]MapCheck: New page: Map Check
[2017.12.24-18.24.57:976][552]LightingResults: New page: Lighting Build
[2017.12.24-18.24.59:033][552]LogSlate: Took 0.000186 seconds to synchronously load lazily loaded font '../../../Engine/Content/Slate/Fonts/Roboto-Regular.ttf' (155K)
[2017.12.24-18.25.00:276][552]LogAIModule: Creating AISystem for world DialogueGame_P
[2017.12.24-18.25.00:446][552]LogEditorServer: Finished looking for orphan Actors (0.000 secs)
[2017.12.24-18.25.00:617][552]Cmd: MAP CHECKDEP NOCLEARLOG
[2017.12.24-18.25.00:724][552]MapCheck: Map check complete: 0 Error(s), 0 Warning(s), took 107.065ms to complete.
[2017.12.24-18.25.00:724][552]LogFileHelpers: Loading map 'DialogueGame_P' took 3.094
[2017.12.24-21.02.47:102][ 21]LogHttp: Warning: 0000020BBF359C00: request failed, libcurl error: 6 (Couldn't resolve host name)
[2017.12.24-21.02.47:102][ 21]LogHttp: Warning: 0000020BBF359C00: libcurl info message cache 0 (Found bundle for host datarouter.ol.epicgames.com: 0x20be35cbfb8 [can pipeline])
[2017.12.24-21.02.47:102][ 21]LogHttp: Warning: 0000020BBF359C00: libcurl info message cache 1 (Re-using existing connection! (#1) with host datarouter.ol.epicgames.com)
[2017.12.24-21.02.47:102][ 21]LogHttp: Warning: 0000020BBF359C00: libcurl info message cache 2 (Connected to datarouter.ol.epicgames.com (34.228.177.81) port 443 (#1))
[2017.12.24-21.02.47:102][ 21]LogHttp: Warning: 0000020BBF359C00: libcurl info message cache 3 (SSL read: error:00000000:lib(0):func(0):reason(0), errno 10054)
[2017.12.24-21.02.47:103][ 21]LogHttp: Warning: 0000020BBF359C00: libcurl info message cache 4 (Connection died, retrying a fresh connect)
[2017.12.24-21.02.47:103][ 21]LogHttp: Warning: 0000020BBF359C00: libcurl info message cache 5 (Closing connection 1)
[2017.12.24-21.02.47:103][ 21]LogHttp: Warning: 0000020BBF359C00: libcurl info message cache 6 (Issue another request to this URL: 'https://datarouter.ol.epicgames.com/datarouter/api/v1/public/data?SessionID=%7B7C4366FD-44EA-8D6F-DD6E-30BC68875A0B%7D&AppID=UEEditor.UnrealEngine.Release&AppVersion=4.18.2-0%2B%2B%2BUE4%2BRelease-4.18&UserID=019286bf4e75ab8d01f77fb18e2e1e72%7Cdbacde7fbb294fd5bf5cbe063705eeca%7Cfdc4124f-6b4e-4ec1-bec0-664f9b3f18f2&AppEnvironment=datacollector-source&UploadType=eteventstream')
[2017.12.24-21.02.47:103][ 21]LogHttp: Warning: 0000020BBF359C00: libcurl info message cache 7 (Could not resolve host: datarouter.ol.epicgames.com)
[2017.12.24-21.02.47:103][ 21]LogHttp: Warning: 0000020BBF359C00: libcurl info message cache 8 (Closing connection 2)
[2017.12.24-21.04.03:354][434]LogWindowsTextInputMethodSystem: Display: IME system now deactivated.
[2017.12.24-21.04.09:730][435]Cmd: QUIT_EDITOR
[2017.12.24-21.04.15:021][435]LogExit: Preparing to exit.
[2017.12.24-21.04.21:744][435]LogDirectoryWatcher: A directory notification for 'C:/UE4/DialogueGame/Content/' was aborted.
[2017.12.24-21.04.24:077][435]LogExit: Editor shut down
[2017.12.24-21.04.24:087][435]LogExit: Transaction tracking system shut down
[2017.12.24-21.04.28:015][435]LogDirectoryWatcher: A directory notification for '../../../Engine/Content/' was aborted.
[2017.12.24-21.04.28:015][435]LogDirectoryWatcher: A directory notification for '../../../DialogueGame/Content/' was aborted.
[2017.12.24-21.04.28:015][435]LogDirectoryWatcher: A directory notification for '../../../Engine/Plugins/2D/Paper2D/Content/' was aborted.
[2017.12.24-21.04.28:015][435]LogDirectoryWatcher: A directory notification for '../../../Engine/Plugins/Media/MediaCompositing/Content/' was aborted.
[2017.12.24-21.04.28:015][435]LogDirectoryWatcher: A directory notification for '../../../Engine/Plugins/Runtime/AppleARKit/Content/' was aborted.
[2017.12.24-21.04.28:015][435]LogDirectoryWatcher: A directory notification for '../../../Engine/Plugins/Runtime/Oculus/OculusVR/Content/' was aborted.
[2017.12.24-21.04.28:015][435]LogDirectoryWatcher: A directory notification for '../../../Engine/Plugins/Runtime/Steam/SteamVR/Content/' was aborted.
[2017.12.24-21.04.42:221][435]LogExit: Object subsystem successfully closed.
[2017.12.24-21.04.44:711][435]LogD3D11RHI: Shutdown
[2017.12.24-21.04.44:847][435]LogD3D11RHI: CleanupD3DDevice
[2017.12.24-21.04.45:099][435]LogD3D11RHI: ~FD3D11DynamicRHI
[2017.12.24-21.04.52:492][435]LogModuleManager: Shutting down and abandoning module HierarchicalLODOutliner (538)
[2017.12.24-21.04.52:492][435]LogModuleManager: Shutting down and abandoning module DesktopPlatform (536)
[2017.12.24-21.04.52:593][435]LogModuleManager: Shutting down and abandoning module SceneOutliner (534)
[2017.12.24-21.04.52:730][435]LogModuleManager: Shutting down and abandoning module AddContentDialog (532)
[2017.12.24-21.04.52:820][435]LogDirectoryWatcher: A directory notification for 'C:/UE4/FeaturePacks/' was aborted.
[2017.12.24-21.04.52:900][435]LogModuleManager: Shutting down and abandoning module WidgetCarousel (531)
[2017.12.24-21.04.52:900][435]LogModuleManager: Shutting down and abandoning module EditorWidgets (528)
[2017.12.24-21.04.52:900][435]LogModuleManager: Shutting down and abandoning module CollectionManager (526)
[2017.12.24-21.04.53:036][435]LogDirectoryWatcher: A directory notification for 'C:/UE4/DialogueGame/Content/Collections/' was aborted.
[2017.12.24-21.04.53:036][435]LogDirectoryWatcher: A directory notification for 'C:/UE4/DialogueGame/Content/Developers/Настя/Collections/' was aborted.
[2017.12.24-21.04.53:036][435]LogDirectoryWatcher: A directory notification for 'C:/UE4/DialogueGame/Saved/Collections/' was aborted.
[2017.12.24-21.04.53:036][435]LogModuleManager: Shutting down and abandoning module StatsViewer (524)
[2017.12.24-21.04.53:196][435]LogModuleManager: Shutting down and abandoning module FoliageEdit (522)
[2017.12.24-21.04.53:320][435]LogModuleManager: Shutting down and abandoning module LandscapeEditor (520)
[2017.12.24-21.04.53:543][435]LogModuleManager: Shutting down and abandoning module MeshPaintMode (518)
[2017.12.24-21.04.53:567][435]LogModuleManager: Shutting down and abandoning module SceneDepthPickerMode (516)
[2017.12.24-21.04.53:567][435]LogModuleManager: Shutting down and abandoning module ActorPickerMode (514)
[2017.12.24-21.04.53:567][435]LogModuleManager: Shutting down and abandoning module GeometryMode (512)
[2017.12.24-21.04.53:567][435]LogModuleManager: Shutting down and abandoning module TextureAlignMode (510)
[2017.12.24-21.04.53:567][435]LogModuleManager: Shutting down and abandoning module BspMode (508)
[2017.12.24-21.04.53:567][435]LogModuleManager: Shutting down and abandoning module PIEPreviewDeviceProfileSelector (506)
[2017.12.24-21.04.53:567][435]LogModuleManager: Shutting down and abandoning module HardwareSurvey (504)
[2017.12.24-21.04.53:567][435]LogModuleManager: Shutting down and abandoning module SequenceRecorderSections (502)
[2017.12.24-21.04.53:590][435]LogModuleManager: Shutting down and abandoning module AutomationWorker (500)
[2017.12.24-21.04.53:684][435]LogModuleManager: Shutting down and abandoning module MatineeToLevelSequence (498)
[2017.12.24-21.04.53:807][435]LogModuleManager: Shutting down and abandoning module LevelSequenceEditor (496)
[2017.12.24-21.04.55:551][435]LogModuleManager: Shutting down and abandoning module PlacementMode (495)
[2017.12.24-21.04.55:551][435]LogModuleManager: Shutting down and abandoning module WmfMediaFactory (492)
[2017.12.24-21.04.55:551][435]LogModuleManager: Shutting down and abandoning module WmfMediaEditor (490)
[2017.12.24-21.04.55:551][435]LogModuleManager: Shutting down and abandoning module OpenExrWrapper (488)
[2017.12.24-21.04.55:551][435]LogModuleManager: Shutting down and abandoning module ImgMediaFactory (486)
[2017.12.24-21.04.55:551][435]LogModuleManager: Shutting down and abandoning module ImgMediaEditor (484)
[2017.12.24-21.04.55:551][435]LogModuleManager: Shutting down and abandoning module AvfMediaFactory (482)
[2017.12.24-21.04.55:551][435]LogModuleManager: Shutting down and abandoning module AvfMediaEditor (480)
[2017.12.24-21.04.55:551][435]LogModuleManager: Shutting down and abandoning module AndroidMediaFactory (478)
[2017.12.24-21.04.55:551][435]LogModuleManager: Shutting down and abandoning module AndroidMediaEditor (476)
[2017.12.24-21.04.55:551][435]LogModuleManager: Shutting down and abandoning module CharacterAI (474)
[2017.12.24-21.04.55:551][435]LogModuleManager: Shutting down and abandoning module AudioCapture (472)
[2017.12.24-21.04.55:666][435]LogModuleManager: Shutting down and abandoning module SequenceRecorder (471)
[2017.12.24-21.04.55:671][435]LogModuleManager: Shutting down and abandoning module SmartSnapping (468)
[2017.12.24-21.04.55:671][435]LogModuleManager: Shutting down and abandoning module SessionServices (466)
[2017.12.24-21.04.55:671][435]LogModuleManager: Shutting down and abandoning module ViewportSnapping (464)
[2017.12.24-21.04.55:671][435]LogModuleManager: Shutting down and abandoning module ViewportInteraction (462)
[2017.12.24-21.04.55:671][435]LogModuleManager: Shutting down and abandoning module ClothPainter (460)
[2017.12.24-21.04.56:188][435]LogModuleManager: Shutting down and abandoning module SkeletalMeshEditor (459)
[2017.12.24-21.04.56:365][435]LogModuleManager: Shutting down and abandoning module LogVisualizer (456)
[2017.12.24-21.04.56:657][435]LogModuleManager: Shutting down and abandoning module IntroTutorials (454)
[2017.12.24-21.04.57:347][435]LogModuleManager: Shutting down and abandoning module GameProjectGeneration (453)
[2017.12.24-21.04.57:564][435]LogModuleManager: Shutting down and abandoning module IOSPlatformEditor (450)
[2017.12.24-21.04.57:564][435]LogModuleManager: Shutting down and abandoning module HTML5PlatformEditor (448)
[2017.12.24-21.04.57:564][435]LogModuleManager: Shutting down and abandoning module AndroidPlatformEditor (446)
[2017.12.24-21.04.57:564][435]LogModuleManager: Shutting down and abandoning module AndroidDeviceDetection (445)
[2017.12.24-21.04.57:819][435]LogModuleManager: Shutting down and abandoning module WindowsPlatformEditor (442)
[2017.12.24-21.04.57:819][435]LogModuleManager: Shutting down and abandoning module IOSRuntimeSettings (440)
[2017.12.24-21.04.57:819][435]LogModuleManager: Shutting down and abandoning module AndroidRuntimeSettings (438)
[2017.12.24-21.04.57:819][435]LogModuleManager: Shutting down and abandoning module InputBindingEditor (436)
[2017.12.24-21.04.58:014][435]LogModuleManager: Shutting down and abandoning module MergeActors (434)
[2017.12.24-21.04.58:099][435]LogModuleManager: Shutting down and abandoning module SizeMap (432)
[2017.12.24-21.04.58:100][435]LogModuleManager: Shutting down and abandoning module TreeMap (430)
[2017.12.24-21.04.58:349][435]LogModuleManager: Shutting down and abandoning module ReferenceViewer (428)
[2017.12.24-21.04.58:349][435]LogModuleManager: Shutting down and abandoning module LocalizationDashboard (426)
[2017.12.24-21.04.58:467][435]LogModuleManager: Shutting down and abandoning module LocalizationService (425)
[2017.12.24-21.04.58:508][435]LogModuleManager: Shutting down and abandoning module HardwareTargeting (422)
[2017.12.24-21.04.58:508][435]LogModuleManager: Shutting down and abandoning module DeviceProfileEditor (420)
[2017.12.24-21.04.58:508][435]LogModuleManager: Shutting down and abandoning module UndoHistory (418)
[2017.12.24-21.04.58:508][435]LogModuleManager: Shutting down and abandoning module XmlParser (416)
[2017.12.24-21.04.58:771][435]LogModuleManager: Shutting down and abandoning module Blutility (414)
[2017.12.24-21.04.58:771][435]LogModuleManager: Shutting down and abandoning module ProjectSettingsViewer (412)
[2017.12.24-21.04.58:771][435]LogModuleManager: Shutting down and abandoning module ProjectTargetPlatformEditor (411)
[2017.12.24-21.04.58:771][435]LogModuleManager: Shutting down and abandoning module EditorSettingsViewer (408)
[2017.12.24-21.04.58:772][435]LogModuleManager: Shutting down and abandoning module SettingsEditor (406)
[2017.12.24-21.04.59:009][435]LogModuleManager: Shutting down and abandoning module ProjectLauncher (404)
[2017.12.24-21.04.59:146][435]LogModuleManager: Shutting down and abandoning module SessionFrontend (402)
[2017.12.24-21.04.59:406][435]LogModuleManager: Shutting down and abandoning module ProfilerClient (400)
[2017.12.24-21.04.59:569][435]LogModuleManager: Shutting down and abandoning module DeviceManager (398)
[2017.12.24-21.04.59:678][435]LogModuleManager: Shutting down and abandoning module TargetDeviceServices (397)
[2017.12.24-21.05.00:216][435]LogModuleManager: Shutting down and abandoning module AutomationController (394)
[2017.12.24-21.05.00:323][435]LogModuleManager: Shutting down and abandoning module AutomationWindow (392)
[2017.12.24-21.05.01:201][435]LogModuleManager: Shutting down and abandoning module Layers (390)
[2017.12.24-21.05.01:701][435]LogModuleManager: Shutting down and abandoning module ComponentVisualizers (388)
[2017.12.24-21.05.01:701][435]LogModuleManager: Shutting down and abandoning module DetailCustomizations (386)
[2017.12.24-21.05.02:098][435]LogModuleManager: Shutting down and abandoning module PackagesDialog (384)
[2017.12.24-21.05.02:185][435]LogModuleManager: Shutting down and abandoning module Persona (382)
[2017.12.24-21.05.02:417][435]LogModuleManager: Shutting down and abandoning module AdvancedPreviewScene (381)
[2017.12.24-21.05.02:417][435]LogModuleManager: Shutting down and abandoning module AnimGraph (379)
[2017.12.24-21.05.02:418][435]LogModuleManager: Shutting down and abandoning module Kismet (376)
[2017.12.24-21.05.02:922][435]LogModuleManager: Shutting down and abandoning module ClassViewer (374)
[2017.12.24-21.05.02:923][435]LogModuleManager: Shutting down and abandoning module Toolbox (372)
[2017.12.24-21.05.02:923][435]LogModuleManager: Shutting down and abandoning module ModuleUI (370)
[2017.12.24-21.05.03:128][435]LogModuleManager: Shutting down and abandoning module MovieSceneTools (368)
[2017.12.24-21.05.03:504][435]LogModuleManager: Shutting down and abandoning module OutputLog (366)
[2017.12.24-21.05.03:653][435]LogModuleManager: Shutting down and abandoning module GammaUI (364)
[2017.12.24-21.05.03:677][435]LogModuleManager: Shutting down and abandoning module Documentation (362)
[2017.12.24-21.05.03:677][435]LogModuleManager: Shutting down and abandoning module MovieSceneTracks (360)
[2017.12.24-21.05.03:677][435]LogModuleManager: Shutting down and abandoning module MovieScene (358)
[2017.12.24-21.05.03:677][435]LogModuleManager: Shutting down and abandoning module StreamingPauseRendering (356)
[2017.12.24-21.05.03:677][435]LogModuleManager: Shutting down and abandoning module LauncherPlatform (354)
[2017.12.24-21.05.03:677][435]LogModuleManager: Shutting down and abandoning module AnalyticsET (352)
[2017.12.24-21.05.03:677][435]LogModuleManager: Shutting down and abandoning module PortalServices (350)
[2017.12.24-21.05.03:677][435]LogModuleManager: Shutting down and abandoning module PortalRpc (348)
[2017.12.24-21.05.03:677][435]LogModuleManager: Shutting down and abandoning module MessagingRpc (346)
[2017.12.24-21.05.03:677][435]LogModuleManager: Shutting down and abandoning module AIModule (344)
[2017.12.24-21.05.03:677][435]LogModuleManager: Shutting down and abandoning module GameplayDebugger (343)
[2017.12.24-21.05.03:741][435]LogModuleManager: Shutting down and abandoning module AITestSuite (341)
[2017.12.24-21.05.03:768][435]LogModuleManager: Shutting down and abandoning module ProfilerService (338)
[2017.12.24-21.05.03:817][435]LogModuleManager: Shutting down and abandoning module TaskGraph (336)
[2017.12.24-21.05.03:882][435]LogModuleManager: Shutting down and abandoning module SteamVRController (334)
[2017.12.24-21.05.03:882][435]LogModuleManager: Shutting down and abandoning module ProceduralMeshComponentEditor (332)
[2017.12.24-21.05.03:882][435]LogModuleManager: Shutting down and abandoning module ProceduralMeshComponent (330)
[2017.12.24-21.05.03:922][435]LogModuleManager: Shutting down and abandoning module OculusInput (328)
[2017.12.24-21.05.03:932][435]LogModuleManager: Shutting down and abandoning module MobilePatchingUtils (326)
[2017.12.24-21.05.03:932][435]LogModuleManager: Shutting down and abandoning module CustomMeshComponent (324)
[2017.12.24-21.05.03:932][435]LogModuleManager: Shutting down and abandoning module CableComponent (322)
[2017.12.24-21.05.04:028][435]LogModuleManager: Shutting down and abandoning module ArchVisCharacter (320)
[2017.12.24-21.05.04:029][435]LogModuleManager: Shutting down and abandoning module AndroidPermission (318)
[2017.12.24-21.05.04:029][435]LogModuleManager: Shutting down and abandoning module ActorSequence (314)
[2017.12.24-21.05.04:029][435]LogModuleManager: Shutting down and abandoning module MediaPlayerEditor (312)
[2017.12.24-21.05.04:277][435]LogModuleManager: Shutting down and abandoning module MediaCompositingEditor (310)
[2017.12.24-21.05.04:277][435]LogModuleManager: Shutting down and abandoning module MediaCompositing (308)
[2017.12.24-21.05.04:277][435]LogModuleManager: Shutting down and abandoning module HTML5Networking (306)
[2017.12.24-21.05.04:277][435]LogModuleManager: Shutting down and abandoning module AlembicImporter (304)
[2017.12.24-21.05.04:325][435]LogModuleManager: Shutting down and abandoning module AlembicLibrary (303)
[2017.12.24-21.05.04:325][435]LogModuleManager: Shutting down and abandoning module GeometryCache (302)
[2017.12.24-21.05.04:410][435]LogModuleManager: Shutting down and abandoning module GeometryCacheEd (301)
[2017.12.24-21.05.04:410][435]LogModuleManager: Shutting down and abandoning module SpeedTreeImporter (296)
[2017.12.24-21.05.04:410][435]LogModuleManager: Shutting down and abandoning module PluginBrowser (294)
[2017.12.24-21.05.04:779][435]LogModuleManager: Shutting down and abandoning module MobileLauncherProfileWizard (292)
[2017.12.24-21.05.04:815][435]LogModuleManager: Shutting down and abandoning module VisualStudioSourceCodeAccess (290)
[2017.12.24-21.05.04:815][435]LogModuleManager: Shutting down and abandoning module VisualStudioCodeSourceCodeAccess (288)
[2017.12.24-21.05.04:815][435]LogModuleManager: Shutting down and abandoning module UObjectPlugin (286)
[2017.12.24-21.05.04:815][435]LogModuleManager: Shutting down and abandoning module SubversionSourceControl (284)
[2017.12.24-21.05.04:901][435]LogModuleManager: Shutting down and abandoning module PerforceSourceControl (282)
[2017.12.24-21.05.05:030][435]LogModuleManager: Shutting down and abandoning module GitSourceControl (280)
[2017.12.24-21.05.05:116][435]LogModuleManager: Shutting down and abandoning module SourceControl (279)
[2017.12.24-21.05.05:173][435]LogModuleManager: Shutting down and abandoning module LightPropagationVolumeEditor (276)
[2017.12.24-21.05.05:173][435]LogModuleManager: Shutting down and abandoning module PaperTiledImporter (274)
[2017.12.24-21.05.05:173][435]LogModuleManager: Shutting down and abandoning module PaperSpriteSheetImporter (272)
[2017.12.24-21.05.05:173][435]LogModuleManager: Shutting down and abandoning module Paper2DEditor (270)
[2017.12.24-21.05.05:346][435]LogModuleManager: Shutting down and abandoning module MeshPaint (269)
[2017.12.24-21.05.05:415][435]LogModuleManager: Shutting down and abandoning module LevelEditor (267)
[2017.12.24-21.05.05:540][435]LogModuleManager: Shutting down and abandoning module PixelInspectorModule (266)
[2017.12.24-21.05.05:628][435]LogModuleManager: Shutting down and abandoning module MainFrame (264)
[2017.12.24-21.05.05:649][435]LogModuleManager: Shutting down and abandoning module HotReload (263)
[2017.12.24-21.05.05:691][435]LogDirectoryWatcher: A directory notification for 'C:/UE4/DialogueGame/Binaries/Win64' was aborted.
[2017.12.24-21.05.05:791][435]LogModuleManager: Shutting down and abandoning module DialogueGame (258)
[2017.12.24-21.05.05:791][435]LogModuleManager: Shutting down and abandoning module RuntimePhysXCooking (256)
[2017.12.24-21.05.05:791][435]LogModuleManager: Shutting down and abandoning module PhysXVehiclesEditor (254)
[2017.12.24-21.05.05:791][435]LogModuleManager: Shutting down and abandoning module PhysXVehicles (252)
[2017.12.24-21.05.05:791][435]LogModuleManager: Shutting down and abandoning module OculusEditor (250)
[2017.12.24-21.05.05:791][435]LogModuleManager: Shutting down and abandoning module LocationServicesBPLibrary (248)
[2017.12.24-21.05.05:791][435]LogModuleManager: Shutting down and abandoning module ImmediatePhysicsEditor (246)
[2017.12.24-21.05.05:791][435]LogModuleManager: Shutting down and abandoning module ImmediatePhysics (244)
[2017.12.24-21.05.05:831][435]LogModuleManager: Shutting down and abandoning module UdpMessaging (242)
[2017.12.24-21.05.05:969][435]LogModuleManager: Shutting down and abandoning module TcpMessaging (240)
[2017.12.24-21.05.06:093][435]LogModuleManager: Shutting down and abandoning module GameplayTagsEditor (238)
[2017.12.24-21.05.06:171][435]LogModuleManager: Shutting down and abandoning module FacialAnimationEditor (236)
[2017.12.24-21.05.06:171][435]LogModuleManager: Shutting down and abandoning module FacialAnimation (234)
[2017.12.24-21.05.06:171][435]LogModuleManager: Shutting down and abandoning module AssetManagerEditor (232)
[2017.12.24-21.05.06:313][435]LogModuleManager: Shutting down and abandoning module GraphEditor (231)
[2017.12.24-21.05.06:677][435]LogModuleManager: Shutting down and abandoning module ContentBrowser (229)
[2017.12.24-21.05.06:678][435]LogModuleManager: Shutting down and abandoning module LightPropagationVolumeRuntime (226)
[2017.12.24-21.05.06:678][435]LogModuleManager: Shutting down and abandoning module Paper2D (224)
[2017.12.24-21.05.06:678][435]LogModuleManager: Shutting down and abandoning module WindowsMoviePlayer (222)
[2017.12.24-21.05.06:833][435]LogModuleManager: Shutting down and abandoning module WmfMedia (220)
[2017.12.24-21.05.06:941][435]LogModuleManager: Shutting down and abandoning module ImgMedia (218)
[2017.12.24-21.05.06:941][435]LogModuleManager: Shutting down and abandoning module PacketHandler (216)
[2017.12.24-21.05.06:941][435]LogModuleManager: Shutting down and abandoning module ClothingSystemEditor (214)
[2017.12.24-21.05.06:941][435]LogModuleManager: Shutting down and abandoning module ClothingSystemRuntime (212)
[2017.12.24-21.05.07:044][435]LogModuleManager: Shutting down and abandoning module MediaAssets (210)
[2017.12.24-21.05.07:044][435]LogModuleManager: Shutting down and abandoning module Media (209)
[2017.12.24-21.05.07:050][435]LogModuleManager: Shutting down and abandoning module Overlay (206)
[2017.12.24-21.05.07:050][435]LogModuleManager: Shutting down and abandoning module OverlayEditor (205)
[2017.12.24-21.05.07:050][435]LogModuleManager: Shutting down and abandoning module VREditor (202)
[2017.12.24-21.05.07:183][435]LogModuleManager: Shutting down and abandoning module StringTableEditor (200)
[2017.12.24-21.05.07:244][435]LogModuleManager: Shutting down and abandoning module GameplayTasksEditor (198)
[2017.12.24-21.05.07:244][435]LogModuleManager: Shutting down and abandoning module BehaviorTreeEditor (196)
[2017.12.24-21.05.07:534][435]LogModuleManager: Shutting down and abandoning module FunctionalTesting (194)
[2017.12.24-21.05.07:555][435]LogModuleManager: Shutting down and abandoning module CollisionAnalyzer (192)
[2017.12.24-21.05.07:616][435]LogModuleManager: Shutting down and abandoning module WorkspaceMenuStructure (191)
[2017.12.24-21.05.07:616][435]LogModuleManager: Shutting down and abandoning module UMG (188)
[2017.12.24-21.05.07:669][435]LogModuleManager: Shutting down and abandoning module UMGEditor (187)
[2017.12.24-21.05.07:964][435]LogModuleManager: Shutting down and abandoning module Sequencer (186)
[2017.12.24-21.05.08:198][435]LogModuleManager: Shutting down and abandoning module MessageLog (183)
[2017.12.24-21.05.08:198][435]LogModuleManager: Shutting down and abandoning module SlateReflector (178)
[2017.12.24-21.05.09:028][435]LogModuleManager: Shutting down and abandoning module Slate (176)
[2017.12.24-21.05.09:068][435]LogModuleManager: Shutting down and abandoning module EditorStyle (174)
[2017.12.24-21.05.09:271][435]LogModuleManager: Shutting down and abandoning module MRMesh (172)
[2017.12.24-21.05.09:271][435]LogModuleManager: Shutting down and abandoning module SourceCodeAccess (170)
[2017.12.24-21.05.09:271][435]LogModuleManager: Shutting down and abandoning module HeadMountedDisplay (168)
[2017.12.24-21.05.09:271][435]LogModuleManager: Shutting down and abandoning module XAudio2 (166)
[2017.12.24-21.05.09:271][435]LogModuleManager: Shutting down and abandoning module Networking (164)
[2017.12.24-21.05.09:271][435]LogModuleManager: Shutting down and abandoning module Core (160)
[2017.12.24-21.05.09:271][435]LogModuleManager: Shutting down and abandoning module LevelSequence (156)
[2017.12.24-21.05.09:313][435]LogModuleManager: Shutting down and abandoning module DirectoryWatcher (154)
[2017.12.24-21.05.09:315][435]LogModuleManager: Shutting down and abandoning module KismetCompiler (152)
[2017.12.24-21.05.09:315][435]LogModuleManager: Shutting down and abandoning module MeshUtilities (150)
[2017.12.24-21.05.09:406][435]LogModuleManager: Shutting down and abandoning module MeshMergeUtilities (149)
[2017.12.24-21.05.09:455][435]LogModuleManager: Shutting down and abandoning module MeshReductionInterface (148)
[2017.12.24-21.05.09:455][435]LogModuleManager: Shutting down and abandoning module QuadricMeshReduction (147)
[2017.12.24-21.05.09:653][435]LogModuleManager: Shutting down and abandoning module MaterialBaking (143)
[2017.12.24-21.05.09:846][435]LogModuleManager: Shutting down and abandoning module DerivedDataCache (140)
[2017.12.24-21.05.10:005][435]LogDerivedDataCache: Shutdown
[2017.12.24-21.05.10:005][435]LogModuleManager: Shutting down and abandoning module TargetPlatform (138)
[2017.12.24-21.05.10:005][435]LogModuleManager: Shutting down and abandoning module VulkanShaderFormat (137)
[2017.12.24-21.05.10:077][435]LogModuleManager: Shutting down and abandoning module ShaderFormatVectorVM (135)
[2017.12.24-21.05.10:200][435]LogModuleManager: Shutting down and abandoning module ShaderFormatOpenGL (133)
[2017.12.24-21.05.10:263][435]LogModuleManager: Shutting down and abandoning module ShaderFormatD3D (131)
[2017.12.24-21.05.10:535][435]LogModuleManager: Shutting down and abandoning module MetalShaderFormat (129)
[2017.12.24-21.05.11:002][435]LogModuleManager: Shutting down and abandoning module TextureFormatUncompressed (127)
[2017.12.24-21.05.11:002][435]LogModuleManager: Shutting down and abandoning module TextureFormatPVR (125)
[2017.12.24-21.05.11:002][435]LogModuleManager: Shutting down and abandoning module TextureFormatDXT (123)
[2017.12.24-21.05.11:060][435]LogModuleManager: Shutting down and abandoning module TextureFormatIntelISPCTexComp (121)
[2017.12.24-21.05.11:163][435]LogModuleManager: Shutting down and abandoning module TextureFormatASTC (119)
[2017.12.24-21.05.11:163][435]LogModuleManager: Shutting down and abandoning module ImageWrapper (118)
[2017.12.24-21.05.11:163][435]LogModuleManager: Shutting down and abandoning module TextureFormatAndroid (115)
[2017.12.24-21.05.11:163][435]LogModuleManager: Shutting down and abandoning module AudioFormatOpus (113)
[2017.12.24-21.05.11:163][435]LogModuleManager: Shutting down and abandoning module AudioFormatOgg (111)
[2017.12.24-21.05.11:163][435]LogModuleManager: Shutting down and abandoning module AudioFormatADPCM (109)
[2017.12.24-21.05.11:163][435]LogModuleManager: Shutting down and abandoning module TVOSTargetPlatform (107)
[2017.12.24-21.05.11:163][435]LogModuleManager: Shutting down and abandoning module Messaging (105)
[2017.12.24-21.05.11:163][435]LogModuleManager: Shutting down and abandoning module IOSTargetPlatform (103)
[2017.12.24-21.05.11:163][435]LogModuleManager: Shutting down and abandoning module HTML5TargetPlatform (101)
[2017.12.24-21.05.11:163][435]LogModuleManager: Shutting down and abandoning module AndroidTargetPlatform (99)
[2017.12.24-21.05.11:163][435]LogModuleManager: Shutting down and abandoning module Android_PVRTCTargetPlatform (97)
[2017.12.24-21.05.11:163][435]LogModuleManager: Shutting down and abandoning module Android_MultiTargetPlatform (95)
[2017.12.24-21.05.11:163][435]LogModuleManager: Shutting down and abandoning module Android_ETC2TargetPlatform (93)
[2017.12.24-21.05.11:163][435]LogModuleManager: Shutting down and abandoning module Android_ETC1TargetPlatform (91)
[2017.12.24-21.05.11:163][435]LogModuleManager: Shutting down and abandoning module Android_DXTTargetPlatform (89)
[2017.12.24-21.05.11:163][435]LogModuleManager: Shutting down and abandoning module Android_ATCTargetPlatform (87)
[2017.12.24-21.05.11:163][435]LogModuleManager: Shutting down and abandoning module Android_ASTCTargetPlatform (85)
[2017.12.24-21.05.11:163][435]LogModuleManager: Shutting down and abandoning module WindowsTargetPlatform (83)
[2017.12.24-21.05.11:163][435]LogModuleManager: Shutting down and abandoning module WindowsServerTargetPlatform (81)
[2017.12.24-21.05.11:163][435]LogModuleManager: Shutting down and abandoning module WindowsNoEditorTargetPlatform (79)
[2017.12.24-21.05.11:163][435]LogModuleManager: Shutting down and abandoning module WindowsClientTargetPlatform (77)
[2017.12.24-21.05.11:163][435]LogModuleManager: Shutting down and abandoning module MacTargetPlatform (75)
[2017.12.24-21.05.11:163][435]LogModuleManager: Shutting down and abandoning module MacServerTargetPlatform (73)
[2017.12.24-21.05.11:163][435]LogModuleManager: Shutting down and abandoning module MacNoEditorTargetPlatform (71)
[2017.12.24-21.05.11:163][435]LogModuleManager: Shutting down and abandoning module MacClientTargetPlatform (69)
[2017.12.24-21.05.11:163][435]LogModuleManager: Shutting down and abandoning module AllDesktopTargetPlatform (67)
[2017.12.24-21.05.11:163][435]LogModuleManager: Shutting down and abandoning module InputCore (64)
[2017.12.24-21.05.11:163][435]LogModuleManager: Shutting down and abandoning module Settings (62)
[2017.12.24-21.05.11:163][435]LogModuleManager: Shutting down and abandoning module PhysXCooking (60)
[2017.12.24-21.05.11:163][435]LogModuleManager: Shutting down and abandoning module SteamVR (58)
[2017.12.24-21.05.11:163][435]LogModuleManager: Shutting down and abandoning module OculusHMD (56)
[2017.12.24-21.05.11:337][435]LogModuleManager: Shutting down and abandoning module ExampleDeviceProfileSelector (54)
[2017.12.24-21.05.11:337][435]LogModuleManager: Shutting down and abandoning module AppleARKit (52)
[2017.12.24-21.05.11:337][435]LogModuleManager: Shutting down and abandoning module AugmentedReality (51)
[2017.12.24-21.05.11:337][435]LogModuleManager: Shutting down and abandoning module OnlineBlueprintSupport (48)
[2017.12.24-21.05.11:337][435]LogModuleManager: Shutting down and abandoning module OnlineSubsystem (44)
[2017.12.24-21.05.11:636][435]LogModuleManager: Shutting down and abandoning module XMPP (43)
[2017.12.24-21.05.11:887][435]LogModuleManager: Shutting down and abandoning module HTTP (41)
[2017.12.24-21.05.11:887][435]LogHttp: Display: Http module shutting down, but needs to wait on 1 outstanding Http requests:
[2017.12.24-21.05.11:947][435]LogHttp: Display: 	verb=[POST] url=[https://datarouter.ol.epicgames.com/datarouter/api/v1/public/data?SessionID=%7B7C4366FD-44EA-8D6F-DD6E-30BC68875A0B%7D&AppID=UEEditor.UnrealEngine.Release&AppVersion=4.18.2-0%2B%2B%2BUE4%2BRelease-4.18&UserID=019286bf4e75ab8d01f77fb18e2e1e72%7Cdbacde7fbb294fd5bf5cbe063705eeca%7Cfdc4124f-6b4e-4ec1-bec0-664f9b3f18f2&AppEnvironment=datacollector-source&UploadType=eteventstream] status=Processing
[2017.12.24-21.05.11:957][435]LogModuleManager: Shutting down and abandoning module SSL (40)
[2017.12.24-21.05.12:068][435]LogModuleManager: Shutting down and abandoning module AnimationModifiers (36)
[2017.12.24-21.05.12:199][435]LogModuleManager: Shutting down and abandoning module PropertyEditor (35)
[2017.12.24-21.05.12:199][435]LogModuleManager: Shutting down and abandoning module AudioEditor (32)
[2017.12.24-21.05.12:297][435]LogModuleManager: Shutting down and abandoning module TextureCompressor (30)
[2017.12.24-21.05.12:566][435]LogModuleManager: Shutting down and abandoning module ShaderCore (28)
[2017.12.24-21.05.12:567][435]LogModuleManager: Shutting down and abandoning module Landscape (26)
[2017.12.24-21.05.12:567][435]LogModuleManager: Shutting down and abandoning module SlateRHIRenderer (24)
[2017.12.24-21.05.12:608][435]LogModuleManager: Shutting down and abandoning module OpenGLDrv (22)
[2017.12.24-21.05.12:803][435]LogModuleManager: Shutting down and abandoning module D3D11RHI (20)
[2017.12.24-21.05.12:803][435]LogModuleManager: Shutting down and abandoning module AnimGraphRuntime (18)
[2017.12.24-21.05.13:052][435]LogModuleManager: Shutting down and abandoning module Renderer (16)
[2017.12.24-21.05.13:052][435]LogModuleManager: Shutting down and abandoning module Engine (14)
[2017.12.24-21.05.13:053][435]LogModuleManager: Shutting down and abandoning module CoreUObject (12)
[2017.12.24-21.05.13:053][435]LogModuleManager: Shutting down and abandoning module NetworkFile (10)
[2017.12.24-21.05.13:075][435]LogModuleManager: Shutting down and abandoning module CookedIterativeFile (8)
[2017.12.24-21.05.13:075][435]LogModuleManager: Shutting down and abandoning module StreamingFile (6)
[2017.12.24-21.05.13:137][435]LogModuleManager: Shutting down and abandoning module SandboxFile (4)
[2017.12.24-21.05.13:161][435]LogModuleManager: Shutting down and abandoning module PakFile (2)
[2017.12.24-21.05.13:329][435]LogExit: Exiting.
[2017.12.24-21.05.13:345][435]Log file closed, 12/24/17 23:05:13
