Log file open, 12/25/17 14:08:33
LogWindows: Failed to load 'aqProf.dll' (GetLastError=126)
LogWindows: File 'aqProf.dll' does not exist
LogWindows: Failed to load 'VtuneApi.dll' (GetLastError=126)
LogWindows: File 'VtuneApi.dll' does not exist
LogWindows: Failed to load 'VtuneApi32e.dll' (GetLastError=126)
LogWindows: File 'VtuneApi32e.dll' does not exist
LogInit: Display: Running engine for game: DialogueGame
LogPlatformFile: Not using cached read wrapper
LogInit: Display: RandInit(67947685) SRandInit(67947685).
LogInit: Read version file with build ID 'bd71dceb-4ed3-4f01-8d05-e9b13c29cd62'
LogInit: Registered custom module enumerator with build ID 'bd71dceb-4ed3-4f01-8d05-e9b13c29cd62'
LogTaskGraph: Started task graph with 5 named threads and 8 total threads with 3 sets of task threads.
LogStats: Stats thread started at 10.656808
LogD3D11RHI: Aftermath initialized
LogPluginManager: Mounting plugin Paper2D
LogPluginManager: Mounting plugin LightPropagationVolume
LogPluginManager: Mounting plugin CodeLiteSourceCodeAccess
LogPluginManager: Mounting plugin GitSourceControl
LogPluginManager: Mounting plugin KDevelopSourceCodeAccess
LogPluginManager: Mounting plugin NullSourceCodeAccess
LogPluginManager: Mounting plugin PerforceSourceControl
LogPluginManager: Mounting plugin SubversionSourceControl
LogPluginManager: Mounting plugin UObjectPlugin
LogPluginManager: Mounting plugin VisualStudioCodeSourceCodeAccess
LogPluginManager: Mounting plugin VisualStudioSourceCodeAccess
LogPluginManager: Mounting plugin XCodeSourceCodeAccess
LogPluginManager: Mounting plugin AssetManagerEditor
LogPluginManager: Mounting plugin AudioCapture
LogPluginManager: Mounting plugin FacialAnimation
LogPluginManager: Mounting plugin GameplayTagsEditor
LogPluginManager: Mounting plugin MobileLauncherProfileWizard
LogPluginManager: Mounting plugin PluginBrowser
LogPluginManager: Mounting plugin SpeedTreeImporter
LogPluginManager: Mounting plugin AlembicImporter
LogPluginManager: Mounting plugin CharacterAI
LogPluginManager: Mounting plugin HTML5Networking
LogPluginManager: Mounting plugin AndroidMedia
LogPluginManager: Mounting plugin AvfMedia
LogPluginManager: Mounting plugin ImgMedia
LogPluginManager: Mounting plugin MediaCompositing
LogPluginManager: Mounting plugin MediaPlayerEditor
LogPluginManager: Mounting plugin WmfMedia
LogPluginManager: Mounting plugin TcpMessaging
LogPluginManager: Mounting plugin UdpMessaging
LogPluginManager: Mounting plugin ActorSequence
LogPluginManager: Mounting plugin LevelSequenceEditor
LogPluginManager: Mounting plugin MatineeToLevelSequence
LogPluginManager: Mounting plugin OnlineSubsystemGooglePlay
LogPluginManager: Mounting plugin OnlineSubsystemIOS
LogPluginManager: Mounting plugin OnlineSubsystem
LogPluginManager: Mounting plugin OnlineSubsystemNull
LogPluginManager: Mounting plugin OnlineSubsystemUtils
LogPluginManager: Mounting plugin AndroidDeviceProfileSelector
LogPluginManager: Mounting plugin AndroidMoviePlayer
LogPluginManager: Mounting plugin AndroidPermission
LogPluginManager: Mounting plugin AppleARKit
LogPluginManager: Mounting plugin AppleMoviePlayer
LogPluginManager: Mounting plugin ArchVisCharacter
LogPluginManager: Mounting plugin CableComponent
LogPluginManager: Mounting plugin CustomMeshComponent
LogPluginManager: Mounting plugin ExampleDeviceProfileSelector
LogPluginManager: Mounting plugin GoogleCloudMessaging
LogPluginManager: Mounting plugin ImmediatePhysics
LogPluginManager: Mounting plugin IOSDeviceProfileSelector
LogPluginManager: Mounting plugin LinuxDeviceProfileSelector
LogPluginManager: Mounting plugin LocationServicesBPLibrary
LogPluginManager: Mounting plugin MobilePatchingUtils
LogPluginManager: Mounting plugin OculusVR
LogPluginManager: Plugin shader directory ../../../Engine/Plugins/Runtime/Oculus/OculusVR/Shaders found
LogPluginManager: Mapping shader source directory ../../../Engine/Plugins/Runtime/Oculus/OculusVR/Shaders to virtual directory /Plugin/OculusVR
LogPluginManager: Mounting plugin PhysXVehicles
LogPluginManager: Mounting plugin ProceduralMeshComponent
LogPluginManager: Mounting plugin RuntimePhysXCooking
LogPluginManager: Mounting plugin SteamVR
LogPluginManager: Mounting plugin WindowsMoviePlayer
LogModuleManager: Display: Found up-to-date module file ../../../DialogueGame/Binaries/Win64/UE4Editor-DialogueGame.dll (API version 0).
LogModuleManager: Display: Found up-to-date module file ../../../Engine/Plugins/2D/Paper2D/Binaries/Win64/UE4Editor-Paper2D.dll (API version 0).
LogModuleManager: Display: Found up-to-date module file ../../../Engine/Plugins/2D/Paper2D/Binaries/Win64/UE4Editor-Paper2DEditor.dll (API version 0).
LogModuleManager: Display: Found up-to-date module file ../../../Engine/Plugins/2D/Paper2D/Binaries/Win64/UE4Editor-PaperSpriteSheetImporter.dll (API version 0).
LogModuleManager: Display: Found up-to-date module file ../../../Engine/Plugins/2D/Paper2D/Binaries/Win64/UE4Editor-PaperTiledImporter.dll (API version 0).
LogModuleManager: Display: Found up-to-date module file ../../../Engine/Plugins/2D/Paper2D/Binaries/Win64/UE4Editor-SmartSnapping.dll (API version 0).
LogModuleManager: Display: Found up-to-date module file ../../../Engine/Plugins/Blendables/LightPropagationVolume/Binaries/Win64/UE4Editor-LightPropagationVolumeRuntime.dll (API version 0).
LogModuleManager: Display: Found up-to-date module file ../../../Engine/Plugins/Blendables/LightPropagationVolume/Binaries/Win64/UE4Editor-LightPropagationVolumeEditor.dll (API version 0).
LogModuleManager: Display: Found up-to-date module file ../../../Engine/Plugins/Developer/GitSourceControl/Binaries/Win64/UE4Editor-GitSourceControl.dll (API version 0).
LogModuleManager: Display: Found up-to-date module file ../../../Engine/Plugins/Developer/PerforceSourceControl/Binaries/Win64/UE4Editor-PerforceSourceControl.dll (API version 0).
LogModuleManager: Display: Found up-to-date module file ../../../Engine/Plugins/Developer/SubversionSourceControl/Binaries/Win64/UE4Editor-SubversionSourceControl.dll (API version 0).
LogModuleManager: Display: Found up-to-date module file ../../../Engine/Plugins/Developer/UObjectPlugin/Binaries/Win64/UE4Editor-UObjectPlugin.dll (API version 0).
LogModuleManager: Display: Found up-to-date module file ../../../Engine/Plugins/Developer/VisualStudioCodeSourceCodeAccess/Binaries/Win64/UE4Editor-VisualStudioCodeSourceCodeAccess.dll (API version 0).
LogModuleManager: Display: Found up-to-date module file ../../../Engine/Plugins/Developer/VisualStudioSourceCodeAccess/Binaries/Win64/UE4Editor-VisualStudioSourceCodeAccess.dll (API version 0).
LogModuleManager: Display: Found up-to-date module file ../../../Engine/Plugins/Editor/AssetManagerEditor/Binaries/Win64/UE4Editor-AssetManagerEditor.dll (API version 0).
LogModuleManager: Display: Found up-to-date module file ../../../Engine/Plugins/Editor/AudioCapture/Binaries/Win64/UE4Editor-AudioCapture.dll (API version 0).
LogModuleManager: Display: Found up-to-date module file ../../../Engine/Plugins/Editor/FacialAnimation/Binaries/Win64/UE4Editor-FacialAnimation.dll (API version 0).
LogModuleManager: Display: Found up-to-date module file ../../../Engine/Plugins/Editor/FacialAnimation/Binaries/Win64/UE4Editor-FacialAnimationEditor.dll (API version 0).
LogModuleManager: Display: Found up-to-date module file ../../../Engine/Plugins/Editor/GameplayTagsEditor/Binaries/Win64/UE4Editor-GameplayTagsEditor.dll (API version 0).
LogModuleManager: Display: Found up-to-date module file ../../../Engine/Plugins/Editor/MobileLauncherProfileWizard/Binaries/Win64/UE4Editor-MobileLauncherProfileWizard.dll (API version 0).
LogModuleManager: Display: Found up-to-date module file ../../../Engine/Plugins/Editor/PluginBrowser/Binaries/Win64/UE4Editor-PluginBrowser.dll (API version 0).
LogModuleManager: Display: Found up-to-date module file ../../../Engine/Plugins/Editor/SpeedTreeImporter/Binaries/Win64/UE4Editor-SpeedTreeImporter.dll (API version 0).
LogModuleManager: Display: Found up-to-date module file ../../../Engine/Plugins/Experimental/AlembicImporter/Binaries/Win64/UE4Editor-AlembicImporter.dll (API version 0).
LogModuleManager: Display: Found up-to-date module file ../../../Engine/Plugins/Experimental/AlembicImporter/Binaries/Win64/UE4Editor-AlembicLibrary.dll (API version 0).
LogModuleManager: Display: Found up-to-date module file ../../../Engine/Plugins/Experimental/CharacterAI/Binaries/Win64/UE4Editor-CharacterAI.dll (API version 0).
LogModuleManager: Display: Found up-to-date module file ../../../Engine/Plugins/Experimental/HTML5Networking/Binaries/Win64/UE4Editor-HTML5Networking.dll (API version 0).
LogModuleManager: Display: Found up-to-date module file ../../../Engine/Plugins/Media/AndroidMedia/Binaries/Win64/UE4Editor-AndroidMediaEditor.dll (API version 0).
LogModuleManager: Display: Found up-to-date module file ../../../Engine/Plugins/Media/AndroidMedia/Binaries/Win64/UE4Editor-AndroidMediaFactory.dll (API version 0).
LogModuleManager: Display: Found up-to-date module file ../../../Engine/Plugins/Media/AvfMedia/Binaries/Win64/UE4Editor-AvfMediaEditor.dll (API version 0).
LogModuleManager: Display: Found up-to-date module file ../../../Engine/Plugins/Media/AvfMedia/Binaries/Win64/UE4Editor-AvfMediaFactory.dll (API version 0).
LogModuleManager: Display: Found up-to-date module file ../../../Engine/Plugins/Media/AvfMedia/Binaries/Win64/UE4Editor-AvfMediaFactory.dll (API version 0).
LogModuleManager: Display: Found up-to-date module file ../../../Engine/Plugins/Media/ImgMedia/Binaries/Win64/UE4Editor-ImgMedia.dll (API version 0).
LogModuleManager: Display: Found up-to-date module file ../../../Engine/Plugins/Media/ImgMedia/Binaries/Win64/UE4Editor-ImgMediaEditor.dll (API version 0).
LogModuleManager: Display: Found up-to-date module file ../../../Engine/Plugins/Media/ImgMedia/Binaries/Win64/UE4Editor-ImgMediaFactory.dll (API version 0).
LogModuleManager: Display: Found up-to-date module file ../../../Engine/Plugins/Media/ImgMedia/Binaries/Win64/UE4Editor-ImgMediaFactory.dll (API version 0).
LogModuleManager: Display: Found up-to-date module file ../../../Engine/Plugins/Media/ImgMedia/Binaries/Win64/UE4Editor-OpenExrWrapper.dll (API version 0).
LogModuleManager: Display: Found up-to-date module file ../../../Engine/Plugins/Media/MediaCompositing/Binaries/Win64/UE4Editor-MediaCompositing.dll (API version 0).
LogModuleManager: Display: Found up-to-date module file ../../../Engine/Plugins/Media/MediaCompositing/Binaries/Win64/UE4Editor-MediaCompositingEditor.dll (API version 0).
LogModuleManager: Display: Found up-to-date module file ../../../Engine/Plugins/Media/MediaPlayerEditor/Binaries/Win64/UE4Editor-MediaPlayerEditor.dll (API version 0).
LogModuleManager: Display: Found up-to-date module file ../../../Engine/Plugins/Media/WmfMedia/Binaries/Win64/UE4Editor-WmfMedia.dll (API version 0).
LogModuleManager: Display: Found up-to-date module file ../../../Engine/Plugins/Media/WmfMedia/Binaries/Win64/UE4Editor-WmfMediaEditor.dll (API version 0).
LogModuleManager: Display: Found up-to-date module file ../../../Engine/Plugins/Media/WmfMedia/Binaries/Win64/UE4Editor-WmfMediaFactory.dll (API version 0).
LogModuleManager: Display: Found up-to-date module file ../../../Engine/Plugins/Media/WmfMedia/Binaries/Win64/UE4Editor-WmfMediaFactory.dll (API version 0).
LogModuleManager: Display: Found up-to-date module file ../../../Engine/Plugins/Messaging/TcpMessaging/Binaries/Win64/UE4Editor-TcpMessaging.dll (API version 0).
LogModuleManager: Display: Found up-to-date module file ../../../Engine/Plugins/Messaging/UdpMessaging/Binaries/Win64/UE4Editor-UdpMessaging.dll (API version 0).
LogModuleManager: Display: Found up-to-date module file ../../../Engine/Plugins/MovieScene/ActorSequence/Binaries/Win64/UE4Editor-ActorSequence.dll (API version 0).
LogModuleManager: Display: Found up-to-date module file ../../../Engine/Plugins/MovieScene/LevelSequenceEditor/Binaries/Win64/UE4Editor-LevelSequenceEditor.dll (API version 0).
LogModuleManager: Display: Found up-to-date module file ../../../Engine/Plugins/MovieScene/MatineeToLevelSequence/Binaries/Win64/UE4Editor-MatineeToLevelSequence.dll (API version 0).
LogModuleManager: Display: Found up-to-date module file ../../../Engine/Plugins/Online/OnlineSubsystem/Binaries/Win64/UE4Editor-OnlineSubsystem.dll (API version 0).
LogModuleManager: Display: Found up-to-date module file ../../../Engine/Plugins/Online/OnlineSubsystemNull/Binaries/Win64/UE4Editor-OnlineSubsystemNull.dll (API version 0).
LogModuleManager: Display: Found up-to-date module file ../../../Engine/Plugins/Online/OnlineSubsystemUtils/Binaries/Win64/UE4Editor-OnlineSubsystemUtils.dll (API version 0).
LogModuleManager: Display: Found up-to-date module file ../../../Engine/Plugins/Online/OnlineSubsystemUtils/Binaries/Win64/UE4Editor-OnlineBlueprintSupport.dll (API version 0).
LogModuleManager: Display: Found up-to-date module file ../../../Engine/Plugins/Runtime/AndroidDeviceProfileSelector/Binaries/Win64/UE4Editor-AndroidDeviceProfileSelector.dll (API version 0).
LogModuleManager: Display: Found up-to-date module file ../../../Engine/Plugins/Runtime/AndroidPermission/Binaries/Win64/UE4Editor-AndroidPermission.dll (API version 0).
LogModuleManager: Display: Found up-to-date module file ../../../Engine/Plugins/Runtime/AppleARKit/Binaries/Win64/UE4Editor-AppleARKit.dll (API version 0).
LogModuleManager: Display: Found up-to-date module file ../../../Engine/Plugins/Runtime/ArchVisCharacter/Binaries/Win64/UE4Editor-ArchVisCharacter.dll (API version 0).
LogModuleManager: Display: Found up-to-date module file ../../../Engine/Plugins/Runtime/CableComponent/Binaries/Win64/UE4Editor-CableComponent.dll (API version 0).
LogModuleManager: Display: Found up-to-date module file ../../../Engine/Plugins/Runtime/CustomMeshComponent/Binaries/Win64/UE4Editor-CustomMeshComponent.dll (API version 0).
LogModuleManager: Display: Found up-to-date module file ../../../Engine/Plugins/Runtime/ExampleDeviceProfileSelector/Binaries/Win64/UE4Editor-ExampleDeviceProfileSelector.dll (API version 0).
LogModuleManager: Display: Found up-to-date module file ../../../Engine/Plugins/Runtime/ImmediatePhysics/Binaries/Win64/UE4Editor-ImmediatePhysics.dll (API version 0).
LogModuleManager: Display: Found up-to-date module file ../../../Engine/Plugins/Runtime/ImmediatePhysics/Binaries/Win64/UE4Editor-ImmediatePhysicsEditor.dll (API version 0).
LogModuleManager: Display: Found up-to-date module file ../../../Engine/Plugins/Runtime/LocationServicesBPLibrary/Binaries/Win64/UE4Editor-LocationServicesBPLibrary.dll (API version 0).
LogModuleManager: Display: Found up-to-date module file ../../../Engine/Plugins/Runtime/MobilePatchingUtils/Binaries/Win64/UE4Editor-MobilePatchingUtils.dll (API version 0).
LogModuleManager: Display: Found up-to-date module file ../../../Engine/Plugins/Runtime/Oculus/OculusVR/Binaries/Win64/UE4Editor-OculusHMD.dll (API version 0).
LogModuleManager: Display: Found up-to-date module file ../../../Engine/Plugins/Runtime/Oculus/OculusVR/Binaries/Win64/UE4Editor-OculusInput.dll (API version 0).
LogModuleManager: Display: Found up-to-date module file ../../../Engine/Plugins/Runtime/Oculus/OculusVR/Binaries/Win64/UE4Editor-OculusEditor.dll (API version 0).
LogModuleManager: Display: Found up-to-date module file ../../../Engine/Plugins/Runtime/PhysXVehicles/Binaries/Win64/UE4Editor-PhysXVehicles.dll (API version 0).
LogModuleManager: Display: Found up-to-date module file ../../../Engine/Plugins/Runtime/PhysXVehicles/Binaries/Win64/UE4Editor-PhysXVehiclesEditor.dll (API version 0).
LogModuleManager: Display: Found up-to-date module file ../../../Engine/Plugins/Runtime/ProceduralMeshComponent/Binaries/Win64/UE4Editor-ProceduralMeshComponent.dll (API version 0).
LogModuleManager: Display: Found up-to-date module file ../../../Engine/Plugins/Runtime/ProceduralMeshComponent/Binaries/Win64/UE4Editor-ProceduralMeshComponentEditor.dll (API version 0).
LogModuleManager: Display: Found up-to-date module file ../../../Engine/Plugins/Runtime/RuntimePhysXCooking/Binaries/Win64/UE4Editor-RuntimePhysXCooking.dll (API version 0).
LogModuleManager: Display: Found up-to-date module file ../../../Engine/Plugins/Runtime/Steam/SteamVR/Binaries/Win64/UE4Editor-SteamVR.dll (API version 0).
LogModuleManager: Display: Found up-to-date module file ../../../Engine/Plugins/Runtime/Steam/SteamVR/Binaries/Win64/UE4Editor-SteamVRController.dll (API version 0).
LogModuleManager: Display: Found up-to-date module file ../../../Engine/Plugins/Runtime/WindowsMoviePlayer/Binaries/Win64/UE4Editor-WindowsMoviePlayer.dll (API version 0).
LogInit: Using libcurl 7.47.1
LogInit:  - built for x86_64-pc-win32
LogInit:  - supports SSL with OpenSSL/1.0.2g
LogInit:  - supports HTTP deflate (compression) using libz 1.2.8
LogInit:  - other features:
LogInit:      CURL_VERSION_SSL
LogInit:      CURL_VERSION_LIBZ
LogInit:      CURL_VERSION_IPV6
LogInit:      CURL_VERSION_ASYNCHDNS
LogInit:      CURL_VERSION_LARGEFILE
LogInit:      CURL_VERSION_IDN
LogInit:  CurlRequestOptions (configurable via config and command line):
LogInit:  - bVerifyPeer = false  - Libcurl will NOT verify peer certificate
LogInit:  - bUseHttpProxy = false  - Libcurl will NOT use HTTP proxy
LogInit:  - bDontReuseConnections = false  - Libcurl will reuse connections
LogInit:  - CertBundlePath = nullptr  - Libcurl will use whatever was configured at build time.
LogInit: Build: ++UE4+Release-4.18-CL-0
LogInit: Engine Version: 4.18.2-0+++UE4+Release-4.18
LogInit: Compatible Engine Version: 4.18.0-0+++UE4+Release-4.18
LogInit: Net CL: 0
LogDevObjectVersion: Number of dev versions registered: 16
LogDevObjectVersion:   Dev-Blueprints (B0D832E4-1F89-4F0D-ACCF-7EB736FD4AA2): 10
LogDevObjectVersion:   Dev-Build (E1C64328-A22C-4D53-A36C-8E866417BD8C): 0
LogDevObjectVersion:   Dev-Core (375EC13C-06E4-48FB-B500-84F0262A717E): 2
LogDevObjectVersion:   Dev-Editor (E4B068ED-F494-42E9-A231-DA0B2E46BB41): 20
LogDevObjectVersion:   Dev-Framework (CFFC743F-43B0-4480-9391-14DF171D2073): 30
LogDevObjectVersion:   Dev-Mobile (B02B49B5-BB20-44E9-A304-32B752E40360): 0
LogDevObjectVersion:   Dev-Networking (A4E4105C-59A1-49B5-A7C5-40C4547EDFEE): 0
LogDevObjectVersion:   Dev-Online (39C831C9-5AE6-47DC-9A44-9C173E1C8E7C): 0
LogDevObjectVersion:   Dev-Physics (78F01B33-EBEA-4F98-B9B4-84EACCB95AA2): 0
LogDevObjectVersion:   Dev-Platform (6631380F-2D4D-43E0-8009-CF276956A95A): 0
LogDevObjectVersion:   Dev-Rendering (12F88B9F-8875-4AFC-A67C-D90C383ABD29): 20
LogDevObjectVersion:   Dev-Sequencer (7B5AE74C-D270-4C10-A958-57980B212A5A): 4
LogDevObjectVersion:   Dev-VR (D7296918-1DD6-4BDD-9DE2-64A83CC13884): 0
LogDevObjectVersion:   Dev-LoadTimes (C2A15278-BFE7-4AFE-6C17-90FF531DF755): 1
LogDevObjectVersion:   Private-Geometry (6EACA3D4-40EC-4CC1-B786-8BED09428FC5): 1
LogDevObjectVersion:   Dev-AnimPhys (29E575DD-E0A3-4627-9D10-D276232CDCEA): 12
LogInit: Compiled (64-bit): Dec 23 2017 00:07:48
LogInit: Compiled with Visual C++: 19.00.24215.01
LogInit: Build Configuration: Development
LogInit: Branch Name: ++UE4+Release-4.18
LogInit: Command line:  
LogInit: Base directory: C:/UE4/Engine/Binaries/Win64/
LogInit: Installed Engine Build: 0
LogInit: Presizing for max 8388607 objects, including 0 objects not considered by GC, pre-allocating 0 bytes for permanent pool.
LogInit: Object subsystem initialized
[2017.12.25-12.08.49:236][  0]LogInit: Selected Device Profile: [Windows]
[2017.12.25-12.08.49:237][  0]LogInit: Applying CVar settings loaded from the selected device profile: [Windows]
[2017.12.25-12.08.49:596][  0]LogInit: Computer: DESKTOP-ARBLL7U
[2017.12.25-12.08.49:596][  0]LogInit: User: Настя
[2017.12.25-12.08.49:596][  0]LogInit: CPU Page size=4096, Cores=2
[2017.12.25-12.08.49:596][  0]LogInit: High frequency timer resolution =2.343749 MHz
[2017.12.25-12.08.49:597][  0]LogMemory: Memory total: Physical=5.9GB (6GB approx)
[2017.12.25-12.08.49:597][  0]LogMemory: Platform Memory Stats for Windows
[2017.12.25-12.08.49:597][  0]LogMemory: Process Physical Memory: 271.89 MB used, 271.89 MB peak
[2017.12.25-12.08.49:597][  0]LogMemory: Process Virtual Memory: 265.34 MB used, 265.34 MB peak
[2017.12.25-12.08.49:597][  0]LogMemory: Physical Memory: 3085.03 MB used,  2954.84 MB free, 6039.86 MB total
[2017.12.25-12.08.49:597][  0]LogMemory: Virtual Memory: 667.59 MB used,  2954.84 MB free, 134217728.00 MB total
[2017.12.25-12.08.53:896][  0]LogInit: Using OS detected language (ru-RU).
[2017.12.25-12.08.53:896][  0]LogInit: Using OS detected locale (ru-RU).
[2017.12.25-12.08.55:026][  0]LogTextLocalizationManager: No localization for 'ru-RU' exists, so 'en' will be used for the language.
[2017.12.25-12.08.55:027][  0]LogTextLocalizationManager: No localization for 'ru-RU' exists, so 'en' will be used for the locale.
[2017.12.25-12.08.59:349][  0]LogInit: Setting process to per monitor DPI aware
[2017.12.25-12.09.22:466][  0]LogD3D11RHI: D3D11 adapters:
[2017.12.25-12.09.23:098][  0]LogD3D11RHI:    0. 'NVIDIA GeForce 940M' (Feature Level 11_0)
[2017.12.25-12.09.23:098][  0]LogD3D11RHI:       2019/0/3019 MB DedicatedVideo/DedicatedSystem/SharedSystem, Outputs:1, VendorId:0x10de
[2017.12.25-12.09.23:105][  0]LogD3D11RHI:    1. 'Intel(R) HD Graphics 520' (Feature Level 11_0)
[2017.12.25-12.09.23:105][  0]LogD3D11RHI:       128/0/3019 MB DedicatedVideo/DedicatedSystem/SharedSystem, Outputs:0, VendorId:0x8086
[2017.12.25-12.09.23:108][  0]LogD3D11RHI:    2. 'Microsoft Basic Render Driver' (Feature Level 11_0)
[2017.12.25-12.09.23:108][  0]LogD3D11RHI:       0/0/3019 MB DedicatedVideo/DedicatedSystem/SharedSystem, Outputs:0, VendorId:0x1414
[2017.12.25-12.09.23:108][  0]LogD3D11RHI: Chosen D3D11 Adapter: 0
[2017.12.25-12.09.23:114][  0]LogD3D11RHI: Creating new Direct3DDevice
[2017.12.25-12.09.23:114][  0]LogD3D11RHI:     GPU DeviceId: 0x1347 (for the marketing name, search the web for "GPU Device Id")
[2017.12.25-12.09.23:114][  0]LogWindows: EnumDisplayDevices:
[2017.12.25-12.09.23:114][  0]LogWindows:    0. 'Intel(R) HD Graphics 520' (P:1 D:1)
[2017.12.25-12.09.23:114][  0]LogWindows:    1. 'Intel(R) HD Graphics 520' (P:0 D:0)
[2017.12.25-12.09.23:114][  0]LogWindows:    2. 'Intel(R) HD Graphics 520' (P:0 D:0)
[2017.12.25-12.09.23:114][  0]LogWindows: DebugString: GetVideoDriverDetailsInvalid PrimaryIsNotTheChoosenAdapter GetVideoDriverDetailsInvalid PrimaryIsNotTheChoosenAdapter GetVideoDriverDetailsInvalid PrimaryIsNotTheChoosenAdapter FoundDriverCount:0 
[2017.12.25-12.09.23:114][  0]LogD3D11RHI:     Adapter Name: NVIDIA GeForce 940M
[2017.12.25-12.09.23:114][  0]LogD3D11RHI:   Driver Version: Unknown (internal:Unknown, unified:Unknown)
[2017.12.25-12.09.23:114][  0]LogD3D11RHI:      Driver Date: Unknown
[2017.12.25-12.09.23:114][  0]LogRHI: Texture pool is 1413 MB (70% of 2019 MB)
[2017.12.25-12.09.23:133][  0]LogD3D11RHI: Async texture creation enabled
[2017.12.25-12.09.23:148][  0]LogD3D11RHI: GPU Timing Frequency: 1000.000000 (Debug: 2 1)
[2017.12.25-12.09.23:150][  0]LogShaderCompilers: Guid format shader working directory is 24 characters bigger than the processId version (../../../DialogueGame/Intermediate/Shaders/WorkingDirectory/10828/).
[2017.12.25-12.09.23:150][  0]LogShaderCompilers: Cleaned the shader compiler working directory 'C:/Users/Настя/AppData/Local/Temp/UnrealShaderWorkingDir/5B4287AE4E82B0162D1D5592F2D35A4D/'.
[2017.12.25-12.09.23:150][  0]LogShaderCompilers: Display: Using Local Shader Compiler.
[2017.12.25-12.09.43:305][  0]LogTemp: Display: Loaded TP AllDesktopTargetPlatform
[2017.12.25-12.09.43:394][  0]LogTemp: Display: Loaded TP MacClientTargetPlatform
[2017.12.25-12.09.43:492][  0]LogTemp: Display: Loaded TP MacNoEditorTargetPlatform
[2017.12.25-12.09.43:573][  0]LogTemp: Display: Loaded TP MacServerTargetPlatform
[2017.12.25-12.09.43:784][  0]LogTemp: Display: Loaded TP MacTargetPlatform
[2017.12.25-12.09.43:986][  0]LogTemp: Display: Loaded TP WindowsClientTargetPlatform
[2017.12.25-12.09.44:097][  0]LogTemp: Display: Loaded TP WindowsNoEditorTargetPlatform
[2017.12.25-12.09.44:176][  0]LogTemp: Display: Loaded TP WindowsServerTargetPlatform
[2017.12.25-12.09.44:291][  0]LogTemp: Display: Loaded TP WindowsTargetPlatform
[2017.12.25-12.09.44:420][  0]LogTemp: Display: Loaded TP Android_ASTCTargetPlatform
[2017.12.25-12.09.44:508][  0]LogTemp: Display: Loaded TP Android_ATCTargetPlatform
[2017.12.25-12.09.44:691][  0]LogTemp: Display: Loaded TP Android_DXTTargetPlatform
[2017.12.25-12.09.44:778][  0]LogTemp: Display: Loaded TP Android_ETC1TargetPlatform
[2017.12.25-12.09.44:885][  0]LogTemp: Display: Loaded TP Android_ETC2TargetPlatform
[2017.12.25-12.09.45:058][  0]LogTemp: Display: Loaded TP Android_MultiTargetPlatform
[2017.12.25-12.09.45:058][  0]LogTemp: Display: Loaded TP Android_PVRTCTargetPlatform
[2017.12.25-12.09.45:199][  0]LogTemp: Display: Loaded TP AndroidTargetPlatform
[2017.12.25-12.09.45:285][  0]LogTemp: Display: Loaded TP HTML5TargetPlatform
[2017.12.25-12.09.45:590][  0]LogTemp: Display: Loaded TP IOSTargetPlatform
[2017.12.25-12.09.45:625][  0]LogTemp: Display: Loaded TP TVOSTargetPlatform
[2017.12.25-12.09.45:625][  0]LogTargetPlatformManager: Display: Building Assets For Windows
[2017.12.25-12.09.47:883][  0]LogDerivedDataCache: Display: Max Cache Size: 512 MB
[2017.12.25-12.10.17:002][  0]LogDerivedDataCache: Loaded boot cache 29.12s 79MB ../../../DialogueGame/DerivedDataCache/Boot.ddc.
[2017.12.25-12.10.17:002][  0]LogDerivedDataCache: Display: Loaded Boot cache: ../../../DialogueGame/DerivedDataCache/Boot.ddc
[2017.12.25-12.10.17:002][  0]LogDerivedDataCache: FDerivedDataBackendGraph:  Pak pak cache file ../../../DialogueGame/DerivedDataCache/DDC.ddp not found, will not use a pak cache.
[2017.12.25-12.10.17:002][  0]LogDerivedDataCache: Unable to find inner node Pak for hierarchical cache Hierarchy.
[2017.12.25-12.10.17:002][  0]LogDerivedDataCache: FDerivedDataBackendGraph:  EnginePak pak cache file ../../../Engine/DerivedDataCache/DDC.ddp not found, will not use a pak cache.
[2017.12.25-12.10.17:002][  0]LogDerivedDataCache: Unable to find inner node EnginePak for hierarchical cache Hierarchy.
[2017.12.25-12.10.17:015][  0]LogDerivedDataCache: Using Local data cache path ../../../Engine/DerivedDataCache: Writable
[2017.12.25-12.10.17:015][  0]LogDerivedDataCache: Shared data cache path not found in *engine.ini, will not use an Shared cache.
[2017.12.25-12.10.17:015][  0]LogDerivedDataCache: Unable to find inner node Shared for hierarchical cache Hierarchy.
[2017.12.25-12.10.17:033][  0]LogMaterial: Verifying Global Shaders for PCD3D_SM5
[2017.12.25-12.10.17:033][  0]LogSlate: Using Freetype 2.6.0
[2017.12.25-12.10.17:328][  0]LogSlate: SlateFontCache - WITH_FREETYPE: 1, WITH_HARFBUZZ: 1
[2017.12.25-12.10.17:328][  0]LogSlate: SlateFontCache - WITH_FREETYPE: 1, WITH_HARFBUZZ: 1
[2017.12.25-12.10.39:397][  0]LogInit: Selected Device Profile: [Windows]
[2017.12.25-12.10.41:082][  0]LogMeshReduction: Using QuadricMeshReduction for automatic static mesh reduction
[2017.12.25-12.10.41:082][  0]LogMeshReduction: No automatic skeletal mesh reduction module available
[2017.12.25-12.10.41:082][  0]LogMeshReduction: No automatic mesh merging module available
[2017.12.25-12.10.41:082][  0]LogMeshReduction: No distributed automatic mesh merging module available
[2017.12.25-12.10.41:082][  0]LogMeshMerging: No automatic mesh merging module available
[2017.12.25-12.10.41:082][  0]LogMeshMerging: No distributed automatic mesh merging module available
[2017.12.25-12.10.41:431][  0]LogNetVersion: DialogueGame , NetCL: 0, EngineNetVer: 2, GameNetVer: 0 (Checksum: 2771905676)
[2017.12.25-12.10.43:301][  0]LogAssetRegistry: FAssetRegistry took 0.0259 seconds to start up
[2017.12.25-12.10.52:272][  0]LogPackageLocalizationCache: Processed 7 localized package path(s) for 1 prioritized culture(s) in 0.135488 seconds
[2017.12.25-12.10.52:278][  0]LogUObjectArray: 35851 objects as part of root set at end of initial load.
[2017.12.25-12.10.52:278][  0]LogUObjectAllocator: 7363880 out of 0 bytes used by permanent object pool.
[2017.12.25-12.10.52:278][  0]LogUObjectArray: CloseDisregardForGC: 0/0 objects in disregard for GC pool
[2017.12.25-12.10.52:356][  0]LogInit: WinSock: version 1.1 (2.2), MaxSocks=32767, MaxUdp=65467
[2017.12.25-12.11.08:430][  0]LogStreaming: Warning: Failed to read file '../../../Engine/Content/Editor/Slate/Launcher/Mac/Platform_Mac_24x.png' error.
[2017.12.25-12.11.08:430][  0]LogSlate: Could not find file for Slate resource: ../../../Engine/Content/Editor/Slate/Launcher/Mac/Platform_Mac_24x.png
[2017.12.25-12.11.08:430][  0]LogStreaming: Warning: Failed to read file '../../../Engine/Content/Editor/Slate/Launcher/Mac/Platform_Mac_128x.png' error.
[2017.12.25-12.11.08:430][  0]LogSlate: Could not find file for Slate resource: ../../../Engine/Content/Editor/Slate/Launcher/Mac/Platform_Mac_128x.png
[2017.12.25-12.11.08:430][  0]LogStreaming: Warning: Failed to read file '../../../Engine/Content/Editor/Slate/Launcher/Mac/Platform_Mac_128x.png' error.
[2017.12.25-12.11.08:430][  0]LogSlate: Could not find file for Slate resource: ../../../Engine/Content/Editor/Slate/Launcher/Mac/Platform_Mac_128x.png
[2017.12.25-12.11.08:430][  0]LogStreaming: Warning: Failed to read file '../../../Engine/Content/Editor/Slate/Launcher/Mac/Platform_Mac_24x.png' error.
[2017.12.25-12.11.08:430][  0]LogSlate: Could not find file for Slate resource: ../../../Engine/Content/Editor/Slate/Launcher/Mac/Platform_Mac_24x.png
[2017.12.25-12.11.08:430][  0]LogStreaming: Warning: Failed to read file '../../../Engine/Content/Editor/Slate/Launcher/Mac/Platform_Mac_128x.png' error.
[2017.12.25-12.11.08:430][  0]LogSlate: Could not find file for Slate resource: ../../../Engine/Content/Editor/Slate/Launcher/Mac/Platform_Mac_128x.png
[2017.12.25-12.11.08:430][  0]LogStreaming: Warning: Failed to read file '../../../Engine/Content/Editor/Slate/Launcher/Mac/Platform_Mac_128x.png' error.
[2017.12.25-12.11.08:430][  0]LogSlate: Could not find file for Slate resource: ../../../Engine/Content/Editor/Slate/Launcher/Mac/Platform_Mac_128x.png
[2017.12.25-12.11.08:430][  0]LogStreaming: Warning: Failed to read file '../../../Engine/Content/Editor/Slate/Launcher/Mac/Platform_Mac_24x.png' error.
[2017.12.25-12.11.08:430][  0]LogSlate: Could not find file for Slate resource: ../../../Engine/Content/Editor/Slate/Launcher/Mac/Platform_Mac_24x.png
[2017.12.25-12.11.08:431][  0]LogStreaming: Warning: Failed to read file '../../../Engine/Content/Editor/Slate/Launcher/Mac/Platform_Mac_128x.png' error.
[2017.12.25-12.11.08:431][  0]LogSlate: Could not find file for Slate resource: ../../../Engine/Content/Editor/Slate/Launcher/Mac/Platform_Mac_128x.png
[2017.12.25-12.11.08:431][  0]LogStreaming: Warning: Failed to read file '../../../Engine/Content/Editor/Slate/Launcher/Mac/Platform_Mac_128x.png' error.
[2017.12.25-12.11.08:431][  0]LogSlate: Could not find file for Slate resource: ../../../Engine/Content/Editor/Slate/Launcher/Mac/Platform_Mac_128x.png
[2017.12.25-12.11.08:431][  0]LogStreaming: Warning: Failed to read file '../../../Engine/Content/Editor/Slate/Launcher/Mac/Platform_Mac_24x.png' error.
[2017.12.25-12.11.08:431][  0]LogSlate: Could not find file for Slate resource: ../../../Engine/Content/Editor/Slate/Launcher/Mac/Platform_Mac_24x.png
[2017.12.25-12.11.08:431][  0]LogStreaming: Warning: Failed to read file '../../../Engine/Content/Editor/Slate/Launcher/Mac/Platform_Mac_128x.png' error.
[2017.12.25-12.11.08:431][  0]LogSlate: Could not find file for Slate resource: ../../../Engine/Content/Editor/Slate/Launcher/Mac/Platform_Mac_128x.png
[2017.12.25-12.11.08:431][  0]LogStreaming: Warning: Failed to read file '../../../Engine/Content/Editor/Slate/Launcher/Mac/Platform_Mac_128x.png' error.
[2017.12.25-12.11.08:431][  0]LogSlate: Could not find file for Slate resource: ../../../Engine/Content/Editor/Slate/Launcher/Mac/Platform_Mac_128x.png
[2017.12.25-12.11.08:431][  0]LogStreaming: Warning: Failed to read file '../../../Engine/Content/Editor/Slate/Launcher/Linux/Platform_Linux_24x.png' error.
[2017.12.25-12.11.08:431][  0]LogSlate: Could not find file for Slate resource: ../../../Engine/Content/Editor/Slate/Launcher/Linux/Platform_Linux_24x.png
[2017.12.25-12.11.08:431][  0]LogStreaming: Warning: Failed to read file '../../../Engine/Content/Editor/Slate/Launcher/Linux/Platform_Linux_128x.png' error.
[2017.12.25-12.11.08:431][  0]LogSlate: Could not find file for Slate resource: ../../../Engine/Content/Editor/Slate/Launcher/Linux/Platform_Linux_128x.png
[2017.12.25-12.11.08:431][  0]LogStreaming: Warning: Failed to read file '../../../Engine/Content/Editor/Slate/Launcher/Linux/Platform_Linux_128x.png' error.
[2017.12.25-12.11.08:431][  0]LogSlate: Could not find file for Slate resource: ../../../Engine/Content/Editor/Slate/Launcher/Linux/Platform_Linux_128x.png
[2017.12.25-12.11.08:431][  0]LogStreaming: Warning: Failed to read file '../../../Engine/Content/Editor/Slate/Launcher/Linux/Platform_Linux_24x.png' error.
[2017.12.25-12.11.08:431][  0]LogSlate: Could not find file for Slate resource: ../../../Engine/Content/Editor/Slate/Launcher/Linux/Platform_Linux_24x.png
[2017.12.25-12.11.08:431][  0]LogStreaming: Warning: Failed to read file '../../../Engine/Content/Editor/Slate/Launcher/Linux/Platform_Linux_128x.png' error.
[2017.12.25-12.11.08:431][  0]LogSlate: Could not find file for Slate resource: ../../../Engine/Content/Editor/Slate/Launcher/Linux/Platform_Linux_128x.png
[2017.12.25-12.11.08:431][  0]LogStreaming: Warning: Failed to read file '../../../Engine/Content/Editor/Slate/Launcher/Linux/Platform_Linux_128x.png' error.
[2017.12.25-12.11.08:431][  0]LogSlate: Could not find file for Slate resource: ../../../Engine/Content/Editor/Slate/Launcher/Linux/Platform_Linux_128x.png
[2017.12.25-12.11.08:432][  0]LogStreaming: Warning: Failed to read file '../../../Engine/Content/Editor/Slate/Launcher/Linux/Platform_Linux_24x.png' error.
[2017.12.25-12.11.08:432][  0]LogSlate: Could not find file for Slate resource: ../../../Engine/Content/Editor/Slate/Launcher/Linux/Platform_Linux_24x.png
[2017.12.25-12.11.08:432][  0]LogStreaming: Warning: Failed to read file '../../../Engine/Content/Editor/Slate/Launcher/Linux/Platform_Linux_128x.png' error.
[2017.12.25-12.11.08:432][  0]LogSlate: Could not find file for Slate resource: ../../../Engine/Content/Editor/Slate/Launcher/Linux/Platform_Linux_128x.png
[2017.12.25-12.11.08:432][  0]LogStreaming: Warning: Failed to read file '../../../Engine/Content/Editor/Slate/Launcher/Linux/Platform_Linux_128x.png' error.
[2017.12.25-12.11.08:432][  0]LogSlate: Could not find file for Slate resource: ../../../Engine/Content/Editor/Slate/Launcher/Linux/Platform_Linux_128x.png
[2017.12.25-12.11.08:432][  0]LogStreaming: Warning: Failed to read file '../../../Engine/Content/Editor/Slate/Launcher/Linux/Platform_Linux_24x.png' error.
[2017.12.25-12.11.08:432][  0]LogSlate: Could not find file for Slate resource: ../../../Engine/Content/Editor/Slate/Launcher/Linux/Platform_Linux_24x.png
[2017.12.25-12.11.08:432][  0]LogStreaming: Warning: Failed to read file '../../../Engine/Content/Editor/Slate/Launcher/Linux/Platform_Linux_128x.png' error.
[2017.12.25-12.11.08:432][  0]LogSlate: Could not find file for Slate resource: ../../../Engine/Content/Editor/Slate/Launcher/Linux/Platform_Linux_128x.png
[2017.12.25-12.11.08:432][  0]LogStreaming: Warning: Failed to read file '../../../Engine/Content/Editor/Slate/Launcher/Linux/Platform_Linux_128x.png' error.
[2017.12.25-12.11.08:432][  0]LogSlate: Could not find file for Slate resource: ../../../Engine/Content/Editor/Slate/Launcher/Linux/Platform_Linux_128x.png
[2017.12.25-12.11.08:437][  0]LogStreaming: Warning: Failed to read file '../../../Engine/Content/Editor/Slate/Launcher/Android/Platform_Android_24x.png' error.
[2017.12.25-12.11.08:437][  0]LogSlate: Could not find file for Slate resource: ../../../Engine/Content/Editor/Slate/Launcher/Android/Platform_Android_24x.png
[2017.12.25-12.11.08:437][  0]LogStreaming: Warning: Failed to read file '../../../Engine/Content/Editor/Slate/Launcher/Android/Platform_Android_128x.png' error.
[2017.12.25-12.11.08:437][  0]LogSlate: Could not find file for Slate resource: ../../../Engine/Content/Editor/Slate/Launcher/Android/Platform_Android_128x.png
[2017.12.25-12.11.08:437][  0]LogStreaming: Warning: Failed to read file '../../../Engine/Content/Editor/Slate/Launcher/Android/Platform_Android_128x.png' error.
[2017.12.25-12.11.08:438][  0]LogSlate: Could not find file for Slate resource: ../../../Engine/Content/Editor/Slate/Launcher/Android/Platform_Android_128x.png
[2017.12.25-12.11.08:438][  0]LogStreaming: Warning: Failed to read file '../../../Engine/Content/Editor/Slate/Launcher/Android/Platform_Android_24x.png' error.
[2017.12.25-12.11.08:438][  0]LogSlate: Could not find file for Slate resource: ../../../Engine/Content/Editor/Slate/Launcher/Android/Platform_Android_24x.png
[2017.12.25-12.11.08:438][  0]LogStreaming: Warning: Failed to read file '../../../Engine/Content/Editor/Slate/Launcher/Android/Platform_Android_128x.png' error.
[2017.12.25-12.11.08:438][  0]LogSlate: Could not find file for Slate resource: ../../../Engine/Content/Editor/Slate/Launcher/Android/Platform_Android_128x.png
[2017.12.25-12.11.08:438][  0]LogStreaming: Warning: Failed to read file '../../../Engine/Content/Editor/Slate/Launcher/Android/Platform_Android_128x.png' error.
[2017.12.25-12.11.08:438][  0]LogSlate: Could not find file for Slate resource: ../../../Engine/Content/Editor/Slate/Launcher/Android/Platform_Android_128x.png
[2017.12.25-12.11.08:438][  0]LogStreaming: Warning: Failed to read file '../../../Engine/Content/Editor/Slate/Launcher/Android/Platform_Android_ATC_24x.png' error.
[2017.12.25-12.11.08:438][  0]LogSlate: Could not find file for Slate resource: ../../../Engine/Content/Editor/Slate/Launcher/Android/Platform_Android_ATC_24x.png
[2017.12.25-12.11.08:438][  0]LogStreaming: Warning: Failed to read file '../../../Engine/Content/Editor/Slate/Launcher/Android/Platform_Android_128x.png' error.
[2017.12.25-12.11.08:438][  0]LogSlate: Could not find file for Slate resource: ../../../Engine/Content/Editor/Slate/Launcher/Android/Platform_Android_128x.png
[2017.12.25-12.11.08:438][  0]LogStreaming: Warning: Failed to read file '../../../Engine/Content/Editor/Slate/Launcher/Android/Platform_Android_128x.png' error.
[2017.12.25-12.11.08:438][  0]LogSlate: Could not find file for Slate resource: ../../../Engine/Content/Editor/Slate/Launcher/Android/Platform_Android_128x.png
[2017.12.25-12.11.08:438][  0]LogStreaming: Warning: Failed to read file '../../../Engine/Content/Editor/Slate/Launcher/Android/Platform_Android_DXT_24x.png' error.
[2017.12.25-12.11.08:438][  0]LogSlate: Could not find file for Slate resource: ../../../Engine/Content/Editor/Slate/Launcher/Android/Platform_Android_DXT_24x.png
[2017.12.25-12.11.08:438][  0]LogStreaming: Warning: Failed to read file '../../../Engine/Content/Editor/Slate/Launcher/Android/Platform_Android_128x.png' error.
[2017.12.25-12.11.08:438][  0]LogSlate: Could not find file for Slate resource: ../../../Engine/Content/Editor/Slate/Launcher/Android/Platform_Android_128x.png
[2017.12.25-12.11.08:438][  0]LogStreaming: Warning: Failed to read file '../../../Engine/Content/Editor/Slate/Launcher/Android/Platform_Android_128x.png' error.
[2017.12.25-12.11.08:438][  0]LogSlate: Could not find file for Slate resource: ../../../Engine/Content/Editor/Slate/Launcher/Android/Platform_Android_128x.png
[2017.12.25-12.11.08:438][  0]LogStreaming: Warning: Failed to read file '../../../Engine/Content/Editor/Slate/Launcher/Android/Platform_Android_ETC1_24x.png' error.
[2017.12.25-12.11.08:438][  0]LogSlate: Could not find file for Slate resource: ../../../Engine/Content/Editor/Slate/Launcher/Android/Platform_Android_ETC1_24x.png
[2017.12.25-12.11.08:438][  0]LogStreaming: Warning: Failed to read file '../../../Engine/Content/Editor/Slate/Launcher/Android/Platform_Android_128x.png' error.
[2017.12.25-12.11.08:438][  0]LogSlate: Could not find file for Slate resource: ../../../Engine/Content/Editor/Slate/Launcher/Android/Platform_Android_128x.png
[2017.12.25-12.11.08:438][  0]LogStreaming: Warning: Failed to read file '../../../Engine/Content/Editor/Slate/Launcher/Android/Platform_Android_128x.png' error.
[2017.12.25-12.11.08:438][  0]LogSlate: Could not find file for Slate resource: ../../../Engine/Content/Editor/Slate/Launcher/Android/Platform_Android_128x.png
[2017.12.25-12.11.08:438][  0]LogStreaming: Warning: Failed to read file '../../../Engine/Content/Editor/Slate/Launcher/Android/Platform_Android_ETC2_24x.png' error.
[2017.12.25-12.11.08:438][  0]LogSlate: Could not find file for Slate resource: ../../../Engine/Content/Editor/Slate/Launcher/Android/Platform_Android_ETC2_24x.png
[2017.12.25-12.11.08:438][  0]LogStreaming: Warning: Failed to read file '../../../Engine/Content/Editor/Slate/Launcher/Android/Platform_Android_128x.png' error.
[2017.12.25-12.11.08:438][  0]LogSlate: Could not find file for Slate resource: ../../../Engine/Content/Editor/Slate/Launcher/Android/Platform_Android_128x.png
[2017.12.25-12.11.08:438][  0]LogStreaming: Warning: Failed to read file '../../../Engine/Content/Editor/Slate/Launcher/Android/Platform_Android_128x.png' error.
[2017.12.25-12.11.08:438][  0]LogSlate: Could not find file for Slate resource: ../../../Engine/Content/Editor/Slate/Launcher/Android/Platform_Android_128x.png
[2017.12.25-12.11.08:438][  0]LogStreaming: Warning: Failed to read file '../../../Engine/Content/Editor/Slate/Launcher/Android/Platform_Android_PVRTC_24x.png' error.
[2017.12.25-12.11.08:438][  0]LogSlate: Could not find file for Slate resource: ../../../Engine/Content/Editor/Slate/Launcher/Android/Platform_Android_PVRTC_24x.png
[2017.12.25-12.11.08:438][  0]LogStreaming: Warning: Failed to read file '../../../Engine/Content/Editor/Slate/Launcher/Android/Platform_Android_128x.png' error.
[2017.12.25-12.11.08:438][  0]LogSlate: Could not find file for Slate resource: ../../../Engine/Content/Editor/Slate/Launcher/Android/Platform_Android_128x.png
[2017.12.25-12.11.08:438][  0]LogStreaming: Warning: Failed to read file '../../../Engine/Content/Editor/Slate/Launcher/Android/Platform_Android_128x.png' error.
[2017.12.25-12.11.08:438][  0]LogSlate: Could not find file for Slate resource: ../../../Engine/Content/Editor/Slate/Launcher/Android/Platform_Android_128x.png
[2017.12.25-12.11.08:438][  0]LogStreaming: Warning: Failed to read file '../../../Engine/Content/Editor/Slate/Launcher/Android/Platform_Android_ASTC_24x.png' error.
[2017.12.25-12.11.08:438][  0]LogSlate: Could not find file for Slate resource: ../../../Engine/Content/Editor/Slate/Launcher/Android/Platform_Android_ASTC_24x.png
[2017.12.25-12.11.08:438][  0]LogStreaming: Warning: Failed to read file '../../../Engine/Content/Editor/Slate/Launcher/Android/Platform_Android_128x.png' error.
[2017.12.25-12.11.08:438][  0]LogSlate: Could not find file for Slate resource: ../../../Engine/Content/Editor/Slate/Launcher/Android/Platform_Android_128x.png
[2017.12.25-12.11.08:439][  0]LogStreaming: Warning: Failed to read file '../../../Engine/Content/Editor/Slate/Launcher/Android/Platform_Android_128x.png' error.
[2017.12.25-12.11.08:439][  0]LogSlate: Could not find file for Slate resource: ../../../Engine/Content/Editor/Slate/Launcher/Android/Platform_Android_128x.png
[2017.12.25-12.11.18:484][  0]LogTcpMessaging: Initializing TcpMessaging bridge
[2017.12.25-12.11.18:619][  0]LogUdpMessaging: Initializing bridge on interface 0.0.0.0:0 to multicast group 230.0.0.1:6666.
[2017.12.25-12.11.22:083][  0]LogMaterial: Uniform references updated for custom material expression Custom.
[2017.12.25-12.11.23:432][  0]SourceControl: Source control is disabled
[2017.12.25-12.11.23:432][  0]SourceControl: Source control is disabled
[2017.12.25-12.11.23:617][  0]SourceControl: Source control is disabled
[2017.12.25-12.11.23:792][  0]SourceControl: Source control is disabled
[2017.12.25-12.11.26:222][  0]LogAndroidPermission: UAndroidPermissionCallbackProxy::GetInstance
[2017.12.25-12.11.26:884][  0]LogOcInput: OculusInput pre-init called
[2017.12.25-12.11.27:630][  0]LogEngine: Initializing Engine...
[2017.12.25-12.11.27:632][  0]LogHMD: Failed to initialize OpenVR with code 110
[2017.12.25-12.11.28:689][  0]LogStats: UGameplayTagsManager::ConstructGameplayTagTree: Construct from data asset -  0.000 s
[2017.12.25-12.11.28:689][  0]LogStats: UGameplayTagsManager::ConstructGameplayTagTree: GameplayTagTreeChangedEvent.Broadcast -  0.000 s
[2017.12.25-12.11.28:939][  0]LogAIModule: Creating AISystem for world Untitled
[2017.12.25-12.11.28:976][  0]LogInit: XAudio2 using 'Динамики (Realtek High Definition Audio)' : 2 channels at 48 kHz using 32 bits per sample (channel mask 0x3)
[2017.12.25-12.11.29:175][  0]LogInit: FAudioDevice initialized.
[2017.12.25-12.11.32:352][  0]LogDerivedDataCache: Saved boot cache 3.18s 79MB ../../../DialogueGame/DerivedDataCache/Boot.ddc.
[2017.12.25-12.11.32:646][  0]LogInit: Texture streaming: Enabled
[2017.12.25-12.11.33:635][  0]LogEngineSessionManager: EngineSessionManager initialized
[2017.12.25-12.11.33:866][  0]LogInit: Transaction tracking system initialized
[2017.12.25-12.11.34:878][  0]BlueprintLog: New page: Editor Load
[2017.12.25-12.11.37:124][  0]LocalizationService: Localization service is disabled
[2017.12.25-12.11.39:303][  0]LogConsoleResponse: Display: 
[2017.12.25-12.11.42:970][  0]LogCook: Display: Max memory allowance for cook 16384mb min free memory 0mb
[2017.12.25-12.11.42:970][  0]LogCook: Display: Mobile HDR setting 1
[2017.12.25-12.11.42:970][  0]LogGameplayTags: Display: UGameplayTagsManager::DoneAddingNativeTags. DelegateIsBound: 0
[2017.12.25-12.11.42:975][  0]LogFileCache: Scanning file cache for directory 'C:/UE4/DialogueGame/Content/' took 0.04s
[2017.12.25-12.11.47:447][  0]SourceControl: Source control is disabled
[2017.12.25-12.11.47:447][  0]Cmd: MAP LOAD FILE="../../../DialogueGame/Content/ThirdPersonCPP/Maps/ThirdPersonExampleMap.umap" TEMPLATE=0 SHOWPROGRESS=1 FEATURELEVEL=3
[2017.12.25-12.11.47:720][  0]LightingResults: New page: Lighting Build
[2017.12.25-12.11.47:790][  0]MapCheck: New page: Map Check
[2017.12.25-12.11.47:790][  0]LightingResults: New page: Lighting Build
[2017.12.25-12.11.49:329][  0]LogLinker: Warning: Can't find file '/Game/Geometry/Meshes/CubeMaterial'
[2017.12.25-12.11.49:329][  0]LogLinker: Warning: Can't find file for asset '/Game/Geometry/Meshes/CubeMaterial' while loading ../../../DialogueGame/Content/ThirdPersonCPP/Maps/ThirdPersonExampleMap.umap.
[2017.12.25-12.11.49:329][  0]LoadErrors: Error: /Game/ThirdPersonCPP/Maps/ThirdPersonExampleMap : Can't find file for asset. /Game/Geometry/Meshes/CubeMaterial
[2017.12.25-12.11.49:330][  0]LogLinker: Warning: Can't find file '/Game/Geometry/Meshes/1M_Cube'
[2017.12.25-12.11.49:330][  0]LogLinker: Warning: Can't find file for asset '/Game/Geometry/Meshes/1M_Cube' while loading ../../../DialogueGame/Content/ThirdPersonCPP/Maps/ThirdPersonExampleMap.umap.
[2017.12.25-12.11.49:330][  0]LoadErrors: Error: /Game/ThirdPersonCPP/Maps/ThirdPersonExampleMap : Can't find file for asset. /Game/Geometry/Meshes/1M_Cube
[2017.12.25-12.11.49:330][  0]LogLinker: Warning: Can't find file '/Game/Geometry/Meshes/1M_Cube_Chamfer'
[2017.12.25-12.11.49:331][  0]LogLinker: Warning: Can't find file for asset '/Game/Geometry/Meshes/1M_Cube_Chamfer' while loading ../../../DialogueGame/Content/ThirdPersonCPP/Maps/ThirdPersonExampleMap.umap.
[2017.12.25-12.11.49:331][  0]LoadErrors: Error: /Game/ThirdPersonCPP/Maps/ThirdPersonExampleMap : Can't find file for asset. /Game/Geometry/Meshes/1M_Cube_Chamfer
[2017.12.25-12.11.49:331][  0]LogLinker: Warning: Can't find file '/Game/Geometry/Meshes/CubeMaterial'
[2017.12.25-12.11.49:331][  0]LogLinker: Warning: Can't find file for asset '/Game/Geometry/Meshes/CubeMaterial' while loading ../../../DialogueGame/Content/ThirdPersonCPP/Maps/ThirdPersonExampleMap.umap.
[2017.12.25-12.11.49:331][  0]LoadErrors: Error: /Game/ThirdPersonCPP/Maps/ThirdPersonExampleMap : Can't find file for asset. /Game/Geometry/Meshes/CubeMaterial
[2017.12.25-12.11.49:331][  0]LogLinker: Warning: Can't find file '/Game/Geometry/Meshes/TemplateFloor'
[2017.12.25-12.11.49:331][  0]LogLinker: Warning: Can't find file for asset '/Game/Geometry/Meshes/TemplateFloor' while loading ../../../DialogueGame/Content/ThirdPersonCPP/Maps/ThirdPersonExampleMap.umap.
[2017.12.25-12.11.49:331][  0]LoadErrors: Error: /Game/ThirdPersonCPP/Maps/ThirdPersonExampleMap : Can't find file for asset. /Game/Geometry/Meshes/TemplateFloor
[2017.12.25-12.11.49:594][  0]LogLinker: Warning: Can't find file '/Game/Geometry/Meshes/1M_Cube'
[2017.12.25-12.11.49:594][  0]LogLinker: Warning: Can't find file for asset '/Game/Geometry/Meshes/1M_Cube' while loading ../../../DialogueGame/Content/ThirdPersonCPP/Maps/ThirdPersonExampleMap.umap.
[2017.12.25-12.11.49:595][  0]LoadErrors: Error: /Game/ThirdPersonCPP/Maps/ThirdPersonExampleMap : Can't find file for asset. /Game/Geometry/Meshes/1M_Cube
[2017.12.25-12.11.49:595][  0]LogLinker: Warning: Can't find file '/Game/Geometry/Meshes/1M_Cube_Chamfer'
[2017.12.25-12.11.49:595][  0]LogLinker: Warning: Can't find file for asset '/Game/Geometry/Meshes/1M_Cube_Chamfer' while loading ../../../DialogueGame/Content/ThirdPersonCPP/Maps/ThirdPersonExampleMap.umap.
[2017.12.25-12.11.49:595][  0]LoadErrors: Error: /Game/ThirdPersonCPP/Maps/ThirdPersonExampleMap : Can't find file for asset. /Game/Geometry/Meshes/1M_Cube_Chamfer
[2017.12.25-12.11.49:595][  0]LogLinker: Warning: Can't find file '/Game/Geometry/Meshes/TemplateFloor'
[2017.12.25-12.11.49:596][  0]LogLinker: Warning: Can't find file for asset '/Game/Geometry/Meshes/TemplateFloor' while loading ../../../DialogueGame/Content/ThirdPersonCPP/Maps/ThirdPersonExampleMap.umap.
[2017.12.25-12.11.49:596][  0]LoadErrors: Error: /Game/ThirdPersonCPP/Maps/ThirdPersonExampleMap : Can't find file for asset. /Game/Geometry/Meshes/TemplateFloor
[2017.12.25-12.11.49:600][  0]LogLinker: Warning: Can't find file '/Game/Geometry/Meshes/CubeMaterial'
[2017.12.25-12.11.49:600][  0]LogLinker: Warning: Can't find file for asset '/Game/Geometry/Meshes/CubeMaterial' while loading NULL.
[2017.12.25-12.11.49:600][  0]LogLinker: Warning: Can't find file '/Game/Geometry/Meshes/1M_Cube'
[2017.12.25-12.11.49:600][  0]LogLinker: Warning: Can't find file for asset '/Game/Geometry/Meshes/1M_Cube' while loading NULL.
[2017.12.25-12.11.49:601][  0]LogLinker: Warning: Can't find file '/Game/Geometry/Meshes/1M_Cube_Chamfer'
[2017.12.25-12.11.49:601][  0]LogLinker: Warning: Can't find file for asset '/Game/Geometry/Meshes/1M_Cube_Chamfer' while loading NULL.
[2017.12.25-12.11.49:601][  0]LogLinker: Warning: Can't find file '/Game/Geometry/Meshes/CubeMaterial'
[2017.12.25-12.11.49:601][  0]LogLinker: Warning: Can't find file for asset '/Game/Geometry/Meshes/CubeMaterial' while loading NULL.
[2017.12.25-12.11.49:601][  0]LogLinker: Warning: Can't find file '/Game/Geometry/Meshes/TemplateFloor'
[2017.12.25-12.11.49:601][  0]LogLinker: Warning: Can't find file for asset '/Game/Geometry/Meshes/TemplateFloor' while loading NULL.
[2017.12.25-12.11.49:601][  0]LogLinker: Warning: Can't find file '/Game/Geometry/Meshes/1M_Cube'
[2017.12.25-12.11.49:601][  0]LogLinker: Warning: Can't find file for asset '/Game/Geometry/Meshes/1M_Cube' while loading NULL.
[2017.12.25-12.11.49:601][  0]LogLinker: Warning: Can't find file '/Game/Geometry/Meshes/1M_Cube_Chamfer'
[2017.12.25-12.11.49:602][  0]LogLinker: Warning: Can't find file for asset '/Game/Geometry/Meshes/1M_Cube_Chamfer' while loading NULL.
[2017.12.25-12.11.49:602][  0]LogLinker: Warning: Can't find file '/Game/Geometry/Meshes/TemplateFloor'
[2017.12.25-12.11.49:602][  0]LogLinker: Warning: Can't find file for asset '/Game/Geometry/Meshes/TemplateFloor' while loading NULL.
[2017.12.25-12.11.49:633][  0]LogLinker: Warning: Can't find file '/Game/Geometry/Meshes/1M_Cube_Chamfer'
[2017.12.25-12.11.49:633][  0]LoadErrors: Failed to load /Game/Geometry/Meshes/1M_Cube_Chamfer.1M_Cube_Chamfer Referenced by StaticMeshComponent0
[2017.12.25-12.11.49:633][  0]LogLinker: Warning: Can't find file for asset '/Game/Geometry/Meshes/1M_Cube_Chamfer' while loading NULL.
[2017.12.25-12.11.49:633][  0]LoadErrors: Failed to load /Game/Geometry/Meshes/1M_Cube_Chamfer.1M_Cube_Chamfer Referenced by StaticMeshComponent0
[2017.12.25-12.11.49:633][  0]LogLinker: Warning: Can't find file '/Game/Geometry/Meshes/TemplateFloor'
[2017.12.25-12.11.49:633][  0]LoadErrors: Failed to load /Game/Geometry/Meshes/TemplateFloor.TemplateFloor Referenced by StaticMeshComponent0
[2017.12.25-12.11.49:633][  0]LogLinker: Warning: Can't find file for asset '/Game/Geometry/Meshes/TemplateFloor' while loading NULL.
[2017.12.25-12.11.49:633][  0]LoadErrors: Failed to load /Game/Geometry/Meshes/TemplateFloor.TemplateFloor Referenced by StaticMeshComponent0
[2017.12.25-12.11.49:633][  0]LogLinker: Warning: Can't find file '/Game/Geometry/Meshes/CubeMaterial'
[2017.12.25-12.11.49:634][  0]LoadErrors: Failed to load /Game/Geometry/Meshes/CubeMaterial.CubeMaterial Referenced by StaticMeshComponent0
[2017.12.25-12.11.49:634][  0]LogLinker: Warning: Can't find file for asset '/Game/Geometry/Meshes/CubeMaterial' while loading NULL.
[2017.12.25-12.11.49:634][  0]LoadErrors: Failed to load /Game/Geometry/Meshes/CubeMaterial.CubeMaterial Referenced by StaticMeshComponent0
[2017.12.25-12.11.49:634][  0]LogLinker: Warning: Can't find file '/Game/Geometry/Meshes/1M_Cube'
[2017.12.25-12.11.49:634][  0]LoadErrors: Failed to load /Game/Geometry/Meshes/1M_Cube.1M_Cube Referenced by StaticMeshComponent0
[2017.12.25-12.11.49:634][  0]LogLinker: Warning: Can't find file for asset '/Game/Geometry/Meshes/1M_Cube' while loading NULL.
[2017.12.25-12.11.49:635][  0]LoadErrors: Failed to load /Game/Geometry/Meshes/1M_Cube.1M_Cube Referenced by StaticMeshComponent0
[2017.12.25-12.11.49:635][  0]LogLinker: Warning: Can't find file '/Game/Geometry/Meshes/1M_Cube'
[2017.12.25-12.11.49:635][  0]LoadErrors: Failed to load /Game/Geometry/Meshes/1M_Cube.1M_Cube Referenced by StaticMeshComponent0
[2017.12.25-12.11.49:635][  0]LogLinker: Warning: Can't find file for asset '/Game/Geometry/Meshes/1M_Cube' while loading NULL.
[2017.12.25-12.11.49:635][  0]LoadErrors: Failed to load /Game/Geometry/Meshes/1M_Cube.1M_Cube Referenced by StaticMeshComponent0
[2017.12.25-12.11.49:636][  0]LogLinker: Warning: Can't find file '/Game/Geometry/Meshes/1M_Cube'
[2017.12.25-12.11.49:636][  0]LoadErrors: Failed to load /Game/Geometry/Meshes/1M_Cube.1M_Cube Referenced by StaticMeshComponent0
[2017.12.25-12.11.49:636][  0]LogLinker: Warning: Can't find file for asset '/Game/Geometry/Meshes/1M_Cube' while loading NULL.
[2017.12.25-12.11.49:636][  0]LoadErrors: Failed to load /Game/Geometry/Meshes/1M_Cube.1M_Cube Referenced by StaticMeshComponent0
[2017.12.25-12.11.49:636][  0]LogLinker: Warning: Can't find file '/Game/Geometry/Meshes/1M_Cube'
[2017.12.25-12.11.49:636][  0]LoadErrors: Failed to load /Game/Geometry/Meshes/1M_Cube.1M_Cube Referenced by StaticMeshComponent0
[2017.12.25-12.11.49:636][  0]LogLinker: Warning: Can't find file for asset '/Game/Geometry/Meshes/1M_Cube' while loading NULL.
[2017.12.25-12.11.49:637][  0]LoadErrors: Failed to load /Game/Geometry/Meshes/1M_Cube.1M_Cube Referenced by StaticMeshComponent0
[2017.12.25-12.11.53:169][  0]LogAIModule: Creating AISystem for world ThirdPersonExampleMap
[2017.12.25-12.11.53:460][  0]LogEditorServer: Finished looking for orphan Actors (0.000 secs)
[2017.12.25-12.11.53:474][  0]Cmd: MAP CHECKDEP NOCLEARLOG
[2017.12.25-12.11.53:563][  0]MapCheck: Map check complete: 0 Error(s), 0 Warning(s), took 88.932ms to complete.
[2017.12.25-12.11.53:563][  0]LogFileHelpers: Loading map 'ThirdPersonExampleMap' took 6.116
[2017.12.25-12.11.54:074][  0]LogCollectionManager: Loaded 0 collections in 0.003465 seconds
[2017.12.25-12.11.54:204][  0]LogFileCache: Scanning file cache for directory 'C:/UE4/DialogueGame/Saved/Collections/' took 0.01s
[2017.12.25-12.11.54:204][  0]LogFileCache: Scanning file cache for directory 'C:/UE4/DialogueGame/Content/Developers/Настя/Collections/' took 0.01s
[2017.12.25-12.11.54:204][  0]LogFileCache: Scanning file cache for directory 'C:/UE4/DialogueGame/Content/Collections/' took 0.01s
[2017.12.25-12.11.54:204][  0]LogCollectionManager: Rebuilt the GUID cache for 0 collections in 0.000001 seconds
[2017.12.25-12.11.54:226][  0]LogContentBrowser: Native class hierarchy populated in 0.0220 seconds. Added 2365 classes and 519 folders.
[2017.12.25-12.11.54:350][  0]LogContentBrowser: Native class hierarchy updated for 'WidgetCarousel' in 0.0014 seconds. Added 0 classes and 0 folders.
[2017.12.25-12.11.57:351][  0]LogContentBrowser: Native class hierarchy updated for 'AddContentDialog' in 0.0015 seconds. Added 0 classes and 0 folders.
[2017.12.25-12.11.57:450][  0]LogContentBrowser: Native class hierarchy updated for 'SceneOutliner' in 0.0009 seconds. Added 1 classes and 2 folders.
[2017.12.25-12.11.57:563][  0]LogSlate: Took 0.032744 seconds to synchronously load lazily loaded font '../../../Engine/Content/Slate/Fonts/Roboto-Regular.ttf' (155K)
[2017.12.25-12.11.57:587][  0]LogSlate: Took 0.022632 seconds to synchronously load lazily loaded font '../../../Engine/Content/Slate/Fonts/Roboto-Bold.ttf' (160K)
[2017.12.25-12.11.57:615][  0]LogSlate: Took 0.020922 seconds to synchronously load lazily loaded font '../../../Engine/Content/Editor/Slate/Fonts/FontAwesome.ttf' (139K)
[2017.12.25-12.11.58:040][  0]LogRenderer: Reallocating scene render targets to support 812x368 Format 10 NumSamples 1 (Frame:1).
[2017.12.25-12.11.58:433][  0]LogContentBrowser: Native class hierarchy updated for 'HierarchicalLODOutliner' in 0.0010 seconds. Added 1 classes and 2 folders.
[2017.12.25-12.11.58:433][  0]LogLoad: (Engine Initialization) Total time: 359.03 seconds
[2017.12.25-12.11.58:433][  0]LogLoad: (Engine Initialization) Total Blueprint compile time: 0.00 seconds
[2017.12.25-12.11.58:433][  0]LogExternalProfiler: No external profilers were discovered.  External profiling features will not be available.
[2017.12.25-12.11.58:790][  0]LogContentStreaming: Texture pool size now 1000 MB
[2017.12.25-12.11.59:057][  0]LogSlate: Took 0.072838 seconds to synchronously load lazily loaded font '../../../Engine/Content/Slate/Fonts/Roboto-Light.ttf' (159K)
[2017.12.25-12.11.59:116][  1]LogAssetRegistry: Asset discovery search completed in 75.8376 seconds
[2017.12.25-12.11.59:118][  1]LogCollectionManager: Rebuilt the object cache for 0 collections in 0.000000 seconds (found 0 objects)
[2017.12.25-12.11.59:118][  1]LogCollectionManager: Fixed up redirectors for 0 collections in 0.000061 seconds (updated 0 objects)
[2017.12.25-12.11.59:776][  3]LogSlate: Took 0.000294 seconds to synchronously load lazily loaded font '../../../Engine/Content/Slate/Fonts/Roboto-Light.ttf' (159K)
[2017.12.25-12.12.07:038][327]LogSlate: Took 0.000220 seconds to synchronously load lazily loaded font '../../../Engine/Content/Slate/Fonts/Roboto-Light.ttf' (159K)
[2017.12.25-12.12.07:837][327]LogSlate: Took 0.000230 seconds to synchronously load lazily loaded font '../../../Engine/Content/Slate/Fonts/Roboto-Regular.ttf' (155K)
[2017.12.25-12.12.07:995][327]LogContentBrowser: Native class hierarchy updated for 'BlueprintGraph' in 0.0014 seconds. Added 116 classes and 0 folders.
[2017.12.25-12.12.09:346][327]LogSlate: Took 0.104617 seconds to synchronously load lazily loaded font '../../../Engine/Content/Editor/Slate/Fonts/Roboto-BoldCondensed.ttf' (158K)
[2017.12.25-12.12.11:497][437]LogSlate: Took 0.021940 seconds to synchronously load lazily loaded font '../../../Engine/Content/Editor/Slate/Fonts/Roboto-Italic.ttf' (157K)
[2017.12.25-12.15.22:108][223]LogSlate: Took 0.228565 seconds to synchronously load lazily loaded font '../../../Engine/Content/Editor/Slate/Fonts/Roboto-BoldCondensedItalic.ttf' (160K)
[2017.12.25-12.15.59:800][369]LogSelectionDetails: Warning: NavigateToFunctionSource:  Found symbols for [UWidget::RemoveFromParent] - File [c:\ue4\engine\source\runtime\umg\private\components\widget.cpp], Line [620], Column [0]
[2017.12.25-12.16.02:345][369]LogVSAccessor: Warning: Couldn't goto line number '620' in 'c:\ue4\engine\source\runtime\umg\private\components\widget.cpp'
[2017.12.25-12.22.13:686][179]LogFileHelpers: Editor autosave (incl. sublevels) for '/Game/ThirdPersonCPP/Maps/ThirdPersonExampleMap' took 13.455
[2017.12.25-12.22.13:968][179]OBJ SavePackage: Generating thumbnails for [0] asset(s) in package [/Game/DialogueGame_Main/Dialogue_UI/Dialogue_UI] ([1] browsable assets)...
[2017.12.25-12.22.13:984][179]OBJ SavePackage: Finished generating thumbnails for package [/Game/DialogueGame_Main/Dialogue_UI/Dialogue_UI]
[2017.12.25-12.22.16:026][179]LogSavePackage: Save=851.22ms
[2017.12.25-12.22.16:029][179]LogSavePackage: Moving '../../../DialogueGame/Saved/Dialogue_UI_Auto1CB77293041427A61FB5736BF0DCCF726.tmp' to '../../../DialogueGame/Saved/Autosaves/Game/DialogueGame_Main/Dialogue_UI/Dialogue_UI_Auto1.uasset'
[2017.12.25-12.22.16:113][179]LogSavePackage: Display: Finished SavePackage ../../../DialogueGame/Saved/Autosaves/Game/DialogueGame_Main/Dialogue_UI/Dialogue_UI_Auto1.uasset
[2017.12.25-12.22.16:113][179]LogFileHelpers: Auto-saving content packages took 2.411
[2017.12.25-12.26.26:064][998]Cmd: QUIT_EDITOR
[2017.12.25-12.26.28:470][998]LogWindowsTextInputMethodSystem: Display: IME system now deactivated.
[2017.12.25-12.26.29:548][998]LogExit: Preparing to exit.
[2017.12.25-12.26.38:167][998]LogDirectoryWatcher: A directory notification for 'C:/UE4/DialogueGame/Content/' was aborted.
[2017.12.25-12.26.40:372][998]LogExit: Editor shut down
[2017.12.25-12.26.40:703][998]LogExit: Transaction tracking system shut down
[2017.12.25-12.26.42:804][998]LogDirectoryWatcher: A directory notification for '../../../Engine/Content/' was aborted.
[2017.12.25-12.26.42:805][998]LogDirectoryWatcher: A directory notification for '../../../DialogueGame/Content/' was aborted.
[2017.12.25-12.26.42:805][998]LogDirectoryWatcher: A directory notification for '../../../Engine/Plugins/2D/Paper2D/Content/' was aborted.
[2017.12.25-12.26.42:805][998]LogDirectoryWatcher: A directory notification for '../../../Engine/Plugins/Media/MediaCompositing/Content/' was aborted.
[2017.12.25-12.26.42:805][998]LogDirectoryWatcher: A directory notification for '../../../Engine/Plugins/Runtime/AppleARKit/Content/' was aborted.
[2017.12.25-12.26.42:805][998]LogDirectoryWatcher: A directory notification for '../../../Engine/Plugins/Runtime/Oculus/OculusVR/Content/' was aborted.
[2017.12.25-12.26.42:805][998]LogDirectoryWatcher: A directory notification for '../../../Engine/Plugins/Runtime/Steam/SteamVR/Content/' was aborted.
[2017.12.25-12.26.45:848][998]LogExit: Object subsystem successfully closed.
[2017.12.25-12.26.46:343][998]LogD3D11RHI: Shutdown
[2017.12.25-12.26.46:358][998]LogD3D11RHI: CleanupD3DDevice
[2017.12.25-12.26.46:525][998]LogD3D11RHI: ~FD3D11DynamicRHI
[2017.12.25-12.26.48:080][998]LogModuleManager: Shutting down and abandoning module SequencerWidgets (538)
[2017.12.25-12.26.48:080][998]LogModuleManager: Shutting down and abandoning module BlueprintGraph (536)
[2017.12.25-12.26.48:080][998]LogModuleManager: Shutting down and abandoning module HierarchicalLODOutliner (534)
[2017.12.25-12.26.48:080][998]LogModuleManager: Shutting down and abandoning module DesktopPlatform (532)
[2017.12.25-12.26.48:109][998]LogModuleManager: Shutting down and abandoning module SceneOutliner (530)
[2017.12.25-12.26.48:128][998]LogModuleManager: Shutting down and abandoning module AddContentDialog (528)
[2017.12.25-12.26.48:140][998]LogDirectoryWatcher: A directory notification for 'C:/UE4/FeaturePacks/' was aborted.
[2017.12.25-12.26.48:457][998]LogModuleManager: Shutting down and abandoning module WidgetCarousel (527)
[2017.12.25-12.26.48:457][998]LogModuleManager: Shutting down and abandoning module EditorWidgets (524)
[2017.12.25-12.26.48:457][998]LogModuleManager: Shutting down and abandoning module CollectionManager (522)
[2017.12.25-12.26.48:479][998]LogDirectoryWatcher: A directory notification for 'C:/UE4/DialogueGame/Content/Collections/' was aborted.
[2017.12.25-12.26.48:479][998]LogDirectoryWatcher: A directory notification for 'C:/UE4/DialogueGame/Content/Developers/Настя/Collections/' was aborted.
[2017.12.25-12.26.48:479][998]LogDirectoryWatcher: A directory notification for 'C:/UE4/DialogueGame/Saved/Collections/' was aborted.
[2017.12.25-12.26.48:479][998]LogModuleManager: Shutting down and abandoning module StatsViewer (520)
[2017.12.25-12.26.48:505][998]LogModuleManager: Shutting down and abandoning module FoliageEdit (518)
[2017.12.25-12.26.48:519][998]LogModuleManager: Shutting down and abandoning module LandscapeEditor (516)
[2017.12.25-12.26.48:560][998]LogModuleManager: Shutting down and abandoning module MeshPaintMode (514)
[2017.12.25-12.26.48:577][998]LogModuleManager: Shutting down and abandoning module SceneDepthPickerMode (512)
[2017.12.25-12.26.48:577][998]LogModuleManager: Shutting down and abandoning module ActorPickerMode (510)
[2017.12.25-12.26.48:577][998]LogModuleManager: Shutting down and abandoning module GeometryMode (508)
[2017.12.25-12.26.48:577][998]LogModuleManager: Shutting down and abandoning module TextureAlignMode (506)
[2017.12.25-12.26.48:577][998]LogModuleManager: Shutting down and abandoning module BspMode (504)
[2017.12.25-12.26.48:577][998]LogModuleManager: Shutting down and abandoning module PIEPreviewDeviceProfileSelector (502)
[2017.12.25-12.26.48:577][998]LogModuleManager: Shutting down and abandoning module HardwareSurvey (500)
[2017.12.25-12.26.48:577][998]LogModuleManager: Shutting down and abandoning module SequenceRecorderSections (498)
[2017.12.25-12.26.48:588][998]LogModuleManager: Shutting down and abandoning module AutomationWorker (496)
[2017.12.25-12.26.48:605][998]LogModuleManager: Shutting down and abandoning module MatineeToLevelSequence (494)
[2017.12.25-12.26.48:628][998]LogModuleManager: Shutting down and abandoning module LevelSequenceEditor (492)
[2017.12.25-12.26.48:719][998]LogModuleManager: Shutting down and abandoning module PlacementMode (491)
[2017.12.25-12.26.48:720][998]LogModuleManager: Shutting down and abandoning module WmfMediaFactory (488)
[2017.12.25-12.26.48:720][998]LogModuleManager: Shutting down and abandoning module WmfMediaEditor (486)
[2017.12.25-12.26.48:720][998]LogModuleManager: Shutting down and abandoning module OpenExrWrapper (484)
[2017.12.25-12.26.48:720][998]LogModuleManager: Shutting down and abandoning module ImgMediaFactory (482)
[2017.12.25-12.26.48:720][998]LogModuleManager: Shutting down and abandoning module ImgMediaEditor (480)
[2017.12.25-12.26.48:720][998]LogModuleManager: Shutting down and abandoning module AvfMediaFactory (478)
[2017.12.25-12.26.48:720][998]LogModuleManager: Shutting down and abandoning module AvfMediaEditor (476)
[2017.12.25-12.26.48:720][998]LogModuleManager: Shutting down and abandoning module AndroidMediaFactory (474)
[2017.12.25-12.26.48:720][998]LogModuleManager: Shutting down and abandoning module AndroidMediaEditor (472)
[2017.12.25-12.26.48:720][998]LogModuleManager: Shutting down and abandoning module CharacterAI (470)
[2017.12.25-12.26.48:720][998]LogModuleManager: Shutting down and abandoning module AudioCapture (468)
[2017.12.25-12.26.48:745][998]LogModuleManager: Shutting down and abandoning module SequenceRecorder (467)
[2017.12.25-12.26.48:770][998]LogModuleManager: Shutting down and abandoning module SmartSnapping (464)
[2017.12.25-12.26.48:770][998]LogModuleManager: Shutting down and abandoning module SessionServices (462)
[2017.12.25-12.26.48:770][998]LogModuleManager: Shutting down and abandoning module ViewportSnapping (460)
[2017.12.25-12.26.48:770][998]LogModuleManager: Shutting down and abandoning module ViewportInteraction (458)
[2017.12.25-12.26.48:770][998]LogModuleManager: Shutting down and abandoning module ClothPainter (456)
[2017.12.25-12.26.48:846][998]LogModuleManager: Shutting down and abandoning module SkeletalMeshEditor (455)
[2017.12.25-12.26.48:920][998]LogModuleManager: Shutting down and abandoning module LogVisualizer (452)
[2017.12.25-12.26.49:005][998]LogModuleManager: Shutting down and abandoning module IntroTutorials (450)
[2017.12.25-12.26.49:122][998]LogModuleManager: Shutting down and abandoning module GameProjectGeneration (449)
[2017.12.25-12.26.49:191][998]LogModuleManager: Shutting down and abandoning module IOSPlatformEditor (446)
[2017.12.25-12.26.49:191][998]LogModuleManager: Shutting down and abandoning module HTML5PlatformEditor (444)
[2017.12.25-12.26.49:191][998]LogModuleManager: Shutting down and abandoning module AndroidPlatformEditor (442)
[2017.12.25-12.26.49:191][998]LogModuleManager: Shutting down and abandoning module AndroidDeviceDetection (441)
[2017.12.25-12.26.49:505][998]LogModuleManager: Shutting down and abandoning module WindowsPlatformEditor (438)
[2017.12.25-12.26.49:505][998]LogModuleManager: Shutting down and abandoning module IOSRuntimeSettings (436)
[2017.12.25-12.26.49:505][998]LogModuleManager: Shutting down and abandoning module AndroidRuntimeSettings (434)
[2017.12.25-12.26.49:505][998]LogModuleManager: Shutting down and abandoning module InputBindingEditor (432)
[2017.12.25-12.26.49:530][998]LogModuleManager: Shutting down and abandoning module MergeActors (430)
[2017.12.25-12.26.49:586][998]LogModuleManager: Shutting down and abandoning module SizeMap (428)
[2017.12.25-12.26.49:586][998]LogModuleManager: Shutting down and abandoning module TreeMap (426)
[2017.12.25-12.26.49:625][998]LogModuleManager: Shutting down and abandoning module ReferenceViewer (424)
[2017.12.25-12.26.49:625][998]LogModuleManager: Shutting down and abandoning module LocalizationDashboard (422)
[2017.12.25-12.26.49:640][998]LogModuleManager: Shutting down and abandoning module LocalizationService (421)
[2017.12.25-12.26.49:659][998]LogModuleManager: Shutting down and abandoning module HardwareTargeting (418)
[2017.12.25-12.26.49:659][998]LogModuleManager: Shutting down and abandoning module DeviceProfileEditor (416)
[2017.12.25-12.26.49:659][998]LogModuleManager: Shutting down and abandoning module UndoHistory (414)
[2017.12.25-12.26.49:659][998]LogModuleManager: Shutting down and abandoning module XmlParser (412)
[2017.12.25-12.26.49:688][998]LogModuleManager: Shutting down and abandoning module Blutility (410)
[2017.12.25-12.26.49:688][998]LogModuleManager: Shutting down and abandoning module ProjectSettingsViewer (408)
[2017.12.25-12.26.49:688][998]LogModuleManager: Shutting down and abandoning module ProjectTargetPlatformEditor (407)
[2017.12.25-12.26.49:688][998]LogModuleManager: Shutting down and abandoning module EditorSettingsViewer (404)
[2017.12.25-12.26.49:689][998]LogModuleManager: Shutting down and abandoning module SettingsEditor (402)
[2017.12.25-12.26.49:720][998]LogModuleManager: Shutting down and abandoning module ProjectLauncher (400)
[2017.12.25-12.26.49:764][998]LogModuleManager: Shutting down and abandoning module SessionFrontend (398)
[2017.12.25-12.26.49:812][998]LogModuleManager: Shutting down and abandoning module ProfilerClient (396)
[2017.12.25-12.26.49:853][998]LogModuleManager: Shutting down and abandoning module DeviceManager (394)
[2017.12.25-12.26.49:874][998]LogModuleManager: Shutting down and abandoning module TargetDeviceServices (393)
[2017.12.25-12.26.50:033][998]LogModuleManager: Shutting down and abandoning module AutomationController (390)
[2017.12.25-12.26.50:095][998]LogModuleManager: Shutting down and abandoning module AutomationWindow (388)
[2017.12.25-12.26.50:266][998]LogModuleManager: Shutting down and abandoning module Layers (386)
[2017.12.25-12.26.50:457][998]LogModuleManager: Shutting down and abandoning module ComponentVisualizers (384)
[2017.12.25-12.26.50:458][998]LogModuleManager: Shutting down and abandoning module DetailCustomizations (382)
[2017.12.25-12.26.50:554][998]LogModuleManager: Shutting down and abandoning module PackagesDialog (380)
[2017.12.25-12.26.50:554][998]LogModuleManager: Shutting down and abandoning module Persona (378)
[2017.12.25-12.26.50:662][998]LogModuleManager: Shutting down and abandoning module AdvancedPreviewScene (377)
[2017.12.25-12.26.50:663][998]LogModuleManager: Shutting down and abandoning module AnimGraph (375)
[2017.12.25-12.26.50:663][998]LogModuleManager: Shutting down and abandoning module Kismet (372)
[2017.12.25-12.26.50:760][998]LogModuleManager: Shutting down and abandoning module ClassViewer (370)
[2017.12.25-12.26.50:760][998]LogModuleManager: Shutting down and abandoning module Toolbox (368)
[2017.12.25-12.26.50:760][998]LogModuleManager: Shutting down and abandoning module ModuleUI (366)
[2017.12.25-12.26.50:805][998]LogModuleManager: Shutting down and abandoning module MovieSceneTools (364)
[2017.12.25-12.26.50:849][998]LogModuleManager: Shutting down and abandoning module OutputLog (362)
[2017.12.25-12.26.50:876][998]LogModuleManager: Shutting down and abandoning module GammaUI (360)
[2017.12.25-12.26.50:889][998]LogModuleManager: Shutting down and abandoning module Documentation (358)
[2017.12.25-12.26.50:889][998]LogModuleManager: Shutting down and abandoning module MovieSceneTracks (356)
[2017.12.25-12.26.50:889][998]LogModuleManager: Shutting down and abandoning module MovieScene (354)
[2017.12.25-12.26.50:889][998]LogModuleManager: Shutting down and abandoning module StreamingPauseRendering (352)
[2017.12.25-12.26.50:889][998]LogModuleManager: Shutting down and abandoning module LauncherPlatform (350)
[2017.12.25-12.26.50:889][998]LogModuleManager: Shutting down and abandoning module AnalyticsET (348)
[2017.12.25-12.26.50:889][998]LogModuleManager: Shutting down and abandoning module PortalServices (346)
[2017.12.25-12.26.50:889][998]LogModuleManager: Shutting down and abandoning module PortalRpc (344)
[2017.12.25-12.26.50:889][998]LogModuleManager: Shutting down and abandoning module MessagingRpc (342)
[2017.12.25-12.26.50:889][998]LogModuleManager: Shutting down and abandoning module AIModule (340)
[2017.12.25-12.26.50:900][998]LogModuleManager: Shutting down and abandoning module GameplayDebugger (339)
[2017.12.25-12.26.50:908][998]LogModuleManager: Shutting down and abandoning module AITestSuite (337)
[2017.12.25-12.26.50:923][998]LogModuleManager: Shutting down and abandoning module ProfilerService (334)
[2017.12.25-12.26.50:941][998]LogModuleManager: Shutting down and abandoning module TaskGraph (332)
[2017.12.25-12.26.50:971][998]LogModuleManager: Shutting down and abandoning module SteamVRController (330)
[2017.12.25-12.26.50:971][998]LogModuleManager: Shutting down and abandoning module ProceduralMeshComponentEditor (328)
[2017.12.25-12.26.50:971][998]LogModuleManager: Shutting down and abandoning module ProceduralMeshComponent (326)
[2017.12.25-12.26.50:990][998]LogModuleManager: Shutting down and abandoning module OculusInput (324)
[2017.12.25-12.26.51:000][998]LogModuleManager: Shutting down and abandoning module MobilePatchingUtils (322)
[2017.12.25-12.26.51:000][998]LogModuleManager: Shutting down and abandoning module CustomMeshComponent (320)
[2017.12.25-12.26.51:000][998]LogModuleManager: Shutting down and abandoning module CableComponent (318)
[2017.12.25-12.26.51:007][998]LogModuleManager: Shutting down and abandoning module ArchVisCharacter (316)
[2017.12.25-12.26.51:007][998]LogModuleManager: Shutting down and abandoning module AndroidPermission (314)
[2017.12.25-12.26.51:007][998]LogModuleManager: Shutting down and abandoning module ActorSequence (310)
[2017.12.25-12.26.51:007][998]LogModuleManager: Shutting down and abandoning module MediaPlayerEditor (308)
[2017.12.25-12.26.51:025][998]LogModuleManager: Shutting down and abandoning module MediaCompositingEditor (306)
[2017.12.25-12.26.51:025][998]LogModuleManager: Shutting down and abandoning module MediaCompositing (304)
[2017.12.25-12.26.51:025][998]LogModuleManager: Shutting down and abandoning module HTML5Networking (302)
[2017.12.25-12.26.51:025][998]LogModuleManager: Shutting down and abandoning module AlembicImporter (300)
[2017.12.25-12.26.51:049][998]LogModuleManager: Shutting down and abandoning module AlembicLibrary (299)
[2017.12.25-12.26.51:049][998]LogModuleManager: Shutting down and abandoning module GeometryCache (298)
[2017.12.25-12.26.51:067][998]LogModuleManager: Shutting down and abandoning module GeometryCacheEd (297)
[2017.12.25-12.26.51:067][998]LogModuleManager: Shutting down and abandoning module SpeedTreeImporter (292)
[2017.12.25-12.26.51:067][998]LogModuleManager: Shutting down and abandoning module PluginBrowser (290)
[2017.12.25-12.26.51:096][998]LogModuleManager: Shutting down and abandoning module MobileLauncherProfileWizard (288)
[2017.12.25-12.26.51:112][998]LogModuleManager: Shutting down and abandoning module VisualStudioSourceCodeAccess (286)
[2017.12.25-12.26.51:112][998]LogModuleManager: Shutting down and abandoning module VisualStudioCodeSourceCodeAccess (284)
[2017.12.25-12.26.51:112][998]LogModuleManager: Shutting down and abandoning module UObjectPlugin (282)
[2017.12.25-12.26.51:112][998]LogModuleManager: Shutting down and abandoning module SubversionSourceControl (280)
[2017.12.25-12.26.51:125][998]LogModuleManager: Shutting down and abandoning module PerforceSourceControl (278)
[2017.12.25-12.26.51:143][998]LogModuleManager: Shutting down and abandoning module GitSourceControl (276)
[2017.12.25-12.26.51:152][998]LogModuleManager: Shutting down and abandoning module SourceControl (275)
[2017.12.25-12.26.51:170][998]LogModuleManager: Shutting down and abandoning module LightPropagationVolumeEditor (272)
[2017.12.25-12.26.51:170][998]LogModuleManager: Shutting down and abandoning module PaperTiledImporter (270)
[2017.12.25-12.26.51:170][998]LogModuleManager: Shutting down and abandoning module PaperSpriteSheetImporter (268)
[2017.12.25-12.26.51:170][998]LogModuleManager: Shutting down and abandoning module Paper2DEditor (266)
[2017.12.25-12.26.51:198][998]LogModuleManager: Shutting down and abandoning module MeshPaint (265)
[2017.12.25-12.26.51:207][998]LogModuleManager: Shutting down and abandoning module LevelEditor (263)
[2017.12.25-12.26.51:243][998]LogModuleManager: Shutting down and abandoning module PixelInspectorModule (262)
[2017.12.25-12.26.51:264][998]LogModuleManager: Shutting down and abandoning module MainFrame (260)
[2017.12.25-12.26.51:264][998]LogModuleManager: Shutting down and abandoning module HotReload (259)
[2017.12.25-12.26.51:272][998]LogDirectoryWatcher: A directory notification for 'C:/UE4/DialogueGame/Binaries/Win64' was aborted.
[2017.12.25-12.26.51:305][998]LogModuleManager: Shutting down and abandoning module DialogueGame (254)
[2017.12.25-12.26.51:306][998]LogModuleManager: Shutting down and abandoning module RuntimePhysXCooking (252)
[2017.12.25-12.26.51:306][998]LogModuleManager: Shutting down and abandoning module PhysXVehiclesEditor (250)
[2017.12.25-12.26.51:306][998]LogModuleManager: Shutting down and abandoning module PhysXVehicles (248)
[2017.12.25-12.26.51:306][998]LogModuleManager: Shutting down and abandoning module OculusEditor (246)
[2017.12.25-12.26.51:306][998]LogModuleManager: Shutting down and abandoning module LocationServicesBPLibrary (244)
[2017.12.25-12.26.51:306][998]LogModuleManager: Shutting down and abandoning module ImmediatePhysicsEditor (242)
[2017.12.25-12.26.51:306][998]LogModuleManager: Shutting down and abandoning module ImmediatePhysics (240)
[2017.12.25-12.26.51:321][998]LogModuleManager: Shutting down and abandoning module UdpMessaging (238)
[2017.12.25-12.26.51:439][998]LogModuleManager: Shutting down and abandoning module TcpMessaging (236)
[2017.12.25-12.26.51:552][998]LogModuleManager: Shutting down and abandoning module GameplayTagsEditor (234)
[2017.12.25-12.26.51:574][998]LogModuleManager: Shutting down and abandoning module FacialAnimationEditor (232)
[2017.12.25-12.26.51:574][998]LogModuleManager: Shutting down and abandoning module FacialAnimation (230)
[2017.12.25-12.26.51:574][998]LogModuleManager: Shutting down and abandoning module AssetManagerEditor (228)
[2017.12.25-12.26.51:595][998]LogModuleManager: Shutting down and abandoning module GraphEditor (227)
[2017.12.25-12.26.51:595][998]LogModuleManager: Shutting down and abandoning module ContentBrowser (225)
[2017.12.25-12.26.51:597][998]LogModuleManager: Shutting down and abandoning module LightPropagationVolumeRuntime (222)
[2017.12.25-12.26.51:597][998]LogModuleManager: Shutting down and abandoning module Paper2D (220)
[2017.12.25-12.26.51:597][998]LogModuleManager: Shutting down and abandoning module WindowsMoviePlayer (218)
[2017.12.25-12.26.51:616][998]LogModuleManager: Shutting down and abandoning module WmfMedia (216)
[2017.12.25-12.26.51:656][998]LogModuleManager: Shutting down and abandoning module ImgMedia (214)
[2017.12.25-12.26.51:656][998]LogModuleManager: Shutting down and abandoning module PacketHandler (212)
[2017.12.25-12.26.51:656][998]LogModuleManager: Shutting down and abandoning module ClothingSystemEditor (210)
[2017.12.25-12.26.51:669][998]LogModuleManager: Shutting down and abandoning module ClothingSystemRuntime (208)
[2017.12.25-12.26.51:694][998]LogModuleManager: Shutting down and abandoning module MediaAssets (206)
[2017.12.25-12.26.51:694][998]LogModuleManager: Shutting down and abandoning module Media (205)
[2017.12.25-12.26.51:699][998]LogModuleManager: Shutting down and abandoning module Overlay (202)
[2017.12.25-12.26.51:699][998]LogModuleManager: Shutting down and abandoning module OverlayEditor (201)
[2017.12.25-12.26.51:699][998]LogModuleManager: Shutting down and abandoning module VREditor (198)
[2017.12.25-12.26.51:732][998]LogModuleManager: Shutting down and abandoning module StringTableEditor (196)
[2017.12.25-12.26.51:750][998]LogModuleManager: Shutting down and abandoning module GameplayTasksEditor (194)
[2017.12.25-12.26.51:750][998]LogModuleManager: Shutting down and abandoning module BehaviorTreeEditor (192)
[2017.12.25-12.26.51:795][998]LogModuleManager: Shutting down and abandoning module FunctionalTesting (190)
[2017.12.25-12.26.51:815][998]LogModuleManager: Shutting down and abandoning module CollisionAnalyzer (188)
[2017.12.25-12.26.51:833][998]LogModuleManager: Shutting down and abandoning module WorkspaceMenuStructure (187)
[2017.12.25-12.26.51:833][998]LogModuleManager: Shutting down and abandoning module UMG (184)
[2017.12.25-12.26.51:851][998]LogModuleManager: Shutting down and abandoning module UMGEditor (183)
[2017.12.25-12.26.51:851][998]LogModuleManager: Shutting down and abandoning module Sequencer (182)
[2017.12.25-12.26.51:851][998]LogModuleManager: Shutting down and abandoning module MessageLog (179)
[2017.12.25-12.26.51:851][998]LogModuleManager: Shutting down and abandoning module SlateReflector (174)
[2017.12.25-12.26.51:883][998]LogModuleManager: Shutting down and abandoning module Slate (172)
[2017.12.25-12.26.51:883][998]LogModuleManager: Shutting down and abandoning module EditorStyle (170)
[2017.12.25-12.26.51:907][998]LogModuleManager: Shutting down and abandoning module MRMesh (168)
[2017.12.25-12.26.51:907][998]LogModuleManager: Shutting down and abandoning module SourceCodeAccess (166)
[2017.12.25-12.26.51:907][998]LogModuleManager: Shutting down and abandoning module HeadMountedDisplay (164)
[2017.12.25-12.26.51:907][998]LogModuleManager: Shutting down and abandoning module XAudio2 (162)
[2017.12.25-12.26.51:907][998]LogModuleManager: Shutting down and abandoning module Networking (160)
[2017.12.25-12.26.51:908][998]LogModuleManager: Shutting down and abandoning module Core (156)
[2017.12.25-12.26.51:908][998]LogModuleManager: Shutting down and abandoning module LevelSequence (152)
[2017.12.25-12.26.51:921][998]LogModuleManager: Shutting down and abandoning module DirectoryWatcher (150)
[2017.12.25-12.26.51:932][998]LogModuleManager: Shutting down and abandoning module KismetCompiler (148)
[2017.12.25-12.26.51:932][998]LogModuleManager: Shutting down and abandoning module MeshUtilities (146)
[2017.12.25-12.26.51:953][998]LogModuleManager: Shutting down and abandoning module MeshMergeUtilities (145)
[2017.12.25-12.26.51:974][998]LogModuleManager: Shutting down and abandoning module MeshReductionInterface (144)
[2017.12.25-12.26.51:974][998]LogModuleManager: Shutting down and abandoning module QuadricMeshReduction (143)
[2017.12.25-12.26.51:996][998]LogModuleManager: Shutting down and abandoning module MaterialBaking (139)
[2017.12.25-12.26.52:010][998]LogModuleManager: Shutting down and abandoning module DerivedDataCache (136)
[2017.12.25-12.26.52:113][998]LogDerivedDataCache: Shutdown
[2017.12.25-12.26.52:113][998]LogModuleManager: Shutting down and abandoning module TargetPlatform (134)
[2017.12.25-12.26.52:129][998]LogModuleManager: Shutting down and abandoning module VulkanShaderFormat (133)
[2017.12.25-12.26.52:143][998]LogModuleManager: Shutting down and abandoning module ShaderFormatOpenGL (131)
[2017.12.25-12.26.52:150][998]LogModuleManager: Shutting down and abandoning module ShaderFormatD3D (129)
[2017.12.25-12.26.52:168][998]LogModuleManager: Shutting down and abandoning module MetalShaderFormat (127)
[2017.12.25-12.26.52:190][998]LogModuleManager: Shutting down and abandoning module TextureFormatUncompressed (125)
[2017.12.25-12.26.52:191][998]LogModuleManager: Shutting down and abandoning module TextureFormatPVR (123)
[2017.12.25-12.26.52:191][998]LogModuleManager: Shutting down and abandoning module TextureFormatDXT (121)
[2017.12.25-12.26.52:205][998]LogModuleManager: Shutting down and abandoning module TextureFormatIntelISPCTexComp (119)
[2017.12.25-12.26.52:217][998]LogModuleManager: Shutting down and abandoning module TextureFormatASTC (117)
[2017.12.25-12.26.52:218][998]LogModuleManager: Shutting down and abandoning module ImageWrapper (116)
[2017.12.25-12.26.52:218][998]LogModuleManager: Shutting down and abandoning module AudioFormatOpus (113)
[2017.12.25-12.26.52:218][998]LogModuleManager: Shutting down and abandoning module AudioFormatOgg (111)
[2017.12.25-12.26.52:218][998]LogModuleManager: Shutting down and abandoning module AudioFormatADPCM (109)
[2017.12.25-12.26.52:218][998]LogModuleManager: Shutting down and abandoning module TVOSTargetPlatform (107)
[2017.12.25-12.26.52:218][998]LogModuleManager: Shutting down and abandoning module Messaging (105)
[2017.12.25-12.26.52:218][998]LogModuleManager: Shutting down and abandoning module IOSTargetPlatform (103)
[2017.12.25-12.26.52:218][998]LogModuleManager: Shutting down and abandoning module HTML5TargetPlatform (101)
[2017.12.25-12.26.52:230][998]LogModuleManager: Shutting down and abandoning module AndroidTargetPlatform (99)
[2017.12.25-12.26.52:230][998]LogModuleManager: Shutting down and abandoning module Android_PVRTCTargetPlatform (97)
[2017.12.25-12.26.52:230][998]LogModuleManager: Shutting down and abandoning module Android_MultiTargetPlatform (95)
[2017.12.25-12.26.52:230][998]LogModuleManager: Shutting down and abandoning module Android_ETC2TargetPlatform (93)
[2017.12.25-12.26.52:230][998]LogModuleManager: Shutting down and abandoning module Android_ETC1TargetPlatform (91)
[2017.12.25-12.26.52:230][998]LogModuleManager: Shutting down and abandoning module Android_DXTTargetPlatform (89)
[2017.12.25-12.26.52:230][998]LogModuleManager: Shutting down and abandoning module Android_ATCTargetPlatform (87)
[2017.12.25-12.26.52:230][998]LogModuleManager: Shutting down and abandoning module Android_ASTCTargetPlatform (85)
[2017.12.25-12.26.52:230][998]LogModuleManager: Shutting down and abandoning module WindowsTargetPlatform (83)
[2017.12.25-12.26.52:230][998]LogModuleManager: Shutting down and abandoning module WindowsServerTargetPlatform (81)
[2017.12.25-12.26.52:230][998]LogModuleManager: Shutting down and abandoning module WindowsNoEditorTargetPlatform (79)
[2017.12.25-12.26.52:230][998]LogModuleManager: Shutting down and abandoning module WindowsClientTargetPlatform (77)
[2017.12.25-12.26.52:250][998]LogModuleManager: Shutting down and abandoning module MacTargetPlatform (75)
[2017.12.25-12.26.52:259][998]LogModuleManager: Shutting down and abandoning module MacServerTargetPlatform (73)
[2017.12.25-12.26.52:259][998]LogModuleManager: Shutting down and abandoning module MacNoEditorTargetPlatform (71)
[2017.12.25-12.26.52:259][998]LogModuleManager: Shutting down and abandoning module MacClientTargetPlatform (69)
[2017.12.25-12.26.52:259][998]LogModuleManager: Shutting down and abandoning module AllDesktopTargetPlatform (67)
[2017.12.25-12.26.52:259][998]LogModuleManager: Shutting down and abandoning module InputCore (64)
[2017.12.25-12.26.52:259][998]LogModuleManager: Shutting down and abandoning module Settings (62)
[2017.12.25-12.26.52:259][998]LogModuleManager: Shutting down and abandoning module PhysXCooking (60)
[2017.12.25-12.26.52:259][998]LogModuleManager: Shutting down and abandoning module SteamVR (58)
[2017.12.25-12.26.52:259][998]LogModuleManager: Shutting down and abandoning module OculusHMD (56)
[2017.12.25-12.26.52:270][998]LogModuleManager: Shutting down and abandoning module ExampleDeviceProfileSelector (54)
[2017.12.25-12.26.52:270][998]LogModuleManager: Shutting down and abandoning module AppleARKit (52)
[2017.12.25-12.26.52:270][998]LogModuleManager: Shutting down and abandoning module AugmentedReality (51)
[2017.12.25-12.26.52:270][998]LogModuleManager: Shutting down and abandoning module OnlineBlueprintSupport (48)
[2017.12.25-12.26.52:270][998]LogModuleManager: Shutting down and abandoning module OnlineSubsystem (44)
[2017.12.25-12.26.52:314][998]LogModuleManager: Shutting down and abandoning module XMPP (43)
[2017.12.25-12.26.52:332][998]LogModuleManager: Shutting down and abandoning module HTTP (41)
[2017.12.25-12.26.52:332][998]LogHttp: Display: Http module shutting down, but needs to wait on 1 outstanding Http requests:
[2017.12.25-12.26.52:348][998]LogHttp: Display: 	verb=[POST] url=[https://datarouter.ol.epicgames.com/datarouter/api/v1/public/data?SessionID=%7BA264A1E4-41F7-90FA-1D58-B889B11296CD%7D&AppID=UEEditor.UnrealEngine.Release&AppVersion=4.18.2-0%2B%2B%2BUE4%2BRelease-4.18&UserID=019286bf4e75ab8d01f77fb18e2e1e72%7Cdbacde7fbb294fd5bf5cbe063705eeca%7Cfdc4124f-6b4e-4ec1-bec0-664f9b3f18f2&AppEnvironment=datacollector-source&UploadType=eteventstream] status=Processing
[2017.12.25-12.26.52:411][998]LogModuleManager: Shutting down and abandoning module SSL (40)
[2017.12.25-12.26.52:478][998]LogModuleManager: Shutting down and abandoning module AnimationModifiers (36)
[2017.12.25-12.26.52:489][998]LogModuleManager: Shutting down and abandoning module PropertyEditor (35)
[2017.12.25-12.26.52:489][998]LogModuleManager: Shutting down and abandoning module AudioEditor (32)
[2017.12.25-12.26.52:537][998]LogModuleManager: Shutting down and abandoning module TextureCompressor (30)
[2017.12.25-12.26.52:600][998]LogModuleManager: Shutting down and abandoning module ShaderCore (28)
[2017.12.25-12.26.52:600][998]LogModuleManager: Shutting down and abandoning module Landscape (26)
[2017.12.25-12.26.52:600][998]LogModuleManager: Shutting down and abandoning module SlateRHIRenderer (24)
[2017.12.25-12.26.52:695][998]LogModuleManager: Shutting down and abandoning module OpenGLDrv (22)
[2017.12.25-12.26.52:716][998]LogModuleManager: Shutting down and abandoning module D3D11RHI (20)
[2017.12.25-12.26.52:716][998]LogModuleManager: Shutting down and abandoning module AnimGraphRuntime (18)
[2017.12.25-12.26.52:732][998]LogModuleManager: Shutting down and abandoning module Renderer (16)
[2017.12.25-12.26.52:732][998]LogModuleManager: Shutting down and abandoning module Engine (14)
[2017.12.25-12.26.52:732][998]LogModuleManager: Shutting down and abandoning module CoreUObject (12)
[2017.12.25-12.26.52:732][998]LogModuleManager: Shutting down and abandoning module NetworkFile (10)
[2017.12.25-12.26.52:744][998]LogModuleManager: Shutting down and abandoning module CookedIterativeFile (8)
[2017.12.25-12.26.52:744][998]LogModuleManager: Shutting down and abandoning module StreamingFile (6)
[2017.12.25-12.26.52:761][998]LogModuleManager: Shutting down and abandoning module SandboxFile (4)
[2017.12.25-12.26.52:774][998]LogModuleManager: Shutting down and abandoning module PakFile (2)
[2017.12.25-12.26.52:808][998]LogExit: Exiting.
[2017.12.25-12.26.53:213][998]Log file closed, 12/25/17 14:26:53
