Log file open, 01/08/18 18:56:51
LogWindows: Failed to load 'aqProf.dll' (GetLastError=126)
LogWindows: File 'aqProf.dll' does not exist
LogWindows: Failed to load 'VtuneApi.dll' (GetLastError=126)
LogWindows: File 'VtuneApi.dll' does not exist
LogWindows: Failed to load 'VtuneApi32e.dll' (GetLastError=126)
LogWindows: File 'VtuneApi32e.dll' does not exist
LogInit: Display: Running engine for game: DialogueGame
LogPlatformFile: Not using cached read wrapper
LogInit: Display: RandInit(410330203) SRandInit(410330203).
LogInit: Read version file with build ID 'bd71dceb-4ed3-4f01-8d05-e9b13c29cd62'
LogInit: Registered custom module enumerator with build ID 'bd71dceb-4ed3-4f01-8d05-e9b13c29cd62'
LogTaskGraph: Started task graph with 5 named threads and 8 total threads with 3 sets of task threads.
LogStats: Stats thread started at 0.294969
LogD3D11RHI: Aftermath initialized
LogPluginManager: Mounting plugin Paper2D
LogPluginManager: Mounting plugin LightPropagationVolume
LogPluginManager: Mounting plugin CodeLiteSourceCodeAccess
LogPluginManager: Mounting plugin GitSourceControl
LogPluginManager: Mounting plugin KDevelopSourceCodeAccess
LogPluginManager: Mounting plugin NullSourceCodeAccess
LogPluginManager: Mounting plugin PerforceSourceControl
LogPluginManager: Mounting plugin SubversionSourceControl
LogPluginManager: Mounting plugin UObjectPlugin
LogPluginManager: Mounting plugin VisualStudioCodeSourceCodeAccess
LogPluginManager: Mounting plugin VisualStudioSourceCodeAccess
LogPluginManager: Mounting plugin XCodeSourceCodeAccess
LogPluginManager: Mounting plugin AssetManagerEditor
LogPluginManager: Mounting plugin AudioCapture
LogPluginManager: Mounting plugin FacialAnimation
LogPluginManager: Mounting plugin GameplayTagsEditor
LogPluginManager: Mounting plugin MobileLauncherProfileWizard
LogPluginManager: Mounting plugin PluginBrowser
LogPluginManager: Mounting plugin SpeedTreeImporter
LogPluginManager: Mounting plugin AlembicImporter
LogPluginManager: Mounting plugin CharacterAI
LogPluginManager: Mounting plugin HTML5Networking
LogPluginManager: Mounting plugin AndroidMedia
LogPluginManager: Mounting plugin AvfMedia
LogPluginManager: Mounting plugin ImgMedia
LogPluginManager: Mounting plugin MediaCompositing
LogPluginManager: Mounting plugin MediaPlayerEditor
LogPluginManager: Mounting plugin WmfMedia
LogPluginManager: Mounting plugin TcpMessaging
LogPluginManager: Mounting plugin UdpMessaging
LogPluginManager: Mounting plugin ActorSequence
LogPluginManager: Mounting plugin LevelSequenceEditor
LogPluginManager: Mounting plugin MatineeToLevelSequence
LogPluginManager: Mounting plugin OnlineSubsystemGooglePlay
LogPluginManager: Mounting plugin OnlineSubsystemIOS
LogPluginManager: Mounting plugin OnlineSubsystem
LogPluginManager: Mounting plugin OnlineSubsystemNull
LogPluginManager: Mounting plugin OnlineSubsystemUtils
LogPluginManager: Mounting plugin AndroidDeviceProfileSelector
LogPluginManager: Mounting plugin AndroidMoviePlayer
LogPluginManager: Mounting plugin AndroidPermission
LogPluginManager: Mounting plugin AppleARKit
LogPluginManager: Mounting plugin AppleMoviePlayer
LogPluginManager: Mounting plugin ArchVisCharacter
LogPluginManager: Mounting plugin CableComponent
LogPluginManager: Mounting plugin CustomMeshComponent
LogPluginManager: Mounting plugin ExampleDeviceProfileSelector
LogPluginManager: Mounting plugin GoogleCloudMessaging
LogPluginManager: Mounting plugin ImmediatePhysics
LogPluginManager: Mounting plugin IOSDeviceProfileSelector
LogPluginManager: Mounting plugin LinuxDeviceProfileSelector
LogPluginManager: Mounting plugin LocationServicesBPLibrary
LogPluginManager: Mounting plugin MobilePatchingUtils
LogPluginManager: Mounting plugin OculusVR
LogPluginManager: Plugin shader directory ../../../Engine/Plugins/Runtime/Oculus/OculusVR/Shaders found
LogPluginManager: Mapping shader source directory ../../../Engine/Plugins/Runtime/Oculus/OculusVR/Shaders to virtual directory /Plugin/OculusVR
LogPluginManager: Mounting plugin PhysXVehicles
LogPluginManager: Mounting plugin ProceduralMeshComponent
LogPluginManager: Mounting plugin RuntimePhysXCooking
LogPluginManager: Mounting plugin SteamVR
LogPluginManager: Mounting plugin WindowsMoviePlayer
LogModuleManager: Display: Found up-to-date module file ../../../DialogueGame/Binaries/Win64/UE4Editor-DialogueGame.dll (API version 0).
LogModuleManager: Display: Found up-to-date module file ../../../Engine/Plugins/2D/Paper2D/Binaries/Win64/UE4Editor-Paper2D.dll (API version 0).
LogModuleManager: Display: Found up-to-date module file ../../../Engine/Plugins/2D/Paper2D/Binaries/Win64/UE4Editor-Paper2DEditor.dll (API version 0).
LogModuleManager: Display: Found up-to-date module file ../../../Engine/Plugins/2D/Paper2D/Binaries/Win64/UE4Editor-PaperSpriteSheetImporter.dll (API version 0).
LogModuleManager: Display: Found up-to-date module file ../../../Engine/Plugins/2D/Paper2D/Binaries/Win64/UE4Editor-PaperTiledImporter.dll (API version 0).
LogModuleManager: Display: Found up-to-date module file ../../../Engine/Plugins/2D/Paper2D/Binaries/Win64/UE4Editor-SmartSnapping.dll (API version 0).
LogModuleManager: Display: Found up-to-date module file ../../../Engine/Plugins/Blendables/LightPropagationVolume/Binaries/Win64/UE4Editor-LightPropagationVolumeRuntime.dll (API version 0).
LogModuleManager: Display: Found up-to-date module file ../../../Engine/Plugins/Blendables/LightPropagationVolume/Binaries/Win64/UE4Editor-LightPropagationVolumeEditor.dll (API version 0).
LogModuleManager: Display: Found up-to-date module file ../../../Engine/Plugins/Developer/GitSourceControl/Binaries/Win64/UE4Editor-GitSourceControl.dll (API version 0).
LogModuleManager: Display: Found up-to-date module file ../../../Engine/Plugins/Developer/PerforceSourceControl/Binaries/Win64/UE4Editor-PerforceSourceControl.dll (API version 0).
LogModuleManager: Display: Found up-to-date module file ../../../Engine/Plugins/Developer/SubversionSourceControl/Binaries/Win64/UE4Editor-SubversionSourceControl.dll (API version 0).
LogModuleManager: Display: Found up-to-date module file ../../../Engine/Plugins/Developer/UObjectPlugin/Binaries/Win64/UE4Editor-UObjectPlugin.dll (API version 0).
LogModuleManager: Display: Found up-to-date module file ../../../Engine/Plugins/Developer/VisualStudioCodeSourceCodeAccess/Binaries/Win64/UE4Editor-VisualStudioCodeSourceCodeAccess.dll (API version 0).
LogModuleManager: Display: Found up-to-date module file ../../../Engine/Plugins/Developer/VisualStudioSourceCodeAccess/Binaries/Win64/UE4Editor-VisualStudioSourceCodeAccess.dll (API version 0).
LogModuleManager: Display: Found up-to-date module file ../../../Engine/Plugins/Editor/AssetManagerEditor/Binaries/Win64/UE4Editor-AssetManagerEditor.dll (API version 0).
LogModuleManager: Display: Found up-to-date module file ../../../Engine/Plugins/Editor/AudioCapture/Binaries/Win64/UE4Editor-AudioCapture.dll (API version 0).
LogModuleManager: Display: Found up-to-date module file ../../../Engine/Plugins/Editor/FacialAnimation/Binaries/Win64/UE4Editor-FacialAnimation.dll (API version 0).
LogModuleManager: Display: Found up-to-date module file ../../../Engine/Plugins/Editor/FacialAnimation/Binaries/Win64/UE4Editor-FacialAnimationEditor.dll (API version 0).
LogModuleManager: Display: Found up-to-date module file ../../../Engine/Plugins/Editor/GameplayTagsEditor/Binaries/Win64/UE4Editor-GameplayTagsEditor.dll (API version 0).
LogModuleManager: Display: Found up-to-date module file ../../../Engine/Plugins/Editor/MobileLauncherProfileWizard/Binaries/Win64/UE4Editor-MobileLauncherProfileWizard.dll (API version 0).
LogModuleManager: Display: Found up-to-date module file ../../../Engine/Plugins/Editor/PluginBrowser/Binaries/Win64/UE4Editor-PluginBrowser.dll (API version 0).
LogModuleManager: Display: Found up-to-date module file ../../../Engine/Plugins/Editor/SpeedTreeImporter/Binaries/Win64/UE4Editor-SpeedTreeImporter.dll (API version 0).
LogModuleManager: Display: Found up-to-date module file ../../../Engine/Plugins/Experimental/AlembicImporter/Binaries/Win64/UE4Editor-AlembicImporter.dll (API version 0).
LogModuleManager: Display: Found up-to-date module file ../../../Engine/Plugins/Experimental/AlembicImporter/Binaries/Win64/UE4Editor-AlembicLibrary.dll (API version 0).
LogModuleManager: Display: Found up-to-date module file ../../../Engine/Plugins/Experimental/CharacterAI/Binaries/Win64/UE4Editor-CharacterAI.dll (API version 0).
LogModuleManager: Display: Found up-to-date module file ../../../Engine/Plugins/Experimental/HTML5Networking/Binaries/Win64/UE4Editor-HTML5Networking.dll (API version 0).
LogModuleManager: Display: Found up-to-date module file ../../../Engine/Plugins/Media/AndroidMedia/Binaries/Win64/UE4Editor-AndroidMediaEditor.dll (API version 0).
LogModuleManager: Display: Found up-to-date module file ../../../Engine/Plugins/Media/AndroidMedia/Binaries/Win64/UE4Editor-AndroidMediaFactory.dll (API version 0).
LogModuleManager: Display: Found up-to-date module file ../../../Engine/Plugins/Media/AvfMedia/Binaries/Win64/UE4Editor-AvfMediaEditor.dll (API version 0).
LogModuleManager: Display: Found up-to-date module file ../../../Engine/Plugins/Media/AvfMedia/Binaries/Win64/UE4Editor-AvfMediaFactory.dll (API version 0).
LogModuleManager: Display: Found up-to-date module file ../../../Engine/Plugins/Media/AvfMedia/Binaries/Win64/UE4Editor-AvfMediaFactory.dll (API version 0).
LogModuleManager: Display: Found up-to-date module file ../../../Engine/Plugins/Media/ImgMedia/Binaries/Win64/UE4Editor-ImgMedia.dll (API version 0).
LogModuleManager: Display: Found up-to-date module file ../../../Engine/Plugins/Media/ImgMedia/Binaries/Win64/UE4Editor-ImgMediaEditor.dll (API version 0).
LogModuleManager: Display: Found up-to-date module file ../../../Engine/Plugins/Media/ImgMedia/Binaries/Win64/UE4Editor-ImgMediaFactory.dll (API version 0).
LogModuleManager: Display: Found up-to-date module file ../../../Engine/Plugins/Media/ImgMedia/Binaries/Win64/UE4Editor-ImgMediaFactory.dll (API version 0).
LogModuleManager: Display: Found up-to-date module file ../../../Engine/Plugins/Media/ImgMedia/Binaries/Win64/UE4Editor-OpenExrWrapper.dll (API version 0).
LogModuleManager: Display: Found up-to-date module file ../../../Engine/Plugins/Media/MediaCompositing/Binaries/Win64/UE4Editor-MediaCompositing.dll (API version 0).
LogModuleManager: Display: Found up-to-date module file ../../../Engine/Plugins/Media/MediaCompositing/Binaries/Win64/UE4Editor-MediaCompositingEditor.dll (API version 0).
LogModuleManager: Display: Found up-to-date module file ../../../Engine/Plugins/Media/MediaPlayerEditor/Binaries/Win64/UE4Editor-MediaPlayerEditor.dll (API version 0).
LogModuleManager: Display: Found up-to-date module file ../../../Engine/Plugins/Media/WmfMedia/Binaries/Win64/UE4Editor-WmfMedia.dll (API version 0).
LogModuleManager: Display: Found up-to-date module file ../../../Engine/Plugins/Media/WmfMedia/Binaries/Win64/UE4Editor-WmfMediaEditor.dll (API version 0).
LogModuleManager: Display: Found up-to-date module file ../../../Engine/Plugins/Media/WmfMedia/Binaries/Win64/UE4Editor-WmfMediaFactory.dll (API version 0).
LogModuleManager: Display: Found up-to-date module file ../../../Engine/Plugins/Media/WmfMedia/Binaries/Win64/UE4Editor-WmfMediaFactory.dll (API version 0).
LogModuleManager: Display: Found up-to-date module file ../../../Engine/Plugins/Messaging/TcpMessaging/Binaries/Win64/UE4Editor-TcpMessaging.dll (API version 0).
LogModuleManager: Display: Found up-to-date module file ../../../Engine/Plugins/Messaging/UdpMessaging/Binaries/Win64/UE4Editor-UdpMessaging.dll (API version 0).
LogModuleManager: Display: Found up-to-date module file ../../../Engine/Plugins/MovieScene/ActorSequence/Binaries/Win64/UE4Editor-ActorSequence.dll (API version 0).
LogModuleManager: Display: Found up-to-date module file ../../../Engine/Plugins/MovieScene/LevelSequenceEditor/Binaries/Win64/UE4Editor-LevelSequenceEditor.dll (API version 0).
LogModuleManager: Display: Found up-to-date module file ../../../Engine/Plugins/MovieScene/MatineeToLevelSequence/Binaries/Win64/UE4Editor-MatineeToLevelSequence.dll (API version 0).
LogModuleManager: Display: Found up-to-date module file ../../../Engine/Plugins/Online/OnlineSubsystem/Binaries/Win64/UE4Editor-OnlineSubsystem.dll (API version 0).
LogModuleManager: Display: Found up-to-date module file ../../../Engine/Plugins/Online/OnlineSubsystemNull/Binaries/Win64/UE4Editor-OnlineSubsystemNull.dll (API version 0).
LogModuleManager: Display: Found up-to-date module file ../../../Engine/Plugins/Online/OnlineSubsystemUtils/Binaries/Win64/UE4Editor-OnlineSubsystemUtils.dll (API version 0).
LogModuleManager: Display: Found up-to-date module file ../../../Engine/Plugins/Online/OnlineSubsystemUtils/Binaries/Win64/UE4Editor-OnlineBlueprintSupport.dll (API version 0).
LogModuleManager: Display: Found up-to-date module file ../../../Engine/Plugins/Runtime/AndroidDeviceProfileSelector/Binaries/Win64/UE4Editor-AndroidDeviceProfileSelector.dll (API version 0).
LogModuleManager: Display: Found up-to-date module file ../../../Engine/Plugins/Runtime/AndroidPermission/Binaries/Win64/UE4Editor-AndroidPermission.dll (API version 0).
LogModuleManager: Display: Found up-to-date module file ../../../Engine/Plugins/Runtime/AppleARKit/Binaries/Win64/UE4Editor-AppleARKit.dll (API version 0).
LogModuleManager: Display: Found up-to-date module file ../../../Engine/Plugins/Runtime/ArchVisCharacter/Binaries/Win64/UE4Editor-ArchVisCharacter.dll (API version 0).
LogModuleManager: Display: Found up-to-date module file ../../../Engine/Plugins/Runtime/CableComponent/Binaries/Win64/UE4Editor-CableComponent.dll (API version 0).
LogModuleManager: Display: Found up-to-date module file ../../../Engine/Plugins/Runtime/CustomMeshComponent/Binaries/Win64/UE4Editor-CustomMeshComponent.dll (API version 0).
LogModuleManager: Display: Found up-to-date module file ../../../Engine/Plugins/Runtime/ExampleDeviceProfileSelector/Binaries/Win64/UE4Editor-ExampleDeviceProfileSelector.dll (API version 0).
LogModuleManager: Display: Found up-to-date module file ../../../Engine/Plugins/Runtime/ImmediatePhysics/Binaries/Win64/UE4Editor-ImmediatePhysics.dll (API version 0).
LogModuleManager: Display: Found up-to-date module file ../../../Engine/Plugins/Runtime/ImmediatePhysics/Binaries/Win64/UE4Editor-ImmediatePhysicsEditor.dll (API version 0).
LogModuleManager: Display: Found up-to-date module file ../../../Engine/Plugins/Runtime/LocationServicesBPLibrary/Binaries/Win64/UE4Editor-LocationServicesBPLibrary.dll (API version 0).
LogModuleManager: Display: Found up-to-date module file ../../../Engine/Plugins/Runtime/MobilePatchingUtils/Binaries/Win64/UE4Editor-MobilePatchingUtils.dll (API version 0).
LogModuleManager: Display: Found up-to-date module file ../../../Engine/Plugins/Runtime/Oculus/OculusVR/Binaries/Win64/UE4Editor-OculusHMD.dll (API version 0).
LogModuleManager: Display: Found up-to-date module file ../../../Engine/Plugins/Runtime/Oculus/OculusVR/Binaries/Win64/UE4Editor-OculusInput.dll (API version 0).
LogModuleManager: Display: Found up-to-date module file ../../../Engine/Plugins/Runtime/Oculus/OculusVR/Binaries/Win64/UE4Editor-OculusEditor.dll (API version 0).
LogModuleManager: Display: Found up-to-date module file ../../../Engine/Plugins/Runtime/PhysXVehicles/Binaries/Win64/UE4Editor-PhysXVehicles.dll (API version 0).
LogModuleManager: Display: Found up-to-date module file ../../../Engine/Plugins/Runtime/PhysXVehicles/Binaries/Win64/UE4Editor-PhysXVehiclesEditor.dll (API version 0).
LogModuleManager: Display: Found up-to-date module file ../../../Engine/Plugins/Runtime/ProceduralMeshComponent/Binaries/Win64/UE4Editor-ProceduralMeshComponent.dll (API version 0).
LogModuleManager: Display: Found up-to-date module file ../../../Engine/Plugins/Runtime/ProceduralMeshComponent/Binaries/Win64/UE4Editor-ProceduralMeshComponentEditor.dll (API version 0).
LogModuleManager: Display: Found up-to-date module file ../../../Engine/Plugins/Runtime/RuntimePhysXCooking/Binaries/Win64/UE4Editor-RuntimePhysXCooking.dll (API version 0).
LogModuleManager: Display: Found up-to-date module file ../../../Engine/Plugins/Runtime/Steam/SteamVR/Binaries/Win64/UE4Editor-SteamVR.dll (API version 0).
LogModuleManager: Display: Found up-to-date module file ../../../Engine/Plugins/Runtime/Steam/SteamVR/Binaries/Win64/UE4Editor-SteamVRController.dll (API version 0).
LogModuleManager: Display: Found up-to-date module file ../../../Engine/Plugins/Runtime/WindowsMoviePlayer/Binaries/Win64/UE4Editor-WindowsMoviePlayer.dll (API version 0).
LogInit: Using libcurl 7.47.1
LogInit:  - built for x86_64-pc-win32
LogInit:  - supports SSL with OpenSSL/1.0.2g
LogInit:  - supports HTTP deflate (compression) using libz 1.2.8
LogInit:  - other features:
LogInit:      CURL_VERSION_SSL
LogInit:      CURL_VERSION_LIBZ
LogInit:      CURL_VERSION_IPV6
LogInit:      CURL_VERSION_ASYNCHDNS
LogInit:      CURL_VERSION_LARGEFILE
LogInit:      CURL_VERSION_IDN
LogInit:  CurlRequestOptions (configurable via config and command line):
LogInit:  - bVerifyPeer = false  - Libcurl will NOT verify peer certificate
LogInit:  - bUseHttpProxy = false  - Libcurl will NOT use HTTP proxy
LogInit:  - bDontReuseConnections = false  - Libcurl will reuse connections
LogInit:  - CertBundlePath = nullptr  - Libcurl will use whatever was configured at build time.
LogInit: Build: ++UE4+Release-4.18-CL-0
LogInit: Engine Version: 4.18.2-0+++UE4+Release-4.18
LogInit: Compatible Engine Version: 4.18.0-0+++UE4+Release-4.18
LogInit: Net CL: 0
LogDevObjectVersion: Number of dev versions registered: 16
LogDevObjectVersion:   Dev-Blueprints (B0D832E4-1F89-4F0D-ACCF-7EB736FD4AA2): 10
LogDevObjectVersion:   Dev-Build (E1C64328-A22C-4D53-A36C-8E866417BD8C): 0
LogDevObjectVersion:   Dev-Core (375EC13C-06E4-48FB-B500-84F0262A717E): 2
LogDevObjectVersion:   Dev-Editor (E4B068ED-F494-42E9-A231-DA0B2E46BB41): 20
LogDevObjectVersion:   Dev-Framework (CFFC743F-43B0-4480-9391-14DF171D2073): 30
LogDevObjectVersion:   Dev-Mobile (B02B49B5-BB20-44E9-A304-32B752E40360): 0
LogDevObjectVersion:   Dev-Networking (A4E4105C-59A1-49B5-A7C5-40C4547EDFEE): 0
LogDevObjectVersion:   Dev-Online (39C831C9-5AE6-47DC-9A44-9C173E1C8E7C): 0
LogDevObjectVersion:   Dev-Physics (78F01B33-EBEA-4F98-B9B4-84EACCB95AA2): 0
LogDevObjectVersion:   Dev-Platform (6631380F-2D4D-43E0-8009-CF276956A95A): 0
LogDevObjectVersion:   Dev-Rendering (12F88B9F-8875-4AFC-A67C-D90C383ABD29): 20
LogDevObjectVersion:   Dev-Sequencer (7B5AE74C-D270-4C10-A958-57980B212A5A): 4
LogDevObjectVersion:   Dev-VR (D7296918-1DD6-4BDD-9DE2-64A83CC13884): 0
LogDevObjectVersion:   Dev-LoadTimes (C2A15278-BFE7-4AFE-6C17-90FF531DF755): 1
LogDevObjectVersion:   Private-Geometry (6EACA3D4-40EC-4CC1-B786-8BED09428FC5): 1
LogDevObjectVersion:   Dev-AnimPhys (29E575DD-E0A3-4627-9D10-D276232CDCEA): 12
LogInit: Compiled (64-bit): Dec 23 2017 00:07:48
LogInit: Compiled with Visual C++: 19.00.24215.01
LogInit: Build Configuration: Development
LogInit: Branch Name: ++UE4+Release-4.18
LogInit: Command line: 
LogInit: Base directory: C:/UE4/Engine/Binaries/Win64/
LogInit: Installed Engine Build: 0
LogInit: Presizing for max 8388607 objects, including 0 objects not considered by GC, pre-allocating 0 bytes for permanent pool.
LogInit: Object subsystem initialized
[2018.01.08-16.56.55:780][  0]LogInit: Selected Device Profile: [Windows]
[2018.01.08-16.56.55:781][  0]LogInit: Applying CVar settings loaded from the selected device profile: [Windows]
[2018.01.08-16.56.55:837][  0]LogInit: Computer: DESKTOP-ARBLL7U
[2018.01.08-16.56.55:838][  0]LogInit: User: Настя
[2018.01.08-16.56.55:838][  0]LogInit: CPU Page size=4096, Cores=2
[2018.01.08-16.56.55:838][  0]LogInit: High frequency timer resolution =2.343748 MHz
[2018.01.08-16.56.55:838][  0]LogMemory: Memory total: Physical=5.9GB (6GB approx)
[2018.01.08-16.56.55:838][  0]LogMemory: Platform Memory Stats for Windows
[2018.01.08-16.56.55:838][  0]LogMemory: Process Physical Memory: 271.98 MB used, 271.98 MB peak
[2018.01.08-16.56.55:838][  0]LogMemory: Process Virtual Memory: 265.27 MB used, 265.27 MB peak
[2018.01.08-16.56.55:838][  0]LogMemory: Physical Memory: 4224.02 MB used,  1815.85 MB free, 6039.86 MB total
[2018.01.08-16.56.55:838][  0]LogMemory: Virtual Memory: 667.57 MB used,  1815.85 MB free, 134217728.00 MB total
[2018.01.08-16.56.56:696][  0]LogInit: Using OS detected language (ru-RU).
[2018.01.08-16.56.56:696][  0]LogInit: Using OS detected locale (ru-RU).
[2018.01.08-16.56.57:064][  0]LogTextLocalizationManager: No localization for 'ru-RU' exists, so 'en' will be used for the language.
[2018.01.08-16.56.57:065][  0]LogTextLocalizationManager: No localization for 'ru-RU' exists, so 'en' will be used for the locale.
[2018.01.08-16.56.58:080][  0]LogInit: Setting process to per monitor DPI aware
[2018.01.08-16.57.06:854][  0]LogD3D11RHI: D3D11 adapters:
[2018.01.08-16.57.07:584][  0]LogD3D11RHI:    0. 'NVIDIA GeForce 940M' (Feature Level 11_0)
[2018.01.08-16.57.07:584][  0]LogD3D11RHI:       2019/0/3019 MB DedicatedVideo/DedicatedSystem/SharedSystem, Outputs:2, VendorId:0x10de
[2018.01.08-16.57.07:703][  0]LogD3D11RHI:    1. 'Intel(R) HD Graphics 520' (Feature Level 11_0)
[2018.01.08-16.57.07:703][  0]LogD3D11RHI:       128/0/3019 MB DedicatedVideo/DedicatedSystem/SharedSystem, Outputs:0, VendorId:0x8086
[2018.01.08-16.57.08:475][  0]LogD3D11RHI:    2. 'Microsoft Basic Render Driver' (Feature Level 11_0)
[2018.01.08-16.57.08:475][  0]LogD3D11RHI:       0/0/3019 MB DedicatedVideo/DedicatedSystem/SharedSystem, Outputs:0, VendorId:0x1414
[2018.01.08-16.57.08:475][  0]LogD3D11RHI: Chosen D3D11 Adapter: 0
[2018.01.08-16.57.08:482][  0]LogD3D11RHI: Creating new Direct3DDevice
[2018.01.08-16.57.08:482][  0]LogD3D11RHI:     GPU DeviceId: 0x1347 (for the marketing name, search the web for "GPU Device Id")
[2018.01.08-16.57.08:482][  0]LogWindows: EnumDisplayDevices:
[2018.01.08-16.57.08:482][  0]LogWindows:    0. 'Intel(R) HD Graphics 520' (P:1 D:1)
[2018.01.08-16.57.08:482][  0]LogWindows:    1. 'Intel(R) HD Graphics 520' (P:0 D:1)
[2018.01.08-16.57.08:483][  0]LogWindows:    2. 'Intel(R) HD Graphics 520' (P:0 D:0)
[2018.01.08-16.57.08:483][  0]LogWindows: DebugString: GetVideoDriverDetailsInvalid PrimaryIsNotTheChoosenAdapter GetVideoDriverDetailsInvalid PrimaryIsNotTheChoosenAdapter GetVideoDriverDetailsInvalid PrimaryIsNotTheChoosenAdapter FoundDriverCount:0 
[2018.01.08-16.57.08:483][  0]LogD3D11RHI:     Adapter Name: NVIDIA GeForce 940M
[2018.01.08-16.57.08:483][  0]LogD3D11RHI:   Driver Version: Unknown (internal:Unknown, unified:Unknown)
[2018.01.08-16.57.08:483][  0]LogD3D11RHI:      Driver Date: Unknown
[2018.01.08-16.57.08:483][  0]LogRHI: Texture pool is 1413 MB (70% of 2019 MB)
[2018.01.08-16.57.08:501][  0]LogD3D11RHI: Async texture creation enabled
[2018.01.08-16.57.08:515][  0]LogD3D11RHI: GPU Timing Frequency: 1000.000000 (Debug: 2 1)
[2018.01.08-16.57.08:516][  0]LogShaderCompilers: Guid format shader working directory is 25 characters bigger than the processId version (../../../DialogueGame/Intermediate/Shaders/WorkingDirectory/7708/).
[2018.01.08-16.57.08:517][  0]LogShaderCompilers: Cleaned the shader compiler working directory 'C:/Users/Настя/AppData/Local/Temp/UnrealShaderWorkingDir/507B097F48B2F297C1253AA48218273F/'.
[2018.01.08-16.57.08:517][  0]LogShaderCompilers: Display: Using Local Shader Compiler.
[2018.01.08-16.57.15:037][  0]LogTemp: Display: Loaded TP AllDesktopTargetPlatform
[2018.01.08-16.57.15:115][  0]LogTemp: Display: Loaded TP MacClientTargetPlatform
[2018.01.08-16.57.15:190][  0]LogTemp: Display: Loaded TP MacNoEditorTargetPlatform
[2018.01.08-16.57.15:259][  0]LogTemp: Display: Loaded TP MacServerTargetPlatform
[2018.01.08-16.57.15:353][  0]LogTemp: Display: Loaded TP MacTargetPlatform
[2018.01.08-16.57.15:515][  0]LogTemp: Display: Loaded TP WindowsClientTargetPlatform
[2018.01.08-16.57.15:600][  0]LogTemp: Display: Loaded TP WindowsNoEditorTargetPlatform
[2018.01.08-16.57.15:665][  0]LogTemp: Display: Loaded TP WindowsServerTargetPlatform
[2018.01.08-16.57.15:763][  0]LogTemp: Display: Loaded TP WindowsTargetPlatform
[2018.01.08-16.57.15:839][  0]LogTemp: Display: Loaded TP Android_ASTCTargetPlatform
[2018.01.08-16.57.15:910][  0]LogTemp: Display: Loaded TP Android_ATCTargetPlatform
[2018.01.08-16.57.16:001][  0]LogTemp: Display: Loaded TP Android_DXTTargetPlatform
[2018.01.08-16.57.16:073][  0]LogTemp: Display: Loaded TP Android_ETC1TargetPlatform
[2018.01.08-16.57.16:137][  0]LogTemp: Display: Loaded TP Android_ETC2TargetPlatform
[2018.01.08-16.57.16:296][  0]LogTemp: Display: Loaded TP Android_MultiTargetPlatform
[2018.01.08-16.57.16:296][  0]LogTemp: Display: Loaded TP Android_PVRTCTargetPlatform
[2018.01.08-16.57.16:405][  0]LogTemp: Display: Loaded TP AndroidTargetPlatform
[2018.01.08-16.57.16:453][  0]LogTemp: Display: Loaded TP HTML5TargetPlatform
[2018.01.08-16.57.16:658][  0]LogTemp: Display: Loaded TP IOSTargetPlatform
[2018.01.08-16.57.16:690][  0]LogTemp: Display: Loaded TP TVOSTargetPlatform
[2018.01.08-16.57.16:690][  0]LogTargetPlatformManager: Display: Building Assets For Windows
[2018.01.08-16.57.18:123][  0]LogDerivedDataCache: Display: Max Cache Size: 512 MB
[2018.01.08-16.57.18:215][  0]LogDerivedDataCache: Loaded boot cache 0.09s 79MB ../../../DialogueGame/DerivedDataCache/Boot.ddc.
[2018.01.08-16.57.18:215][  0]LogDerivedDataCache: Display: Loaded Boot cache: ../../../DialogueGame/DerivedDataCache/Boot.ddc
[2018.01.08-16.57.18:215][  0]LogDerivedDataCache: FDerivedDataBackendGraph:  Pak pak cache file ../../../DialogueGame/DerivedDataCache/DDC.ddp not found, will not use a pak cache.
[2018.01.08-16.57.18:215][  0]LogDerivedDataCache: Unable to find inner node Pak for hierarchical cache Hierarchy.
[2018.01.08-16.57.18:215][  0]LogDerivedDataCache: FDerivedDataBackendGraph:  EnginePak pak cache file ../../../Engine/DerivedDataCache/DDC.ddp not found, will not use a pak cache.
[2018.01.08-16.57.18:215][  0]LogDerivedDataCache: Unable to find inner node EnginePak for hierarchical cache Hierarchy.
[2018.01.08-16.57.18:227][  0]LogDerivedDataCache: Using Local data cache path ../../../Engine/DerivedDataCache: Writable
[2018.01.08-16.57.18:227][  0]LogDerivedDataCache: Shared data cache path not found in *engine.ini, will not use an Shared cache.
[2018.01.08-16.57.18:227][  0]LogDerivedDataCache: Unable to find inner node Shared for hierarchical cache Hierarchy.
[2018.01.08-16.57.18:239][  0]LogMaterial: Verifying Global Shaders for PCD3D_SM5
[2018.01.08-16.57.18:240][  0]LogSlate: Using Freetype 2.6.0
[2018.01.08-16.57.18:322][  0]LogSlate: SlateFontCache - WITH_FREETYPE: 1, WITH_HARFBUZZ: 1
[2018.01.08-16.57.18:322][  0]LogSlate: SlateFontCache - WITH_FREETYPE: 1, WITH_HARFBUZZ: 1
[2018.01.08-16.57.25:470][  0]LogInit: Selected Device Profile: [Windows]
[2018.01.08-16.57.26:716][  0]LogMeshReduction: Using QuadricMeshReduction for automatic static mesh reduction
[2018.01.08-16.57.26:716][  0]LogMeshReduction: No automatic skeletal mesh reduction module available
[2018.01.08-16.57.26:716][  0]LogMeshReduction: No automatic mesh merging module available
[2018.01.08-16.57.26:716][  0]LogMeshReduction: No distributed automatic mesh merging module available
[2018.01.08-16.57.26:716][  0]LogMeshMerging: No automatic mesh merging module available
[2018.01.08-16.57.26:716][  0]LogMeshMerging: No distributed automatic mesh merging module available
[2018.01.08-16.57.26:896][  0]LogNetVersion: DialogueGame , NetCL: 0, EngineNetVer: 2, GameNetVer: 0 (Checksum: 2771905676)
[2018.01.08-16.57.28:862][  0]LogAssetRegistry: FAssetRegistry took 0.0257 seconds to start up
[2018.01.08-16.57.31:258][  0]LogPackageLocalizationCache: Processed 7 localized package path(s) for 1 prioritized culture(s) in 0.046562 seconds
[2018.01.08-16.57.31:266][  0]LogUObjectArray: 35856 objects as part of root set at end of initial load.
[2018.01.08-16.57.31:266][  0]LogUObjectAllocator: 7364800 out of 0 bytes used by permanent object pool.
[2018.01.08-16.57.31:266][  0]LogUObjectArray: CloseDisregardForGC: 0/0 objects in disregard for GC pool
[2018.01.08-16.57.31:390][  0]LogInit: WinSock: version 1.1 (2.2), MaxSocks=32767, MaxUdp=65467
[2018.01.08-16.57.54:998][  0]LogStreaming: Warning: Failed to read file '../../../Engine/Content/Editor/Slate/Launcher/Mac/Platform_Mac_24x.png' error.
[2018.01.08-16.57.54:998][  0]LogSlate: Could not find file for Slate resource: ../../../Engine/Content/Editor/Slate/Launcher/Mac/Platform_Mac_24x.png
[2018.01.08-16.57.54:998][  0]LogStreaming: Warning: Failed to read file '../../../Engine/Content/Editor/Slate/Launcher/Mac/Platform_Mac_128x.png' error.
[2018.01.08-16.57.54:998][  0]LogSlate: Could not find file for Slate resource: ../../../Engine/Content/Editor/Slate/Launcher/Mac/Platform_Mac_128x.png
[2018.01.08-16.57.54:998][  0]LogStreaming: Warning: Failed to read file '../../../Engine/Content/Editor/Slate/Launcher/Mac/Platform_Mac_128x.png' error.
[2018.01.08-16.57.54:998][  0]LogSlate: Could not find file for Slate resource: ../../../Engine/Content/Editor/Slate/Launcher/Mac/Platform_Mac_128x.png
[2018.01.08-16.57.54:998][  0]LogStreaming: Warning: Failed to read file '../../../Engine/Content/Editor/Slate/Launcher/Mac/Platform_Mac_24x.png' error.
[2018.01.08-16.57.54:998][  0]LogSlate: Could not find file for Slate resource: ../../../Engine/Content/Editor/Slate/Launcher/Mac/Platform_Mac_24x.png
[2018.01.08-16.57.54:998][  0]LogStreaming: Warning: Failed to read file '../../../Engine/Content/Editor/Slate/Launcher/Mac/Platform_Mac_128x.png' error.
[2018.01.08-16.57.54:998][  0]LogSlate: Could not find file for Slate resource: ../../../Engine/Content/Editor/Slate/Launcher/Mac/Platform_Mac_128x.png
[2018.01.08-16.57.54:998][  0]LogStreaming: Warning: Failed to read file '../../../Engine/Content/Editor/Slate/Launcher/Mac/Platform_Mac_128x.png' error.
[2018.01.08-16.57.54:998][  0]LogSlate: Could not find file for Slate resource: ../../../Engine/Content/Editor/Slate/Launcher/Mac/Platform_Mac_128x.png
[2018.01.08-16.57.54:998][  0]LogStreaming: Warning: Failed to read file '../../../Engine/Content/Editor/Slate/Launcher/Mac/Platform_Mac_24x.png' error.
[2018.01.08-16.57.54:998][  0]LogSlate: Could not find file for Slate resource: ../../../Engine/Content/Editor/Slate/Launcher/Mac/Platform_Mac_24x.png
[2018.01.08-16.57.54:998][  0]LogStreaming: Warning: Failed to read file '../../../Engine/Content/Editor/Slate/Launcher/Mac/Platform_Mac_128x.png' error.
[2018.01.08-16.57.54:998][  0]LogSlate: Could not find file for Slate resource: ../../../Engine/Content/Editor/Slate/Launcher/Mac/Platform_Mac_128x.png
[2018.01.08-16.57.54:998][  0]LogStreaming: Warning: Failed to read file '../../../Engine/Content/Editor/Slate/Launcher/Mac/Platform_Mac_128x.png' error.
[2018.01.08-16.57.54:998][  0]LogSlate: Could not find file for Slate resource: ../../../Engine/Content/Editor/Slate/Launcher/Mac/Platform_Mac_128x.png
[2018.01.08-16.57.54:998][  0]LogStreaming: Warning: Failed to read file '../../../Engine/Content/Editor/Slate/Launcher/Mac/Platform_Mac_24x.png' error.
[2018.01.08-16.57.54:998][  0]LogSlate: Could not find file for Slate resource: ../../../Engine/Content/Editor/Slate/Launcher/Mac/Platform_Mac_24x.png
[2018.01.08-16.57.54:998][  0]LogStreaming: Warning: Failed to read file '../../../Engine/Content/Editor/Slate/Launcher/Mac/Platform_Mac_128x.png' error.
[2018.01.08-16.57.54:998][  0]LogSlate: Could not find file for Slate resource: ../../../Engine/Content/Editor/Slate/Launcher/Mac/Platform_Mac_128x.png
[2018.01.08-16.57.54:998][  0]LogStreaming: Warning: Failed to read file '../../../Engine/Content/Editor/Slate/Launcher/Mac/Platform_Mac_128x.png' error.
[2018.01.08-16.57.54:998][  0]LogSlate: Could not find file for Slate resource: ../../../Engine/Content/Editor/Slate/Launcher/Mac/Platform_Mac_128x.png
[2018.01.08-16.57.54:998][  0]LogStreaming: Warning: Failed to read file '../../../Engine/Content/Editor/Slate/Launcher/Linux/Platform_Linux_24x.png' error.
[2018.01.08-16.57.54:998][  0]LogSlate: Could not find file for Slate resource: ../../../Engine/Content/Editor/Slate/Launcher/Linux/Platform_Linux_24x.png
[2018.01.08-16.57.54:998][  0]LogStreaming: Warning: Failed to read file '../../../Engine/Content/Editor/Slate/Launcher/Linux/Platform_Linux_128x.png' error.
[2018.01.08-16.57.54:998][  0]LogSlate: Could not find file for Slate resource: ../../../Engine/Content/Editor/Slate/Launcher/Linux/Platform_Linux_128x.png
[2018.01.08-16.57.54:998][  0]LogStreaming: Warning: Failed to read file '../../../Engine/Content/Editor/Slate/Launcher/Linux/Platform_Linux_128x.png' error.
[2018.01.08-16.57.54:998][  0]LogSlate: Could not find file for Slate resource: ../../../Engine/Content/Editor/Slate/Launcher/Linux/Platform_Linux_128x.png
[2018.01.08-16.57.54:998][  0]LogStreaming: Warning: Failed to read file '../../../Engine/Content/Editor/Slate/Launcher/Linux/Platform_Linux_24x.png' error.
[2018.01.08-16.57.54:998][  0]LogSlate: Could not find file for Slate resource: ../../../Engine/Content/Editor/Slate/Launcher/Linux/Platform_Linux_24x.png
[2018.01.08-16.57.54:998][  0]LogStreaming: Warning: Failed to read file '../../../Engine/Content/Editor/Slate/Launcher/Linux/Platform_Linux_128x.png' error.
[2018.01.08-16.57.54:998][  0]LogSlate: Could not find file for Slate resource: ../../../Engine/Content/Editor/Slate/Launcher/Linux/Platform_Linux_128x.png
[2018.01.08-16.57.54:999][  0]LogStreaming: Warning: Failed to read file '../../../Engine/Content/Editor/Slate/Launcher/Linux/Platform_Linux_128x.png' error.
[2018.01.08-16.57.54:999][  0]LogSlate: Could not find file for Slate resource: ../../../Engine/Content/Editor/Slate/Launcher/Linux/Platform_Linux_128x.png
[2018.01.08-16.57.54:999][  0]LogStreaming: Warning: Failed to read file '../../../Engine/Content/Editor/Slate/Launcher/Linux/Platform_Linux_24x.png' error.
[2018.01.08-16.57.54:999][  0]LogSlate: Could not find file for Slate resource: ../../../Engine/Content/Editor/Slate/Launcher/Linux/Platform_Linux_24x.png
[2018.01.08-16.57.54:999][  0]LogStreaming: Warning: Failed to read file '../../../Engine/Content/Editor/Slate/Launcher/Linux/Platform_Linux_128x.png' error.
[2018.01.08-16.57.54:999][  0]LogSlate: Could not find file for Slate resource: ../../../Engine/Content/Editor/Slate/Launcher/Linux/Platform_Linux_128x.png
[2018.01.08-16.57.54:999][  0]LogStreaming: Warning: Failed to read file '../../../Engine/Content/Editor/Slate/Launcher/Linux/Platform_Linux_128x.png' error.
[2018.01.08-16.57.54:999][  0]LogSlate: Could not find file for Slate resource: ../../../Engine/Content/Editor/Slate/Launcher/Linux/Platform_Linux_128x.png
[2018.01.08-16.57.54:999][  0]LogStreaming: Warning: Failed to read file '../../../Engine/Content/Editor/Slate/Launcher/Linux/Platform_Linux_24x.png' error.
[2018.01.08-16.57.54:999][  0]LogSlate: Could not find file for Slate resource: ../../../Engine/Content/Editor/Slate/Launcher/Linux/Platform_Linux_24x.png
[2018.01.08-16.57.54:999][  0]LogStreaming: Warning: Failed to read file '../../../Engine/Content/Editor/Slate/Launcher/Linux/Platform_Linux_128x.png' error.
[2018.01.08-16.57.54:999][  0]LogSlate: Could not find file for Slate resource: ../../../Engine/Content/Editor/Slate/Launcher/Linux/Platform_Linux_128x.png
[2018.01.08-16.57.54:999][  0]LogStreaming: Warning: Failed to read file '../../../Engine/Content/Editor/Slate/Launcher/Linux/Platform_Linux_128x.png' error.
[2018.01.08-16.57.54:999][  0]LogSlate: Could not find file for Slate resource: ../../../Engine/Content/Editor/Slate/Launcher/Linux/Platform_Linux_128x.png
[2018.01.08-16.57.55:002][  0]LogStreaming: Warning: Failed to read file '../../../Engine/Content/Editor/Slate/Launcher/Android/Platform_Android_24x.png' error.
[2018.01.08-16.57.55:002][  0]LogSlate: Could not find file for Slate resource: ../../../Engine/Content/Editor/Slate/Launcher/Android/Platform_Android_24x.png
[2018.01.08-16.57.55:002][  0]LogStreaming: Warning: Failed to read file '../../../Engine/Content/Editor/Slate/Launcher/Android/Platform_Android_128x.png' error.
[2018.01.08-16.57.55:002][  0]LogSlate: Could not find file for Slate resource: ../../../Engine/Content/Editor/Slate/Launcher/Android/Platform_Android_128x.png
[2018.01.08-16.57.55:002][  0]LogStreaming: Warning: Failed to read file '../../../Engine/Content/Editor/Slate/Launcher/Android/Platform_Android_128x.png' error.
[2018.01.08-16.57.55:002][  0]LogSlate: Could not find file for Slate resource: ../../../Engine/Content/Editor/Slate/Launcher/Android/Platform_Android_128x.png
[2018.01.08-16.57.55:002][  0]LogStreaming: Warning: Failed to read file '../../../Engine/Content/Editor/Slate/Launcher/Android/Platform_Android_24x.png' error.
[2018.01.08-16.57.55:002][  0]LogSlate: Could not find file for Slate resource: ../../../Engine/Content/Editor/Slate/Launcher/Android/Platform_Android_24x.png
[2018.01.08-16.57.55:002][  0]LogStreaming: Warning: Failed to read file '../../../Engine/Content/Editor/Slate/Launcher/Android/Platform_Android_128x.png' error.
[2018.01.08-16.57.55:002][  0]LogSlate: Could not find file for Slate resource: ../../../Engine/Content/Editor/Slate/Launcher/Android/Platform_Android_128x.png
[2018.01.08-16.57.55:002][  0]LogStreaming: Warning: Failed to read file '../../../Engine/Content/Editor/Slate/Launcher/Android/Platform_Android_128x.png' error.
[2018.01.08-16.57.55:002][  0]LogSlate: Could not find file for Slate resource: ../../../Engine/Content/Editor/Slate/Launcher/Android/Platform_Android_128x.png
[2018.01.08-16.57.55:002][  0]LogStreaming: Warning: Failed to read file '../../../Engine/Content/Editor/Slate/Launcher/Android/Platform_Android_ATC_24x.png' error.
[2018.01.08-16.57.55:002][  0]LogSlate: Could not find file for Slate resource: ../../../Engine/Content/Editor/Slate/Launcher/Android/Platform_Android_ATC_24x.png
[2018.01.08-16.57.55:002][  0]LogStreaming: Warning: Failed to read file '../../../Engine/Content/Editor/Slate/Launcher/Android/Platform_Android_128x.png' error.
[2018.01.08-16.57.55:002][  0]LogSlate: Could not find file for Slate resource: ../../../Engine/Content/Editor/Slate/Launcher/Android/Platform_Android_128x.png
[2018.01.08-16.57.55:002][  0]LogStreaming: Warning: Failed to read file '../../../Engine/Content/Editor/Slate/Launcher/Android/Platform_Android_128x.png' error.
[2018.01.08-16.57.55:002][  0]LogSlate: Could not find file for Slate resource: ../../../Engine/Content/Editor/Slate/Launcher/Android/Platform_Android_128x.png
[2018.01.08-16.57.55:002][  0]LogStreaming: Warning: Failed to read file '../../../Engine/Content/Editor/Slate/Launcher/Android/Platform_Android_DXT_24x.png' error.
[2018.01.08-16.57.55:002][  0]LogSlate: Could not find file for Slate resource: ../../../Engine/Content/Editor/Slate/Launcher/Android/Platform_Android_DXT_24x.png
[2018.01.08-16.57.55:002][  0]LogStreaming: Warning: Failed to read file '../../../Engine/Content/Editor/Slate/Launcher/Android/Platform_Android_128x.png' error.
[2018.01.08-16.57.55:002][  0]LogSlate: Could not find file for Slate resource: ../../../Engine/Content/Editor/Slate/Launcher/Android/Platform_Android_128x.png
[2018.01.08-16.57.55:002][  0]LogStreaming: Warning: Failed to read file '../../../Engine/Content/Editor/Slate/Launcher/Android/Platform_Android_128x.png' error.
[2018.01.08-16.57.55:002][  0]LogSlate: Could not find file for Slate resource: ../../../Engine/Content/Editor/Slate/Launcher/Android/Platform_Android_128x.png
[2018.01.08-16.57.55:003][  0]LogStreaming: Warning: Failed to read file '../../../Engine/Content/Editor/Slate/Launcher/Android/Platform_Android_ETC1_24x.png' error.
[2018.01.08-16.57.55:003][  0]LogSlate: Could not find file for Slate resource: ../../../Engine/Content/Editor/Slate/Launcher/Android/Platform_Android_ETC1_24x.png
[2018.01.08-16.57.55:003][  0]LogStreaming: Warning: Failed to read file '../../../Engine/Content/Editor/Slate/Launcher/Android/Platform_Android_128x.png' error.
[2018.01.08-16.57.55:003][  0]LogSlate: Could not find file for Slate resource: ../../../Engine/Content/Editor/Slate/Launcher/Android/Platform_Android_128x.png
[2018.01.08-16.57.55:003][  0]LogStreaming: Warning: Failed to read file '../../../Engine/Content/Editor/Slate/Launcher/Android/Platform_Android_128x.png' error.
[2018.01.08-16.57.55:003][  0]LogSlate: Could not find file for Slate resource: ../../../Engine/Content/Editor/Slate/Launcher/Android/Platform_Android_128x.png
[2018.01.08-16.57.55:003][  0]LogStreaming: Warning: Failed to read file '../../../Engine/Content/Editor/Slate/Launcher/Android/Platform_Android_ETC2_24x.png' error.
[2018.01.08-16.57.55:003][  0]LogSlate: Could not find file for Slate resource: ../../../Engine/Content/Editor/Slate/Launcher/Android/Platform_Android_ETC2_24x.png
[2018.01.08-16.57.55:003][  0]LogStreaming: Warning: Failed to read file '../../../Engine/Content/Editor/Slate/Launcher/Android/Platform_Android_128x.png' error.
[2018.01.08-16.57.55:003][  0]LogSlate: Could not find file for Slate resource: ../../../Engine/Content/Editor/Slate/Launcher/Android/Platform_Android_128x.png
[2018.01.08-16.57.55:003][  0]LogStreaming: Warning: Failed to read file '../../../Engine/Content/Editor/Slate/Launcher/Android/Platform_Android_128x.png' error.
[2018.01.08-16.57.55:003][  0]LogSlate: Could not find file for Slate resource: ../../../Engine/Content/Editor/Slate/Launcher/Android/Platform_Android_128x.png
[2018.01.08-16.57.55:003][  0]LogStreaming: Warning: Failed to read file '../../../Engine/Content/Editor/Slate/Launcher/Android/Platform_Android_PVRTC_24x.png' error.
[2018.01.08-16.57.55:003][  0]LogSlate: Could not find file for Slate resource: ../../../Engine/Content/Editor/Slate/Launcher/Android/Platform_Android_PVRTC_24x.png
[2018.01.08-16.57.55:003][  0]LogStreaming: Warning: Failed to read file '../../../Engine/Content/Editor/Slate/Launcher/Android/Platform_Android_128x.png' error.
[2018.01.08-16.57.55:003][  0]LogSlate: Could not find file for Slate resource: ../../../Engine/Content/Editor/Slate/Launcher/Android/Platform_Android_128x.png
[2018.01.08-16.57.55:003][  0]LogStreaming: Warning: Failed to read file '../../../Engine/Content/Editor/Slate/Launcher/Android/Platform_Android_128x.png' error.
[2018.01.08-16.57.55:003][  0]LogSlate: Could not find file for Slate resource: ../../../Engine/Content/Editor/Slate/Launcher/Android/Platform_Android_128x.png
[2018.01.08-16.57.55:003][  0]LogStreaming: Warning: Failed to read file '../../../Engine/Content/Editor/Slate/Launcher/Android/Platform_Android_ASTC_24x.png' error.
[2018.01.08-16.57.55:003][  0]LogSlate: Could not find file for Slate resource: ../../../Engine/Content/Editor/Slate/Launcher/Android/Platform_Android_ASTC_24x.png
[2018.01.08-16.57.55:003][  0]LogStreaming: Warning: Failed to read file '../../../Engine/Content/Editor/Slate/Launcher/Android/Platform_Android_128x.png' error.
[2018.01.08-16.57.55:003][  0]LogSlate: Could not find file for Slate resource: ../../../Engine/Content/Editor/Slate/Launcher/Android/Platform_Android_128x.png
[2018.01.08-16.57.55:003][  0]LogStreaming: Warning: Failed to read file '../../../Engine/Content/Editor/Slate/Launcher/Android/Platform_Android_128x.png' error.
[2018.01.08-16.57.55:003][  0]LogSlate: Could not find file for Slate resource: ../../../Engine/Content/Editor/Slate/Launcher/Android/Platform_Android_128x.png
[2018.01.08-16.58.02:400][  0]LogTcpMessaging: Initializing TcpMessaging bridge
[2018.01.08-16.58.02:472][  0]LogUdpMessaging: Initializing bridge on interface 0.0.0.0:0 to multicast group 230.0.0.1:6666.
[2018.01.08-16.58.06:012][  0]LogMaterial: Uniform references updated for custom material expression Custom.
[2018.01.08-16.58.06:995][  0]SourceControl: Source control is disabled
[2018.01.08-16.58.06:995][  0]SourceControl: Source control is disabled
[2018.01.08-16.58.07:160][  0]SourceControl: Source control is disabled
[2018.01.08-16.58.07:291][  0]SourceControl: Source control is disabled
[2018.01.08-16.58.09:754][  0]LogAndroidPermission: UAndroidPermissionCallbackProxy::GetInstance
[2018.01.08-16.58.10:223][  0]LogOcInput: OculusInput pre-init called
[2018.01.08-16.58.10:811][  0]LogEngine: Initializing Engine...
[2018.01.08-16.58.10:813][  0]LogHMD: Failed to initialize OpenVR with code 110
[2018.01.08-16.58.11:716][  0]LogStats: UGameplayTagsManager::ConstructGameplayTagTree: Construct from data asset -  0.000 s
[2018.01.08-16.58.11:716][  0]LogStats: UGameplayTagsManager::ConstructGameplayTagTree: GameplayTagTreeChangedEvent.Broadcast -  0.000 s
[2018.01.08-16.58.11:964][  0]LogAIModule: Creating AISystem for world Untitled
[2018.01.08-16.58.12:003][  0]LogInit: XAudio2 using 'Динамики (Realtek High Definition Audio)' : 2 channels at 48 kHz using 32 bits per sample (channel mask 0x3)
[2018.01.08-16.58.12:604][  0]LogInit: FAudioDevice initialized.
[2018.01.08-16.58.12:752][  0]LogDerivedDataCache: Saved boot cache 0.15s 79MB ../../../DialogueGame/DerivedDataCache/Boot.ddc.
[2018.01.08-16.58.12:773][  0]LogInit: Texture streaming: Enabled
[2018.01.08-16.58.13:215][  0]LogEngineSessionManager: EngineSessionManager initialized
[2018.01.08-16.58.13:397][  0]LogInit: Transaction tracking system initialized
[2018.01.08-16.58.14:630][  0]BlueprintLog: New page: Editor Load
[2018.01.08-16.58.17:143][  0]LocalizationService: Localization service is disabled
[2018.01.08-16.58.19:040][  0]LogConsoleResponse: Display: 
[2018.01.08-16.58.21:360][  0]LogCook: Display: Max memory allowance for cook 16384mb min free memory 0mb
[2018.01.08-16.58.21:360][  0]LogCook: Display: Mobile HDR setting 1
[2018.01.08-16.58.21:360][  0]LogGameplayTags: Display: UGameplayTagsManager::DoneAddingNativeTags. DelegateIsBound: 0
[2018.01.08-16.58.21:740][  0]LogFileCache: Scanning file cache for directory 'C:/UE4/DialogueGame/Content/' took 0.02s
[2018.01.08-16.58.24:601][  0]SourceControl: Source control is disabled
[2018.01.08-16.58.24:601][  0]Cmd: MAP LOAD FILE="../../../DialogueGame/Content/DialogueGame_Main/Maps/DialogueGame_P.umap" TEMPLATE=0 SHOWPROGRESS=1 FEATURELEVEL=3
[2018.01.08-16.58.24:680][  0]LightingResults: New page: Lighting Build
[2018.01.08-16.58.24:749][  0]MapCheck: New page: Map Check
[2018.01.08-16.58.24:749][  0]LightingResults: New page: Lighting Build
[2018.01.08-16.58.26:497][  0]LogAIModule: Creating AISystem for world DialogueGame_P
[2018.01.08-16.58.26:881][  0]LogEditorServer: Finished looking for orphan Actors (0.000 secs)
[2018.01.08-16.58.26:913][  0]Cmd: MAP CHECKDEP NOCLEARLOG
[2018.01.08-16.58.26:975][  0]MapCheck: Map check complete: 0 Error(s), 0 Warning(s), took 61.981ms to complete.
[2018.01.08-16.58.26:975][  0]LogFileHelpers: Loading map 'DialogueGame_P' took 2.375
[2018.01.08-16.58.27:645][  0]LogWindowsTextInputMethodSystem: Display: IME system now deactivated.
[2018.01.08-16.58.28:019][  0]LogCollectionManager: Loaded 0 collections in 0.003278 seconds
[2018.01.08-16.58.28:131][  0]LogFileCache: Scanning file cache for directory 'C:/UE4/DialogueGame/Saved/Collections/' took 0.01s
[2018.01.08-16.58.28:132][  0]LogFileCache: Scanning file cache for directory 'C:/UE4/DialogueGame/Content/Developers/Настя/Collections/' took 0.01s
[2018.01.08-16.58.28:132][  0]LogFileCache: Scanning file cache for directory 'C:/UE4/DialogueGame/Content/Collections/' took 0.01s
[2018.01.08-16.58.28:132][  0]LogCollectionManager: Rebuilt the GUID cache for 0 collections in 0.000000 seconds
[2018.01.08-16.58.28:146][  0]LogContentBrowser: Native class hierarchy populated in 0.0124 seconds. Added 2367 classes and 519 folders.
[2018.01.08-16.58.28:253][  0]LogContentBrowser: Native class hierarchy updated for 'WidgetCarousel' in 0.0007 seconds. Added 0 classes and 0 folders.
[2018.01.08-16.58.29:898][  0]LogContentBrowser: Native class hierarchy updated for 'AddContentDialog' in 0.0007 seconds. Added 0 classes and 0 folders.
[2018.01.08-16.58.30:029][  0]LogContentBrowser: Native class hierarchy updated for 'SceneOutliner' in 0.0008 seconds. Added 1 classes and 2 folders.
[2018.01.08-16.58.30:213][  0]LogSlate: Took 0.012572 seconds to synchronously load lazily loaded font '../../../Engine/Content/Slate/Fonts/Roboto-Regular.ttf' (155K)
[2018.01.08-16.58.30:235][  0]LogSlate: Took 0.018740 seconds to synchronously load lazily loaded font '../../../Engine/Content/Slate/Fonts/Roboto-Bold.ttf' (160K)
[2018.01.08-16.58.30:278][  0]LogSlate: Took 0.022306 seconds to synchronously load lazily loaded font '../../../Engine/Content/Editor/Slate/Fonts/FontAwesome.ttf' (139K)
[2018.01.08-16.58.30:729][  0]LogRenderer: Reallocating scene render targets to support 912x432 Format 10 NumSamples 1 (Frame:1).
[2018.01.08-16.58.31:274][  0]LogContentBrowser: Native class hierarchy updated for 'HierarchicalLODOutliner' in 0.0012 seconds. Added 1 classes and 2 folders.
[2018.01.08-16.58.31:274][  0]LogLoad: (Engine Initialization) Total time: 111.26 seconds
[2018.01.08-16.58.31:274][  0]LogLoad: (Engine Initialization) Total Blueprint compile time: 0.00 seconds
[2018.01.08-16.58.31:274][  0]LogExternalProfiler: No external profilers were discovered.  External profiling features will not be available.
[2018.01.08-16.58.31:330][  0]LogContentStreaming: Texture pool size now 1000 MB
[2018.01.08-16.58.31:477][  0]LogSlate: Took 0.016897 seconds to synchronously load lazily loaded font '../../../Engine/Content/Slate/Fonts/Roboto-Light.ttf' (159K)
[2018.01.08-16.58.31:570][  1]LogAssetRegistry: Asset discovery search completed in 62.7312 seconds
[2018.01.08-16.58.31:572][  1]LogCollectionManager: Rebuilt the object cache for 0 collections in 0.000000 seconds (found 0 objects)
[2018.01.08-16.58.31:572][  1]LogCollectionManager: Fixed up redirectors for 0 collections in 0.000065 seconds (updated 0 objects)
[2018.01.08-16.58.32:320][ 32]LogSlate: Took 0.000222 seconds to synchronously load lazily loaded font '../../../Engine/Content/Slate/Fonts/Roboto-Light.ttf' (159K)
[2018.01.08-16.58.45:261][804]LogSlate: Took 0.000163 seconds to synchronously load lazily loaded font '../../../Engine/Content/Slate/Fonts/Roboto-Light.ttf' (159K)
[2018.01.08-16.58.45:760][804]LogSlate: Took 0.000256 seconds to synchronously load lazily loaded font '../../../Engine/Content/Slate/Fonts/Roboto-Regular.ttf' (155K)
[2018.01.08-16.58.45:829][804]LogContentBrowser: Native class hierarchy updated for 'BlueprintGraph' in 0.0014 seconds. Added 116 classes and 0 folders.
[2018.01.08-16.58.47:004][804]LogSlate: Took 0.020090 seconds to synchronously load lazily loaded font '../../../Engine/Content/Editor/Slate/Fonts/Roboto-BoldCondensed.ttf' (158K)
[2018.01.08-16.58.51:149][ 31]LogSlate: Took 0.030158 seconds to synchronously load lazily loaded font '../../../Engine/Content/Editor/Slate/Fonts/Roboto-Italic.ttf' (157K)
[2018.01.08-16.58.57:398][400]LogTemp: Repeating last play command: Selected Viewport
[2018.01.08-16.58.57:609][400]LogBlueprintUserMessages: Early PlayInEditor Detection: Level '/Game/DialogueGame_Main/Maps/DialogueGame_P.DialogueGame_P:PersistentLevel' has LevelScriptBlueprint '/Game/DialogueGame_Main/Maps/DialogueGame_P.DialogueGame_P:PersistentLevel.DialogueGame_P' with GeneratedClass '/Game/DialogueGame_Main/Maps/DialogueGame_P.DialogueGame_P_C' with ClassGeneratedBy '/Game/DialogueGame_Main/Maps/DialogueGame_P.DialogueGame_P:PersistentLevel.DialogueGame_P'
[2018.01.08-16.58.57:619][400]LogPlayLevel: PlayLevel: No blueprints needed recompiling
[2018.01.08-16.58.57:666][400]PIE: New page: PIE session: DialogueGame_P (Jan 8, 2018, 8:58:57 PM)
[2018.01.08-16.58.57:666][400]LogPlayLevel: Creating play world package: /Game/DialogueGame_Main/Maps/UEDPIE_0_DialogueGame_P
[2018.01.08-16.58.57:673][400]LogPlayLevel: PIE: StaticDuplicateObject took: (0.006299s)
[2018.01.08-16.58.57:673][400]LogAIModule: Creating AISystem for world DialogueGame_P
[2018.01.08-16.58.57:674][400]LogPlayLevel: PIE: World Init took: (0.001087s)
[2018.01.08-16.58.57:674][400]LogPlayLevel: PIE: Created PIE world by copying editor world from /Game/DialogueGame_Main/Maps/DialogueGame_P.DialogueGame_P to /Game/DialogueGame_Main/Maps/UEDPIE_0_DialogueGame_P.DialogueGame_P (0.007784s)
[2018.01.08-16.58.57:698][400]LogInit: XAudio2 using 'Динамики (Realtek High Definition Audio)' : 2 channels at 48 kHz using 32 bits per sample (channel mask 0x3)
[2018.01.08-16.58.57:712][400]LogInit: FAudioDevice initialized.
[2018.01.08-16.58.57:758][400]LogLoad: Game class is 'DialogueGameGameMode'
[2018.01.08-16.58.57:759][400]LogWorld: Bringing World /Game/DialogueGame_Main/Maps/UEDPIE_0_DialogueGame_P.DialogueGame_P up for play (max tick rate 60) at 2018.01.08-18.58.57
[2018.01.08-16.58.57:760][400]LogWorld: Bringing up level for play took: 0.002396
[2018.01.08-16.58.57:810][400]LogContentBrowser: Native class hierarchy updated for 'MovieSceneCapture' in 0.0009 seconds. Added 11 classes and 0 folders.
[2018.01.08-16.58.57:832][400]PIE: Play in editor start time for /Game/DialogueGame_Main/Maps/UEDPIE_0_DialogueGame_P -0.308
[2018.01.08-16.58.57:832][400]LogBlueprintUserMessages: Late PlayInEditor Detection: Level '/Game/DialogueGame_Main/Maps/DialogueGame_P.DialogueGame_P:PersistentLevel' has LevelScriptBlueprint '/Game/DialogueGame_Main/Maps/DialogueGame_P.DialogueGame_P:PersistentLevel.DialogueGame_P' with GeneratedClass '/Game/DialogueGame_Main/Maps/DialogueGame_P.DialogueGame_P_C' with ClassGeneratedBy '/Game/DialogueGame_Main/Maps/DialogueGame_P.DialogueGame_P:PersistentLevel.DialogueGame_P'
[2018.01.08-16.59.02:566][674]LogTemp: DisplayDialogueWidget - START 0.100000
[2018.01.08-16.59.02:567][674]LogTemp: DisplayDialogueWidget - STOP 0.100000
[2018.01.08-16.59.07:818][989]LogScript: Warning: Accessed None trying to read property BP_NPC
	Dialogue_UI_C /Engine/Transient.UnrealEdEngine_0:GameInstance_0.Dialogue_UI_C_3
	Function /Game/DialogueGame_Main/Dialogue_UI/Dialogue_UI.Dialogue_UI_C:ExecuteUbergraph_Dialogue_UI:0236
[2018.01.08-16.59.07:818][989]PIE: Error: Blueprint Runtime Error: Accessed None trying to read property BP_NPC from function: 'ExecuteUbergraph_Dialogue_UI' from node: Close Dialogue in graph: EventGraph in object: Dialogue_UI with description: Accessed None trying to read property BP_NPC
[2018.01.08-16.59.07:818][989]LogBlueprintUserMessages: [Dialogue_UI_C_3] Hello
[2018.01.08-16.59.27:637][177]LogBlueprintUserMessages: Early EndPlayMap Detection: Level '/Game/DialogueGame_Main/Maps/DialogueGame_P.DialogueGame_P:PersistentLevel' has LevelScriptBlueprint '/Game/DialogueGame_Main/Maps/DialogueGame_P.DialogueGame_P:PersistentLevel.DialogueGame_P' with GeneratedClass '/Game/DialogueGame_Main/Maps/DialogueGame_P.DialogueGame_P_C' with ClassGeneratedBy '/Game/DialogueGame_Main/Maps/DialogueGame_P.DialogueGame_P:PersistentLevel.DialogueGame_P'
[2018.01.08-16.59.27:691][177]LogBlueprintUserMessages: Late EndPlayMap Detection: Level '/Game/DialogueGame_Main/Maps/DialogueGame_P.DialogueGame_P:PersistentLevel' has LevelScriptBlueprint '/Game/DialogueGame_Main/Maps/DialogueGame_P.DialogueGame_P:PersistentLevel.DialogueGame_P' with GeneratedClass '/Game/DialogueGame_Main/Maps/DialogueGame_P.DialogueGame_P_C' with ClassGeneratedBy '/Game/DialogueGame_Main/Maps/DialogueGame_P.DialogueGame_P:PersistentLevel.DialogueGame_P'
[2018.01.08-17.04.10:819][647]LogWindowsTextInputMethodSystem: Display: IME system now deactivated.
[2018.01.08-17.04.11:071][648]Cmd: QUIT_EDITOR
[2018.01.08-17.04.11:372][648]LogExit: Preparing to exit.
[2018.01.08-17.04.11:690][648]LogDirectoryWatcher: A directory notification for 'C:/UE4/DialogueGame/Content/' was aborted.
[2018.01.08-17.04.11:727][648]LogExit: Editor shut down
[2018.01.08-17.04.11:732][648]LogExit: Transaction tracking system shut down
[2018.01.08-17.04.11:861][648]LogDirectoryWatcher: A directory notification for '../../../Engine/Content/' was aborted.
[2018.01.08-17.04.11:861][648]LogDirectoryWatcher: A directory notification for '../../../DialogueGame/Content/' was aborted.
[2018.01.08-17.04.11:862][648]LogDirectoryWatcher: A directory notification for '../../../Engine/Plugins/2D/Paper2D/Content/' was aborted.
[2018.01.08-17.04.11:862][648]LogDirectoryWatcher: A directory notification for '../../../Engine/Plugins/Media/MediaCompositing/Content/' was aborted.
[2018.01.08-17.04.11:862][648]LogDirectoryWatcher: A directory notification for '../../../Engine/Plugins/Runtime/AppleARKit/Content/' was aborted.
[2018.01.08-17.04.11:862][648]LogDirectoryWatcher: A directory notification for '../../../Engine/Plugins/Runtime/Oculus/OculusVR/Content/' was aborted.
[2018.01.08-17.04.11:862][648]LogDirectoryWatcher: A directory notification for '../../../Engine/Plugins/Runtime/Steam/SteamVR/Content/' was aborted.
[2018.01.08-17.04.12:096][648]LogExit: Object subsystem successfully closed.
[2018.01.08-17.04.12:111][648]LogD3D11RHI: Shutdown
[2018.01.08-17.04.12:111][648]LogD3D11RHI: CleanupD3DDevice
[2018.01.08-17.04.12:113][648]LogD3D11RHI: ~FD3D11DynamicRHI
[2018.01.08-17.04.12:437][648]LogModuleManager: Shutting down and abandoning module MovieSceneCapture (544)
[2018.01.08-17.04.12:437][648]LogModuleManager: Shutting down and abandoning module SequencerWidgets (542)
[2018.01.08-17.04.12:437][648]LogModuleManager: Shutting down and abandoning module BlueprintGraph (540)
[2018.01.08-17.04.12:437][648]LogModuleManager: Shutting down and abandoning module HierarchicalLODOutliner (538)
[2018.01.08-17.04.12:437][648]LogModuleManager: Shutting down and abandoning module DesktopPlatform (536)
[2018.01.08-17.04.12:437][648]LogModuleManager: Shutting down and abandoning module SceneOutliner (534)
[2018.01.08-17.04.12:443][648]LogModuleManager: Shutting down and abandoning module AddContentDialog (532)
[2018.01.08-17.04.12:443][648]LogDirectoryWatcher: A directory notification for 'C:/UE4/FeaturePacks/' was aborted.
[2018.01.08-17.04.12:444][648]LogModuleManager: Shutting down and abandoning module WidgetCarousel (531)
[2018.01.08-17.04.12:444][648]LogModuleManager: Shutting down and abandoning module EditorWidgets (528)
[2018.01.08-17.04.12:444][648]LogModuleManager: Shutting down and abandoning module CollectionManager (526)
[2018.01.08-17.04.12:453][648]LogDirectoryWatcher: A directory notification for 'C:/UE4/DialogueGame/Content/Collections/' was aborted.
[2018.01.08-17.04.12:453][648]LogDirectoryWatcher: A directory notification for 'C:/UE4/DialogueGame/Content/Developers/Настя/Collections/' was aborted.
[2018.01.08-17.04.12:453][648]LogDirectoryWatcher: A directory notification for 'C:/UE4/DialogueGame/Saved/Collections/' was aborted.
[2018.01.08-17.04.12:453][648]LogModuleManager: Shutting down and abandoning module StatsViewer (524)
[2018.01.08-17.04.12:453][648]LogModuleManager: Shutting down and abandoning module FoliageEdit (522)
[2018.01.08-17.04.12:453][648]LogModuleManager: Shutting down and abandoning module LandscapeEditor (520)
[2018.01.08-17.04.12:454][648]LogModuleManager: Shutting down and abandoning module MeshPaintMode (518)
[2018.01.08-17.04.12:455][648]LogModuleManager: Shutting down and abandoning module SceneDepthPickerMode (516)
[2018.01.08-17.04.12:455][648]LogModuleManager: Shutting down and abandoning module ActorPickerMode (514)
[2018.01.08-17.04.12:455][648]LogModuleManager: Shutting down and abandoning module GeometryMode (512)
[2018.01.08-17.04.12:455][648]LogModuleManager: Shutting down and abandoning module TextureAlignMode (510)
[2018.01.08-17.04.12:455][648]LogModuleManager: Shutting down and abandoning module BspMode (508)
[2018.01.08-17.04.12:455][648]LogModuleManager: Shutting down and abandoning module PIEPreviewDeviceProfileSelector (506)
[2018.01.08-17.04.12:455][648]LogModuleManager: Shutting down and abandoning module HardwareSurvey (504)
[2018.01.08-17.04.12:455][648]LogModuleManager: Shutting down and abandoning module SequenceRecorderSections (502)
[2018.01.08-17.04.12:465][648]LogModuleManager: Shutting down and abandoning module AutomationWorker (500)
[2018.01.08-17.04.12:474][648]LogModuleManager: Shutting down and abandoning module MatineeToLevelSequence (498)
[2018.01.08-17.04.12:480][648]LogModuleManager: Shutting down and abandoning module LevelSequenceEditor (496)
[2018.01.08-17.04.12:495][648]LogModuleManager: Shutting down and abandoning module PlacementMode (495)
[2018.01.08-17.04.12:495][648]LogModuleManager: Shutting down and abandoning module WmfMediaFactory (492)
[2018.01.08-17.04.12:495][648]LogModuleManager: Shutting down and abandoning module WmfMediaEditor (490)
[2018.01.08-17.04.12:495][648]LogModuleManager: Shutting down and abandoning module OpenExrWrapper (488)
[2018.01.08-17.04.12:495][648]LogModuleManager: Shutting down and abandoning module ImgMediaFactory (486)
[2018.01.08-17.04.12:495][648]LogModuleManager: Shutting down and abandoning module ImgMediaEditor (484)
[2018.01.08-17.04.12:495][648]LogModuleManager: Shutting down and abandoning module AvfMediaFactory (482)
[2018.01.08-17.04.12:495][648]LogModuleManager: Shutting down and abandoning module AvfMediaEditor (480)
[2018.01.08-17.04.12:495][648]LogModuleManager: Shutting down and abandoning module AndroidMediaFactory (478)
[2018.01.08-17.04.12:495][648]LogModuleManager: Shutting down and abandoning module AndroidMediaEditor (476)
[2018.01.08-17.04.12:495][648]LogModuleManager: Shutting down and abandoning module CharacterAI (474)
[2018.01.08-17.04.12:495][648]LogModuleManager: Shutting down and abandoning module AudioCapture (472)
[2018.01.08-17.04.12:495][648]LogModuleManager: Shutting down and abandoning module SequenceRecorder (471)
[2018.01.08-17.04.12:495][648]LogModuleManager: Shutting down and abandoning module SmartSnapping (468)
[2018.01.08-17.04.12:495][648]LogModuleManager: Shutting down and abandoning module SessionServices (466)
[2018.01.08-17.04.12:495][648]LogModuleManager: Shutting down and abandoning module ViewportSnapping (464)
[2018.01.08-17.04.12:495][648]LogModuleManager: Shutting down and abandoning module ViewportInteraction (462)
[2018.01.08-17.04.12:495][648]LogModuleManager: Shutting down and abandoning module ClothPainter (460)
[2018.01.08-17.04.12:502][648]LogModuleManager: Shutting down and abandoning module SkeletalMeshEditor (459)
[2018.01.08-17.04.12:519][648]LogModuleManager: Shutting down and abandoning module LogVisualizer (456)
[2018.01.08-17.04.12:531][648]LogModuleManager: Shutting down and abandoning module IntroTutorials (454)
[2018.01.08-17.04.12:566][648]LogModuleManager: Shutting down and abandoning module GameProjectGeneration (453)
[2018.01.08-17.04.12:566][648]LogModuleManager: Shutting down and abandoning module IOSPlatformEditor (450)
[2018.01.08-17.04.12:566][648]LogModuleManager: Shutting down and abandoning module HTML5PlatformEditor (448)
[2018.01.08-17.04.12:566][648]LogModuleManager: Shutting down and abandoning module AndroidPlatformEditor (446)
[2018.01.08-17.04.12:566][648]LogModuleManager: Shutting down and abandoning module AndroidDeviceDetection (445)
[2018.01.08-17.04.13:219][648]LogModuleManager: Shutting down and abandoning module WindowsPlatformEditor (442)
[2018.01.08-17.04.13:219][648]LogModuleManager: Shutting down and abandoning module IOSRuntimeSettings (440)
[2018.01.08-17.04.13:219][648]LogModuleManager: Shutting down and abandoning module AndroidRuntimeSettings (438)
[2018.01.08-17.04.13:219][648]LogModuleManager: Shutting down and abandoning module InputBindingEditor (436)
[2018.01.08-17.04.13:231][648]LogModuleManager: Shutting down and abandoning module MergeActors (434)
[2018.01.08-17.04.13:242][648]LogModuleManager: Shutting down and abandoning module SizeMap (432)
[2018.01.08-17.04.13:242][648]LogModuleManager: Shutting down and abandoning module TreeMap (430)
[2018.01.08-17.04.13:255][648]LogModuleManager: Shutting down and abandoning module ReferenceViewer (428)
[2018.01.08-17.04.13:255][648]LogModuleManager: Shutting down and abandoning module LocalizationDashboard (426)
[2018.01.08-17.04.13:270][648]LogModuleManager: Shutting down and abandoning module LocalizationService (425)
[2018.01.08-17.04.13:281][648]LogModuleManager: Shutting down and abandoning module HardwareTargeting (422)
[2018.01.08-17.04.13:281][648]LogModuleManager: Shutting down and abandoning module DeviceProfileEditor (420)
[2018.01.08-17.04.13:281][648]LogModuleManager: Shutting down and abandoning module UndoHistory (418)
[2018.01.08-17.04.13:281][648]LogModuleManager: Shutting down and abandoning module XmlParser (416)
[2018.01.08-17.04.13:294][648]LogModuleManager: Shutting down and abandoning module Blutility (414)
[2018.01.08-17.04.13:294][648]LogModuleManager: Shutting down and abandoning module ProjectSettingsViewer (412)
[2018.01.08-17.04.13:294][648]LogModuleManager: Shutting down and abandoning module ProjectTargetPlatformEditor (411)
[2018.01.08-17.04.13:294][648]LogModuleManager: Shutting down and abandoning module EditorSettingsViewer (408)
[2018.01.08-17.04.13:294][648]LogModuleManager: Shutting down and abandoning module SettingsEditor (406)
[2018.01.08-17.04.13:306][648]LogModuleManager: Shutting down and abandoning module ProjectLauncher (404)
[2018.01.08-17.04.13:311][648]LogModuleManager: Shutting down and abandoning module SessionFrontend (402)
[2018.01.08-17.04.13:330][648]LogModuleManager: Shutting down and abandoning module ProfilerClient (400)
[2018.01.08-17.04.13:340][648]LogModuleManager: Shutting down and abandoning module DeviceManager (398)
[2018.01.08-17.04.13:393][648]LogModuleManager: Shutting down and abandoning module TargetDeviceServices (397)
[2018.01.08-17.04.13:446][648]LogModuleManager: Shutting down and abandoning module AutomationController (394)
[2018.01.08-17.04.13:457][648]LogModuleManager: Shutting down and abandoning module AutomationWindow (392)
[2018.01.08-17.04.13:471][648]LogModuleManager: Shutting down and abandoning module Layers (390)
[2018.01.08-17.04.13:505][648]LogModuleManager: Shutting down and abandoning module ComponentVisualizers (388)
[2018.01.08-17.04.13:505][648]LogModuleManager: Shutting down and abandoning module DetailCustomizations (386)
[2018.01.08-17.04.13:505][648]LogModuleManager: Shutting down and abandoning module PackagesDialog (384)
[2018.01.08-17.04.13:523][648]LogModuleManager: Shutting down and abandoning module Persona (382)
[2018.01.08-17.04.13:557][648]LogModuleManager: Shutting down and abandoning module AdvancedPreviewScene (381)
[2018.01.08-17.04.13:557][648]LogModuleManager: Shutting down and abandoning module AnimGraph (379)
[2018.01.08-17.04.13:557][648]LogModuleManager: Shutting down and abandoning module Kismet (376)
[2018.01.08-17.04.13:566][648]LogModuleManager: Shutting down and abandoning module ClassViewer (374)
[2018.01.08-17.04.13:566][648]LogModuleManager: Shutting down and abandoning module Toolbox (372)
[2018.01.08-17.04.13:566][648]LogModuleManager: Shutting down and abandoning module ModuleUI (370)
[2018.01.08-17.04.13:577][648]LogModuleManager: Shutting down and abandoning module MovieSceneTools (368)
[2018.01.08-17.04.13:578][648]LogModuleManager: Shutting down and abandoning module OutputLog (366)
[2018.01.08-17.04.13:597][648]LogModuleManager: Shutting down and abandoning module GammaUI (364)
[2018.01.08-17.04.13:609][648]LogModuleManager: Shutting down and abandoning module Documentation (362)
[2018.01.08-17.04.13:609][648]LogModuleManager: Shutting down and abandoning module MovieSceneTracks (360)
[2018.01.08-17.04.13:609][648]LogModuleManager: Shutting down and abandoning module MovieScene (358)
[2018.01.08-17.04.13:609][648]LogModuleManager: Shutting down and abandoning module StreamingPauseRendering (356)
[2018.01.08-17.04.13:609][648]LogModuleManager: Shutting down and abandoning module LauncherPlatform (354)
[2018.01.08-17.04.13:609][648]LogModuleManager: Shutting down and abandoning module AnalyticsET (352)
[2018.01.08-17.04.13:610][648]LogModuleManager: Shutting down and abandoning module PortalServices (350)
[2018.01.08-17.04.13:610][648]LogModuleManager: Shutting down and abandoning module PortalRpc (348)
[2018.01.08-17.04.13:610][648]LogModuleManager: Shutting down and abandoning module MessagingRpc (346)
[2018.01.08-17.04.13:610][648]LogModuleManager: Shutting down and abandoning module AIModule (344)
[2018.01.08-17.04.13:610][648]LogModuleManager: Shutting down and abandoning module GameplayDebugger (343)
[2018.01.08-17.04.13:610][648]LogModuleManager: Shutting down and abandoning module AITestSuite (341)
[2018.01.08-17.04.13:615][648]LogModuleManager: Shutting down and abandoning module ProfilerService (338)
[2018.01.08-17.04.13:645][648]LogModuleManager: Shutting down and abandoning module TaskGraph (336)
[2018.01.08-17.04.13:659][648]LogModuleManager: Shutting down and abandoning module SteamVRController (334)
[2018.01.08-17.04.13:659][648]LogModuleManager: Shutting down and abandoning module ProceduralMeshComponentEditor (332)
[2018.01.08-17.04.13:659][648]LogModuleManager: Shutting down and abandoning module ProceduralMeshComponent (330)
[2018.01.08-17.04.13:659][648]LogModuleManager: Shutting down and abandoning module OculusInput (328)
[2018.01.08-17.04.13:659][648]LogModuleManager: Shutting down and abandoning module MobilePatchingUtils (326)
[2018.01.08-17.04.13:659][648]LogModuleManager: Shutting down and abandoning module CustomMeshComponent (324)
[2018.01.08-17.04.13:659][648]LogModuleManager: Shutting down and abandoning module CableComponent (322)
[2018.01.08-17.04.13:659][648]LogModuleManager: Shutting down and abandoning module ArchVisCharacter (320)
[2018.01.08-17.04.13:659][648]LogModuleManager: Shutting down and abandoning module AndroidPermission (318)
[2018.01.08-17.04.13:659][648]LogModuleManager: Shutting down and abandoning module ActorSequence (314)
[2018.01.08-17.04.13:659][648]LogModuleManager: Shutting down and abandoning module MediaPlayerEditor (312)
[2018.01.08-17.04.13:675][648]LogModuleManager: Shutting down and abandoning module MediaCompositingEditor (310)
[2018.01.08-17.04.13:675][648]LogModuleManager: Shutting down and abandoning module MediaCompositing (308)
[2018.01.08-17.04.13:675][648]LogModuleManager: Shutting down and abandoning module HTML5Networking (306)
[2018.01.08-17.04.13:675][648]LogModuleManager: Shutting down and abandoning module AlembicImporter (304)
[2018.01.08-17.04.13:688][648]LogModuleManager: Shutting down and abandoning module AlembicLibrary (303)
[2018.01.08-17.04.13:688][648]LogModuleManager: Shutting down and abandoning module GeometryCache (302)
[2018.01.08-17.04.13:696][648]LogModuleManager: Shutting down and abandoning module GeometryCacheEd (301)
[2018.01.08-17.04.13:696][648]LogModuleManager: Shutting down and abandoning module SpeedTreeImporter (296)
[2018.01.08-17.04.13:696][648]LogModuleManager: Shutting down and abandoning module PluginBrowser (294)
[2018.01.08-17.04.13:729][648]LogModuleManager: Shutting down and abandoning module MobileLauncherProfileWizard (292)
[2018.01.08-17.04.13:742][648]LogModuleManager: Shutting down and abandoning module VisualStudioSourceCodeAccess (290)
[2018.01.08-17.04.13:742][648]LogModuleManager: Shutting down and abandoning module VisualStudioCodeSourceCodeAccess (288)
[2018.01.08-17.04.13:742][648]LogModuleManager: Shutting down and abandoning module UObjectPlugin (286)
[2018.01.08-17.04.13:742][648]LogModuleManager: Shutting down and abandoning module SubversionSourceControl (284)
[2018.01.08-17.04.13:764][648]LogModuleManager: Shutting down and abandoning module PerforceSourceControl (282)
[2018.01.08-17.04.13:775][648]LogModuleManager: Shutting down and abandoning module GitSourceControl (280)
[2018.01.08-17.04.13:782][648]LogModuleManager: Shutting down and abandoning module SourceControl (279)
[2018.01.08-17.04.13:782][648]LogModuleManager: Shutting down and abandoning module LightPropagationVolumeEditor (276)
[2018.01.08-17.04.13:782][648]LogModuleManager: Shutting down and abandoning module PaperTiledImporter (274)
[2018.01.08-17.04.13:782][648]LogModuleManager: Shutting down and abandoning module PaperSpriteSheetImporter (272)
[2018.01.08-17.04.13:782][648]LogModuleManager: Shutting down and abandoning module Paper2DEditor (270)
[2018.01.08-17.04.13:803][648]LogModuleManager: Shutting down and abandoning module MeshPaint (269)
[2018.01.08-17.04.13:812][648]LogModuleManager: Shutting down and abandoning module LevelEditor (267)
[2018.01.08-17.04.13:813][648]LogModuleManager: Shutting down and abandoning module PixelInspectorModule (266)
[2018.01.08-17.04.13:831][648]LogModuleManager: Shutting down and abandoning module MainFrame (264)
[2018.01.08-17.04.13:831][648]LogModuleManager: Shutting down and abandoning module HotReload (263)
[2018.01.08-17.04.13:832][648]LogDirectoryWatcher: A directory notification for 'C:/UE4/DialogueGame/Binaries/Win64' was aborted.
[2018.01.08-17.04.13:832][648]LogModuleManager: Shutting down and abandoning module DialogueGame (258)
[2018.01.08-17.04.13:832][648]LogModuleManager: Shutting down and abandoning module RuntimePhysXCooking (256)
[2018.01.08-17.04.13:832][648]LogModuleManager: Shutting down and abandoning module PhysXVehiclesEditor (254)
[2018.01.08-17.04.13:832][648]LogModuleManager: Shutting down and abandoning module PhysXVehicles (252)
[2018.01.08-17.04.13:832][648]LogModuleManager: Shutting down and abandoning module OculusEditor (250)
[2018.01.08-17.04.13:832][648]LogModuleManager: Shutting down and abandoning module LocationServicesBPLibrary (248)
[2018.01.08-17.04.13:832][648]LogModuleManager: Shutting down and abandoning module ImmediatePhysicsEditor (246)
[2018.01.08-17.04.13:832][648]LogModuleManager: Shutting down and abandoning module ImmediatePhysics (244)
[2018.01.08-17.04.13:836][648]LogModuleManager: Shutting down and abandoning module UdpMessaging (242)
[2018.01.08-17.04.13:937][648]LogModuleManager: Shutting down and abandoning module TcpMessaging (240)
[2018.01.08-17.04.14:044][648]LogModuleManager: Shutting down and abandoning module GameplayTagsEditor (238)
[2018.01.08-17.04.14:056][648]LogModuleManager: Shutting down and abandoning module FacialAnimationEditor (236)
[2018.01.08-17.04.14:056][648]LogModuleManager: Shutting down and abandoning module FacialAnimation (234)
[2018.01.08-17.04.14:056][648]LogModuleManager: Shutting down and abandoning module AssetManagerEditor (232)
[2018.01.08-17.04.14:064][648]LogModuleManager: Shutting down and abandoning module GraphEditor (231)
[2018.01.08-17.04.14:064][648]LogModuleManager: Shutting down and abandoning module ContentBrowser (229)
[2018.01.08-17.04.14:065][648]LogModuleManager: Shutting down and abandoning module LightPropagationVolumeRuntime (226)
[2018.01.08-17.04.14:065][648]LogModuleManager: Shutting down and abandoning module Paper2D (224)
[2018.01.08-17.04.14:065][648]LogModuleManager: Shutting down and abandoning module WindowsMoviePlayer (222)
[2018.01.08-17.04.14:065][648]LogModuleManager: Shutting down and abandoning module WmfMedia (220)
[2018.01.08-17.04.14:073][648]LogModuleManager: Shutting down and abandoning module ImgMedia (218)
[2018.01.08-17.04.14:073][648]LogModuleManager: Shutting down and abandoning module PacketHandler (216)
[2018.01.08-17.04.14:073][648]LogModuleManager: Shutting down and abandoning module ClothingSystemEditor (214)
[2018.01.08-17.04.14:074][648]LogModuleManager: Shutting down and abandoning module ClothingSystemRuntime (212)
[2018.01.08-17.04.14:088][648]LogModuleManager: Shutting down and abandoning module MediaAssets (210)
[2018.01.08-17.04.14:088][648]LogModuleManager: Shutting down and abandoning module Media (209)
[2018.01.08-17.04.14:094][648]LogModuleManager: Shutting down and abandoning module Overlay (206)
[2018.01.08-17.04.14:094][648]LogModuleManager: Shutting down and abandoning module OverlayEditor (205)
[2018.01.08-17.04.14:094][648]LogModuleManager: Shutting down and abandoning module VREditor (202)
[2018.01.08-17.04.14:094][648]LogModuleManager: Shutting down and abandoning module StringTableEditor (200)
[2018.01.08-17.04.14:094][648]LogModuleManager: Shutting down and abandoning module GameplayTasksEditor (198)
[2018.01.08-17.04.14:094][648]LogModuleManager: Shutting down and abandoning module BehaviorTreeEditor (196)
[2018.01.08-17.04.14:094][648]LogModuleManager: Shutting down and abandoning module FunctionalTesting (194)
[2018.01.08-17.04.14:094][648]LogModuleManager: Shutting down and abandoning module CollisionAnalyzer (192)
[2018.01.08-17.04.14:094][648]LogModuleManager: Shutting down and abandoning module WorkspaceMenuStructure (191)
[2018.01.08-17.04.14:094][648]LogModuleManager: Shutting down and abandoning module UMG (188)
[2018.01.08-17.04.14:094][648]LogModuleManager: Shutting down and abandoning module UMGEditor (187)
[2018.01.08-17.04.14:095][648]LogModuleManager: Shutting down and abandoning module Sequencer (186)
[2018.01.08-17.04.14:095][648]LogModuleManager: Shutting down and abandoning module MessageLog (183)
[2018.01.08-17.04.14:095][648]LogModuleManager: Shutting down and abandoning module SlateReflector (178)
[2018.01.08-17.04.14:095][648]LogModuleManager: Shutting down and abandoning module Slate (176)
[2018.01.08-17.04.14:095][648]LogModuleManager: Shutting down and abandoning module EditorStyle (174)
[2018.01.08-17.04.14:097][648]LogModuleManager: Shutting down and abandoning module MRMesh (172)
[2018.01.08-17.04.14:097][648]LogModuleManager: Shutting down and abandoning module SourceCodeAccess (170)
[2018.01.08-17.04.14:097][648]LogModuleManager: Shutting down and abandoning module HeadMountedDisplay (168)
[2018.01.08-17.04.14:097][648]LogModuleManager: Shutting down and abandoning module XAudio2 (166)
[2018.01.08-17.04.14:097][648]LogModuleManager: Shutting down and abandoning module Networking (164)
[2018.01.08-17.04.14:097][648]LogModuleManager: Shutting down and abandoning module Core (160)
[2018.01.08-17.04.14:097][648]LogModuleManager: Shutting down and abandoning module LevelSequence (156)
[2018.01.08-17.04.14:097][648]LogModuleManager: Shutting down and abandoning module DirectoryWatcher (154)
[2018.01.08-17.04.14:098][648]LogModuleManager: Shutting down and abandoning module KismetCompiler (152)
[2018.01.08-17.04.14:098][648]LogModuleManager: Shutting down and abandoning module MeshUtilities (150)
[2018.01.08-17.04.14:098][648]LogModuleManager: Shutting down and abandoning module MeshMergeUtilities (149)
[2018.01.08-17.04.14:098][648]LogModuleManager: Shutting down and abandoning module MeshReductionInterface (148)
[2018.01.08-17.04.14:098][648]LogModuleManager: Shutting down and abandoning module QuadricMeshReduction (147)
[2018.01.08-17.04.14:098][648]LogModuleManager: Shutting down and abandoning module MaterialBaking (143)
[2018.01.08-17.04.14:098][648]LogModuleManager: Shutting down and abandoning module DerivedDataCache (140)
[2018.01.08-17.04.14:108][648]LogDerivedDataCache: Shutdown
[2018.01.08-17.04.14:108][648]LogModuleManager: Shutting down and abandoning module TargetPlatform (138)
[2018.01.08-17.04.14:108][648]LogModuleManager: Shutting down and abandoning module VulkanShaderFormat (137)
[2018.01.08-17.04.14:108][648]LogModuleManager: Shutting down and abandoning module ShaderFormatVectorVM (135)
[2018.01.08-17.04.14:108][648]LogModuleManager: Shutting down and abandoning module ShaderFormatOpenGL (133)
[2018.01.08-17.04.14:108][648]LogModuleManager: Shutting down and abandoning module ShaderFormatD3D (131)
[2018.01.08-17.04.14:108][648]LogModuleManager: Shutting down and abandoning module MetalShaderFormat (129)
[2018.01.08-17.04.14:109][648]LogModuleManager: Shutting down and abandoning module TextureFormatUncompressed (127)
[2018.01.08-17.04.14:109][648]LogModuleManager: Shutting down and abandoning module TextureFormatPVR (125)
[2018.01.08-17.04.14:109][648]LogModuleManager: Shutting down and abandoning module TextureFormatDXT (123)
[2018.01.08-17.04.14:109][648]LogModuleManager: Shutting down and abandoning module TextureFormatIntelISPCTexComp (121)
[2018.01.08-17.04.14:109][648]LogModuleManager: Shutting down and abandoning module TextureFormatASTC (119)
[2018.01.08-17.04.14:109][648]LogModuleManager: Shutting down and abandoning module ImageWrapper (118)
[2018.01.08-17.04.14:109][648]LogModuleManager: Shutting down and abandoning module TextureFormatAndroid (115)
[2018.01.08-17.04.14:109][648]LogModuleManager: Shutting down and abandoning module AudioFormatOpus (113)
[2018.01.08-17.04.14:109][648]LogModuleManager: Shutting down and abandoning module AudioFormatOgg (111)
[2018.01.08-17.04.14:109][648]LogModuleManager: Shutting down and abandoning module AudioFormatADPCM (109)
[2018.01.08-17.04.14:109][648]LogModuleManager: Shutting down and abandoning module TVOSTargetPlatform (107)
[2018.01.08-17.04.14:109][648]LogModuleManager: Shutting down and abandoning module Messaging (105)
[2018.01.08-17.04.14:109][648]LogModuleManager: Shutting down and abandoning module IOSTargetPlatform (103)
[2018.01.08-17.04.14:109][648]LogModuleManager: Shutting down and abandoning module HTML5TargetPlatform (101)
[2018.01.08-17.04.14:109][648]LogModuleManager: Shutting down and abandoning module AndroidTargetPlatform (99)
[2018.01.08-17.04.14:109][648]LogModuleManager: Shutting down and abandoning module Android_PVRTCTargetPlatform (97)
[2018.01.08-17.04.14:109][648]LogModuleManager: Shutting down and abandoning module Android_MultiTargetPlatform (95)
[2018.01.08-17.04.14:109][648]LogModuleManager: Shutting down and abandoning module Android_ETC2TargetPlatform (93)
[2018.01.08-17.04.14:109][648]LogModuleManager: Shutting down and abandoning module Android_ETC1TargetPlatform (91)
[2018.01.08-17.04.14:109][648]LogModuleManager: Shutting down and abandoning module Android_DXTTargetPlatform (89)
[2018.01.08-17.04.14:109][648]LogModuleManager: Shutting down and abandoning module Android_ATCTargetPlatform (87)
[2018.01.08-17.04.14:109][648]LogModuleManager: Shutting down and abandoning module Android_ASTCTargetPlatform (85)
[2018.01.08-17.04.14:109][648]LogModuleManager: Shutting down and abandoning module WindowsTargetPlatform (83)
[2018.01.08-17.04.14:109][648]LogModuleManager: Shutting down and abandoning module WindowsServerTargetPlatform (81)
[2018.01.08-17.04.14:109][648]LogModuleManager: Shutting down and abandoning module WindowsNoEditorTargetPlatform (79)
[2018.01.08-17.04.14:109][648]LogModuleManager: Shutting down and abandoning module WindowsClientTargetPlatform (77)
[2018.01.08-17.04.14:109][648]LogModuleManager: Shutting down and abandoning module MacTargetPlatform (75)
[2018.01.08-17.04.14:109][648]LogModuleManager: Shutting down and abandoning module MacServerTargetPlatform (73)
[2018.01.08-17.04.14:109][648]LogModuleManager: Shutting down and abandoning module MacNoEditorTargetPlatform (71)
[2018.01.08-17.04.14:109][648]LogModuleManager: Shutting down and abandoning module MacClientTargetPlatform (69)
[2018.01.08-17.04.14:109][648]LogModuleManager: Shutting down and abandoning module AllDesktopTargetPlatform (67)
[2018.01.08-17.04.14:109][648]LogModuleManager: Shutting down and abandoning module InputCore (64)
[2018.01.08-17.04.14:109][648]LogModuleManager: Shutting down and abandoning module Settings (62)
[2018.01.08-17.04.14:109][648]LogModuleManager: Shutting down and abandoning module PhysXCooking (60)
[2018.01.08-17.04.14:109][648]LogModuleManager: Shutting down and abandoning module SteamVR (58)
[2018.01.08-17.04.14:109][648]LogModuleManager: Shutting down and abandoning module OculusHMD (56)
[2018.01.08-17.04.14:109][648]LogModuleManager: Shutting down and abandoning module ExampleDeviceProfileSelector (54)
[2018.01.08-17.04.14:109][648]LogModuleManager: Shutting down and abandoning module AppleARKit (52)
[2018.01.08-17.04.14:110][648]LogModuleManager: Shutting down and abandoning module AugmentedReality (51)
[2018.01.08-17.04.14:110][648]LogModuleManager: Shutting down and abandoning module OnlineBlueprintSupport (48)
[2018.01.08-17.04.14:110][648]LogModuleManager: Shutting down and abandoning module OnlineSubsystem (44)
[2018.01.08-17.04.14:117][648]LogModuleManager: Shutting down and abandoning module XMPP (43)
[2018.01.08-17.04.14:117][648]LogModuleManager: Shutting down and abandoning module HTTP (41)
[2018.01.08-17.04.14:117][648]LogHttp: Display: Http module shutting down, but needs to wait on 1 outstanding Http requests:
[2018.01.08-17.04.14:117][648]LogHttp: Display: 	verb=[POST] url=[https://datarouter.ol.epicgames.com/datarouter/api/v1/public/data?SessionID=%7B730B7429-4128-69EC-8CBA-8E9063AD887B%7D&AppID=UEEditor.UnrealEngine.Release&AppVersion=4.18.2-0%2B%2B%2BUE4%2BRelease-4.18&UserID=019286bf4e75ab8d01f77fb18e2e1e72%7Cdbacde7fbb294fd5bf5cbe063705eeca%7Cfdc4124f-6b4e-4ec1-bec0-664f9b3f18f2&AppEnvironment=datacollector-source&UploadType=eteventstream] status=Processing
[2018.01.08-17.04.14:151][648]LogModuleManager: Shutting down and abandoning module SSL (40)
[2018.01.08-17.04.14:152][648]LogModuleManager: Shutting down and abandoning module AnimationModifiers (36)
[2018.01.08-17.04.14:153][648]LogModuleManager: Shutting down and abandoning module PropertyEditor (35)
[2018.01.08-17.04.14:153][648]LogModuleManager: Shutting down and abandoning module AudioEditor (32)
[2018.01.08-17.04.14:153][648]LogModuleManager: Shutting down and abandoning module TextureCompressor (30)
[2018.01.08-17.04.14:178][648]LogModuleManager: Shutting down and abandoning module ShaderCore (28)
[2018.01.08-17.04.14:178][648]LogModuleManager: Shutting down and abandoning module Landscape (26)
[2018.01.08-17.04.14:178][648]LogModuleManager: Shutting down and abandoning module SlateRHIRenderer (24)
[2018.01.08-17.04.14:179][648]LogModuleManager: Shutting down and abandoning module OpenGLDrv (22)
[2018.01.08-17.04.14:179][648]LogModuleManager: Shutting down and abandoning module D3D11RHI (20)
[2018.01.08-17.04.14:179][648]LogModuleManager: Shutting down and abandoning module AnimGraphRuntime (18)
[2018.01.08-17.04.14:179][648]LogModuleManager: Shutting down and abandoning module Renderer (16)
[2018.01.08-17.04.14:179][648]LogModuleManager: Shutting down and abandoning module Engine (14)
[2018.01.08-17.04.14:179][648]LogModuleManager: Shutting down and abandoning module CoreUObject (12)
[2018.01.08-17.04.14:179][648]LogModuleManager: Shutting down and abandoning module NetworkFile (10)
[2018.01.08-17.04.14:179][648]LogModuleManager: Shutting down and abandoning module CookedIterativeFile (8)
[2018.01.08-17.04.14:179][648]LogModuleManager: Shutting down and abandoning module StreamingFile (6)
[2018.01.08-17.04.14:179][648]LogModuleManager: Shutting down and abandoning module SandboxFile (4)
[2018.01.08-17.04.14:179][648]LogModuleManager: Shutting down and abandoning module PakFile (2)
[2018.01.08-17.04.14:182][648]LogExit: Exiting.
[2018.01.08-17.04.14:204][648]Log file closed, 01/08/18 19:04:14
