Log file open, 12/25/17 13:37:20
LogWindows: Failed to load 'aqProf.dll' (GetLastError=126)
LogWindows: File 'aqProf.dll' does not exist
LogWindows: Failed to load 'VtuneApi.dll' (GetLastError=126)
LogWindows: File 'VtuneApi.dll' does not exist
LogWindows: Failed to load 'VtuneApi32e.dll' (GetLastError=126)
LogWindows: File 'VtuneApi32e.dll' does not exist
LogInit: Display: Running engine for game: DialogueGame
LogPlatformFile: Not using cached read wrapper
LogInit: Display: RandInit(301914815) SRandInit(301914815).
LogInit: Read version file with build ID 'bd71dceb-4ed3-4f01-8d05-e9b13c29cd62'
LogInit: Registered custom module enumerator with build ID 'bd71dceb-4ed3-4f01-8d05-e9b13c29cd62'
LogTaskGraph: Started task graph with 5 named threads and 8 total threads with 3 sets of task threads.
LogStats: Stats thread started at 0.321993
LogD3D11RHI: Aftermath initialized
LogPluginManager: Mounting plugin Paper2D
LogPluginManager: Mounting plugin LightPropagationVolume
LogPluginManager: Mounting plugin CodeLiteSourceCodeAccess
LogPluginManager: Mounting plugin GitSourceControl
LogPluginManager: Mounting plugin KDevelopSourceCodeAccess
LogPluginManager: Mounting plugin NullSourceCodeAccess
LogPluginManager: Mounting plugin PerforceSourceControl
LogPluginManager: Mounting plugin SubversionSourceControl
LogPluginManager: Mounting plugin UObjectPlugin
LogPluginManager: Mounting plugin VisualStudioCodeSourceCodeAccess
LogPluginManager: Mounting plugin VisualStudioSourceCodeAccess
LogPluginManager: Mounting plugin XCodeSourceCodeAccess
LogPluginManager: Mounting plugin AssetManagerEditor
LogPluginManager: Mounting plugin AudioCapture
LogPluginManager: Mounting plugin FacialAnimation
LogPluginManager: Mounting plugin GameplayTagsEditor
LogPluginManager: Mounting plugin MobileLauncherProfileWizard
LogPluginManager: Mounting plugin PluginBrowser
LogPluginManager: Mounting plugin SpeedTreeImporter
LogPluginManager: Mounting plugin AlembicImporter
LogPluginManager: Mounting plugin CharacterAI
LogPluginManager: Mounting plugin HTML5Networking
LogPluginManager: Mounting plugin AndroidMedia
LogPluginManager: Mounting plugin AvfMedia
LogPluginManager: Mounting plugin ImgMedia
LogPluginManager: Mounting plugin MediaCompositing
LogPluginManager: Mounting plugin MediaPlayerEditor
LogPluginManager: Mounting plugin WmfMedia
LogPluginManager: Mounting plugin TcpMessaging
LogPluginManager: Mounting plugin UdpMessaging
LogPluginManager: Mounting plugin ActorSequence
LogPluginManager: Mounting plugin LevelSequenceEditor
LogPluginManager: Mounting plugin MatineeToLevelSequence
LogPluginManager: Mounting plugin OnlineSubsystemGooglePlay
LogPluginManager: Mounting plugin OnlineSubsystemIOS
LogPluginManager: Mounting plugin OnlineSubsystem
LogPluginManager: Mounting plugin OnlineSubsystemNull
LogPluginManager: Mounting plugin OnlineSubsystemUtils
LogPluginManager: Mounting plugin AndroidDeviceProfileSelector
LogPluginManager: Mounting plugin AndroidMoviePlayer
LogPluginManager: Mounting plugin AndroidPermission
LogPluginManager: Mounting plugin AppleARKit
LogPluginManager: Mounting plugin AppleMoviePlayer
LogPluginManager: Mounting plugin ArchVisCharacter
LogPluginManager: Mounting plugin CableComponent
LogPluginManager: Mounting plugin CustomMeshComponent
LogPluginManager: Mounting plugin ExampleDeviceProfileSelector
LogPluginManager: Mounting plugin GoogleCloudMessaging
LogPluginManager: Mounting plugin ImmediatePhysics
LogPluginManager: Mounting plugin IOSDeviceProfileSelector
LogPluginManager: Mounting plugin LinuxDeviceProfileSelector
LogPluginManager: Mounting plugin LocationServicesBPLibrary
LogPluginManager: Mounting plugin MobilePatchingUtils
LogPluginManager: Mounting plugin OculusVR
LogPluginManager: Plugin shader directory ../../../Engine/Plugins/Runtime/Oculus/OculusVR/Shaders found
LogPluginManager: Mapping shader source directory ../../../Engine/Plugins/Runtime/Oculus/OculusVR/Shaders to virtual directory /Plugin/OculusVR
LogPluginManager: Mounting plugin PhysXVehicles
LogPluginManager: Mounting plugin ProceduralMeshComponent
LogPluginManager: Mounting plugin RuntimePhysXCooking
LogPluginManager: Mounting plugin SteamVR
LogPluginManager: Mounting plugin WindowsMoviePlayer
LogModuleManager: Display: Found up-to-date module file ../../../DialogueGame/Binaries/Win64/UE4Editor-DialogueGame.dll (API version 0).
LogModuleManager: Display: Found up-to-date module file ../../../Engine/Plugins/2D/Paper2D/Binaries/Win64/UE4Editor-Paper2D.dll (API version 0).
LogModuleManager: Display: Found up-to-date module file ../../../Engine/Plugins/2D/Paper2D/Binaries/Win64/UE4Editor-Paper2DEditor.dll (API version 0).
LogModuleManager: Display: Found up-to-date module file ../../../Engine/Plugins/2D/Paper2D/Binaries/Win64/UE4Editor-PaperSpriteSheetImporter.dll (API version 0).
LogModuleManager: Display: Found up-to-date module file ../../../Engine/Plugins/2D/Paper2D/Binaries/Win64/UE4Editor-PaperTiledImporter.dll (API version 0).
LogModuleManager: Display: Found up-to-date module file ../../../Engine/Plugins/2D/Paper2D/Binaries/Win64/UE4Editor-SmartSnapping.dll (API version 0).
LogModuleManager: Display: Found up-to-date module file ../../../Engine/Plugins/Blendables/LightPropagationVolume/Binaries/Win64/UE4Editor-LightPropagationVolumeRuntime.dll (API version 0).
LogModuleManager: Display: Found up-to-date module file ../../../Engine/Plugins/Blendables/LightPropagationVolume/Binaries/Win64/UE4Editor-LightPropagationVolumeEditor.dll (API version 0).
LogModuleManager: Display: Found up-to-date module file ../../../Engine/Plugins/Developer/GitSourceControl/Binaries/Win64/UE4Editor-GitSourceControl.dll (API version 0).
LogModuleManager: Display: Found up-to-date module file ../../../Engine/Plugins/Developer/PerforceSourceControl/Binaries/Win64/UE4Editor-PerforceSourceControl.dll (API version 0).
LogModuleManager: Display: Found up-to-date module file ../../../Engine/Plugins/Developer/SubversionSourceControl/Binaries/Win64/UE4Editor-SubversionSourceControl.dll (API version 0).
LogModuleManager: Display: Found up-to-date module file ../../../Engine/Plugins/Developer/UObjectPlugin/Binaries/Win64/UE4Editor-UObjectPlugin.dll (API version 0).
LogModuleManager: Display: Found up-to-date module file ../../../Engine/Plugins/Developer/VisualStudioCodeSourceCodeAccess/Binaries/Win64/UE4Editor-VisualStudioCodeSourceCodeAccess.dll (API version 0).
LogModuleManager: Display: Found up-to-date module file ../../../Engine/Plugins/Developer/VisualStudioSourceCodeAccess/Binaries/Win64/UE4Editor-VisualStudioSourceCodeAccess.dll (API version 0).
LogModuleManager: Display: Found up-to-date module file ../../../Engine/Plugins/Editor/AssetManagerEditor/Binaries/Win64/UE4Editor-AssetManagerEditor.dll (API version 0).
LogModuleManager: Display: Found up-to-date module file ../../../Engine/Plugins/Editor/AudioCapture/Binaries/Win64/UE4Editor-AudioCapture.dll (API version 0).
LogModuleManager: Display: Found up-to-date module file ../../../Engine/Plugins/Editor/FacialAnimation/Binaries/Win64/UE4Editor-FacialAnimation.dll (API version 0).
LogModuleManager: Display: Found up-to-date module file ../../../Engine/Plugins/Editor/FacialAnimation/Binaries/Win64/UE4Editor-FacialAnimationEditor.dll (API version 0).
LogModuleManager: Display: Found up-to-date module file ../../../Engine/Plugins/Editor/GameplayTagsEditor/Binaries/Win64/UE4Editor-GameplayTagsEditor.dll (API version 0).
LogModuleManager: Display: Found up-to-date module file ../../../Engine/Plugins/Editor/MobileLauncherProfileWizard/Binaries/Win64/UE4Editor-MobileLauncherProfileWizard.dll (API version 0).
LogModuleManager: Display: Found up-to-date module file ../../../Engine/Plugins/Editor/PluginBrowser/Binaries/Win64/UE4Editor-PluginBrowser.dll (API version 0).
LogModuleManager: Display: Found up-to-date module file ../../../Engine/Plugins/Editor/SpeedTreeImporter/Binaries/Win64/UE4Editor-SpeedTreeImporter.dll (API version 0).
LogModuleManager: Display: Found up-to-date module file ../../../Engine/Plugins/Experimental/AlembicImporter/Binaries/Win64/UE4Editor-AlembicImporter.dll (API version 0).
LogModuleManager: Display: Found up-to-date module file ../../../Engine/Plugins/Experimental/AlembicImporter/Binaries/Win64/UE4Editor-AlembicLibrary.dll (API version 0).
LogModuleManager: Display: Found up-to-date module file ../../../Engine/Plugins/Experimental/CharacterAI/Binaries/Win64/UE4Editor-CharacterAI.dll (API version 0).
LogModuleManager: Display: Found up-to-date module file ../../../Engine/Plugins/Experimental/HTML5Networking/Binaries/Win64/UE4Editor-HTML5Networking.dll (API version 0).
LogModuleManager: Display: Found up-to-date module file ../../../Engine/Plugins/Media/AndroidMedia/Binaries/Win64/UE4Editor-AndroidMediaEditor.dll (API version 0).
LogModuleManager: Display: Found up-to-date module file ../../../Engine/Plugins/Media/AndroidMedia/Binaries/Win64/UE4Editor-AndroidMediaFactory.dll (API version 0).
LogModuleManager: Display: Found up-to-date module file ../../../Engine/Plugins/Media/AvfMedia/Binaries/Win64/UE4Editor-AvfMediaEditor.dll (API version 0).
LogModuleManager: Display: Found up-to-date module file ../../../Engine/Plugins/Media/AvfMedia/Binaries/Win64/UE4Editor-AvfMediaFactory.dll (API version 0).
LogModuleManager: Display: Found up-to-date module file ../../../Engine/Plugins/Media/AvfMedia/Binaries/Win64/UE4Editor-AvfMediaFactory.dll (API version 0).
LogModuleManager: Display: Found up-to-date module file ../../../Engine/Plugins/Media/ImgMedia/Binaries/Win64/UE4Editor-ImgMedia.dll (API version 0).
LogModuleManager: Display: Found up-to-date module file ../../../Engine/Plugins/Media/ImgMedia/Binaries/Win64/UE4Editor-ImgMediaEditor.dll (API version 0).
LogModuleManager: Display: Found up-to-date module file ../../../Engine/Plugins/Media/ImgMedia/Binaries/Win64/UE4Editor-ImgMediaFactory.dll (API version 0).
LogModuleManager: Display: Found up-to-date module file ../../../Engine/Plugins/Media/ImgMedia/Binaries/Win64/UE4Editor-ImgMediaFactory.dll (API version 0).
LogModuleManager: Display: Found up-to-date module file ../../../Engine/Plugins/Media/ImgMedia/Binaries/Win64/UE4Editor-OpenExrWrapper.dll (API version 0).
LogModuleManager: Display: Found up-to-date module file ../../../Engine/Plugins/Media/MediaCompositing/Binaries/Win64/UE4Editor-MediaCompositing.dll (API version 0).
LogModuleManager: Display: Found up-to-date module file ../../../Engine/Plugins/Media/MediaCompositing/Binaries/Win64/UE4Editor-MediaCompositingEditor.dll (API version 0).
LogModuleManager: Display: Found up-to-date module file ../../../Engine/Plugins/Media/MediaPlayerEditor/Binaries/Win64/UE4Editor-MediaPlayerEditor.dll (API version 0).
LogModuleManager: Display: Found up-to-date module file ../../../Engine/Plugins/Media/WmfMedia/Binaries/Win64/UE4Editor-WmfMedia.dll (API version 0).
LogModuleManager: Display: Found up-to-date module file ../../../Engine/Plugins/Media/WmfMedia/Binaries/Win64/UE4Editor-WmfMediaEditor.dll (API version 0).
LogModuleManager: Display: Found up-to-date module file ../../../Engine/Plugins/Media/WmfMedia/Binaries/Win64/UE4Editor-WmfMediaFactory.dll (API version 0).
LogModuleManager: Display: Found up-to-date module file ../../../Engine/Plugins/Media/WmfMedia/Binaries/Win64/UE4Editor-WmfMediaFactory.dll (API version 0).
LogModuleManager: Display: Found up-to-date module file ../../../Engine/Plugins/Messaging/TcpMessaging/Binaries/Win64/UE4Editor-TcpMessaging.dll (API version 0).
LogModuleManager: Display: Found up-to-date module file ../../../Engine/Plugins/Messaging/UdpMessaging/Binaries/Win64/UE4Editor-UdpMessaging.dll (API version 0).
LogModuleManager: Display: Found up-to-date module file ../../../Engine/Plugins/MovieScene/ActorSequence/Binaries/Win64/UE4Editor-ActorSequence.dll (API version 0).
LogModuleManager: Display: Found up-to-date module file ../../../Engine/Plugins/MovieScene/LevelSequenceEditor/Binaries/Win64/UE4Editor-LevelSequenceEditor.dll (API version 0).
LogModuleManager: Display: Found up-to-date module file ../../../Engine/Plugins/MovieScene/MatineeToLevelSequence/Binaries/Win64/UE4Editor-MatineeToLevelSequence.dll (API version 0).
LogModuleManager: Display: Found up-to-date module file ../../../Engine/Plugins/Online/OnlineSubsystem/Binaries/Win64/UE4Editor-OnlineSubsystem.dll (API version 0).
LogModuleManager: Display: Found up-to-date module file ../../../Engine/Plugins/Online/OnlineSubsystemNull/Binaries/Win64/UE4Editor-OnlineSubsystemNull.dll (API version 0).
LogModuleManager: Display: Found up-to-date module file ../../../Engine/Plugins/Online/OnlineSubsystemUtils/Binaries/Win64/UE4Editor-OnlineSubsystemUtils.dll (API version 0).
LogModuleManager: Display: Found up-to-date module file ../../../Engine/Plugins/Online/OnlineSubsystemUtils/Binaries/Win64/UE4Editor-OnlineBlueprintSupport.dll (API version 0).
LogModuleManager: Display: Found up-to-date module file ../../../Engine/Plugins/Runtime/AndroidDeviceProfileSelector/Binaries/Win64/UE4Editor-AndroidDeviceProfileSelector.dll (API version 0).
LogModuleManager: Display: Found up-to-date module file ../../../Engine/Plugins/Runtime/AndroidPermission/Binaries/Win64/UE4Editor-AndroidPermission.dll (API version 0).
LogModuleManager: Display: Found up-to-date module file ../../../Engine/Plugins/Runtime/AppleARKit/Binaries/Win64/UE4Editor-AppleARKit.dll (API version 0).
LogModuleManager: Display: Found up-to-date module file ../../../Engine/Plugins/Runtime/ArchVisCharacter/Binaries/Win64/UE4Editor-ArchVisCharacter.dll (API version 0).
LogModuleManager: Display: Found up-to-date module file ../../../Engine/Plugins/Runtime/CableComponent/Binaries/Win64/UE4Editor-CableComponent.dll (API version 0).
LogModuleManager: Display: Found up-to-date module file ../../../Engine/Plugins/Runtime/CustomMeshComponent/Binaries/Win64/UE4Editor-CustomMeshComponent.dll (API version 0).
LogModuleManager: Display: Found up-to-date module file ../../../Engine/Plugins/Runtime/ExampleDeviceProfileSelector/Binaries/Win64/UE4Editor-ExampleDeviceProfileSelector.dll (API version 0).
LogModuleManager: Display: Found up-to-date module file ../../../Engine/Plugins/Runtime/ImmediatePhysics/Binaries/Win64/UE4Editor-ImmediatePhysics.dll (API version 0).
LogModuleManager: Display: Found up-to-date module file ../../../Engine/Plugins/Runtime/ImmediatePhysics/Binaries/Win64/UE4Editor-ImmediatePhysicsEditor.dll (API version 0).
LogModuleManager: Display: Found up-to-date module file ../../../Engine/Plugins/Runtime/LocationServicesBPLibrary/Binaries/Win64/UE4Editor-LocationServicesBPLibrary.dll (API version 0).
LogModuleManager: Display: Found up-to-date module file ../../../Engine/Plugins/Runtime/MobilePatchingUtils/Binaries/Win64/UE4Editor-MobilePatchingUtils.dll (API version 0).
LogModuleManager: Display: Found up-to-date module file ../../../Engine/Plugins/Runtime/Oculus/OculusVR/Binaries/Win64/UE4Editor-OculusHMD.dll (API version 0).
LogModuleManager: Display: Found up-to-date module file ../../../Engine/Plugins/Runtime/Oculus/OculusVR/Binaries/Win64/UE4Editor-OculusInput.dll (API version 0).
LogModuleManager: Display: Found up-to-date module file ../../../Engine/Plugins/Runtime/Oculus/OculusVR/Binaries/Win64/UE4Editor-OculusEditor.dll (API version 0).
LogModuleManager: Display: Found up-to-date module file ../../../Engine/Plugins/Runtime/PhysXVehicles/Binaries/Win64/UE4Editor-PhysXVehicles.dll (API version 0).
LogModuleManager: Display: Found up-to-date module file ../../../Engine/Plugins/Runtime/PhysXVehicles/Binaries/Win64/UE4Editor-PhysXVehiclesEditor.dll (API version 0).
LogModuleManager: Display: Found up-to-date module file ../../../Engine/Plugins/Runtime/ProceduralMeshComponent/Binaries/Win64/UE4Editor-ProceduralMeshComponent.dll (API version 0).
LogModuleManager: Display: Found up-to-date module file ../../../Engine/Plugins/Runtime/ProceduralMeshComponent/Binaries/Win64/UE4Editor-ProceduralMeshComponentEditor.dll (API version 0).
LogModuleManager: Display: Found up-to-date module file ../../../Engine/Plugins/Runtime/RuntimePhysXCooking/Binaries/Win64/UE4Editor-RuntimePhysXCooking.dll (API version 0).
LogModuleManager: Display: Found up-to-date module file ../../../Engine/Plugins/Runtime/Steam/SteamVR/Binaries/Win64/UE4Editor-SteamVR.dll (API version 0).
LogModuleManager: Display: Found up-to-date module file ../../../Engine/Plugins/Runtime/Steam/SteamVR/Binaries/Win64/UE4Editor-SteamVRController.dll (API version 0).
LogModuleManager: Display: Found up-to-date module file ../../../Engine/Plugins/Runtime/WindowsMoviePlayer/Binaries/Win64/UE4Editor-WindowsMoviePlayer.dll (API version 0).
LogInit: Using libcurl 7.47.1
LogInit:  - built for x86_64-pc-win32
LogInit:  - supports SSL with OpenSSL/1.0.2g
LogInit:  - supports HTTP deflate (compression) using libz 1.2.8
LogInit:  - other features:
LogInit:      CURL_VERSION_SSL
LogInit:      CURL_VERSION_LIBZ
LogInit:      CURL_VERSION_IPV6
LogInit:      CURL_VERSION_ASYNCHDNS
LogInit:      CURL_VERSION_LARGEFILE
LogInit:      CURL_VERSION_IDN
LogInit:  CurlRequestOptions (configurable via config and command line):
LogInit:  - bVerifyPeer = false  - Libcurl will NOT verify peer certificate
LogInit:  - bUseHttpProxy = false  - Libcurl will NOT use HTTP proxy
LogInit:  - bDontReuseConnections = false  - Libcurl will reuse connections
LogInit:  - CertBundlePath = nullptr  - Libcurl will use whatever was configured at build time.
LogInit: Build: ++UE4+Release-4.18-CL-0
LogInit: Engine Version: 4.18.2-0+++UE4+Release-4.18
LogInit: Compatible Engine Version: 4.18.0-0+++UE4+Release-4.18
LogInit: Net CL: 0
LogDevObjectVersion: Number of dev versions registered: 16
LogDevObjectVersion:   Dev-Blueprints (B0D832E4-1F89-4F0D-ACCF-7EB736FD4AA2): 10
LogDevObjectVersion:   Dev-Build (E1C64328-A22C-4D53-A36C-8E866417BD8C): 0
LogDevObjectVersion:   Dev-Core (375EC13C-06E4-48FB-B500-84F0262A717E): 2
LogDevObjectVersion:   Dev-Editor (E4B068ED-F494-42E9-A231-DA0B2E46BB41): 20
LogDevObjectVersion:   Dev-Framework (CFFC743F-43B0-4480-9391-14DF171D2073): 30
LogDevObjectVersion:   Dev-Mobile (B02B49B5-BB20-44E9-A304-32B752E40360): 0
LogDevObjectVersion:   Dev-Networking (A4E4105C-59A1-49B5-A7C5-40C4547EDFEE): 0
LogDevObjectVersion:   Dev-Online (39C831C9-5AE6-47DC-9A44-9C173E1C8E7C): 0
LogDevObjectVersion:   Dev-Physics (78F01B33-EBEA-4F98-B9B4-84EACCB95AA2): 0
LogDevObjectVersion:   Dev-Platform (6631380F-2D4D-43E0-8009-CF276956A95A): 0
LogDevObjectVersion:   Dev-Rendering (12F88B9F-8875-4AFC-A67C-D90C383ABD29): 20
LogDevObjectVersion:   Dev-Sequencer (7B5AE74C-D270-4C10-A958-57980B212A5A): 4
LogDevObjectVersion:   Dev-VR (D7296918-1DD6-4BDD-9DE2-64A83CC13884): 0
LogDevObjectVersion:   Dev-LoadTimes (C2A15278-BFE7-4AFE-6C17-90FF531DF755): 1
LogDevObjectVersion:   Private-Geometry (6EACA3D4-40EC-4CC1-B786-8BED09428FC5): 1
LogDevObjectVersion:   Dev-AnimPhys (29E575DD-E0A3-4627-9D10-D276232CDCEA): 12
LogInit: Compiled (64-bit): Dec 23 2017 00:07:48
LogInit: Compiled with Visual C++: 19.00.24215.01
LogInit: Build Configuration: Development
LogInit: Branch Name: ++UE4+Release-4.18
LogInit: Command line: 
LogInit: Base directory: C:/UE4/Engine/Binaries/Win64/
LogInit: Installed Engine Build: 0
LogInit: Presizing for max 8388607 objects, including 0 objects not considered by GC, pre-allocating 0 bytes for permanent pool.
LogInit: Object subsystem initialized
[2017.12.25-11.37.28:232][  0]LogInit: Selected Device Profile: [Windows]
[2017.12.25-11.37.28:240][  0]LogInit: Applying CVar settings loaded from the selected device profile: [Windows]
[2017.12.25-11.37.28:309][  0]LogInit: Computer: DESKTOP-ARBLL7U
[2017.12.25-11.37.28:309][  0]LogInit: User: Настя
[2017.12.25-11.37.28:309][  0]LogInit: CPU Page size=4096, Cores=2
[2017.12.25-11.37.28:309][  0]LogInit: High frequency timer resolution =2.343749 MHz
[2017.12.25-11.37.28:309][  0]LogMemory: Memory total: Physical=5.9GB (6GB approx)
[2017.12.25-11.37.28:309][  0]LogMemory: Platform Memory Stats for Windows
[2017.12.25-11.37.28:309][  0]LogMemory: Process Physical Memory: 272.13 MB used, 272.13 MB peak
[2017.12.25-11.37.28:309][  0]LogMemory: Process Virtual Memory: 265.57 MB used, 265.57 MB peak
[2017.12.25-11.37.28:309][  0]LogMemory: Physical Memory: 3667.86 MB used,  2372.00 MB free, 6039.86 MB total
[2017.12.25-11.37.28:309][  0]LogMemory: Virtual Memory: 667.59 MB used,  2372.00 MB free, 134217728.00 MB total
[2017.12.25-11.37.30:709][  0]LogInit: Using OS detected language (ru-RU).
[2017.12.25-11.37.30:709][  0]LogInit: Using OS detected locale (ru-RU).
[2017.12.25-11.37.31:200][  0]LogTextLocalizationManager: No localization for 'ru-RU' exists, so 'en' will be used for the language.
[2017.12.25-11.37.31:201][  0]LogTextLocalizationManager: No localization for 'ru-RU' exists, so 'en' will be used for the locale.
[2017.12.25-11.37.32:390][  0]LogInit: Setting process to per monitor DPI aware
[2017.12.25-11.37.38:870][  0]LogD3D11RHI: D3D11 adapters:
[2017.12.25-11.37.39:441][  0]LogD3D11RHI:    0. 'NVIDIA GeForce 940M' (Feature Level 11_0)
[2017.12.25-11.37.39:442][  0]LogD3D11RHI:       2019/0/3019 MB DedicatedVideo/DedicatedSystem/SharedSystem, Outputs:1, VendorId:0x10de
[2017.12.25-11.37.39:589][  0]LogD3D11RHI:    1. 'Intel(R) HD Graphics 520' (Feature Level 11_0)
[2017.12.25-11.37.39:589][  0]LogD3D11RHI:       128/0/3019 MB DedicatedVideo/DedicatedSystem/SharedSystem, Outputs:0, VendorId:0x8086
[2017.12.25-11.37.39:606][  0]LogD3D11RHI:    2. 'Microsoft Basic Render Driver' (Feature Level 11_0)
[2017.12.25-11.37.39:606][  0]LogD3D11RHI:       0/0/3019 MB DedicatedVideo/DedicatedSystem/SharedSystem, Outputs:0, VendorId:0x1414
[2017.12.25-11.37.39:606][  0]LogD3D11RHI: Chosen D3D11 Adapter: 0
[2017.12.25-11.37.39:627][  0]LogD3D11RHI: Creating new Direct3DDevice
[2017.12.25-11.37.39:627][  0]LogD3D11RHI:     GPU DeviceId: 0x1347 (for the marketing name, search the web for "GPU Device Id")
[2017.12.25-11.37.39:627][  0]LogWindows: EnumDisplayDevices:
[2017.12.25-11.37.39:627][  0]LogWindows:    0. 'Intel(R) HD Graphics 520' (P:1 D:1)
[2017.12.25-11.37.39:627][  0]LogWindows:    1. 'Intel(R) HD Graphics 520' (P:0 D:0)
[2017.12.25-11.37.39:627][  0]LogWindows:    2. 'Intel(R) HD Graphics 520' (P:0 D:0)
[2017.12.25-11.37.39:627][  0]LogWindows: DebugString: GetVideoDriverDetailsInvalid PrimaryIsNotTheChoosenAdapter GetVideoDriverDetailsInvalid PrimaryIsNotTheChoosenAdapter GetVideoDriverDetailsInvalid PrimaryIsNotTheChoosenAdapter FoundDriverCount:0 
[2017.12.25-11.37.39:627][  0]LogD3D11RHI:     Adapter Name: NVIDIA GeForce 940M
[2017.12.25-11.37.39:627][  0]LogD3D11RHI:   Driver Version: Unknown (internal:Unknown, unified:Unknown)
[2017.12.25-11.37.39:627][  0]LogD3D11RHI:      Driver Date: Unknown
[2017.12.25-11.37.39:627][  0]LogRHI: Texture pool is 1413 MB (70% of 2019 MB)
[2017.12.25-11.37.39:724][  0]LogD3D11RHI: Async texture creation enabled
[2017.12.25-11.37.40:035][  0]LogD3D11RHI: GPU Timing Frequency: 1000.000000 (Debug: 2 1)
[2017.12.25-11.37.40:171][  0]LogShaderCompilers: Guid format shader working directory is 25 characters bigger than the processId version (../../../DialogueGame/Intermediate/Shaders/WorkingDirectory/9424/).
[2017.12.25-11.37.40:172][  0]LogShaderCompilers: Cleaned the shader compiler working directory 'C:/Users/Настя/AppData/Local/Temp/UnrealShaderWorkingDir/650D7C2F4A6ACFCA7E8BA093816D5902/'.
[2017.12.25-11.37.40:175][  0]LogShaderCompilers: Display: Using Local Shader Compiler.
[2017.12.25-11.37.45:665][  0]LogTemp: Display: Loaded TP AllDesktopTargetPlatform
[2017.12.25-11.37.45:740][  0]LogTemp: Display: Loaded TP MacClientTargetPlatform
[2017.12.25-11.37.45:810][  0]LogTemp: Display: Loaded TP MacNoEditorTargetPlatform
[2017.12.25-11.37.45:876][  0]LogTemp: Display: Loaded TP MacServerTargetPlatform
[2017.12.25-11.37.45:972][  0]LogTemp: Display: Loaded TP MacTargetPlatform
[2017.12.25-11.37.46:045][  0]LogTemp: Display: Loaded TP WindowsClientTargetPlatform
[2017.12.25-11.37.46:115][  0]LogTemp: Display: Loaded TP WindowsNoEditorTargetPlatform
[2017.12.25-11.37.46:184][  0]LogTemp: Display: Loaded TP WindowsServerTargetPlatform
[2017.12.25-11.37.46:246][  0]LogTemp: Display: Loaded TP WindowsTargetPlatform
[2017.12.25-11.37.46:314][  0]LogTemp: Display: Loaded TP Android_ASTCTargetPlatform
[2017.12.25-11.37.46:379][  0]LogTemp: Display: Loaded TP Android_ATCTargetPlatform
[2017.12.25-11.37.46:448][  0]LogTemp: Display: Loaded TP Android_DXTTargetPlatform
[2017.12.25-11.37.46:513][  0]LogTemp: Display: Loaded TP Android_ETC1TargetPlatform
[2017.12.25-11.37.46:577][  0]LogTemp: Display: Loaded TP Android_ETC2TargetPlatform
[2017.12.25-11.37.46:713][  0]LogTemp: Display: Loaded TP Android_MultiTargetPlatform
[2017.12.25-11.37.46:713][  0]LogTemp: Display: Loaded TP Android_PVRTCTargetPlatform
[2017.12.25-11.37.46:812][  0]LogTemp: Display: Loaded TP AndroidTargetPlatform
[2017.12.25-11.37.46:868][  0]LogTemp: Display: Loaded TP HTML5TargetPlatform
[2017.12.25-11.37.47:069][  0]LogTemp: Display: Loaded TP IOSTargetPlatform
[2017.12.25-11.37.47:104][  0]LogTemp: Display: Loaded TP TVOSTargetPlatform
[2017.12.25-11.37.47:105][  0]LogTargetPlatformManager: Display: Building Assets For Windows
[2017.12.25-11.37.48:740][  0]LogDerivedDataCache: Display: Max Cache Size: 512 MB
[2017.12.25-11.37.49:525][  0]LogDerivedDataCache: Loaded boot cache 0.78s 79MB ../../../DialogueGame/DerivedDataCache/Boot.ddc.
[2017.12.25-11.37.49:525][  0]LogDerivedDataCache: Display: Loaded Boot cache: ../../../DialogueGame/DerivedDataCache/Boot.ddc
[2017.12.25-11.37.49:526][  0]LogDerivedDataCache: FDerivedDataBackendGraph:  Pak pak cache file ../../../DialogueGame/DerivedDataCache/DDC.ddp not found, will not use a pak cache.
[2017.12.25-11.37.49:526][  0]LogDerivedDataCache: Unable to find inner node Pak for hierarchical cache Hierarchy.
[2017.12.25-11.37.49:526][  0]LogDerivedDataCache: FDerivedDataBackendGraph:  EnginePak pak cache file ../../../Engine/DerivedDataCache/DDC.ddp not found, will not use a pak cache.
[2017.12.25-11.37.49:526][  0]LogDerivedDataCache: Unable to find inner node EnginePak for hierarchical cache Hierarchy.
[2017.12.25-11.37.49:538][  0]LogDerivedDataCache: Using Local data cache path ../../../Engine/DerivedDataCache: Writable
[2017.12.25-11.37.49:538][  0]LogDerivedDataCache: Shared data cache path not found in *engine.ini, will not use an Shared cache.
[2017.12.25-11.37.49:538][  0]LogDerivedDataCache: Unable to find inner node Shared for hierarchical cache Hierarchy.
[2017.12.25-11.37.49:674][  0]LogMaterial: Verifying Global Shaders for PCD3D_SM5
[2017.12.25-11.37.49:747][  0]LogSlate: Using Freetype 2.6.0
[2017.12.25-11.37.49:963][  0]LogSlate: SlateFontCache - WITH_FREETYPE: 1, WITH_HARFBUZZ: 1
[2017.12.25-11.37.49:963][  0]LogSlate: SlateFontCache - WITH_FREETYPE: 1, WITH_HARFBUZZ: 1
[2017.12.25-11.38.00:746][  0]LogInit: Selected Device Profile: [Windows]
[2017.12.25-11.38.03:590][  0]LogMeshReduction: Using QuadricMeshReduction for automatic static mesh reduction
[2017.12.25-11.38.03:601][  0]LogMeshReduction: No automatic skeletal mesh reduction module available
[2017.12.25-11.38.03:601][  0]LogMeshReduction: No automatic mesh merging module available
[2017.12.25-11.38.03:601][  0]LogMeshReduction: No distributed automatic mesh merging module available
[2017.12.25-11.38.03:601][  0]LogMeshMerging: No automatic mesh merging module available
[2017.12.25-11.38.03:601][  0]LogMeshMerging: No distributed automatic mesh merging module available
[2017.12.25-11.38.05:685][  0]LogNetVersion: DialogueGame , NetCL: 0, EngineNetVer: 2, GameNetVer: 0 (Checksum: 2771905676)
[2017.12.25-11.38.11:580][  0]LogAssetRegistry: FAssetRegistry took 0.0437 seconds to start up
[2017.12.25-11.38.23:831][  0]LogPackageLocalizationCache: Processed 7 localized package path(s) for 1 prioritized culture(s) in 0.442677 seconds
[2017.12.25-11.38.23:859][  0]LogUObjectArray: 35851 objects as part of root set at end of initial load.
[2017.12.25-11.38.23:859][  0]LogUObjectAllocator: 7363880 out of 0 bytes used by permanent object pool.
[2017.12.25-11.38.23:859][  0]LogUObjectArray: CloseDisregardForGC: 0/0 objects in disregard for GC pool
[2017.12.25-11.38.23:954][  0]LogInit: WinSock: version 1.1 (2.2), MaxSocks=32767, MaxUdp=65467
[2017.12.25-11.38.37:829][  0]LogStreaming: Warning: Failed to read file '../../../Engine/Content/Editor/Slate/Launcher/Mac/Platform_Mac_24x.png' error.
[2017.12.25-11.38.37:829][  0]LogSlate: Could not find file for Slate resource: ../../../Engine/Content/Editor/Slate/Launcher/Mac/Platform_Mac_24x.png
[2017.12.25-11.38.37:829][  0]LogStreaming: Warning: Failed to read file '../../../Engine/Content/Editor/Slate/Launcher/Mac/Platform_Mac_128x.png' error.
[2017.12.25-11.38.37:829][  0]LogSlate: Could not find file for Slate resource: ../../../Engine/Content/Editor/Slate/Launcher/Mac/Platform_Mac_128x.png
[2017.12.25-11.38.37:829][  0]LogStreaming: Warning: Failed to read file '../../../Engine/Content/Editor/Slate/Launcher/Mac/Platform_Mac_128x.png' error.
[2017.12.25-11.38.37:829][  0]LogSlate: Could not find file for Slate resource: ../../../Engine/Content/Editor/Slate/Launcher/Mac/Platform_Mac_128x.png
[2017.12.25-11.38.37:829][  0]LogStreaming: Warning: Failed to read file '../../../Engine/Content/Editor/Slate/Launcher/Mac/Platform_Mac_24x.png' error.
[2017.12.25-11.38.37:829][  0]LogSlate: Could not find file for Slate resource: ../../../Engine/Content/Editor/Slate/Launcher/Mac/Platform_Mac_24x.png
[2017.12.25-11.38.37:829][  0]LogStreaming: Warning: Failed to read file '../../../Engine/Content/Editor/Slate/Launcher/Mac/Platform_Mac_128x.png' error.
[2017.12.25-11.38.37:829][  0]LogSlate: Could not find file for Slate resource: ../../../Engine/Content/Editor/Slate/Launcher/Mac/Platform_Mac_128x.png
[2017.12.25-11.38.37:829][  0]LogStreaming: Warning: Failed to read file '../../../Engine/Content/Editor/Slate/Launcher/Mac/Platform_Mac_128x.png' error.
[2017.12.25-11.38.37:829][  0]LogSlate: Could not find file for Slate resource: ../../../Engine/Content/Editor/Slate/Launcher/Mac/Platform_Mac_128x.png
[2017.12.25-11.38.37:829][  0]LogStreaming: Warning: Failed to read file '../../../Engine/Content/Editor/Slate/Launcher/Mac/Platform_Mac_24x.png' error.
[2017.12.25-11.38.37:829][  0]LogSlate: Could not find file for Slate resource: ../../../Engine/Content/Editor/Slate/Launcher/Mac/Platform_Mac_24x.png
[2017.12.25-11.38.37:829][  0]LogStreaming: Warning: Failed to read file '../../../Engine/Content/Editor/Slate/Launcher/Mac/Platform_Mac_128x.png' error.
[2017.12.25-11.38.37:829][  0]LogSlate: Could not find file for Slate resource: ../../../Engine/Content/Editor/Slate/Launcher/Mac/Platform_Mac_128x.png
[2017.12.25-11.38.37:829][  0]LogStreaming: Warning: Failed to read file '../../../Engine/Content/Editor/Slate/Launcher/Mac/Platform_Mac_128x.png' error.
[2017.12.25-11.38.37:829][  0]LogSlate: Could not find file for Slate resource: ../../../Engine/Content/Editor/Slate/Launcher/Mac/Platform_Mac_128x.png
[2017.12.25-11.38.37:829][  0]LogStreaming: Warning: Failed to read file '../../../Engine/Content/Editor/Slate/Launcher/Mac/Platform_Mac_24x.png' error.
[2017.12.25-11.38.37:829][  0]LogSlate: Could not find file for Slate resource: ../../../Engine/Content/Editor/Slate/Launcher/Mac/Platform_Mac_24x.png
[2017.12.25-11.38.37:829][  0]LogStreaming: Warning: Failed to read file '../../../Engine/Content/Editor/Slate/Launcher/Mac/Platform_Mac_128x.png' error.
[2017.12.25-11.38.37:829][  0]LogSlate: Could not find file for Slate resource: ../../../Engine/Content/Editor/Slate/Launcher/Mac/Platform_Mac_128x.png
[2017.12.25-11.38.37:829][  0]LogStreaming: Warning: Failed to read file '../../../Engine/Content/Editor/Slate/Launcher/Mac/Platform_Mac_128x.png' error.
[2017.12.25-11.38.37:829][  0]LogSlate: Could not find file for Slate resource: ../../../Engine/Content/Editor/Slate/Launcher/Mac/Platform_Mac_128x.png
[2017.12.25-11.38.37:829][  0]LogStreaming: Warning: Failed to read file '../../../Engine/Content/Editor/Slate/Launcher/Linux/Platform_Linux_24x.png' error.
[2017.12.25-11.38.37:829][  0]LogSlate: Could not find file for Slate resource: ../../../Engine/Content/Editor/Slate/Launcher/Linux/Platform_Linux_24x.png
[2017.12.25-11.38.37:829][  0]LogStreaming: Warning: Failed to read file '../../../Engine/Content/Editor/Slate/Launcher/Linux/Platform_Linux_128x.png' error.
[2017.12.25-11.38.37:829][  0]LogSlate: Could not find file for Slate resource: ../../../Engine/Content/Editor/Slate/Launcher/Linux/Platform_Linux_128x.png
[2017.12.25-11.38.37:829][  0]LogStreaming: Warning: Failed to read file '../../../Engine/Content/Editor/Slate/Launcher/Linux/Platform_Linux_128x.png' error.
[2017.12.25-11.38.37:829][  0]LogSlate: Could not find file for Slate resource: ../../../Engine/Content/Editor/Slate/Launcher/Linux/Platform_Linux_128x.png
[2017.12.25-11.38.37:829][  0]LogStreaming: Warning: Failed to read file '../../../Engine/Content/Editor/Slate/Launcher/Linux/Platform_Linux_24x.png' error.
[2017.12.25-11.38.37:830][  0]LogSlate: Could not find file for Slate resource: ../../../Engine/Content/Editor/Slate/Launcher/Linux/Platform_Linux_24x.png
[2017.12.25-11.38.37:830][  0]LogStreaming: Warning: Failed to read file '../../../Engine/Content/Editor/Slate/Launcher/Linux/Platform_Linux_128x.png' error.
[2017.12.25-11.38.37:830][  0]LogSlate: Could not find file for Slate resource: ../../../Engine/Content/Editor/Slate/Launcher/Linux/Platform_Linux_128x.png
[2017.12.25-11.38.37:830][  0]LogStreaming: Warning: Failed to read file '../../../Engine/Content/Editor/Slate/Launcher/Linux/Platform_Linux_128x.png' error.
[2017.12.25-11.38.37:830][  0]LogSlate: Could not find file for Slate resource: ../../../Engine/Content/Editor/Slate/Launcher/Linux/Platform_Linux_128x.png
[2017.12.25-11.38.37:830][  0]LogStreaming: Warning: Failed to read file '../../../Engine/Content/Editor/Slate/Launcher/Linux/Platform_Linux_24x.png' error.
[2017.12.25-11.38.37:830][  0]LogSlate: Could not find file for Slate resource: ../../../Engine/Content/Editor/Slate/Launcher/Linux/Platform_Linux_24x.png
[2017.12.25-11.38.37:830][  0]LogStreaming: Warning: Failed to read file '../../../Engine/Content/Editor/Slate/Launcher/Linux/Platform_Linux_128x.png' error.
[2017.12.25-11.38.37:830][  0]LogSlate: Could not find file for Slate resource: ../../../Engine/Content/Editor/Slate/Launcher/Linux/Platform_Linux_128x.png
[2017.12.25-11.38.37:830][  0]LogStreaming: Warning: Failed to read file '../../../Engine/Content/Editor/Slate/Launcher/Linux/Platform_Linux_128x.png' error.
[2017.12.25-11.38.37:830][  0]LogSlate: Could not find file for Slate resource: ../../../Engine/Content/Editor/Slate/Launcher/Linux/Platform_Linux_128x.png
[2017.12.25-11.38.37:830][  0]LogStreaming: Warning: Failed to read file '../../../Engine/Content/Editor/Slate/Launcher/Linux/Platform_Linux_24x.png' error.
[2017.12.25-11.38.37:830][  0]LogSlate: Could not find file for Slate resource: ../../../Engine/Content/Editor/Slate/Launcher/Linux/Platform_Linux_24x.png
[2017.12.25-11.38.37:830][  0]LogStreaming: Warning: Failed to read file '../../../Engine/Content/Editor/Slate/Launcher/Linux/Platform_Linux_128x.png' error.
[2017.12.25-11.38.37:830][  0]LogSlate: Could not find file for Slate resource: ../../../Engine/Content/Editor/Slate/Launcher/Linux/Platform_Linux_128x.png
[2017.12.25-11.38.37:830][  0]LogStreaming: Warning: Failed to read file '../../../Engine/Content/Editor/Slate/Launcher/Linux/Platform_Linux_128x.png' error.
[2017.12.25-11.38.37:830][  0]LogSlate: Could not find file for Slate resource: ../../../Engine/Content/Editor/Slate/Launcher/Linux/Platform_Linux_128x.png
[2017.12.25-11.38.37:834][  0]LogStreaming: Warning: Failed to read file '../../../Engine/Content/Editor/Slate/Launcher/Android/Platform_Android_24x.png' error.
[2017.12.25-11.38.37:834][  0]LogSlate: Could not find file for Slate resource: ../../../Engine/Content/Editor/Slate/Launcher/Android/Platform_Android_24x.png
[2017.12.25-11.38.37:834][  0]LogStreaming: Warning: Failed to read file '../../../Engine/Content/Editor/Slate/Launcher/Android/Platform_Android_128x.png' error.
[2017.12.25-11.38.37:834][  0]LogSlate: Could not find file for Slate resource: ../../../Engine/Content/Editor/Slate/Launcher/Android/Platform_Android_128x.png
[2017.12.25-11.38.37:834][  0]LogStreaming: Warning: Failed to read file '../../../Engine/Content/Editor/Slate/Launcher/Android/Platform_Android_128x.png' error.
[2017.12.25-11.38.37:834][  0]LogSlate: Could not find file for Slate resource: ../../../Engine/Content/Editor/Slate/Launcher/Android/Platform_Android_128x.png
[2017.12.25-11.38.37:834][  0]LogStreaming: Warning: Failed to read file '../../../Engine/Content/Editor/Slate/Launcher/Android/Platform_Android_24x.png' error.
[2017.12.25-11.38.37:834][  0]LogSlate: Could not find file for Slate resource: ../../../Engine/Content/Editor/Slate/Launcher/Android/Platform_Android_24x.png
[2017.12.25-11.38.37:834][  0]LogStreaming: Warning: Failed to read file '../../../Engine/Content/Editor/Slate/Launcher/Android/Platform_Android_128x.png' error.
[2017.12.25-11.38.37:834][  0]LogSlate: Could not find file for Slate resource: ../../../Engine/Content/Editor/Slate/Launcher/Android/Platform_Android_128x.png
[2017.12.25-11.38.37:834][  0]LogStreaming: Warning: Failed to read file '../../../Engine/Content/Editor/Slate/Launcher/Android/Platform_Android_128x.png' error.
[2017.12.25-11.38.37:834][  0]LogSlate: Could not find file for Slate resource: ../../../Engine/Content/Editor/Slate/Launcher/Android/Platform_Android_128x.png
[2017.12.25-11.38.37:834][  0]LogStreaming: Warning: Failed to read file '../../../Engine/Content/Editor/Slate/Launcher/Android/Platform_Android_ATC_24x.png' error.
[2017.12.25-11.38.37:834][  0]LogSlate: Could not find file for Slate resource: ../../../Engine/Content/Editor/Slate/Launcher/Android/Platform_Android_ATC_24x.png
[2017.12.25-11.38.37:834][  0]LogStreaming: Warning: Failed to read file '../../../Engine/Content/Editor/Slate/Launcher/Android/Platform_Android_128x.png' error.
[2017.12.25-11.38.37:834][  0]LogSlate: Could not find file for Slate resource: ../../../Engine/Content/Editor/Slate/Launcher/Android/Platform_Android_128x.png
[2017.12.25-11.38.37:834][  0]LogStreaming: Warning: Failed to read file '../../../Engine/Content/Editor/Slate/Launcher/Android/Platform_Android_128x.png' error.
[2017.12.25-11.38.37:834][  0]LogSlate: Could not find file for Slate resource: ../../../Engine/Content/Editor/Slate/Launcher/Android/Platform_Android_128x.png
[2017.12.25-11.38.37:835][  0]LogStreaming: Warning: Failed to read file '../../../Engine/Content/Editor/Slate/Launcher/Android/Platform_Android_DXT_24x.png' error.
[2017.12.25-11.38.37:835][  0]LogSlate: Could not find file for Slate resource: ../../../Engine/Content/Editor/Slate/Launcher/Android/Platform_Android_DXT_24x.png
[2017.12.25-11.38.37:835][  0]LogStreaming: Warning: Failed to read file '../../../Engine/Content/Editor/Slate/Launcher/Android/Platform_Android_128x.png' error.
[2017.12.25-11.38.37:835][  0]LogSlate: Could not find file for Slate resource: ../../../Engine/Content/Editor/Slate/Launcher/Android/Platform_Android_128x.png
[2017.12.25-11.38.37:835][  0]LogStreaming: Warning: Failed to read file '../../../Engine/Content/Editor/Slate/Launcher/Android/Platform_Android_128x.png' error.
[2017.12.25-11.38.37:835][  0]LogSlate: Could not find file for Slate resource: ../../../Engine/Content/Editor/Slate/Launcher/Android/Platform_Android_128x.png
[2017.12.25-11.38.37:835][  0]LogStreaming: Warning: Failed to read file '../../../Engine/Content/Editor/Slate/Launcher/Android/Platform_Android_ETC1_24x.png' error.
[2017.12.25-11.38.37:835][  0]LogSlate: Could not find file for Slate resource: ../../../Engine/Content/Editor/Slate/Launcher/Android/Platform_Android_ETC1_24x.png
[2017.12.25-11.38.37:835][  0]LogStreaming: Warning: Failed to read file '../../../Engine/Content/Editor/Slate/Launcher/Android/Platform_Android_128x.png' error.
[2017.12.25-11.38.37:835][  0]LogSlate: Could not find file for Slate resource: ../../../Engine/Content/Editor/Slate/Launcher/Android/Platform_Android_128x.png
[2017.12.25-11.38.37:835][  0]LogStreaming: Warning: Failed to read file '../../../Engine/Content/Editor/Slate/Launcher/Android/Platform_Android_128x.png' error.
[2017.12.25-11.38.37:835][  0]LogSlate: Could not find file for Slate resource: ../../../Engine/Content/Editor/Slate/Launcher/Android/Platform_Android_128x.png
[2017.12.25-11.38.37:835][  0]LogStreaming: Warning: Failed to read file '../../../Engine/Content/Editor/Slate/Launcher/Android/Platform_Android_ETC2_24x.png' error.
[2017.12.25-11.38.37:835][  0]LogSlate: Could not find file for Slate resource: ../../../Engine/Content/Editor/Slate/Launcher/Android/Platform_Android_ETC2_24x.png
[2017.12.25-11.38.37:835][  0]LogStreaming: Warning: Failed to read file '../../../Engine/Content/Editor/Slate/Launcher/Android/Platform_Android_128x.png' error.
[2017.12.25-11.38.37:835][  0]LogSlate: Could not find file for Slate resource: ../../../Engine/Content/Editor/Slate/Launcher/Android/Platform_Android_128x.png
[2017.12.25-11.38.37:835][  0]LogStreaming: Warning: Failed to read file '../../../Engine/Content/Editor/Slate/Launcher/Android/Platform_Android_128x.png' error.
[2017.12.25-11.38.37:835][  0]LogSlate: Could not find file for Slate resource: ../../../Engine/Content/Editor/Slate/Launcher/Android/Platform_Android_128x.png
[2017.12.25-11.38.37:835][  0]LogStreaming: Warning: Failed to read file '../../../Engine/Content/Editor/Slate/Launcher/Android/Platform_Android_PVRTC_24x.png' error.
[2017.12.25-11.38.37:835][  0]LogSlate: Could not find file for Slate resource: ../../../Engine/Content/Editor/Slate/Launcher/Android/Platform_Android_PVRTC_24x.png
[2017.12.25-11.38.37:835][  0]LogStreaming: Warning: Failed to read file '../../../Engine/Content/Editor/Slate/Launcher/Android/Platform_Android_128x.png' error.
[2017.12.25-11.38.37:835][  0]LogSlate: Could not find file for Slate resource: ../../../Engine/Content/Editor/Slate/Launcher/Android/Platform_Android_128x.png
[2017.12.25-11.38.37:835][  0]LogStreaming: Warning: Failed to read file '../../../Engine/Content/Editor/Slate/Launcher/Android/Platform_Android_128x.png' error.
[2017.12.25-11.38.37:835][  0]LogSlate: Could not find file for Slate resource: ../../../Engine/Content/Editor/Slate/Launcher/Android/Platform_Android_128x.png
[2017.12.25-11.38.37:835][  0]LogStreaming: Warning: Failed to read file '../../../Engine/Content/Editor/Slate/Launcher/Android/Platform_Android_ASTC_24x.png' error.
[2017.12.25-11.38.37:835][  0]LogSlate: Could not find file for Slate resource: ../../../Engine/Content/Editor/Slate/Launcher/Android/Platform_Android_ASTC_24x.png
[2017.12.25-11.38.37:835][  0]LogStreaming: Warning: Failed to read file '../../../Engine/Content/Editor/Slate/Launcher/Android/Platform_Android_128x.png' error.
[2017.12.25-11.38.37:835][  0]LogSlate: Could not find file for Slate resource: ../../../Engine/Content/Editor/Slate/Launcher/Android/Platform_Android_128x.png
[2017.12.25-11.38.37:835][  0]LogStreaming: Warning: Failed to read file '../../../Engine/Content/Editor/Slate/Launcher/Android/Platform_Android_128x.png' error.
[2017.12.25-11.38.37:835][  0]LogSlate: Could not find file for Slate resource: ../../../Engine/Content/Editor/Slate/Launcher/Android/Platform_Android_128x.png
[2017.12.25-11.38.47:034][  0]LogTcpMessaging: Initializing TcpMessaging bridge
[2017.12.25-11.38.47:091][  0]LogUdpMessaging: Initializing bridge on interface 0.0.0.0:0 to multicast group 230.0.0.1:6666.
[2017.12.25-11.38.51:373][  0]LogMaterial: Uniform references updated for custom material expression Custom.
[2017.12.25-11.38.52:635][  0]SourceControl: Source control is disabled
[2017.12.25-11.38.52:635][  0]SourceControl: Source control is disabled
[2017.12.25-11.38.52:714][  0]SourceControl: Source control is disabled
[2017.12.25-11.38.52:796][  0]SourceControl: Source control is disabled
[2017.12.25-11.38.54:440][  0]LogAndroidPermission: UAndroidPermissionCallbackProxy::GetInstance
[2017.12.25-11.38.54:845][  0]LogOcInput: OculusInput pre-init called
[2017.12.25-11.38.55:807][  0]LogEngine: Initializing Engine...
[2017.12.25-11.38.55:835][  0]LogHMD: Failed to initialize OpenVR with code 110
[2017.12.25-11.38.57:109][  0]LogStats: UGameplayTagsManager::ConstructGameplayTagTree: Construct from data asset -  0.000 s
[2017.12.25-11.38.57:111][  0]LogStats: UGameplayTagsManager::ConstructGameplayTagTree: GameplayTagTreeChangedEvent.Broadcast -  0.000 s
[2017.12.25-11.38.57:715][  0]LogAIModule: Creating AISystem for world Untitled
[2017.12.25-11.38.57:963][  0]LogInit: XAudio2 using 'Динамики (Realtek High Definition Audio)' : 2 channels at 48 kHz using 32 bits per sample (channel mask 0x3)
[2017.12.25-11.38.58:611][  0]LogInit: FAudioDevice initialized.
[2017.12.25-11.38.58:770][  0]LogDerivedDataCache: Saved boot cache 0.15s 79MB ../../../DialogueGame/DerivedDataCache/Boot.ddc.
[2017.12.25-11.38.58:787][  0]LogInit: Texture streaming: Enabled
[2017.12.25-11.38.59:112][  0]LogEngineSessionManager: EngineSessionManager initialized
[2017.12.25-11.38.59:449][  0]LogInit: Transaction tracking system initialized
[2017.12.25-11.39.00:184][  0]BlueprintLog: New page: Editor Load
[2017.12.25-11.39.02:434][  0]LocalizationService: Localization service is disabled
[2017.12.25-11.39.04:410][  0]LogConsoleResponse: Display: 
[2017.12.25-11.39.07:727][  0]LogFileCache: Scanning file cache for directory 'C:/UE4/DialogueGame/Content/' took 0.06s
[2017.12.25-11.39.07:727][  0]LogCook: Display: Max memory allowance for cook 16384mb min free memory 0mb
[2017.12.25-11.39.07:741][  0]LogCook: Display: Mobile HDR setting 1
[2017.12.25-11.39.07:741][  0]LogGameplayTags: Display: UGameplayTagsManager::DoneAddingNativeTags. DelegateIsBound: 0
[2017.12.25-11.39.11:117][  0]SourceControl: Source control is disabled
[2017.12.25-11.39.11:166][  0]Cmd: MAP LOAD FILE="../../../DialogueGame/Content/ThirdPersonCPP/Maps/ThirdPersonExampleMap.umap" TEMPLATE=0 SHOWPROGRESS=1 FEATURELEVEL=3
[2017.12.25-11.39.11:254][  0]LightingResults: New page: Lighting Build
[2017.12.25-11.39.11:430][  0]MapCheck: New page: Map Check
[2017.12.25-11.39.11:430][  0]LightingResults: New page: Lighting Build
[2017.12.25-11.39.12:018][  0]LogLinker: Warning: Can't find file '/Game/Geometry/Meshes/CubeMaterial'
[2017.12.25-11.39.12:018][  0]LogLinker: Warning: Can't find file for asset '/Game/Geometry/Meshes/CubeMaterial' while loading ../../../DialogueGame/Content/ThirdPersonCPP/Maps/ThirdPersonExampleMap.umap.
[2017.12.25-11.39.12:018][  0]LoadErrors: Error: /Game/ThirdPersonCPP/Maps/ThirdPersonExampleMap : Can't find file for asset. /Game/Geometry/Meshes/CubeMaterial
[2017.12.25-11.39.12:019][  0]LogLinker: Warning: Can't find file '/Game/Geometry/Meshes/1M_Cube'
[2017.12.25-11.39.12:020][  0]LogLinker: Warning: Can't find file for asset '/Game/Geometry/Meshes/1M_Cube' while loading ../../../DialogueGame/Content/ThirdPersonCPP/Maps/ThirdPersonExampleMap.umap.
[2017.12.25-11.39.12:020][  0]LoadErrors: Error: /Game/ThirdPersonCPP/Maps/ThirdPersonExampleMap : Can't find file for asset. /Game/Geometry/Meshes/1M_Cube
[2017.12.25-11.39.12:020][  0]LogLinker: Warning: Can't find file '/Game/Geometry/Meshes/1M_Cube_Chamfer'
[2017.12.25-11.39.12:020][  0]LogLinker: Warning: Can't find file for asset '/Game/Geometry/Meshes/1M_Cube_Chamfer' while loading ../../../DialogueGame/Content/ThirdPersonCPP/Maps/ThirdPersonExampleMap.umap.
[2017.12.25-11.39.12:020][  0]LoadErrors: Error: /Game/ThirdPersonCPP/Maps/ThirdPersonExampleMap : Can't find file for asset. /Game/Geometry/Meshes/1M_Cube_Chamfer
[2017.12.25-11.39.12:020][  0]LogLinker: Warning: Can't find file '/Game/Geometry/Meshes/CubeMaterial'
[2017.12.25-11.39.12:020][  0]LogLinker: Warning: Can't find file for asset '/Game/Geometry/Meshes/CubeMaterial' while loading ../../../DialogueGame/Content/ThirdPersonCPP/Maps/ThirdPersonExampleMap.umap.
[2017.12.25-11.39.12:020][  0]LoadErrors: Error: /Game/ThirdPersonCPP/Maps/ThirdPersonExampleMap : Can't find file for asset. /Game/Geometry/Meshes/CubeMaterial
[2017.12.25-11.39.12:020][  0]LogLinker: Warning: Can't find file '/Game/Geometry/Meshes/TemplateFloor'
[2017.12.25-11.39.12:021][  0]LogLinker: Warning: Can't find file for asset '/Game/Geometry/Meshes/TemplateFloor' while loading ../../../DialogueGame/Content/ThirdPersonCPP/Maps/ThirdPersonExampleMap.umap.
[2017.12.25-11.39.12:021][  0]LoadErrors: Error: /Game/ThirdPersonCPP/Maps/ThirdPersonExampleMap : Can't find file for asset. /Game/Geometry/Meshes/TemplateFloor
[2017.12.25-11.39.12:129][  0]LogLinker: Warning: Can't find file '/Game/Geometry/Meshes/1M_Cube'
[2017.12.25-11.39.12:129][  0]LogLinker: Warning: Can't find file for asset '/Game/Geometry/Meshes/1M_Cube' while loading ../../../DialogueGame/Content/ThirdPersonCPP/Maps/ThirdPersonExampleMap.umap.
[2017.12.25-11.39.12:129][  0]LoadErrors: Error: /Game/ThirdPersonCPP/Maps/ThirdPersonExampleMap : Can't find file for asset. /Game/Geometry/Meshes/1M_Cube
[2017.12.25-11.39.12:129][  0]LogLinker: Warning: Can't find file '/Game/Geometry/Meshes/1M_Cube_Chamfer'
[2017.12.25-11.39.12:130][  0]LogLinker: Warning: Can't find file for asset '/Game/Geometry/Meshes/1M_Cube_Chamfer' while loading ../../../DialogueGame/Content/ThirdPersonCPP/Maps/ThirdPersonExampleMap.umap.
[2017.12.25-11.39.12:130][  0]LoadErrors: Error: /Game/ThirdPersonCPP/Maps/ThirdPersonExampleMap : Can't find file for asset. /Game/Geometry/Meshes/1M_Cube_Chamfer
[2017.12.25-11.39.12:130][  0]LogLinker: Warning: Can't find file '/Game/Geometry/Meshes/TemplateFloor'
[2017.12.25-11.39.12:130][  0]LogLinker: Warning: Can't find file for asset '/Game/Geometry/Meshes/TemplateFloor' while loading ../../../DialogueGame/Content/ThirdPersonCPP/Maps/ThirdPersonExampleMap.umap.
[2017.12.25-11.39.12:130][  0]LoadErrors: Error: /Game/ThirdPersonCPP/Maps/ThirdPersonExampleMap : Can't find file for asset. /Game/Geometry/Meshes/TemplateFloor
[2017.12.25-11.39.12:134][  0]LogLinker: Warning: Can't find file '/Game/Geometry/Meshes/CubeMaterial'
[2017.12.25-11.39.12:134][  0]LogLinker: Warning: Can't find file for asset '/Game/Geometry/Meshes/CubeMaterial' while loading NULL.
[2017.12.25-11.39.12:134][  0]LogLinker: Warning: Can't find file '/Game/Geometry/Meshes/1M_Cube'
[2017.12.25-11.39.12:134][  0]LogLinker: Warning: Can't find file for asset '/Game/Geometry/Meshes/1M_Cube' while loading NULL.
[2017.12.25-11.39.12:134][  0]LogLinker: Warning: Can't find file '/Game/Geometry/Meshes/1M_Cube_Chamfer'
[2017.12.25-11.39.12:134][  0]LogLinker: Warning: Can't find file for asset '/Game/Geometry/Meshes/1M_Cube_Chamfer' while loading NULL.
[2017.12.25-11.39.12:135][  0]LogLinker: Warning: Can't find file '/Game/Geometry/Meshes/CubeMaterial'
[2017.12.25-11.39.12:135][  0]LogLinker: Warning: Can't find file for asset '/Game/Geometry/Meshes/CubeMaterial' while loading NULL.
[2017.12.25-11.39.12:135][  0]LogLinker: Warning: Can't find file '/Game/Geometry/Meshes/TemplateFloor'
[2017.12.25-11.39.12:135][  0]LogLinker: Warning: Can't find file for asset '/Game/Geometry/Meshes/TemplateFloor' while loading NULL.
[2017.12.25-11.39.12:135][  0]LogLinker: Warning: Can't find file '/Game/Geometry/Meshes/1M_Cube'
[2017.12.25-11.39.12:135][  0]LogLinker: Warning: Can't find file for asset '/Game/Geometry/Meshes/1M_Cube' while loading NULL.
[2017.12.25-11.39.12:136][  0]LogLinker: Warning: Can't find file '/Game/Geometry/Meshes/1M_Cube_Chamfer'
[2017.12.25-11.39.12:136][  0]LogLinker: Warning: Can't find file for asset '/Game/Geometry/Meshes/1M_Cube_Chamfer' while loading NULL.
[2017.12.25-11.39.12:136][  0]LogLinker: Warning: Can't find file '/Game/Geometry/Meshes/TemplateFloor'
[2017.12.25-11.39.12:136][  0]LogLinker: Warning: Can't find file for asset '/Game/Geometry/Meshes/TemplateFloor' while loading NULL.
[2017.12.25-11.39.12:398][  0]LogLinker: Warning: Can't find file '/Game/Geometry/Meshes/1M_Cube_Chamfer'
[2017.12.25-11.39.12:398][  0]LoadErrors: Failed to load /Game/Geometry/Meshes/1M_Cube_Chamfer.1M_Cube_Chamfer Referenced by StaticMeshComponent0
[2017.12.25-11.39.12:398][  0]LogLinker: Warning: Can't find file for asset '/Game/Geometry/Meshes/1M_Cube_Chamfer' while loading NULL.
[2017.12.25-11.39.12:398][  0]LoadErrors: Failed to load /Game/Geometry/Meshes/1M_Cube_Chamfer.1M_Cube_Chamfer Referenced by StaticMeshComponent0
[2017.12.25-11.39.12:399][  0]LogLinker: Warning: Can't find file '/Game/Geometry/Meshes/TemplateFloor'
[2017.12.25-11.39.12:399][  0]LoadErrors: Failed to load /Game/Geometry/Meshes/TemplateFloor.TemplateFloor Referenced by StaticMeshComponent0
[2017.12.25-11.39.12:399][  0]LogLinker: Warning: Can't find file for asset '/Game/Geometry/Meshes/TemplateFloor' while loading NULL.
[2017.12.25-11.39.12:399][  0]LoadErrors: Failed to load /Game/Geometry/Meshes/TemplateFloor.TemplateFloor Referenced by StaticMeshComponent0
[2017.12.25-11.39.12:399][  0]LogLinker: Warning: Can't find file '/Game/Geometry/Meshes/CubeMaterial'
[2017.12.25-11.39.12:399][  0]LoadErrors: Failed to load /Game/Geometry/Meshes/CubeMaterial.CubeMaterial Referenced by StaticMeshComponent0
[2017.12.25-11.39.12:399][  0]LogLinker: Warning: Can't find file for asset '/Game/Geometry/Meshes/CubeMaterial' while loading NULL.
[2017.12.25-11.39.12:399][  0]LoadErrors: Failed to load /Game/Geometry/Meshes/CubeMaterial.CubeMaterial Referenced by StaticMeshComponent0
[2017.12.25-11.39.12:400][  0]LogLinker: Warning: Can't find file '/Game/Geometry/Meshes/1M_Cube'
[2017.12.25-11.39.12:400][  0]LoadErrors: Failed to load /Game/Geometry/Meshes/1M_Cube.1M_Cube Referenced by StaticMeshComponent0
[2017.12.25-11.39.12:400][  0]LogLinker: Warning: Can't find file for asset '/Game/Geometry/Meshes/1M_Cube' while loading NULL.
[2017.12.25-11.39.12:400][  0]LoadErrors: Failed to load /Game/Geometry/Meshes/1M_Cube.1M_Cube Referenced by StaticMeshComponent0
[2017.12.25-11.39.12:400][  0]LogLinker: Warning: Can't find file '/Game/Geometry/Meshes/1M_Cube'
[2017.12.25-11.39.12:400][  0]LoadErrors: Failed to load /Game/Geometry/Meshes/1M_Cube.1M_Cube Referenced by StaticMeshComponent0
[2017.12.25-11.39.12:401][  0]LogLinker: Warning: Can't find file for asset '/Game/Geometry/Meshes/1M_Cube' while loading NULL.
[2017.12.25-11.39.12:401][  0]LoadErrors: Failed to load /Game/Geometry/Meshes/1M_Cube.1M_Cube Referenced by StaticMeshComponent0
[2017.12.25-11.39.12:401][  0]LogLinker: Warning: Can't find file '/Game/Geometry/Meshes/1M_Cube'
[2017.12.25-11.39.12:401][  0]LoadErrors: Failed to load /Game/Geometry/Meshes/1M_Cube.1M_Cube Referenced by StaticMeshComponent0
[2017.12.25-11.39.12:401][  0]LogLinker: Warning: Can't find file for asset '/Game/Geometry/Meshes/1M_Cube' while loading NULL.
[2017.12.25-11.39.12:401][  0]LoadErrors: Failed to load /Game/Geometry/Meshes/1M_Cube.1M_Cube Referenced by StaticMeshComponent0
[2017.12.25-11.39.12:401][  0]LogLinker: Warning: Can't find file '/Game/Geometry/Meshes/1M_Cube'
[2017.12.25-11.39.12:401][  0]LoadErrors: Failed to load /Game/Geometry/Meshes/1M_Cube.1M_Cube Referenced by StaticMeshComponent0
[2017.12.25-11.39.12:401][  0]LogLinker: Warning: Can't find file for asset '/Game/Geometry/Meshes/1M_Cube' while loading NULL.
[2017.12.25-11.39.12:401][  0]LoadErrors: Failed to load /Game/Geometry/Meshes/1M_Cube.1M_Cube Referenced by StaticMeshComponent0
[2017.12.25-11.39.13:444][  0]LogAIModule: Creating AISystem for world ThirdPersonExampleMap
[2017.12.25-11.39.14:591][  0]LogEditorServer: Finished looking for orphan Actors (0.000 secs)
[2017.12.25-11.39.14:665][  0]Cmd: MAP CHECKDEP NOCLEARLOG
[2017.12.25-11.39.14:759][  0]MapCheck: Map check complete: 0 Error(s), 0 Warning(s), took 93.857ms to complete.
[2017.12.25-11.39.14:759][  0]LogFileHelpers: Loading map 'ThirdPersonExampleMap' took 3.593
[2017.12.25-11.39.15:926][  0]LogCollectionManager: Loaded 0 collections in 0.009481 seconds
[2017.12.25-11.39.16:167][  0]LogFileCache: Scanning file cache for directory 'C:/UE4/DialogueGame/Saved/Collections/' took 0.01s
[2017.12.25-11.39.16:167][  0]LogFileCache: Scanning file cache for directory 'C:/UE4/DialogueGame/Content/Developers/Настя/Collections/' took 0.01s
[2017.12.25-11.39.16:167][  0]LogFileCache: Scanning file cache for directory 'C:/UE4/DialogueGame/Content/Collections/' took 0.01s
[2017.12.25-11.39.16:167][  0]LogCollectionManager: Rebuilt the GUID cache for 0 collections in 0.000000 seconds
[2017.12.25-11.39.16:226][  0]LogContentBrowser: Native class hierarchy populated in 0.0584 seconds. Added 2365 classes and 519 folders.
[2017.12.25-11.39.16:384][  0]LogContentBrowser: Native class hierarchy updated for 'WidgetCarousel' in 0.0010 seconds. Added 0 classes and 0 folders.
[2017.12.25-11.39.19:416][  0]LogContentBrowser: Native class hierarchy updated for 'AddContentDialog' in 0.0009 seconds. Added 0 classes and 0 folders.
[2017.12.25-11.39.19:557][  0]LogContentBrowser: Native class hierarchy updated for 'SceneOutliner' in 0.0011 seconds. Added 1 classes and 2 folders.
[2017.12.25-11.39.20:174][  0]LogSlate: Took 0.091081 seconds to synchronously load lazily loaded font '../../../Engine/Content/Slate/Fonts/Roboto-Regular.ttf' (155K)
[2017.12.25-11.39.20:222][  0]LogSlate: Took 0.030048 seconds to synchronously load lazily loaded font '../../../Engine/Content/Slate/Fonts/Roboto-Bold.ttf' (160K)
[2017.12.25-11.39.20:281][  0]LogSlate: Took 0.025862 seconds to synchronously load lazily loaded font '../../../Engine/Content/Editor/Slate/Fonts/FontAwesome.ttf' (139K)
[2017.12.25-11.39.21:166][  0]LogRenderer: Reallocating scene render targets to support 812x368 Format 10 NumSamples 1 (Frame:1).
[2017.12.25-11.39.22:178][  0]LogContentBrowser: Native class hierarchy updated for 'HierarchicalLODOutliner' in 0.0011 seconds. Added 1 classes and 2 folders.
[2017.12.25-11.39.22:178][  0]LogLoad: (Engine Initialization) Total time: 125.21 seconds
[2017.12.25-11.39.22:178][  0]LogLoad: (Engine Initialization) Total Blueprint compile time: 0.00 seconds
[2017.12.25-11.39.22:178][  0]LogExternalProfiler: No external profilers were discovered.  External profiling features will not be available.
[2017.12.25-11.39.22:339][  0]LogContentStreaming: Texture pool size now 1000 MB
[2017.12.25-11.39.23:017][  3]LogAssetRegistry: Asset discovery search completed in 71.4598 seconds
[2017.12.25-11.39.23:020][  3]LogCollectionManager: Rebuilt the object cache for 0 collections in 0.000000 seconds (found 0 objects)
[2017.12.25-11.39.23:020][  3]LogCollectionManager: Fixed up redirectors for 0 collections in 0.000085 seconds (updated 0 objects)
[2017.12.25-11.39.23:407][ 13]LogSlate: Took 0.165280 seconds to synchronously load lazily loaded font '../../../Engine/Content/Slate/Fonts/Roboto-Light.ttf' (159K)
[2017.12.25-11.39.26:696][196]LogSlate: Took 0.000260 seconds to synchronously load lazily loaded font '../../../Engine/Content/Slate/Fonts/Roboto-Light.ttf' (159K)
[2017.12.25-11.39.30:942][436]LogSlate: Took 0.000183 seconds to synchronously load lazily loaded font '../../../Engine/Content/Slate/Fonts/Roboto-Light.ttf' (159K)
[2017.12.25-11.39.31:794][436]LogSlate: Took 0.000216 seconds to synchronously load lazily loaded font '../../../Engine/Content/Slate/Fonts/Roboto-Regular.ttf' (155K)
[2017.12.25-11.39.32:476][436]LogAIModule: Creating AISystem for world DialogueGame_P
[2017.12.25-11.39.32:537][436]Cmd: MAP LOAD FILE="../../../DialogueGame/Content/DialogueGame_Main/Maps/DialogueGame_P.umap" TEMPLATE=0 SHOWPROGRESS=1 FEATURELEVEL=3
[2017.12.25-11.39.32:537][436]LightingResults: New page: Lighting Build
[2017.12.25-11.39.32:538][436]LoadErrors: New page: Loading map: DialogueGame_P.umap
[2017.12.25-11.39.32:539][436]MapCheck: New page: Map Check
[2017.12.25-11.39.32:539][436]LightingResults: New page: Lighting Build
[2017.12.25-11.39.32:624][436]LogEditorServer: Finished looking for orphan Actors (0.000 secs)
[2017.12.25-11.39.32:680][436]Cmd: MAP CHECKDEP NOCLEARLOG
[2017.12.25-11.39.32:761][436]MapCheck: Map check complete: 0 Error(s), 0 Warning(s), took 80.753ms to complete.
[2017.12.25-11.39.32:763][436]LogFileHelpers: Loading map 'DialogueGame_P' took 0.226
[2017.12.25-11.39.46:963][229]LogContentBrowser: Native class hierarchy updated for 'BlueprintGraph' in 0.0013 seconds. Added 116 classes and 0 folders.
[2017.12.25-11.39.48:905][229]LogSlate: Took 0.013904 seconds to synchronously load lazily loaded font '../../../Engine/Content/Editor/Slate/Fonts/Roboto-BoldCondensed.ttf' (158K)
[2017.12.25-11.39.52:058][345]LogSlate: Took 0.051937 seconds to synchronously load lazily loaded font '../../../Engine/Content/Editor/Slate/Fonts/Roboto-Italic.ttf' (157K)
[2017.12.25-11.46.16:591][840]Cmd: QUIT_EDITOR
[2017.12.25-11.46.16:780][840]LogWindowsTextInputMethodSystem: Display: IME system now deactivated.
[2017.12.25-11.46.16:838][840]LogExit: Preparing to exit.
[2017.12.25-11.46.17:307][840]LogDirectoryWatcher: A directory notification for 'C:/UE4/DialogueGame/Content/' was aborted.
[2017.12.25-11.46.17:501][840]LogExit: Editor shut down
[2017.12.25-11.46.17:505][840]LogExit: Transaction tracking system shut down
[2017.12.25-11.46.17:727][840]LogDirectoryWatcher: A directory notification for '../../../Engine/Content/' was aborted.
[2017.12.25-11.46.17:727][840]LogDirectoryWatcher: A directory notification for '../../../DialogueGame/Content/' was aborted.
[2017.12.25-11.46.17:727][840]LogDirectoryWatcher: A directory notification for '../../../Engine/Plugins/2D/Paper2D/Content/' was aborted.
[2017.12.25-11.46.17:727][840]LogDirectoryWatcher: A directory notification for '../../../Engine/Plugins/Media/MediaCompositing/Content/' was aborted.
[2017.12.25-11.46.17:727][840]LogDirectoryWatcher: A directory notification for '../../../Engine/Plugins/Runtime/AppleARKit/Content/' was aborted.
[2017.12.25-11.46.17:727][840]LogDirectoryWatcher: A directory notification for '../../../Engine/Plugins/Runtime/Oculus/OculusVR/Content/' was aborted.
[2017.12.25-11.46.17:727][840]LogDirectoryWatcher: A directory notification for '../../../Engine/Plugins/Runtime/Steam/SteamVR/Content/' was aborted.
[2017.12.25-11.46.18:188][840]LogExit: Object subsystem successfully closed.
[2017.12.25-11.46.18:210][840]LogD3D11RHI: Shutdown
[2017.12.25-11.46.18:210][840]LogD3D11RHI: CleanupD3DDevice
[2017.12.25-11.46.18:212][840]LogD3D11RHI: ~FD3D11DynamicRHI
[2017.12.25-11.46.18:263][840]LogModuleManager: Shutting down and abandoning module SequencerWidgets (538)
[2017.12.25-11.46.18:263][840]LogModuleManager: Shutting down and abandoning module BlueprintGraph (536)
[2017.12.25-11.46.18:263][840]LogModuleManager: Shutting down and abandoning module HierarchicalLODOutliner (534)
[2017.12.25-11.46.18:263][840]LogModuleManager: Shutting down and abandoning module DesktopPlatform (532)
[2017.12.25-11.46.18:263][840]LogModuleManager: Shutting down and abandoning module SceneOutliner (530)
[2017.12.25-11.46.18:263][840]LogModuleManager: Shutting down and abandoning module AddContentDialog (528)
[2017.12.25-11.46.18:263][840]LogDirectoryWatcher: A directory notification for 'C:/UE4/FeaturePacks/' was aborted.
[2017.12.25-11.46.18:264][840]LogModuleManager: Shutting down and abandoning module WidgetCarousel (527)
[2017.12.25-11.46.18:264][840]LogModuleManager: Shutting down and abandoning module EditorWidgets (524)
[2017.12.25-11.46.18:264][840]LogModuleManager: Shutting down and abandoning module CollectionManager (522)
[2017.12.25-11.46.18:264][840]LogDirectoryWatcher: A directory notification for 'C:/UE4/DialogueGame/Content/Collections/' was aborted.
[2017.12.25-11.46.18:264][840]LogDirectoryWatcher: A directory notification for 'C:/UE4/DialogueGame/Content/Developers/Настя/Collections/' was aborted.
[2017.12.25-11.46.18:264][840]LogDirectoryWatcher: A directory notification for 'C:/UE4/DialogueGame/Saved/Collections/' was aborted.
[2017.12.25-11.46.18:264][840]LogModuleManager: Shutting down and abandoning module StatsViewer (520)
[2017.12.25-11.46.18:264][840]LogModuleManager: Shutting down and abandoning module FoliageEdit (518)
[2017.12.25-11.46.18:264][840]LogModuleManager: Shutting down and abandoning module LandscapeEditor (516)
[2017.12.25-11.46.18:264][840]LogModuleManager: Shutting down and abandoning module MeshPaintMode (514)
[2017.12.25-11.46.18:264][840]LogModuleManager: Shutting down and abandoning module SceneDepthPickerMode (512)
[2017.12.25-11.46.18:264][840]LogModuleManager: Shutting down and abandoning module ActorPickerMode (510)
[2017.12.25-11.46.18:264][840]LogModuleManager: Shutting down and abandoning module GeometryMode (508)
[2017.12.25-11.46.18:264][840]LogModuleManager: Shutting down and abandoning module TextureAlignMode (506)
[2017.12.25-11.46.18:264][840]LogModuleManager: Shutting down and abandoning module BspMode (504)
[2017.12.25-11.46.18:264][840]LogModuleManager: Shutting down and abandoning module PIEPreviewDeviceProfileSelector (502)
[2017.12.25-11.46.18:264][840]LogModuleManager: Shutting down and abandoning module HardwareSurvey (500)
[2017.12.25-11.46.18:264][840]LogModuleManager: Shutting down and abandoning module SequenceRecorderSections (498)
[2017.12.25-11.46.18:264][840]LogModuleManager: Shutting down and abandoning module AutomationWorker (496)
[2017.12.25-11.46.18:264][840]LogModuleManager: Shutting down and abandoning module MatineeToLevelSequence (494)
[2017.12.25-11.46.18:264][840]LogModuleManager: Shutting down and abandoning module LevelSequenceEditor (492)
[2017.12.25-11.46.18:265][840]LogModuleManager: Shutting down and abandoning module PlacementMode (491)
[2017.12.25-11.46.18:265][840]LogModuleManager: Shutting down and abandoning module WmfMediaFactory (488)
[2017.12.25-11.46.18:265][840]LogModuleManager: Shutting down and abandoning module WmfMediaEditor (486)
[2017.12.25-11.46.18:265][840]LogModuleManager: Shutting down and abandoning module OpenExrWrapper (484)
[2017.12.25-11.46.18:265][840]LogModuleManager: Shutting down and abandoning module ImgMediaFactory (482)
[2017.12.25-11.46.18:265][840]LogModuleManager: Shutting down and abandoning module ImgMediaEditor (480)
[2017.12.25-11.46.18:265][840]LogModuleManager: Shutting down and abandoning module AvfMediaFactory (478)
[2017.12.25-11.46.18:265][840]LogModuleManager: Shutting down and abandoning module AvfMediaEditor (476)
[2017.12.25-11.46.18:265][840]LogModuleManager: Shutting down and abandoning module AndroidMediaFactory (474)
[2017.12.25-11.46.18:265][840]LogModuleManager: Shutting down and abandoning module AndroidMediaEditor (472)
[2017.12.25-11.46.18:265][840]LogModuleManager: Shutting down and abandoning module CharacterAI (470)
[2017.12.25-11.46.18:265][840]LogModuleManager: Shutting down and abandoning module AudioCapture (468)
[2017.12.25-11.46.18:265][840]LogModuleManager: Shutting down and abandoning module SequenceRecorder (467)
[2017.12.25-11.46.18:265][840]LogModuleManager: Shutting down and abandoning module SmartSnapping (464)
[2017.12.25-11.46.18:265][840]LogModuleManager: Shutting down and abandoning module SessionServices (462)
[2017.12.25-11.46.18:265][840]LogModuleManager: Shutting down and abandoning module ViewportSnapping (460)
[2017.12.25-11.46.18:265][840]LogModuleManager: Shutting down and abandoning module ViewportInteraction (458)
[2017.12.25-11.46.18:265][840]LogModuleManager: Shutting down and abandoning module ClothPainter (456)
[2017.12.25-11.46.18:265][840]LogModuleManager: Shutting down and abandoning module SkeletalMeshEditor (455)
[2017.12.25-11.46.18:265][840]LogModuleManager: Shutting down and abandoning module LogVisualizer (452)
[2017.12.25-11.46.18:265][840]LogModuleManager: Shutting down and abandoning module IntroTutorials (450)
[2017.12.25-11.46.18:265][840]LogModuleManager: Shutting down and abandoning module GameProjectGeneration (449)
[2017.12.25-11.46.18:265][840]LogModuleManager: Shutting down and abandoning module IOSPlatformEditor (446)
[2017.12.25-11.46.18:265][840]LogModuleManager: Shutting down and abandoning module HTML5PlatformEditor (444)
[2017.12.25-11.46.18:265][840]LogModuleManager: Shutting down and abandoning module AndroidPlatformEditor (442)
[2017.12.25-11.46.18:265][840]LogModuleManager: Shutting down and abandoning module AndroidDeviceDetection (441)
[2017.12.25-11.46.18:408][840]LogModuleManager: Shutting down and abandoning module WindowsPlatformEditor (438)
[2017.12.25-11.46.18:408][840]LogModuleManager: Shutting down and abandoning module IOSRuntimeSettings (436)
[2017.12.25-11.46.18:408][840]LogModuleManager: Shutting down and abandoning module AndroidRuntimeSettings (434)
[2017.12.25-11.46.18:408][840]LogModuleManager: Shutting down and abandoning module InputBindingEditor (432)
[2017.12.25-11.46.18:408][840]LogModuleManager: Shutting down and abandoning module MergeActors (430)
[2017.12.25-11.46.18:408][840]LogModuleManager: Shutting down and abandoning module SizeMap (428)
[2017.12.25-11.46.18:408][840]LogModuleManager: Shutting down and abandoning module TreeMap (426)
[2017.12.25-11.46.18:408][840]LogModuleManager: Shutting down and abandoning module ReferenceViewer (424)
[2017.12.25-11.46.18:408][840]LogModuleManager: Shutting down and abandoning module LocalizationDashboard (422)
[2017.12.25-11.46.18:408][840]LogModuleManager: Shutting down and abandoning module LocalizationService (421)
[2017.12.25-11.46.18:408][840]LogModuleManager: Shutting down and abandoning module HardwareTargeting (418)
[2017.12.25-11.46.18:408][840]LogModuleManager: Shutting down and abandoning module DeviceProfileEditor (416)
[2017.12.25-11.46.18:408][840]LogModuleManager: Shutting down and abandoning module UndoHistory (414)
[2017.12.25-11.46.18:408][840]LogModuleManager: Shutting down and abandoning module XmlParser (412)
[2017.12.25-11.46.18:408][840]LogModuleManager: Shutting down and abandoning module Blutility (410)
[2017.12.25-11.46.18:408][840]LogModuleManager: Shutting down and abandoning module ProjectSettingsViewer (408)
[2017.12.25-11.46.18:409][840]LogModuleManager: Shutting down and abandoning module ProjectTargetPlatformEditor (407)
[2017.12.25-11.46.18:409][840]LogModuleManager: Shutting down and abandoning module EditorSettingsViewer (404)
[2017.12.25-11.46.18:409][840]LogModuleManager: Shutting down and abandoning module SettingsEditor (402)
[2017.12.25-11.46.18:409][840]LogModuleManager: Shutting down and abandoning module ProjectLauncher (400)
[2017.12.25-11.46.18:409][840]LogModuleManager: Shutting down and abandoning module SessionFrontend (398)
[2017.12.25-11.46.18:409][840]LogModuleManager: Shutting down and abandoning module ProfilerClient (396)
[2017.12.25-11.46.18:409][840]LogModuleManager: Shutting down and abandoning module DeviceManager (394)
[2017.12.25-11.46.18:409][840]LogModuleManager: Shutting down and abandoning module TargetDeviceServices (393)
[2017.12.25-11.46.18:461][840]LogModuleManager: Shutting down and abandoning module AutomationController (390)
[2017.12.25-11.46.18:461][840]LogModuleManager: Shutting down and abandoning module AutomationWindow (388)
[2017.12.25-11.46.18:461][840]LogModuleManager: Shutting down and abandoning module Layers (386)
[2017.12.25-11.46.18:461][840]LogModuleManager: Shutting down and abandoning module ComponentVisualizers (384)
[2017.12.25-11.46.18:461][840]LogModuleManager: Shutting down and abandoning module DetailCustomizations (382)
[2017.12.25-11.46.18:461][840]LogModuleManager: Shutting down and abandoning module PackagesDialog (380)
[2017.12.25-11.46.18:461][840]LogModuleManager: Shutting down and abandoning module Persona (378)
[2017.12.25-11.46.18:461][840]LogModuleManager: Shutting down and abandoning module AdvancedPreviewScene (377)
[2017.12.25-11.46.18:461][840]LogModuleManager: Shutting down and abandoning module AnimGraph (375)
[2017.12.25-11.46.18:461][840]LogModuleManager: Shutting down and abandoning module Kismet (372)
[2017.12.25-11.46.18:469][840]LogModuleManager: Shutting down and abandoning module ClassViewer (370)
[2017.12.25-11.46.18:469][840]LogModuleManager: Shutting down and abandoning module Toolbox (368)
[2017.12.25-11.46.18:469][840]LogModuleManager: Shutting down and abandoning module ModuleUI (366)
[2017.12.25-11.46.18:469][840]LogModuleManager: Shutting down and abandoning module MovieSceneTools (364)
[2017.12.25-11.46.18:469][840]LogModuleManager: Shutting down and abandoning module OutputLog (362)
[2017.12.25-11.46.18:469][840]LogModuleManager: Shutting down and abandoning module GammaUI (360)
[2017.12.25-11.46.18:469][840]LogModuleManager: Shutting down and abandoning module Documentation (358)
[2017.12.25-11.46.18:469][840]LogModuleManager: Shutting down and abandoning module MovieSceneTracks (356)
[2017.12.25-11.46.18:469][840]LogModuleManager: Shutting down and abandoning module MovieScene (354)
[2017.12.25-11.46.18:469][840]LogModuleManager: Shutting down and abandoning module StreamingPauseRendering (352)
[2017.12.25-11.46.18:469][840]LogModuleManager: Shutting down and abandoning module LauncherPlatform (350)
[2017.12.25-11.46.18:469][840]LogModuleManager: Shutting down and abandoning module AnalyticsET (348)
[2017.12.25-11.46.18:469][840]LogModuleManager: Shutting down and abandoning module PortalServices (346)
[2017.12.25-11.46.18:469][840]LogModuleManager: Shutting down and abandoning module PortalRpc (344)
[2017.12.25-11.46.18:469][840]LogModuleManager: Shutting down and abandoning module MessagingRpc (342)
[2017.12.25-11.46.18:469][840]LogModuleManager: Shutting down and abandoning module AIModule (340)
[2017.12.25-11.46.18:469][840]LogModuleManager: Shutting down and abandoning module GameplayDebugger (339)
[2017.12.25-11.46.18:469][840]LogModuleManager: Shutting down and abandoning module AITestSuite (337)
[2017.12.25-11.46.18:469][840]LogModuleManager: Shutting down and abandoning module ProfilerService (334)
[2017.12.25-11.46.18:618][840]LogModuleManager: Shutting down and abandoning module TaskGraph (332)
[2017.12.25-11.46.18:618][840]LogModuleManager: Shutting down and abandoning module SteamVRController (330)
[2017.12.25-11.46.18:618][840]LogModuleManager: Shutting down and abandoning module ProceduralMeshComponentEditor (328)
[2017.12.25-11.46.18:618][840]LogModuleManager: Shutting down and abandoning module ProceduralMeshComponent (326)
[2017.12.25-11.46.18:618][840]LogModuleManager: Shutting down and abandoning module OculusInput (324)
[2017.12.25-11.46.18:618][840]LogModuleManager: Shutting down and abandoning module MobilePatchingUtils (322)
[2017.12.25-11.46.18:618][840]LogModuleManager: Shutting down and abandoning module CustomMeshComponent (320)
[2017.12.25-11.46.18:618][840]LogModuleManager: Shutting down and abandoning module CableComponent (318)
[2017.12.25-11.46.18:618][840]LogModuleManager: Shutting down and abandoning module ArchVisCharacter (316)
[2017.12.25-11.46.18:618][840]LogModuleManager: Shutting down and abandoning module AndroidPermission (314)
[2017.12.25-11.46.18:618][840]LogModuleManager: Shutting down and abandoning module ActorSequence (310)
[2017.12.25-11.46.18:618][840]LogModuleManager: Shutting down and abandoning module MediaPlayerEditor (308)
[2017.12.25-11.46.18:619][840]LogModuleManager: Shutting down and abandoning module MediaCompositingEditor (306)
[2017.12.25-11.46.18:619][840]LogModuleManager: Shutting down and abandoning module MediaCompositing (304)
[2017.12.25-11.46.18:619][840]LogModuleManager: Shutting down and abandoning module HTML5Networking (302)
[2017.12.25-11.46.18:619][840]LogModuleManager: Shutting down and abandoning module AlembicImporter (300)
[2017.12.25-11.46.18:619][840]LogModuleManager: Shutting down and abandoning module AlembicLibrary (299)
[2017.12.25-11.46.18:619][840]LogModuleManager: Shutting down and abandoning module GeometryCache (298)
[2017.12.25-11.46.18:619][840]LogModuleManager: Shutting down and abandoning module GeometryCacheEd (297)
[2017.12.25-11.46.18:619][840]LogModuleManager: Shutting down and abandoning module SpeedTreeImporter (292)
[2017.12.25-11.46.18:619][840]LogModuleManager: Shutting down and abandoning module PluginBrowser (290)
[2017.12.25-11.46.18:619][840]LogModuleManager: Shutting down and abandoning module MobileLauncherProfileWizard (288)
[2017.12.25-11.46.18:619][840]LogModuleManager: Shutting down and abandoning module VisualStudioSourceCodeAccess (286)
[2017.12.25-11.46.18:619][840]LogModuleManager: Shutting down and abandoning module VisualStudioCodeSourceCodeAccess (284)
[2017.12.25-11.46.18:619][840]LogModuleManager: Shutting down and abandoning module UObjectPlugin (282)
[2017.12.25-11.46.18:619][840]LogModuleManager: Shutting down and abandoning module SubversionSourceControl (280)
[2017.12.25-11.46.18:619][840]LogModuleManager: Shutting down and abandoning module PerforceSourceControl (278)
[2017.12.25-11.46.18:619][840]LogModuleManager: Shutting down and abandoning module GitSourceControl (276)
[2017.12.25-11.46.18:619][840]LogModuleManager: Shutting down and abandoning module SourceControl (275)
[2017.12.25-11.46.18:619][840]LogModuleManager: Shutting down and abandoning module LightPropagationVolumeEditor (272)
[2017.12.25-11.46.18:619][840]LogModuleManager: Shutting down and abandoning module PaperTiledImporter (270)
[2017.12.25-11.46.18:619][840]LogModuleManager: Shutting down and abandoning module PaperSpriteSheetImporter (268)
[2017.12.25-11.46.18:619][840]LogModuleManager: Shutting down and abandoning module Paper2DEditor (266)
[2017.12.25-11.46.18:619][840]LogModuleManager: Shutting down and abandoning module MeshPaint (265)
[2017.12.25-11.46.18:619][840]LogModuleManager: Shutting down and abandoning module LevelEditor (263)
[2017.12.25-11.46.18:620][840]LogModuleManager: Shutting down and abandoning module PixelInspectorModule (262)
[2017.12.25-11.46.18:620][840]LogModuleManager: Shutting down and abandoning module MainFrame (260)
[2017.12.25-11.46.18:620][840]LogModuleManager: Shutting down and abandoning module HotReload (259)
[2017.12.25-11.46.18:620][840]LogDirectoryWatcher: A directory notification for 'C:/UE4/DialogueGame/Binaries/Win64' was aborted.
[2017.12.25-11.46.18:621][840]LogModuleManager: Shutting down and abandoning module DialogueGame (254)
[2017.12.25-11.46.18:621][840]LogModuleManager: Shutting down and abandoning module RuntimePhysXCooking (252)
[2017.12.25-11.46.18:621][840]LogModuleManager: Shutting down and abandoning module PhysXVehiclesEditor (250)
[2017.12.25-11.46.18:621][840]LogModuleManager: Shutting down and abandoning module PhysXVehicles (248)
[2017.12.25-11.46.18:621][840]LogModuleManager: Shutting down and abandoning module OculusEditor (246)
[2017.12.25-11.46.18:621][840]LogModuleManager: Shutting down and abandoning module LocationServicesBPLibrary (244)
[2017.12.25-11.46.18:621][840]LogModuleManager: Shutting down and abandoning module ImmediatePhysicsEditor (242)
[2017.12.25-11.46.18:621][840]LogModuleManager: Shutting down and abandoning module ImmediatePhysics (240)
[2017.12.25-11.46.18:621][840]LogModuleManager: Shutting down and abandoning module UdpMessaging (238)
[2017.12.25-11.46.18:722][840]LogModuleManager: Shutting down and abandoning module TcpMessaging (236)
[2017.12.25-11.46.18:822][840]LogModuleManager: Shutting down and abandoning module GameplayTagsEditor (234)
[2017.12.25-11.46.18:822][840]LogModuleManager: Shutting down and abandoning module FacialAnimationEditor (232)
[2017.12.25-11.46.18:822][840]LogModuleManager: Shutting down and abandoning module FacialAnimation (230)
[2017.12.25-11.46.18:822][840]LogModuleManager: Shutting down and abandoning module AssetManagerEditor (228)
[2017.12.25-11.46.18:822][840]LogModuleManager: Shutting down and abandoning module GraphEditor (227)
[2017.12.25-11.46.18:822][840]LogModuleManager: Shutting down and abandoning module ContentBrowser (225)
[2017.12.25-11.46.18:823][840]LogModuleManager: Shutting down and abandoning module LightPropagationVolumeRuntime (222)
[2017.12.25-11.46.18:823][840]LogModuleManager: Shutting down and abandoning module Paper2D (220)
[2017.12.25-11.46.18:823][840]LogModuleManager: Shutting down and abandoning module WindowsMoviePlayer (218)
[2017.12.25-11.46.18:823][840]LogModuleManager: Shutting down and abandoning module WmfMedia (216)
[2017.12.25-11.46.18:825][840]LogModuleManager: Shutting down and abandoning module ImgMedia (214)
[2017.12.25-11.46.18:825][840]LogModuleManager: Shutting down and abandoning module PacketHandler (212)
[2017.12.25-11.46.18:825][840]LogModuleManager: Shutting down and abandoning module ClothingSystemEditor (210)
[2017.12.25-11.46.18:825][840]LogModuleManager: Shutting down and abandoning module ClothingSystemRuntime (208)
[2017.12.25-11.46.18:825][840]LogModuleManager: Shutting down and abandoning module MediaAssets (206)
[2017.12.25-11.46.18:825][840]LogModuleManager: Shutting down and abandoning module Media (205)
[2017.12.25-11.46.18:831][840]LogModuleManager: Shutting down and abandoning module Overlay (202)
[2017.12.25-11.46.18:831][840]LogModuleManager: Shutting down and abandoning module OverlayEditor (201)
[2017.12.25-11.46.18:831][840]LogModuleManager: Shutting down and abandoning module VREditor (198)
[2017.12.25-11.46.18:831][840]LogModuleManager: Shutting down and abandoning module StringTableEditor (196)
[2017.12.25-11.46.18:831][840]LogModuleManager: Shutting down and abandoning module GameplayTasksEditor (194)
[2017.12.25-11.46.18:831][840]LogModuleManager: Shutting down and abandoning module BehaviorTreeEditor (192)
[2017.12.25-11.46.18:831][840]LogModuleManager: Shutting down and abandoning module FunctionalTesting (190)
[2017.12.25-11.46.18:831][840]LogModuleManager: Shutting down and abandoning module CollisionAnalyzer (188)
[2017.12.25-11.46.18:831][840]LogModuleManager: Shutting down and abandoning module WorkspaceMenuStructure (187)
[2017.12.25-11.46.18:831][840]LogModuleManager: Shutting down and abandoning module UMG (184)
[2017.12.25-11.46.18:832][840]LogModuleManager: Shutting down and abandoning module UMGEditor (183)
[2017.12.25-11.46.18:832][840]LogModuleManager: Shutting down and abandoning module Sequencer (182)
[2017.12.25-11.46.18:832][840]LogModuleManager: Shutting down and abandoning module MessageLog (179)
[2017.12.25-11.46.18:832][840]LogModuleManager: Shutting down and abandoning module SlateReflector (174)
[2017.12.25-11.46.18:832][840]LogModuleManager: Shutting down and abandoning module Slate (172)
[2017.12.25-11.46.18:832][840]LogModuleManager: Shutting down and abandoning module EditorStyle (170)
[2017.12.25-11.46.18:835][840]LogModuleManager: Shutting down and abandoning module MRMesh (168)
[2017.12.25-11.46.18:835][840]LogModuleManager: Shutting down and abandoning module SourceCodeAccess (166)
[2017.12.25-11.46.18:835][840]LogModuleManager: Shutting down and abandoning module HeadMountedDisplay (164)
[2017.12.25-11.46.18:835][840]LogModuleManager: Shutting down and abandoning module XAudio2 (162)
[2017.12.25-11.46.18:835][840]LogModuleManager: Shutting down and abandoning module Networking (160)
[2017.12.25-11.46.18:835][840]LogModuleManager: Shutting down and abandoning module Core (156)
[2017.12.25-11.46.18:835][840]LogModuleManager: Shutting down and abandoning module LevelSequence (152)
[2017.12.25-11.46.18:852][840]LogModuleManager: Shutting down and abandoning module DirectoryWatcher (150)
[2017.12.25-11.46.18:853][840]LogModuleManager: Shutting down and abandoning module KismetCompiler (148)
[2017.12.25-11.46.18:853][840]LogModuleManager: Shutting down and abandoning module MeshUtilities (146)
[2017.12.25-11.46.18:853][840]LogModuleManager: Shutting down and abandoning module MeshMergeUtilities (145)
[2017.12.25-11.46.18:853][840]LogModuleManager: Shutting down and abandoning module MeshReductionInterface (144)
[2017.12.25-11.46.18:853][840]LogModuleManager: Shutting down and abandoning module QuadricMeshReduction (143)
[2017.12.25-11.46.18:853][840]LogModuleManager: Shutting down and abandoning module MaterialBaking (139)
[2017.12.25-11.46.18:853][840]LogModuleManager: Shutting down and abandoning module DerivedDataCache (136)
[2017.12.25-11.46.18:864][840]LogDerivedDataCache: Shutdown
[2017.12.25-11.46.18:864][840]LogModuleManager: Shutting down and abandoning module TargetPlatform (134)
[2017.12.25-11.46.18:864][840]LogModuleManager: Shutting down and abandoning module VulkanShaderFormat (133)
[2017.12.25-11.46.18:864][840]LogModuleManager: Shutting down and abandoning module ShaderFormatOpenGL (131)
[2017.12.25-11.46.18:864][840]LogModuleManager: Shutting down and abandoning module ShaderFormatD3D (129)
[2017.12.25-11.46.18:864][840]LogModuleManager: Shutting down and abandoning module MetalShaderFormat (127)
[2017.12.25-11.46.18:864][840]LogModuleManager: Shutting down and abandoning module TextureFormatUncompressed (125)
[2017.12.25-11.46.18:864][840]LogModuleManager: Shutting down and abandoning module TextureFormatPVR (123)
[2017.12.25-11.46.18:864][840]LogModuleManager: Shutting down and abandoning module TextureFormatDXT (121)
[2017.12.25-11.46.18:864][840]LogModuleManager: Shutting down and abandoning module TextureFormatIntelISPCTexComp (119)
[2017.12.25-11.46.18:864][840]LogModuleManager: Shutting down and abandoning module TextureFormatASTC (117)
[2017.12.25-11.46.18:864][840]LogModuleManager: Shutting down and abandoning module ImageWrapper (116)
[2017.12.25-11.46.18:864][840]LogModuleManager: Shutting down and abandoning module AudioFormatOpus (113)
[2017.12.25-11.46.18:864][840]LogModuleManager: Shutting down and abandoning module AudioFormatOgg (111)
[2017.12.25-11.46.18:864][840]LogModuleManager: Shutting down and abandoning module AudioFormatADPCM (109)
[2017.12.25-11.46.18:864][840]LogModuleManager: Shutting down and abandoning module TVOSTargetPlatform (107)
[2017.12.25-11.46.18:865][840]LogModuleManager: Shutting down and abandoning module Messaging (105)
[2017.12.25-11.46.18:865][840]LogModuleManager: Shutting down and abandoning module IOSTargetPlatform (103)
[2017.12.25-11.46.18:865][840]LogModuleManager: Shutting down and abandoning module HTML5TargetPlatform (101)
[2017.12.25-11.46.18:865][840]LogModuleManager: Shutting down and abandoning module AndroidTargetPlatform (99)
[2017.12.25-11.46.18:865][840]LogModuleManager: Shutting down and abandoning module Android_PVRTCTargetPlatform (97)
[2017.12.25-11.46.18:865][840]LogModuleManager: Shutting down and abandoning module Android_MultiTargetPlatform (95)
[2017.12.25-11.46.18:865][840]LogModuleManager: Shutting down and abandoning module Android_ETC2TargetPlatform (93)
[2017.12.25-11.46.18:865][840]LogModuleManager: Shutting down and abandoning module Android_ETC1TargetPlatform (91)
[2017.12.25-11.46.18:865][840]LogModuleManager: Shutting down and abandoning module Android_DXTTargetPlatform (89)
[2017.12.25-11.46.18:865][840]LogModuleManager: Shutting down and abandoning module Android_ATCTargetPlatform (87)
[2017.12.25-11.46.18:865][840]LogModuleManager: Shutting down and abandoning module Android_ASTCTargetPlatform (85)
[2017.12.25-11.46.18:865][840]LogModuleManager: Shutting down and abandoning module WindowsTargetPlatform (83)
[2017.12.25-11.46.18:865][840]LogModuleManager: Shutting down and abandoning module WindowsServerTargetPlatform (81)
[2017.12.25-11.46.18:865][840]LogModuleManager: Shutting down and abandoning module WindowsNoEditorTargetPlatform (79)
[2017.12.25-11.46.18:865][840]LogModuleManager: Shutting down and abandoning module WindowsClientTargetPlatform (77)
[2017.12.25-11.46.18:865][840]LogModuleManager: Shutting down and abandoning module MacTargetPlatform (75)
[2017.12.25-11.46.18:865][840]LogModuleManager: Shutting down and abandoning module MacServerTargetPlatform (73)
[2017.12.25-11.46.18:865][840]LogModuleManager: Shutting down and abandoning module MacNoEditorTargetPlatform (71)
[2017.12.25-11.46.18:865][840]LogModuleManager: Shutting down and abandoning module MacClientTargetPlatform (69)
[2017.12.25-11.46.18:865][840]LogModuleManager: Shutting down and abandoning module AllDesktopTargetPlatform (67)
[2017.12.25-11.46.18:865][840]LogModuleManager: Shutting down and abandoning module InputCore (64)
[2017.12.25-11.46.18:865][840]LogModuleManager: Shutting down and abandoning module Settings (62)
[2017.12.25-11.46.18:865][840]LogModuleManager: Shutting down and abandoning module PhysXCooking (60)
[2017.12.25-11.46.18:865][840]LogModuleManager: Shutting down and abandoning module SteamVR (58)
[2017.12.25-11.46.18:865][840]LogModuleManager: Shutting down and abandoning module OculusHMD (56)
[2017.12.25-11.46.18:865][840]LogModuleManager: Shutting down and abandoning module ExampleDeviceProfileSelector (54)
[2017.12.25-11.46.18:865][840]LogModuleManager: Shutting down and abandoning module AppleARKit (52)
[2017.12.25-11.46.18:865][840]LogModuleManager: Shutting down and abandoning module AugmentedReality (51)
[2017.12.25-11.46.18:865][840]LogModuleManager: Shutting down and abandoning module OnlineBlueprintSupport (48)
[2017.12.25-11.46.18:865][840]LogModuleManager: Shutting down and abandoning module OnlineSubsystem (44)
[2017.12.25-11.46.18:865][840]LogModuleManager: Shutting down and abandoning module XMPP (43)
[2017.12.25-11.46.18:865][840]LogModuleManager: Shutting down and abandoning module HTTP (41)
[2017.12.25-11.46.18:865][840]LogHttp: Display: Http module shutting down, but needs to wait on 1 outstanding Http requests:
[2017.12.25-11.46.18:865][840]LogHttp: Display: 	verb=[POST] url=[https://datarouter.ol.epicgames.com/datarouter/api/v1/public/data?SessionID=%7B4A72BED5-4C19-2DB2-3C8E-528C4BAF24AB%7D&AppID=UEEditor.UnrealEngine.Release&AppVersion=4.18.2-0%2B%2B%2BUE4%2BRelease-4.18&UserID=019286bf4e75ab8d01f77fb18e2e1e72%7Cdbacde7fbb294fd5bf5cbe063705eeca%7Cfdc4124f-6b4e-4ec1-bec0-664f9b3f18f2&AppEnvironment=datacollector-source&UploadType=eteventstream] status=Processing
[2017.12.25-11.46.18:875][840]LogModuleManager: Shutting down and abandoning module SSL (40)
[2017.12.25-11.46.18:876][840]LogModuleManager: Shutting down and abandoning module AnimationModifiers (36)
[2017.12.25-11.46.18:876][840]LogModuleManager: Shutting down and abandoning module PropertyEditor (35)
[2017.12.25-11.46.18:876][840]LogModuleManager: Shutting down and abandoning module AudioEditor (32)
[2017.12.25-11.46.18:877][840]LogModuleManager: Shutting down and abandoning module TextureCompressor (30)
[2017.12.25-11.46.18:925][840]LogModuleManager: Shutting down and abandoning module ShaderCore (28)
[2017.12.25-11.46.18:925][840]LogModuleManager: Shutting down and abandoning module Landscape (26)
[2017.12.25-11.46.18:925][840]LogModuleManager: Shutting down and abandoning module SlateRHIRenderer (24)
[2017.12.25-11.46.18:926][840]LogModuleManager: Shutting down and abandoning module OpenGLDrv (22)
[2017.12.25-11.46.18:926][840]LogModuleManager: Shutting down and abandoning module D3D11RHI (20)
[2017.12.25-11.46.18:926][840]LogModuleManager: Shutting down and abandoning module AnimGraphRuntime (18)
[2017.12.25-11.46.18:926][840]LogModuleManager: Shutting down and abandoning module Renderer (16)
[2017.12.25-11.46.18:926][840]LogModuleManager: Shutting down and abandoning module Engine (14)
[2017.12.25-11.46.18:926][840]LogModuleManager: Shutting down and abandoning module CoreUObject (12)
[2017.12.25-11.46.18:926][840]LogModuleManager: Shutting down and abandoning module NetworkFile (10)
[2017.12.25-11.46.18:926][840]LogModuleManager: Shutting down and abandoning module CookedIterativeFile (8)
[2017.12.25-11.46.18:926][840]LogModuleManager: Shutting down and abandoning module StreamingFile (6)
[2017.12.25-11.46.18:927][840]LogModuleManager: Shutting down and abandoning module SandboxFile (4)
[2017.12.25-11.46.18:927][840]LogModuleManager: Shutting down and abandoning module PakFile (2)
[2017.12.25-11.46.18:928][840]LogExit: Exiting.
[2017.12.25-11.46.18:943][840]Log file closed, 12/25/17 13:46:18
